-- Found ament_cmake: 0.9.11 (/opt/ros/foxy/share/ament_cmake/cmake)
-- Using PYTHON_EXECUTABLE: /usr/bin/python3
-- Override CMake install command with custom implementation using symlinks instead of copying resources
-- Configuring done
-- Generating done
-- Build files have been written to: /home/mlemsalu/ros2_ws_luke/build/rosbag2
-- Install configuration: "Release"
-- Execute custom install script
-- Up-to-date symlink: /home/mlemsalu/ros2_ws_luke/install/rosbag2/share/ament_index/resource_index/package_run_dependencies/rosbag2
-- Up-to-date symlink: /home/mlemsalu/ros2_ws_luke/install/rosbag2/share/ament_index/resource_index/parent_prefix_path/rosbag2
-- Up-to-date symlink: /home/mlemsalu/ros2_ws_luke/install/rosbag2/share/rosbag2/environment/ament_prefix_path.sh
-- Up-to-date symlink: /home/mlemsalu/ros2_ws_luke/install/rosbag2/share/rosbag2/environment/ament_prefix_path.dsv
-- Up-to-date symlink: /home/mlemsalu/ros2_ws_luke/install/rosbag2/share/rosbag2/environment/path.sh
-- Up-to-date symlink: /home/mlemsalu/ros2_ws_luke/install/rosbag2/share/rosbag2/environment/path.dsv
-- Up-to-date symlink: /home/mlemsalu/ros2_ws_luke/install/rosbag2/share/rosbag2/local_setup.bash
-- Up-to-date symlink: /home/mlemsalu/ros2_ws_luke/install/rosbag2/share/rosbag2/local_setup.sh
-- Up-to-date symlink: /home/mlemsalu/ros2_ws_luke/install/rosbag2/share/rosbag2/local_setup.zsh
-- Up-to-date symlink: /home/mlemsalu/ros2_ws_luke/install/rosbag2/share/rosbag2/local_setup.dsv
-- Symlinking: /home/mlemsalu/ros2_ws_luke/install/rosbag2/share/rosbag2/package.dsv
-- Up-to-date symlink: /home/mlemsalu/ros2_ws_luke/install/rosbag2/share/ament_index/resource_index/packages/rosbag2
-- Up-to-date symlink: /home/mlemsalu/ros2_ws_luke/install/rosbag2/share/rosbag2/cmake/rosbag2Config.cmake
-- Up-to-date symlink: /home/mlemsalu/ros2_ws_luke/install/rosbag2/share/rosbag2/cmake/rosbag2Config-version.cmake
-- Up-to-date symlink: /home/mlemsalu/ros2_ws_luke/install/rosbag2/share/rosbag2/package.xml
