-- Found ament_cmake: 0.9.11 (/opt/ros/foxy/share/ament_cmake/cmake)
-- Found PythonInterp: /usr/bin/python3 (found suitable version "3.8.10", minimum required is "3") 
-- Using PYTHON_EXECUTABLE: /usr/bin/python3
-- Override CMake install command with custom implementation using symlinks instead of copying resources
-- Found ament_cmake_ros: 0.9.2 (/opt/ros/foxy/share/ament_cmake_ros/cmake)
-- Found rosbag2_compression: 0.7.0 (/home/mlemsalu/ros2_ws_luke/install/rosbag2_compression/share/rosbag2_compression/cmake)
-- Using all available rosidl_typesupport_c: rosidl_typesupport_fastrtps_c;rosidl_typesupport_introspection_c
-- Found rosidl_adapter: 1.3.0 (/opt/ros/foxy/share/rosidl_adapter/cmake)
-- Using all available rosidl_typesupport_cpp: rosidl_typesupport_fastrtps_cpp;rosidl_typesupport_introspection_cpp
-- Found rmw_implementation_cmake: 1.0.4 (/opt/ros/foxy/share/rmw_implementation_cmake/cmake)
-- Using RMW implementation 'rmw_fastrtps_cpp' as default
-- Setting yaml-cpp_DIR to: '/opt/ros/foxy/share/yaml_cpp_vendor/cmake/../../../opt/yaml_cpp_vendor/lib/cmake/yaml-cpp'
-- Found python_cmake_module: 0.8.1 (/opt/ros/foxy/share/python_cmake_module/cmake)
-- Found PythonInterp: /usr/bin/python3 (found suitable version "3.8.10", minimum required is "3.5") 
-- Using PYTHON_EXECUTABLE: /usr/bin/python3
-- Using PYTHON_INCLUDE_DIRS: /usr/include/python3.8
-- Using PYTHON_LIBRARIES: /usr/lib/x86_64-linux-gnu/libpython3.8.so
-- Found PythonInterp: /usr/bin/python3 (found version "3.8.10") 
-- Found ament_lint_auto: 0.9.8 (/opt/ros/foxy/share/ament_lint_auto/cmake)
-- Added test 'copyright' to check source files copyright and LICENSE
-- Added test 'cppcheck' to perform static code analysis on C / C++ code
-- Configured cppcheck include dirs: 
-- Configured cppcheck exclude dirs and/or files: 
-- Added test 'cpplint' to check C / C++ code against the Google style
-- Configured cpplint exclude dirs and/or files: 
-- Added test 'flake8' to check Python code syntax and style conventions
-- Added test 'lint_cmake' to check CMake code style
-- Added test 'pep257' to check Python code against some of the style conventions in PEP 257
-- Added test 'uncrustify' to check C / C++ code style
-- Configured uncrustify additional arguments: 
-- Added test 'xmllint' to check XML markup files
-- Configuring done
-- Generating done
-- Build files have been written to: /home/mlemsalu/ros2_ws_luke/build/rosbag2_py
[ 33%] Built target _storage
[ 55%] Built target _info
[ 77%] Built target _reader
[100%] Built target _writer
-- Install configuration: "Release"
-- Execute custom install script
-- Up-to-date symlink: /home/mlemsalu/ros2_ws_luke/install/rosbag2_py/share/rosbag2_py/environment/pythonpath.sh
-- Up-to-date symlink: /home/mlemsalu/ros2_ws_luke/install/rosbag2_py/share/rosbag2_py/environment/pythonpath.dsv
-- Up-to-date symlink: /home/mlemsalu/ros2_ws_luke/install/rosbag2_py/lib/python3.8/site-packages/rosbag2_py/__init__.py
-- Up-to-date symlink: /home/mlemsalu/ros2_ws_luke/install/rosbag2_py/lib/python3.8/site-packages/rosbag2_py/_reader.cpython-38-x86_64-linux-gnu.so
-- Up-to-date symlink: /home/mlemsalu/ros2_ws_luke/install/rosbag2_py/lib/python3.8/site-packages/rosbag2_py/_storage.cpython-38-x86_64-linux-gnu.so
-- Up-to-date symlink: /home/mlemsalu/ros2_ws_luke/install/rosbag2_py/lib/python3.8/site-packages/rosbag2_py/_writer.cpython-38-x86_64-linux-gnu.so
-- Up-to-date symlink: /home/mlemsalu/ros2_ws_luke/install/rosbag2_py/lib/python3.8/site-packages/rosbag2_py/_info.cpython-38-x86_64-linux-gnu.so
-- Up-to-date symlink: /home/mlemsalu/ros2_ws_luke/install/rosbag2_py/share/ament_index/resource_index/package_run_dependencies/rosbag2_py
-- Up-to-date symlink: /home/mlemsalu/ros2_ws_luke/install/rosbag2_py/share/ament_index/resource_index/parent_prefix_path/rosbag2_py
-- Up-to-date symlink: /home/mlemsalu/ros2_ws_luke/install/rosbag2_py/share/rosbag2_py/environment/ament_prefix_path.sh
-- Up-to-date symlink: /home/mlemsalu/ros2_ws_luke/install/rosbag2_py/share/rosbag2_py/environment/ament_prefix_path.dsv
-- Up-to-date symlink: /home/mlemsalu/ros2_ws_luke/install/rosbag2_py/share/rosbag2_py/environment/path.sh
-- Up-to-date symlink: /home/mlemsalu/ros2_ws_luke/install/rosbag2_py/share/rosbag2_py/environment/path.dsv
-- Up-to-date symlink: /home/mlemsalu/ros2_ws_luke/install/rosbag2_py/share/rosbag2_py/local_setup.bash
-- Up-to-date symlink: /home/mlemsalu/ros2_ws_luke/install/rosbag2_py/share/rosbag2_py/local_setup.sh
-- Up-to-date symlink: /home/mlemsalu/ros2_ws_luke/install/rosbag2_py/share/rosbag2_py/local_setup.zsh
-- Up-to-date symlink: /home/mlemsalu/ros2_ws_luke/install/rosbag2_py/share/rosbag2_py/local_setup.dsv
-- Symlinking: /home/mlemsalu/ros2_ws_luke/install/rosbag2_py/share/rosbag2_py/package.dsv
-- Up-to-date symlink: /home/mlemsalu/ros2_ws_luke/install/rosbag2_py/share/ament_index/resource_index/packages/rosbag2_py
-- Up-to-date symlink: /home/mlemsalu/ros2_ws_luke/install/rosbag2_py/share/rosbag2_py/cmake/rosbag2_pyConfig.cmake
-- Up-to-date symlink: /home/mlemsalu/ros2_ws_luke/install/rosbag2_py/share/rosbag2_py/cmake/rosbag2_pyConfig-version.cmake
-- Up-to-date symlink: /home/mlemsalu/ros2_ws_luke/install/rosbag2_py/share/rosbag2_py/package.xml
Listing '/home/mlemsalu/ros2_ws_luke/install/rosbag2_py/lib/python3.8/site-packages/rosbag2_py'...
