[0.044s] Invoking command in '/home/mlemsalu/ros2_ws_luke/build/rosbag2_py': AMENT_PREFIX_PATH=/home/mlemsalu/ros2_ws_luke/install/rosbag2_compression:/home/mlemsalu/ros2_ws_luke/install/rosbag2_cpp:/home/mlemsalu/ros2_ws_luke/install/rosbag2_storage_default_plugins:/home/mlemsalu/ros2_ws_luke/install/rosbag2_storage:/home/mlemsalu/ros2_ws_luke/install/sqlite3_vendor:/home/mlemsalu/ros2_ws_luke/install/shared_queues_vendor:${AMENT_PREFIX_PATH} CMAKE_PREFIX_PATH=/home/mlemsalu/ros2_ws_luke/install/rosbag2_compression:/home/mlemsalu/ros2_ws_luke/install/rosbag2_cpp:/home/mlemsalu/ros2_ws_luke/install/rosbag2_storage_default_plugins:/home/mlemsalu/ros2_ws_luke/install/rosbag2_storage:/home/mlemsalu/ros2_ws_luke/install/sqlite3_vendor:/home/mlemsalu/ros2_ws_luke/install/shared_queues_vendor:/opt/ros/foxy LD_LIBRARY_PATH=/home/mlemsalu/ros2_ws_luke/install/rosbag2_compression/lib:/home/mlemsalu/ros2_ws_luke/install/rosbag2_cpp/lib:/home/mlemsalu/ros2_ws_luke/install/rosbag2_storage_default_plugins/lib:/home/mlemsalu/ros2_ws_luke/install/rosbag2_storage/lib:${LD_LIBRARY_PATH} /usr/bin/cmake /home/mlemsalu/ros2_ws_luke/src/rosbag2-foxy-future/rosbag2_py -DCMAKE_INSTALL_PREFIX=/home/mlemsalu/ros2_ws_luke/install/rosbag2_py
[0.062s] -- Found ament_cmake: 0.9.11 (/opt/ros/foxy/share/ament_cmake/cmake)
[0.086s] -- Found PythonInterp: /usr/bin/python3 (found suitable version "3.8.10", minimum required is "3") 
[0.087s] -- Using PYTHON_EXECUTABLE: /usr/bin/python3
[0.337s] -- Override CMake install command with custom implementation using symlinks instead of copying resources
[0.345s] -- Found ament_cmake_ros: 0.9.2 (/opt/ros/foxy/share/ament_cmake_ros/cmake)
[0.348s] -- Found rosbag2_compression: 0.7.0 (/home/mlemsalu/ros2_ws_luke/install/rosbag2_compression/share/rosbag2_compression/cmake)
[0.437s] -- Using all available rosidl_typesupport_c: rosidl_typesupport_fastrtps_c;rosidl_typesupport_introspection_c
[0.446s] -- Found rosidl_adapter: 1.3.0 (/opt/ros/foxy/share/rosidl_adapter/cmake)
[0.590s] -- Using all available rosidl_typesupport_cpp: rosidl_typesupport_fastrtps_cpp;rosidl_typesupport_introspection_cpp
[0.657s] -- Found rmw_implementation_cmake: 1.0.4 (/opt/ros/foxy/share/rmw_implementation_cmake/cmake)
[0.658s] -- Using RMW implementation 'rmw_fastrtps_cpp' as default
[0.830s] -- Setting yaml-cpp_DIR to: '/opt/ros/foxy/share/yaml_cpp_vendor/cmake/../../../opt/yaml_cpp_vendor/lib/cmake/yaml-cpp'
[0.839s] -- Found python_cmake_module: 0.8.1 (/opt/ros/foxy/share/python_cmake_module/cmake)
[0.857s] -- Found PythonInterp: /usr/bin/python3 (found suitable version "3.8.10", minimum required is "3.5") 
[0.859s] -- Using PYTHON_EXECUTABLE: /usr/bin/python3
[0.859s] -- Using PYTHON_INCLUDE_DIRS: /usr/include/python3.8
[0.859s] -- Using PYTHON_LIBRARIES: /usr/lib/x86_64-linux-gnu/libpython3.8.so
[0.885s] -- Found PythonInterp: /usr/bin/python3 (found version "3.8.10") 
[0.931s] -- Found ament_lint_auto: 0.9.8 (/opt/ros/foxy/share/ament_lint_auto/cmake)
[2.056s] -- Added test 'copyright' to check source files copyright and LICENSE
[2.058s] -- Added test 'cppcheck' to perform static code analysis on C / C++ code
[2.059s] -- Configured cppcheck include dirs: 
[2.059s] -- Configured cppcheck exclude dirs and/or files: 
[2.061s] -- Added test 'cpplint' to check C / C++ code against the Google style
[2.061s] -- Configured cpplint exclude dirs and/or files: 
[2.061s] -- Added test 'flake8' to check Python code syntax and style conventions
[2.062s] -- Added test 'lint_cmake' to check CMake code style
[2.063s] -- Added test 'pep257' to check Python code against some of the style conventions in PEP 257
[2.065s] -- Added test 'uncrustify' to check C / C++ code style
[2.065s] -- Configured uncrustify additional arguments: 
[2.065s] -- Added test 'xmllint' to check XML markup files
[2.070s] -- Configuring done
[2.100s] -- Generating done
[2.103s] -- Build files have been written to: /home/mlemsalu/ros2_ws_luke/build/rosbag2_py
[2.111s] Invoked command in '/home/mlemsalu/ros2_ws_luke/build/rosbag2_py' returned '0': AMENT_PREFIX_PATH=/home/mlemsalu/ros2_ws_luke/install/rosbag2_compression:/home/mlemsalu/ros2_ws_luke/install/rosbag2_cpp:/home/mlemsalu/ros2_ws_luke/install/rosbag2_storage_default_plugins:/home/mlemsalu/ros2_ws_luke/install/rosbag2_storage:/home/mlemsalu/ros2_ws_luke/install/sqlite3_vendor:/home/mlemsalu/ros2_ws_luke/install/shared_queues_vendor:${AMENT_PREFIX_PATH} CMAKE_PREFIX_PATH=/home/mlemsalu/ros2_ws_luke/install/rosbag2_compression:/home/mlemsalu/ros2_ws_luke/install/rosbag2_cpp:/home/mlemsalu/ros2_ws_luke/install/rosbag2_storage_default_plugins:/home/mlemsalu/ros2_ws_luke/install/rosbag2_storage:/home/mlemsalu/ros2_ws_luke/install/sqlite3_vendor:/home/mlemsalu/ros2_ws_luke/install/shared_queues_vendor:/opt/ros/foxy LD_LIBRARY_PATH=/home/mlemsalu/ros2_ws_luke/install/rosbag2_compression/lib:/home/mlemsalu/ros2_ws_luke/install/rosbag2_cpp/lib:/home/mlemsalu/ros2_ws_luke/install/rosbag2_storage_default_plugins/lib:/home/mlemsalu/ros2_ws_luke/install/rosbag2_storage/lib:${LD_LIBRARY_PATH} /usr/bin/cmake /home/mlemsalu/ros2_ws_luke/src/rosbag2-foxy-future/rosbag2_py -DCMAKE_INSTALL_PREFIX=/home/mlemsalu/ros2_ws_luke/install/rosbag2_py
[2.113s] Invoking command in '/home/mlemsalu/ros2_ws_luke/build/rosbag2_py': AMENT_PREFIX_PATH=/home/mlemsalu/ros2_ws_luke/install/rosbag2_compression:/home/mlemsalu/ros2_ws_luke/install/rosbag2_cpp:/home/mlemsalu/ros2_ws_luke/install/rosbag2_storage_default_plugins:/home/mlemsalu/ros2_ws_luke/install/rosbag2_storage:/home/mlemsalu/ros2_ws_luke/install/sqlite3_vendor:/home/mlemsalu/ros2_ws_luke/install/shared_queues_vendor:${AMENT_PREFIX_PATH} CMAKE_PREFIX_PATH=/home/mlemsalu/ros2_ws_luke/install/rosbag2_compression:/home/mlemsalu/ros2_ws_luke/install/rosbag2_cpp:/home/mlemsalu/ros2_ws_luke/install/rosbag2_storage_default_plugins:/home/mlemsalu/ros2_ws_luke/install/rosbag2_storage:/home/mlemsalu/ros2_ws_luke/install/sqlite3_vendor:/home/mlemsalu/ros2_ws_luke/install/shared_queues_vendor:/opt/ros/foxy LD_LIBRARY_PATH=/home/mlemsalu/ros2_ws_luke/install/rosbag2_compression/lib:/home/mlemsalu/ros2_ws_luke/install/rosbag2_cpp/lib:/home/mlemsalu/ros2_ws_luke/install/rosbag2_storage_default_plugins/lib:/home/mlemsalu/ros2_ws_luke/install/rosbag2_storage/lib:${LD_LIBRARY_PATH} /usr/bin/cmake --build /home/mlemsalu/ros2_ws_luke/build/rosbag2_py -- -j12 -l12
[2.185s] [ 33%] Built target _storage
[2.185s] [ 55%] Built target _info
[2.189s] [ 77%] Built target _reader
[2.194s] [100%] Built target _writer
[2.210s] Invoked command in '/home/mlemsalu/ros2_ws_luke/build/rosbag2_py' returned '0': AMENT_PREFIX_PATH=/home/mlemsalu/ros2_ws_luke/install/rosbag2_compression:/home/mlemsalu/ros2_ws_luke/install/rosbag2_cpp:/home/mlemsalu/ros2_ws_luke/install/rosbag2_storage_default_plugins:/home/mlemsalu/ros2_ws_luke/install/rosbag2_storage:/home/mlemsalu/ros2_ws_luke/install/sqlite3_vendor:/home/mlemsalu/ros2_ws_luke/install/shared_queues_vendor:${AMENT_PREFIX_PATH} CMAKE_PREFIX_PATH=/home/mlemsalu/ros2_ws_luke/install/rosbag2_compression:/home/mlemsalu/ros2_ws_luke/install/rosbag2_cpp:/home/mlemsalu/ros2_ws_luke/install/rosbag2_storage_default_plugins:/home/mlemsalu/ros2_ws_luke/install/rosbag2_storage:/home/mlemsalu/ros2_ws_luke/install/sqlite3_vendor:/home/mlemsalu/ros2_ws_luke/install/shared_queues_vendor:/opt/ros/foxy LD_LIBRARY_PATH=/home/mlemsalu/ros2_ws_luke/install/rosbag2_compression/lib:/home/mlemsalu/ros2_ws_luke/install/rosbag2_cpp/lib:/home/mlemsalu/ros2_ws_luke/install/rosbag2_storage_default_plugins/lib:/home/mlemsalu/ros2_ws_luke/install/rosbag2_storage/lib:${LD_LIBRARY_PATH} /usr/bin/cmake --build /home/mlemsalu/ros2_ws_luke/build/rosbag2_py -- -j12 -l12
[2.244s] Invoking command in '/home/mlemsalu/ros2_ws_luke/build/rosbag2_py': AMENT_PREFIX_PATH=/home/mlemsalu/ros2_ws_luke/install/rosbag2_compression:/home/mlemsalu/ros2_ws_luke/install/rosbag2_cpp:/home/mlemsalu/ros2_ws_luke/install/rosbag2_storage_default_plugins:/home/mlemsalu/ros2_ws_luke/install/rosbag2_storage:/home/mlemsalu/ros2_ws_luke/install/sqlite3_vendor:/home/mlemsalu/ros2_ws_luke/install/shared_queues_vendor:${AMENT_PREFIX_PATH} CMAKE_PREFIX_PATH=/home/mlemsalu/ros2_ws_luke/install/rosbag2_compression:/home/mlemsalu/ros2_ws_luke/install/rosbag2_cpp:/home/mlemsalu/ros2_ws_luke/install/rosbag2_storage_default_plugins:/home/mlemsalu/ros2_ws_luke/install/rosbag2_storage:/home/mlemsalu/ros2_ws_luke/install/sqlite3_vendor:/home/mlemsalu/ros2_ws_luke/install/shared_queues_vendor:/opt/ros/foxy LD_LIBRARY_PATH=/home/mlemsalu/ros2_ws_luke/install/rosbag2_compression/lib:/home/mlemsalu/ros2_ws_luke/install/rosbag2_cpp/lib:/home/mlemsalu/ros2_ws_luke/install/rosbag2_storage_default_plugins/lib:/home/mlemsalu/ros2_ws_luke/install/rosbag2_storage/lib:${LD_LIBRARY_PATH} /usr/bin/cmake --install /home/mlemsalu/ros2_ws_luke/build/rosbag2_py
[2.251s] -- Install configuration: "Release"
[2.251s] -- Execute custom install script
[2.252s] -- Up-to-date symlink: /home/mlemsalu/ros2_ws_luke/install/rosbag2_py/share/rosbag2_py/environment/pythonpath.sh
[2.252s] -- Up-to-date symlink: /home/mlemsalu/ros2_ws_luke/install/rosbag2_py/share/rosbag2_py/environment/pythonpath.dsv
[2.252s] -- Up-to-date symlink: /home/mlemsalu/ros2_ws_luke/install/rosbag2_py/lib/python3.8/site-packages/rosbag2_py/__init__.py
[2.253s] -- Up-to-date symlink: /home/mlemsalu/ros2_ws_luke/install/rosbag2_py/lib/python3.8/site-packages/rosbag2_py/_reader.cpython-38-x86_64-linux-gnu.so
[2.253s] -- Up-to-date symlink: /home/mlemsalu/ros2_ws_luke/install/rosbag2_py/lib/python3.8/site-packages/rosbag2_py/_storage.cpython-38-x86_64-linux-gnu.so
[2.253s] -- Up-to-date symlink: /home/mlemsalu/ros2_ws_luke/install/rosbag2_py/lib/python3.8/site-packages/rosbag2_py/_writer.cpython-38-x86_64-linux-gnu.so
[2.253s] -- Up-to-date symlink: /home/mlemsalu/ros2_ws_luke/install/rosbag2_py/lib/python3.8/site-packages/rosbag2_py/_info.cpython-38-x86_64-linux-gnu.so
[2.254s] -- Up-to-date symlink: /home/mlemsalu/ros2_ws_luke/install/rosbag2_py/share/ament_index/resource_index/package_run_dependencies/rosbag2_py
[2.254s] -- Up-to-date symlink: /home/mlemsalu/ros2_ws_luke/install/rosbag2_py/share/ament_index/resource_index/parent_prefix_path/rosbag2_py
[2.254s] -- Up-to-date symlink: /home/mlemsalu/ros2_ws_luke/install/rosbag2_py/share/rosbag2_py/environment/ament_prefix_path.sh
[2.255s] -- Up-to-date symlink: /home/mlemsalu/ros2_ws_luke/install/rosbag2_py/share/rosbag2_py/environment/ament_prefix_path.dsv
[2.255s] -- Up-to-date symlink: /home/mlemsalu/ros2_ws_luke/install/rosbag2_py/share/rosbag2_py/environment/path.sh
[2.255s] -- Up-to-date symlink: /home/mlemsalu/ros2_ws_luke/install/rosbag2_py/share/rosbag2_py/environment/path.dsv
[2.255s] -- Up-to-date symlink: /home/mlemsalu/ros2_ws_luke/install/rosbag2_py/share/rosbag2_py/local_setup.bash
[2.256s] -- Up-to-date symlink: /home/mlemsalu/ros2_ws_luke/install/rosbag2_py/share/rosbag2_py/local_setup.sh
[2.256s] -- Up-to-date symlink: /home/mlemsalu/ros2_ws_luke/install/rosbag2_py/share/rosbag2_py/local_setup.zsh
[2.256s] -- Up-to-date symlink: /home/mlemsalu/ros2_ws_luke/install/rosbag2_py/share/rosbag2_py/local_setup.dsv
[2.256s] -- Symlinking: /home/mlemsalu/ros2_ws_luke/install/rosbag2_py/share/rosbag2_py/package.dsv
[2.265s] -- Up-to-date symlink: /home/mlemsalu/ros2_ws_luke/install/rosbag2_py/share/ament_index/resource_index/packages/rosbag2_py
[2.265s] -- Up-to-date symlink: /home/mlemsalu/ros2_ws_luke/install/rosbag2_py/share/rosbag2_py/cmake/rosbag2_pyConfig.cmake
[2.266s] -- Up-to-date symlink: /home/mlemsalu/ros2_ws_luke/install/rosbag2_py/share/rosbag2_py/cmake/rosbag2_pyConfig-version.cmake
[2.266s] -- Up-to-date symlink: /home/mlemsalu/ros2_ws_luke/install/rosbag2_py/share/rosbag2_py/package.xml
[2.291s] Listing '/home/mlemsalu/ros2_ws_luke/install/rosbag2_py/lib/python3.8/site-packages/rosbag2_py'...
[2.298s] Invoked command in '/home/mlemsalu/ros2_ws_luke/build/rosbag2_py' returned '0': AMENT_PREFIX_PATH=/home/mlemsalu/ros2_ws_luke/install/rosbag2_compression:/home/mlemsalu/ros2_ws_luke/install/rosbag2_cpp:/home/mlemsalu/ros2_ws_luke/install/rosbag2_storage_default_plugins:/home/mlemsalu/ros2_ws_luke/install/rosbag2_storage:/home/mlemsalu/ros2_ws_luke/install/sqlite3_vendor:/home/mlemsalu/ros2_ws_luke/install/shared_queues_vendor:${AMENT_PREFIX_PATH} CMAKE_PREFIX_PATH=/home/mlemsalu/ros2_ws_luke/install/rosbag2_compression:/home/mlemsalu/ros2_ws_luke/install/rosbag2_cpp:/home/mlemsalu/ros2_ws_luke/install/rosbag2_storage_default_plugins:/home/mlemsalu/ros2_ws_luke/install/rosbag2_storage:/home/mlemsalu/ros2_ws_luke/install/sqlite3_vendor:/home/mlemsalu/ros2_ws_luke/install/shared_queues_vendor:/opt/ros/foxy LD_LIBRARY_PATH=/home/mlemsalu/ros2_ws_luke/install/rosbag2_compression/lib:/home/mlemsalu/ros2_ws_luke/install/rosbag2_cpp/lib:/home/mlemsalu/ros2_ws_luke/install/rosbag2_storage_default_plugins/lib:/home/mlemsalu/ros2_ws_luke/install/rosbag2_storage/lib:${LD_LIBRARY_PATH} /usr/bin/cmake --install /home/mlemsalu/ros2_ws_luke/build/rosbag2_py
