-- Found ament_cmake: 0.9.11 (/opt/ros/foxy/share/ament_cmake/cmake)
-- Using PYTHON_EXECUTABLE: /usr/bin/python3
-- Override CMake install command with custom implementation using symlinks instead of copying resources
-- Found rclcpp: 2.4.2 (/opt/ros/foxy/share/rclcpp/cmake)
-- Using all available rosidl_typesupport_c: rosidl_typesupport_fastrtps_c;rosidl_typesupport_introspection_c
-- Found rosidl_adapter: 1.3.0 (/opt/ros/foxy/share/rosidl_adapter/cmake)
-- Using all available rosidl_typesupport_cpp: rosidl_typesupport_fastrtps_cpp;rosidl_typesupport_introspection_cpp
-- Found rmw_implementation_cmake: 1.0.4 (/opt/ros/foxy/share/rmw_implementation_cmake/cmake)
-- Using RMW implementation 'rmw_fastrtps_cpp' as default
-- Found custom_msgs: 0.0.0 (/home/mlemsalu/ros2_ws_luke/install/custom_msgs/share/custom_msgs/cmake)
-- Found tf2_ros: 0.13.14 (/opt/ros/foxy/share/tf2_ros/cmake)
-- Found ament_lint_auto: 0.9.8 (/opt/ros/foxy/share/ament_lint_auto/cmake)
-- Added test 'copyright' to check source files copyright and LICENSE
-- Added test 'cppcheck' to perform static code analysis on C / C++ code
-- Configured cppcheck include dirs: $<BUILD_INTERFACE:/home/mlemsalu/ros2_ws_luke/src/can_msgs_reading/include>
-- Configured cppcheck exclude dirs and/or files: 
-- Added test 'cpplint' to check C / C++ code against the Google style
-- Configured cpplint exclude dirs and/or files: 
-- Added test 'lint_cmake' to check CMake code style
-- Added test 'uncrustify' to check C / C++ code style
-- Configured uncrustify additional arguments: 
-- Added test 'xmllint' to check XML markup files
-- Configuring done
-- Generating done
-- Build files have been written to: /home/mlemsalu/ros2_ws_luke/build/can_msgs_reading
[100%] Built target can_cpp_node
-- Install configuration: "Release"
-- Execute custom install script
-- Up-to-date symlink: /home/mlemsalu/ros2_ws_luke/install/can_msgs_reading/lib/can_msgs_reading/can_cpp_node
-- Up-to-date symlink: /home/mlemsalu/ros2_ws_luke/install/can_msgs_reading/share/ament_index/resource_index/package_run_dependencies/can_msgs_reading
-- Up-to-date symlink: /home/mlemsalu/ros2_ws_luke/install/can_msgs_reading/share/ament_index/resource_index/parent_prefix_path/can_msgs_reading
-- Up-to-date symlink: /home/mlemsalu/ros2_ws_luke/install/can_msgs_reading/share/can_msgs_reading/environment/ament_prefix_path.sh
-- Up-to-date symlink: /home/mlemsalu/ros2_ws_luke/install/can_msgs_reading/share/can_msgs_reading/environment/ament_prefix_path.dsv
-- Up-to-date symlink: /home/mlemsalu/ros2_ws_luke/install/can_msgs_reading/share/can_msgs_reading/environment/path.sh
-- Up-to-date symlink: /home/mlemsalu/ros2_ws_luke/install/can_msgs_reading/share/can_msgs_reading/environment/path.dsv
-- Up-to-date symlink: /home/mlemsalu/ros2_ws_luke/install/can_msgs_reading/share/can_msgs_reading/local_setup.bash
-- Up-to-date symlink: /home/mlemsalu/ros2_ws_luke/install/can_msgs_reading/share/can_msgs_reading/local_setup.sh
-- Up-to-date symlink: /home/mlemsalu/ros2_ws_luke/install/can_msgs_reading/share/can_msgs_reading/local_setup.zsh
-- Up-to-date symlink: /home/mlemsalu/ros2_ws_luke/install/can_msgs_reading/share/can_msgs_reading/local_setup.dsv
-- Symlinking: /home/mlemsalu/ros2_ws_luke/install/can_msgs_reading/share/can_msgs_reading/package.dsv
-- Up-to-date symlink: /home/mlemsalu/ros2_ws_luke/install/can_msgs_reading/share/ament_index/resource_index/packages/can_msgs_reading
-- Up-to-date symlink: /home/mlemsalu/ros2_ws_luke/install/can_msgs_reading/share/can_msgs_reading/cmake/can_msgs_readingConfig.cmake
-- Up-to-date symlink: /home/mlemsalu/ros2_ws_luke/install/can_msgs_reading/share/can_msgs_reading/cmake/can_msgs_readingConfig-version.cmake
-- Up-to-date symlink: /home/mlemsalu/ros2_ws_luke/install/can_msgs_reading/share/can_msgs_reading/package.xml
