[0.018s] Invoking command in '/home/mlemsalu/ros2_ws_luke/build/rosbag2_storage_default_plugins': AMENT_PREFIX_PATH=/home/mlemsalu/ros2_ws_luke/install/rosbag2_storage:/home/mlemsalu/ros2_ws_luke/install/sqlite3_vendor:/home/mlemsalu/ros2_ws_luke/install/rosbag2_test_common:${AMENT_PREFIX_PATH} CMAKE_PREFIX_PATH=/home/mlemsalu/ros2_ws_luke/install/rosbag2_storage:/home/mlemsalu/ros2_ws_luke/install/sqlite3_vendor:/home/mlemsalu/ros2_ws_luke/install/rosbag2_test_common:/opt/ros/foxy LD_LIBRARY_PATH=/home/mlemsalu/ros2_ws_luke/install/rosbag2_storage/lib:${LD_LIBRARY_PATH} /usr/bin/cmake /home/mlemsalu/ros2_ws_luke/src/rosbag2-foxy-future/rosbag2_storage_default_plugins -DCMAKE_BUILD_TYPE=Release -DAMENT_CMAKE_SYMLINK_INSTALL=1 -DCMAKE_INSTALL_PREFIX=/home/mlemsalu/ros2_ws_luke/install/rosbag2_storage_default_plugins
[0.094s] -- The C compiler identification is GNU 9.4.0
[0.186s] -- The CXX compiler identification is GNU 9.4.0
[0.195s] -- Check for working C compiler: /usr/bin/cc
[0.291s] -- Check for working C compiler: /usr/bin/cc -- works
[0.292s] -- Detecting C compiler ABI info
[0.393s] -- Detecting C compiler ABI info - done
[0.409s] -- Detecting C compile features
[0.409s] -- Detecting C compile features - done
[0.412s] -- Check for working CXX compiler: /usr/bin/c++
[0.523s] -- Check for working CXX compiler: /usr/bin/c++ -- works
[0.525s] -- Detecting CXX compiler ABI info
[0.637s] -- Detecting CXX compiler ABI info - done
[0.651s] -- Detecting CXX compile features
[0.651s] -- Detecting CXX compile features - done
[0.655s] -- Found ament_cmake: 0.9.11 (/opt/ros/foxy/share/ament_cmake/cmake)
[0.694s] -- Found PythonInterp: /usr/bin/python3 (found suitable version "3.8.10", minimum required is "3") 
[0.694s] -- Using PYTHON_EXECUTABLE: /usr/bin/python3
[0.885s] -- Override CMake install command with custom implementation using symlinks instead of copying resources
[0.916s] -- Found pluginlib: 2.5.4 (/opt/ros/foxy/share/pluginlib/cmake)
[0.970s] -- Found rosbag2_storage: 0.7.0 (/home/mlemsalu/ros2_ws_luke/install/rosbag2_storage/share/rosbag2_storage/cmake)
[0.975s] -- Setting yaml-cpp_DIR to: '/opt/ros/foxy/share/yaml_cpp_vendor/cmake/../../../opt/yaml_cpp_vendor/lib/cmake/yaml-cpp'
[0.979s] -- Found sqlite3_vendor: 0.7.0 (/home/mlemsalu/ros2_ws_luke/install/sqlite3_vendor/share/sqlite3_vendor/cmake)
[0.992s] -- Found SQLite3: /usr/lib/x86_64-linux-gnu/libsqlite3.so  
[1.003s] -- Found ament_cmake_gmock: 0.9.11 (/opt/ros/foxy/share/ament_cmake_gmock/cmake)
[1.006s] -- Found ament_lint_auto: 0.9.8 (/opt/ros/foxy/share/ament_lint_auto/cmake)
[1.007s] -- Found rosbag2_test_common: 0.7.0 (/home/mlemsalu/ros2_ws_luke/install/rosbag2_test_common/share/rosbag2_test_common/cmake)
[1.048s] -- Using all available rosidl_typesupport_c: rosidl_typesupport_fastrtps_c;rosidl_typesupport_introspection_c
[1.056s] -- Found rosidl_adapter: 1.3.0 (/opt/ros/foxy/share/rosidl_adapter/cmake)
[1.159s] -- Found OpenSSL: /usr/lib/x86_64-linux-gnu/libcrypto.so (found version "1.1.1f")  
[1.190s] -- Found FastRTPS: /opt/ros/foxy/include  
[1.289s] -- Using all available rosidl_typesupport_cpp: rosidl_typesupport_fastrtps_cpp;rosidl_typesupport_introspection_cpp
[1.359s] -- Found rmw_implementation_cmake: 1.0.4 (/opt/ros/foxy/share/rmw_implementation_cmake/cmake)
[1.360s] -- Using RMW implementation 'rmw_fastrtps_cpp' as default
[1.362s] -- Looking for pthread.h
[1.453s] -- Looking for pthread.h - found
[1.454s] -- Performing Test CMAKE_HAVE_LIBC_PTHREAD
[1.564s] -- Performing Test CMAKE_HAVE_LIBC_PTHREAD - Failed
[1.564s] -- Looking for pthread_create in pthreads
[1.643s] -- Looking for pthread_create in pthreads - not found
[1.643s] -- Looking for pthread_create in pthread
[1.742s] -- Looking for pthread_create in pthread - found
[1.744s] -- Found Threads: TRUE  
[2.224s] -- Found gmock sources under '/opt/ros/foxy/src/gmock_vendor': C++ tests using 'Google Mock' will be built
[2.231s] -- Found ament_cmake_gtest: 0.9.11 (/opt/ros/foxy/share/ament_cmake_gtest/cmake)
[2.233s] -- Found gtest sources under '/opt/ros/foxy/src/gtest_vendor': C++ tests using 'Google Test' will be built
[2.252s] -- Added test 'copyright' to check source files copyright and LICENSE
[2.255s] -- Added test 'cppcheck' to perform static code analysis on C / C++ code
[2.256s] -- Configured cppcheck include dirs: $<BUILD_INTERFACE:/home/mlemsalu/ros2_ws_luke/src/rosbag2-foxy-future/rosbag2_storage_default_plugins/include>
[2.256s] -- Configured cppcheck exclude dirs and/or files: 
[2.259s] -- Added test 'cpplint' to check C / C++ code against the Google style
[2.259s] -- Configured cpplint exclude dirs and/or files: 
[2.261s] -- Added test 'lint_cmake' to check CMake code style
[2.264s] -- Added test 'uncrustify' to check C / C++ code style
[2.265s] -- Configured uncrustify additional arguments: 
[2.266s] -- Added test 'xmllint' to check XML markup files
[2.276s] -- Configuring done
[2.333s] -- Generating done
[2.337s] -- Build files have been written to: /home/mlemsalu/ros2_ws_luke/build/rosbag2_storage_default_plugins
[2.350s] Invoked command in '/home/mlemsalu/ros2_ws_luke/build/rosbag2_storage_default_plugins' returned '0': AMENT_PREFIX_PATH=/home/mlemsalu/ros2_ws_luke/install/rosbag2_storage:/home/mlemsalu/ros2_ws_luke/install/sqlite3_vendor:/home/mlemsalu/ros2_ws_luke/install/rosbag2_test_common:${AMENT_PREFIX_PATH} CMAKE_PREFIX_PATH=/home/mlemsalu/ros2_ws_luke/install/rosbag2_storage:/home/mlemsalu/ros2_ws_luke/install/sqlite3_vendor:/home/mlemsalu/ros2_ws_luke/install/rosbag2_test_common:/opt/ros/foxy LD_LIBRARY_PATH=/home/mlemsalu/ros2_ws_luke/install/rosbag2_storage/lib:${LD_LIBRARY_PATH} /usr/bin/cmake /home/mlemsalu/ros2_ws_luke/src/rosbag2-foxy-future/rosbag2_storage_default_plugins -DCMAKE_BUILD_TYPE=Release -DAMENT_CMAKE_SYMLINK_INSTALL=1 -DCMAKE_INSTALL_PREFIX=/home/mlemsalu/ros2_ws_luke/install/rosbag2_storage_default_plugins
[2.353s] Invoking command in '/home/mlemsalu/ros2_ws_luke/build/rosbag2_storage_default_plugins': AMENT_PREFIX_PATH=/home/mlemsalu/ros2_ws_luke/install/rosbag2_storage:/home/mlemsalu/ros2_ws_luke/install/sqlite3_vendor:/home/mlemsalu/ros2_ws_luke/install/rosbag2_test_common:${AMENT_PREFIX_PATH} CMAKE_PREFIX_PATH=/home/mlemsalu/ros2_ws_luke/install/rosbag2_storage:/home/mlemsalu/ros2_ws_luke/install/sqlite3_vendor:/home/mlemsalu/ros2_ws_luke/install/rosbag2_test_common:/opt/ros/foxy LD_LIBRARY_PATH=/home/mlemsalu/ros2_ws_luke/install/rosbag2_storage/lib:${LD_LIBRARY_PATH} /usr/bin/cmake --build /home/mlemsalu/ros2_ws_luke/build/rosbag2_storage_default_plugins -- -j12 -l12
[2.415s] [35m[1mScanning dependencies of target rosbag2_storage_default_plugins[0m
[2.415s] [35m[1mScanning dependencies of target gmock[0m
[2.415s] [35m[1mScanning dependencies of target gmock_main[0m
[2.446s] [  7%] [32mBuilding CXX object CMakeFiles/rosbag2_storage_default_plugins.dir/src/rosbag2_storage_default_plugins/sqlite/sqlite_wrapper.cpp.o[0m
[2.446s] [ 15%] [32mBuilding CXX object CMakeFiles/rosbag2_storage_default_plugins.dir/src/rosbag2_storage_default_plugins/sqlite/sqlite_storage.cpp.o[0m
[2.446s] [ 23%] [32mBuilding CXX object gmock/CMakeFiles/gmock_main.dir/src/gmock_main.cc.o[0m
[2.448s] [ 30%] [32mBuilding CXX object CMakeFiles/rosbag2_storage_default_plugins.dir/src/rosbag2_storage_default_plugins/sqlite/sqlite_statement_wrapper.cpp.o[0m
[2.453s] [ 46%] [32mBuilding CXX object gmock/CMakeFiles/gmock.dir/opt/ros/foxy/src/gtest_vendor/src/gtest-all.cc.o[0m
[2.453s] [ 46%] [32mBuilding CXX object gmock/CMakeFiles/gmock.dir/src/gmock-all.cc.o[0m
[4.216s] [ 53%] [32m[1mLinking CXX static library libgmock_main.a[0m
[4.268s] [ 53%] Built target gmock_main
[8.178s] [ 61%] [32m[1mLinking CXX shared library librosbag2_storage_default_plugins.so[0m
[8.323s] [ 61%] Built target rosbag2_storage_default_plugins
[12.909s] [ 69%] [32m[1mLinking CXX static library libgmock.a[0m
[12.946s] [ 69%] Built target gmock
[12.957s] [35m[1mScanning dependencies of target test_sqlite_wrapper[0m
[12.957s] [35m[1mScanning dependencies of target test_sqlite_storage[0m
[12.979s] [ 76%] [32mBuilding CXX object CMakeFiles/test_sqlite_storage.dir/test/rosbag2_storage_default_plugins/sqlite/test_sqlite_storage.cpp.o[0m
[12.980s] [ 84%] [32mBuilding CXX object CMakeFiles/test_sqlite_wrapper.dir/test/rosbag2_storage_default_plugins/sqlite/test_sqlite_wrapper.cpp.o[0m
[16.214s] [ 92%] [32m[1mLinking CXX executable test_sqlite_wrapper[0m
[16.379s] [ 92%] Built target test_sqlite_wrapper
[18.695s] [100%] [32m[1mLinking CXX executable test_sqlite_storage[0m
[18.859s] [100%] Built target test_sqlite_storage
[18.870s] Invoked command in '/home/mlemsalu/ros2_ws_luke/build/rosbag2_storage_default_plugins' returned '0': AMENT_PREFIX_PATH=/home/mlemsalu/ros2_ws_luke/install/rosbag2_storage:/home/mlemsalu/ros2_ws_luke/install/sqlite3_vendor:/home/mlemsalu/ros2_ws_luke/install/rosbag2_test_common:${AMENT_PREFIX_PATH} CMAKE_PREFIX_PATH=/home/mlemsalu/ros2_ws_luke/install/rosbag2_storage:/home/mlemsalu/ros2_ws_luke/install/sqlite3_vendor:/home/mlemsalu/ros2_ws_luke/install/rosbag2_test_common:/opt/ros/foxy LD_LIBRARY_PATH=/home/mlemsalu/ros2_ws_luke/install/rosbag2_storage/lib:${LD_LIBRARY_PATH} /usr/bin/cmake --build /home/mlemsalu/ros2_ws_luke/build/rosbag2_storage_default_plugins -- -j12 -l12
[18.906s] Invoking command in '/home/mlemsalu/ros2_ws_luke/build/rosbag2_storage_default_plugins': AMENT_PREFIX_PATH=/home/mlemsalu/ros2_ws_luke/install/rosbag2_storage:/home/mlemsalu/ros2_ws_luke/install/sqlite3_vendor:/home/mlemsalu/ros2_ws_luke/install/rosbag2_test_common:${AMENT_PREFIX_PATH} CMAKE_PREFIX_PATH=/home/mlemsalu/ros2_ws_luke/install/rosbag2_storage:/home/mlemsalu/ros2_ws_luke/install/sqlite3_vendor:/home/mlemsalu/ros2_ws_luke/install/rosbag2_test_common:/opt/ros/foxy LD_LIBRARY_PATH=/home/mlemsalu/ros2_ws_luke/install/rosbag2_storage/lib:${LD_LIBRARY_PATH} /usr/bin/cmake --install /home/mlemsalu/ros2_ws_luke/build/rosbag2_storage_default_plugins
[18.915s] -- Install configuration: "Release"
[18.916s] -- Execute custom install script
[18.916s] -- Symlinking: /home/mlemsalu/ros2_ws_luke/install/rosbag2_storage_default_plugins/share/rosbag2_storage_default_plugins//plugin_description.xml
[18.926s] -- Symlinking: /home/mlemsalu/ros2_ws_luke/install/rosbag2_storage_default_plugins/include/rosbag2_storage_default_plugins/sqlite/sqlite_exception.hpp
[18.937s] -- Symlinking: /home/mlemsalu/ros2_ws_luke/install/rosbag2_storage_default_plugins/include/rosbag2_storage_default_plugins/sqlite/sqlite_pragmas.hpp
[18.945s] -- Symlinking: /home/mlemsalu/ros2_ws_luke/install/rosbag2_storage_default_plugins/include/rosbag2_storage_default_plugins/sqlite/sqlite_statement_wrapper.hpp
[18.954s] -- Symlinking: /home/mlemsalu/ros2_ws_luke/install/rosbag2_storage_default_plugins/include/rosbag2_storage_default_plugins/sqlite/sqlite_storage.hpp
[18.962s] -- Symlinking: /home/mlemsalu/ros2_ws_luke/install/rosbag2_storage_default_plugins/include/rosbag2_storage_default_plugins/sqlite/sqlite_wrapper.hpp
[18.971s] -- Symlinking: /home/mlemsalu/ros2_ws_luke/install/rosbag2_storage_default_plugins/include/rosbag2_storage_default_plugins/visibility_control.hpp
[18.980s] -- Symlinking: /home/mlemsalu/ros2_ws_luke/install/rosbag2_storage_default_plugins/lib/librosbag2_storage_default_plugins.so
[18.988s] -- Symlinking: /home/mlemsalu/ros2_ws_luke/install/rosbag2_storage_default_plugins/share/rosbag2_storage_default_plugins/environment/library_path.sh
[18.997s] -- Symlinking: /home/mlemsalu/ros2_ws_luke/install/rosbag2_storage_default_plugins/share/rosbag2_storage_default_plugins/environment/library_path.dsv
[19.006s] -- Symlinking: /home/mlemsalu/ros2_ws_luke/install/rosbag2_storage_default_plugins/share/ament_index/resource_index/package_run_dependencies/rosbag2_storage_default_plugins
[19.018s] -- Symlinking: /home/mlemsalu/ros2_ws_luke/install/rosbag2_storage_default_plugins/share/ament_index/resource_index/parent_prefix_path/rosbag2_storage_default_plugins
[19.026s] -- Symlinking: /home/mlemsalu/ros2_ws_luke/install/rosbag2_storage_default_plugins/share/rosbag2_storage_default_plugins/environment/ament_prefix_path.sh
[19.035s] -- Symlinking: /home/mlemsalu/ros2_ws_luke/install/rosbag2_storage_default_plugins/share/rosbag2_storage_default_plugins/environment/ament_prefix_path.dsv
[19.045s] -- Symlinking: /home/mlemsalu/ros2_ws_luke/install/rosbag2_storage_default_plugins/share/rosbag2_storage_default_plugins/environment/path.sh
[19.054s] -- Symlinking: /home/mlemsalu/ros2_ws_luke/install/rosbag2_storage_default_plugins/share/rosbag2_storage_default_plugins/environment/path.dsv
[19.063s] -- Symlinking: /home/mlemsalu/ros2_ws_luke/install/rosbag2_storage_default_plugins/share/rosbag2_storage_default_plugins/local_setup.bash
[19.072s] -- Symlinking: /home/mlemsalu/ros2_ws_luke/install/rosbag2_storage_default_plugins/share/rosbag2_storage_default_plugins/local_setup.sh
[19.081s] -- Symlinking: /home/mlemsalu/ros2_ws_luke/install/rosbag2_storage_default_plugins/share/rosbag2_storage_default_plugins/local_setup.zsh
[19.090s] -- Symlinking: /home/mlemsalu/ros2_ws_luke/install/rosbag2_storage_default_plugins/share/rosbag2_storage_default_plugins/local_setup.dsv
[19.099s] -- Symlinking: /home/mlemsalu/ros2_ws_luke/install/rosbag2_storage_default_plugins/share/rosbag2_storage_default_plugins/package.dsv
[19.108s] -- Symlinking: /home/mlemsalu/ros2_ws_luke/install/rosbag2_storage_default_plugins/share/ament_index/resource_index/packages/rosbag2_storage_default_plugins
[19.118s] -- Symlinking: /home/mlemsalu/ros2_ws_luke/install/rosbag2_storage_default_plugins/share/ament_index/resource_index/rosbag2_storage__pluginlib__plugin/rosbag2_storage_default_plugins
[19.127s] -- Symlinking: /home/mlemsalu/ros2_ws_luke/install/rosbag2_storage_default_plugins/share/rosbag2_storage_default_plugins/cmake/ament_cmake_export_include_directories-extras.cmake
[19.137s] -- Symlinking: /home/mlemsalu/ros2_ws_luke/install/rosbag2_storage_default_plugins/share/rosbag2_storage_default_plugins/cmake/ament_cmake_export_libraries-extras.cmake
[19.146s] -- Symlinking: /home/mlemsalu/ros2_ws_luke/install/rosbag2_storage_default_plugins/share/rosbag2_storage_default_plugins/cmake/ament_cmake_export_dependencies-extras.cmake
[19.156s] -- Symlinking: /home/mlemsalu/ros2_ws_luke/install/rosbag2_storage_default_plugins/share/rosbag2_storage_default_plugins/cmake/rosbag2_storage_default_pluginsConfig.cmake
[19.165s] -- Symlinking: /home/mlemsalu/ros2_ws_luke/install/rosbag2_storage_default_plugins/share/rosbag2_storage_default_plugins/cmake/rosbag2_storage_default_pluginsConfig-version.cmake
[19.175s] -- Symlinking: /home/mlemsalu/ros2_ws_luke/install/rosbag2_storage_default_plugins/share/rosbag2_storage_default_plugins/package.xml
[19.191s] Invoked command in '/home/mlemsalu/ros2_ws_luke/build/rosbag2_storage_default_plugins' returned '0': AMENT_PREFIX_PATH=/home/mlemsalu/ros2_ws_luke/install/rosbag2_storage:/home/mlemsalu/ros2_ws_luke/install/sqlite3_vendor:/home/mlemsalu/ros2_ws_luke/install/rosbag2_test_common:${AMENT_PREFIX_PATH} CMAKE_PREFIX_PATH=/home/mlemsalu/ros2_ws_luke/install/rosbag2_storage:/home/mlemsalu/ros2_ws_luke/install/sqlite3_vendor:/home/mlemsalu/ros2_ws_luke/install/rosbag2_test_common:/opt/ros/foxy LD_LIBRARY_PATH=/home/mlemsalu/ros2_ws_luke/install/rosbag2_storage/lib:${LD_LIBRARY_PATH} /usr/bin/cmake --install /home/mlemsalu/ros2_ws_luke/build/rosbag2_storage_default_plugins
