running develop
running egg_info
creating message_sync_python.egg-info
writing message_sync_python.egg-info/PKG-INFO
writing dependency_links to message_sync_python.egg-info/dependency_links.txt
writing entry points to message_sync_python.egg-info/entry_points.txt
writing requirements to message_sync_python.egg-info/requires.txt
writing top-level names to message_sync_python.egg-info/top_level.txt
writing manifest file 'message_sync_python.egg-info/SOURCES.txt'
reading manifest file 'message_sync_python.egg-info/SOURCES.txt'
writing manifest file 'message_sync_python.egg-info/SOURCES.txt'
running build_ext
Creating /home/mlemsalu/ros2_ws_luke/install/message_sync_python/lib/python3.8/site-packages/site.py
Creating /home/mlemsalu/ros2_ws_luke/install/message_sync_python/lib/python3.8/site-packages/message-sync-python.egg-link (link to .)
Installing sync_msg script to /home/mlemsalu/ros2_ws_luke/install/message_sync_python/lib/message_sync_python

Installed /home/mlemsalu/ros2_ws_luke/build/message_sync_python
running install_data
creating /home/mlemsalu/ros2_ws_luke/install/message_sync_python/share/ament_index
creating /home/mlemsalu/ros2_ws_luke/install/message_sync_python/share/ament_index/resource_index
creating /home/mlemsalu/ros2_ws_luke/install/message_sync_python/share/ament_index/resource_index/packages
copying resource/message_sync_python -> /home/mlemsalu/ros2_ws_luke/install/message_sync_python/share/ament_index/resource_index/packages
copying package.xml -> /home/mlemsalu/ros2_ws_luke/install/message_sync_python/share/message_sync_python
