[0.884s] Invoking command in '/home/mlemsalu/ros2_ws_luke/build/message_sync_python': AMENT_PREFIX_PATH=/home/mlemsalu/ros2_ws_luke/install/custom_msgs:/home/mlemsalu/ros2_ws_luke/install/rosbag2:/home/mlemsalu/ros2_ws_luke/install/ros2bag:/home/mlemsalu/ros2_ws_luke/install/rosbag2_transport:/home/mlemsalu/ros2_ws_luke/install/rosbag2_py:/home/mlemsalu/ros2_ws_luke/install/rosbag2_compression_zstd:/home/mlemsalu/ros2_ws_luke/install/rosbag2_compression:/home/mlemsalu/ros2_ws_luke/install/rosbag2_cpp:/home/mlemsalu/ros2_ws_luke/install/rosbag2_storage_default_plugins:/home/mlemsalu/ros2_ws_luke/install/rosbag2_storage:/home/mlemsalu/ros2_ws_luke/install/zstd_vendor:/home/mlemsalu/ros2_ws_luke/install/sqlite3_vendor:/home/mlemsalu/ros2_ws_luke/install/shared_queues_vendor:${AMENT_PREFIX_PATH} CMAKE_PREFIX_PATH=/home/mlemsalu/ros2_ws_luke/install/custom_msgs:/home/mlemsalu/ros2_ws_luke/install/rosbag2:/home/mlemsalu/ros2_ws_luke/install/rosbag2_transport:/home/mlemsalu/ros2_ws_luke/install/rosbag2_py:/home/mlemsalu/ros2_ws_luke/install/rosbag2_compression_zstd:/home/mlemsalu/ros2_ws_luke/install/rosbag2_compression:/home/mlemsalu/ros2_ws_luke/install/rosbag2_cpp:/home/mlemsalu/ros2_ws_luke/install/rosbag2_storage_default_plugins:/home/mlemsalu/ros2_ws_luke/install/rosbag2_storage:/home/mlemsalu/ros2_ws_luke/install/zstd_vendor:/home/mlemsalu/ros2_ws_luke/install/sqlite3_vendor:/home/mlemsalu/ros2_ws_luke/install/shared_queues_vendor LD_LIBRARY_PATH=/home/mlemsalu/ros2_ws_luke/install/custom_msgs/lib:/home/mlemsalu/ros2_ws_luke/install/rosbag2_transport/lib:/home/mlemsalu/ros2_ws_luke/install/rosbag2_compression_zstd/lib:/home/mlemsalu/ros2_ws_luke/install/rosbag2_compression/lib:/home/mlemsalu/ros2_ws_luke/install/rosbag2_cpp/lib:/home/mlemsalu/ros2_ws_luke/install/rosbag2_storage_default_plugins/lib:/home/mlemsalu/ros2_ws_luke/install/rosbag2_storage/lib:/home/mlemsalu/ros2_ws_luke/install/zstd_vendor/lib:${LD_LIBRARY_PATH} PYTHONPATH=/home/mlemsalu/ros2_ws_luke/build/message_sync_python/prefix_override:/home/mlemsalu/ros2_ws_luke/install/message_sync_python/lib/python3.8/site-packages:/home/mlemsalu/ros2_ws_luke/install/custom_msgs/lib/python3.8/site-packages:/home/mlemsalu/ros2_ws_luke/build/ros2bag:/home/mlemsalu/ros2_ws_luke/install/ros2bag/lib/python3.8/site-packages:/home/mlemsalu/ros2_ws_luke/install/rosbag2_transport/lib/python3.8/site-packages:/home/mlemsalu/ros2_ws_luke/install/rosbag2_py/lib/python3.8/site-packages:${PYTHONPATH} /usr/bin/python3 setup.py develop --editable --build-directory /home/mlemsalu/ros2_ws_luke/build/message_sync_python/build --no-deps install_data
[1.116s] running develop
[1.259s] running egg_info
[1.260s] creating message_sync_python.egg-info
[1.260s] writing message_sync_python.egg-info/PKG-INFO
[1.260s] writing dependency_links to message_sync_python.egg-info/dependency_links.txt
[1.261s] writing entry points to message_sync_python.egg-info/entry_points.txt
[1.261s] writing requirements to message_sync_python.egg-info/requires.txt
[1.261s] writing top-level names to message_sync_python.egg-info/top_level.txt
[1.261s] writing manifest file 'message_sync_python.egg-info/SOURCES.txt'
[1.299s] reading manifest file 'message_sync_python.egg-info/SOURCES.txt'
[1.300s] writing manifest file 'message_sync_python.egg-info/SOURCES.txt'
[1.344s] running build_ext
[1.345s] Creating /home/mlemsalu/ros2_ws_luke/install/message_sync_python/lib/python3.8/site-packages/site.py
[1.347s] Creating /home/mlemsalu/ros2_ws_luke/install/message_sync_python/lib/python3.8/site-packages/message-sync-python.egg-link (link to .)
[1.347s] Installing sync_msg script to /home/mlemsalu/ros2_ws_luke/install/message_sync_python/lib/message_sync_python
[1.348s] 
[1.348s] Installed /home/mlemsalu/ros2_ws_luke/build/message_sync_python
[1.348s] running install_data
[1.348s] creating /home/mlemsalu/ros2_ws_luke/install/message_sync_python/share/ament_index
[1.348s] creating /home/mlemsalu/ros2_ws_luke/install/message_sync_python/share/ament_index/resource_index
[1.348s] creating /home/mlemsalu/ros2_ws_luke/install/message_sync_python/share/ament_index/resource_index/packages
[1.348s] copying resource/message_sync_python -> /home/mlemsalu/ros2_ws_luke/install/message_sync_python/share/ament_index/resource_index/packages
[1.349s] copying package.xml -> /home/mlemsalu/ros2_ws_luke/install/message_sync_python/share/message_sync_python
[1.389s] Invoked command in '/home/mlemsalu/ros2_ws_luke/build/message_sync_python' returned '0': AMENT_PREFIX_PATH=/home/mlemsalu/ros2_ws_luke/install/custom_msgs:/home/mlemsalu/ros2_ws_luke/install/rosbag2:/home/mlemsalu/ros2_ws_luke/install/ros2bag:/home/mlemsalu/ros2_ws_luke/install/rosbag2_transport:/home/mlemsalu/ros2_ws_luke/install/rosbag2_py:/home/mlemsalu/ros2_ws_luke/install/rosbag2_compression_zstd:/home/mlemsalu/ros2_ws_luke/install/rosbag2_compression:/home/mlemsalu/ros2_ws_luke/install/rosbag2_cpp:/home/mlemsalu/ros2_ws_luke/install/rosbag2_storage_default_plugins:/home/mlemsalu/ros2_ws_luke/install/rosbag2_storage:/home/mlemsalu/ros2_ws_luke/install/zstd_vendor:/home/mlemsalu/ros2_ws_luke/install/sqlite3_vendor:/home/mlemsalu/ros2_ws_luke/install/shared_queues_vendor:${AMENT_PREFIX_PATH} CMAKE_PREFIX_PATH=/home/mlemsalu/ros2_ws_luke/install/custom_msgs:/home/mlemsalu/ros2_ws_luke/install/rosbag2:/home/mlemsalu/ros2_ws_luke/install/rosbag2_transport:/home/mlemsalu/ros2_ws_luke/install/rosbag2_py:/home/mlemsalu/ros2_ws_luke/install/rosbag2_compression_zstd:/home/mlemsalu/ros2_ws_luke/install/rosbag2_compression:/home/mlemsalu/ros2_ws_luke/install/rosbag2_cpp:/home/mlemsalu/ros2_ws_luke/install/rosbag2_storage_default_plugins:/home/mlemsalu/ros2_ws_luke/install/rosbag2_storage:/home/mlemsalu/ros2_ws_luke/install/zstd_vendor:/home/mlemsalu/ros2_ws_luke/install/sqlite3_vendor:/home/mlemsalu/ros2_ws_luke/install/shared_queues_vendor LD_LIBRARY_PATH=/home/mlemsalu/ros2_ws_luke/install/custom_msgs/lib:/home/mlemsalu/ros2_ws_luke/install/rosbag2_transport/lib:/home/mlemsalu/ros2_ws_luke/install/rosbag2_compression_zstd/lib:/home/mlemsalu/ros2_ws_luke/install/rosbag2_compression/lib:/home/mlemsalu/ros2_ws_luke/install/rosbag2_cpp/lib:/home/mlemsalu/ros2_ws_luke/install/rosbag2_storage_default_plugins/lib:/home/mlemsalu/ros2_ws_luke/install/rosbag2_storage/lib:/home/mlemsalu/ros2_ws_luke/install/zstd_vendor/lib:${LD_LIBRARY_PATH} PYTHONPATH=/home/mlemsalu/ros2_ws_luke/build/message_sync_python/prefix_override:/home/mlemsalu/ros2_ws_luke/install/message_sync_python/lib/python3.8/site-packages:/home/mlemsalu/ros2_ws_luke/install/custom_msgs/lib/python3.8/site-packages:/home/mlemsalu/ros2_ws_luke/build/ros2bag:/home/mlemsalu/ros2_ws_luke/install/ros2bag/lib/python3.8/site-packages:/home/mlemsalu/ros2_ws_luke/install/rosbag2_transport/lib/python3.8/site-packages:/home/mlemsalu/ros2_ws_luke/install/rosbag2_py/lib/python3.8/site-packages:${PYTHONPATH} /usr/bin/python3 setup.py develop --editable --build-directory /home/mlemsalu/ros2_ws_luke/build/message_sync_python/build --no-deps install_data
