running develop
running egg_info
creating ros2bag_to_files.egg-info
writing ros2bag_to_files.egg-info/PKG-INFO
writing dependency_links to ros2bag_to_files.egg-info/dependency_links.txt
writing entry points to ros2bag_to_files.egg-info/entry_points.txt
writing requirements to ros2bag_to_files.egg-info/requires.txt
writing top-level names to ros2bag_to_files.egg-info/top_level.txt
writing manifest file 'ros2bag_to_files.egg-info/SOURCES.txt'
reading manifest file 'ros2bag_to_files.egg-info/SOURCES.txt'
writing manifest file 'ros2bag_to_files.egg-info/SOURCES.txt'
running build_ext
Creating /home/mlemsalu/ros2_ws_luke/install/ros2bag_to_files/lib/python3.8/site-packages/site.py
Creating /home/mlemsalu/ros2_ws_luke/install/ros2bag_to_files/lib/python3.8/site-packages/ros2bag-to-files.egg-link (link to .)
Installing bag_to_file script to /home/mlemsalu/ros2_ws_luke/install/ros2bag_to_files/lib/ros2bag_to_files

Installed /home/mlemsalu/ros2_ws_luke/build/ros2bag_to_files
running install_data
creating /home/mlemsalu/ros2_ws_luke/install/ros2bag_to_files/share/ament_index
creating /home/mlemsalu/ros2_ws_luke/install/ros2bag_to_files/share/ament_index/resource_index
creating /home/mlemsalu/ros2_ws_luke/install/ros2bag_to_files/share/ament_index/resource_index/packages
copying resource/ros2bag_to_files -> /home/mlemsalu/ros2_ws_luke/install/ros2bag_to_files/share/ament_index/resource_index/packages
copying package.xml -> /home/mlemsalu/ros2_ws_luke/install/ros2bag_to_files/share/ros2bag_to_files
