[0.890s] Invoking command in '/home/mlemsalu/ros2_ws_luke/build/ros2bag_to_files': AMENT_PREFIX_PATH=/home/mlemsalu/ros2_ws_luke/install/custom_msgs:/home/mlemsalu/ros2_ws_luke/install/rosbag2:/home/mlemsalu/ros2_ws_luke/install/ros2bag:/home/mlemsalu/ros2_ws_luke/install/rosbag2_transport:/home/mlemsalu/ros2_ws_luke/install/rosbag2_py:/home/mlemsalu/ros2_ws_luke/install/rosbag2_compression_zstd:/home/mlemsalu/ros2_ws_luke/install/rosbag2_compression:/home/mlemsalu/ros2_ws_luke/install/rosbag2_cpp:/home/mlemsalu/ros2_ws_luke/install/rosbag2_storage_default_plugins:/home/mlemsalu/ros2_ws_luke/install/rosbag2_storage:/home/mlemsalu/ros2_ws_luke/install/zstd_vendor:/home/mlemsalu/ros2_ws_luke/install/sqlite3_vendor:/home/mlemsalu/ros2_ws_luke/install/shared_queues_vendor:${AMENT_PREFIX_PATH} CMAKE_PREFIX_PATH=/home/mlemsalu/ros2_ws_luke/install/custom_msgs:/home/mlemsalu/ros2_ws_luke/install/rosbag2:/home/mlemsalu/ros2_ws_luke/install/rosbag2_transport:/home/mlemsalu/ros2_ws_luke/install/rosbag2_py:/home/mlemsalu/ros2_ws_luke/install/rosbag2_compression_zstd:/home/mlemsalu/ros2_ws_luke/install/rosbag2_compression:/home/mlemsalu/ros2_ws_luke/install/rosbag2_cpp:/home/mlemsalu/ros2_ws_luke/install/rosbag2_storage_default_plugins:/home/mlemsalu/ros2_ws_luke/install/rosbag2_storage:/home/mlemsalu/ros2_ws_luke/install/zstd_vendor:/home/mlemsalu/ros2_ws_luke/install/sqlite3_vendor:/home/mlemsalu/ros2_ws_luke/install/shared_queues_vendor LD_LIBRARY_PATH=/home/mlemsalu/ros2_ws_luke/install/custom_msgs/lib:/home/mlemsalu/ros2_ws_luke/install/rosbag2_transport/lib:/home/mlemsalu/ros2_ws_luke/install/rosbag2_compression_zstd/lib:/home/mlemsalu/ros2_ws_luke/install/rosbag2_compression/lib:/home/mlemsalu/ros2_ws_luke/install/rosbag2_cpp/lib:/home/mlemsalu/ros2_ws_luke/install/rosbag2_storage_default_plugins/lib:/home/mlemsalu/ros2_ws_luke/install/rosbag2_storage/lib:/home/mlemsalu/ros2_ws_luke/install/zstd_vendor/lib:${LD_LIBRARY_PATH} PYTHONPATH=/home/mlemsalu/ros2_ws_luke/build/ros2bag_to_files/prefix_override:/home/mlemsalu/ros2_ws_luke/install/ros2bag_to_files/lib/python3.8/site-packages:/home/mlemsalu/ros2_ws_luke/install/custom_msgs/lib/python3.8/site-packages:/home/mlemsalu/ros2_ws_luke/build/ros2bag:/home/mlemsalu/ros2_ws_luke/install/ros2bag/lib/python3.8/site-packages:/home/mlemsalu/ros2_ws_luke/install/rosbag2_transport/lib/python3.8/site-packages:/home/mlemsalu/ros2_ws_luke/install/rosbag2_py/lib/python3.8/site-packages:${PYTHONPATH} /usr/bin/python3 setup.py develop --editable --build-directory /home/mlemsalu/ros2_ws_luke/build/ros2bag_to_files/build --no-deps install_data
[1.127s] running develop
[1.253s] running egg_info
[1.253s] creating ros2bag_to_files.egg-info
[1.253s] writing ros2bag_to_files.egg-info/PKG-INFO
[1.253s] writing dependency_links to ros2bag_to_files.egg-info/dependency_links.txt
[1.254s] writing entry points to ros2bag_to_files.egg-info/entry_points.txt
[1.254s] writing requirements to ros2bag_to_files.egg-info/requires.txt
[1.254s] writing top-level names to ros2bag_to_files.egg-info/top_level.txt
[1.255s] writing manifest file 'ros2bag_to_files.egg-info/SOURCES.txt'
[1.288s] reading manifest file 'ros2bag_to_files.egg-info/SOURCES.txt'
[1.289s] writing manifest file 'ros2bag_to_files.egg-info/SOURCES.txt'
[1.324s] running build_ext
[1.325s] Creating /home/mlemsalu/ros2_ws_luke/install/ros2bag_to_files/lib/python3.8/site-packages/site.py
[1.327s] Creating /home/mlemsalu/ros2_ws_luke/install/ros2bag_to_files/lib/python3.8/site-packages/ros2bag-to-files.egg-link (link to .)
[1.327s] Installing bag_to_file script to /home/mlemsalu/ros2_ws_luke/install/ros2bag_to_files/lib/ros2bag_to_files
[1.328s] 
[1.328s] Installed /home/mlemsalu/ros2_ws_luke/build/ros2bag_to_files
[1.328s] running install_data
[1.328s] creating /home/mlemsalu/ros2_ws_luke/install/ros2bag_to_files/share/ament_index
[1.328s] creating /home/mlemsalu/ros2_ws_luke/install/ros2bag_to_files/share/ament_index/resource_index
[1.328s] creating /home/mlemsalu/ros2_ws_luke/install/ros2bag_to_files/share/ament_index/resource_index/packages
[1.329s] copying resource/ros2bag_to_files -> /home/mlemsalu/ros2_ws_luke/install/ros2bag_to_files/share/ament_index/resource_index/packages
[1.329s] copying package.xml -> /home/mlemsalu/ros2_ws_luke/install/ros2bag_to_files/share/ros2bag_to_files
[1.365s] Invoked command in '/home/mlemsalu/ros2_ws_luke/build/ros2bag_to_files' returned '0': AMENT_PREFIX_PATH=/home/mlemsalu/ros2_ws_luke/install/custom_msgs:/home/mlemsalu/ros2_ws_luke/install/rosbag2:/home/mlemsalu/ros2_ws_luke/install/ros2bag:/home/mlemsalu/ros2_ws_luke/install/rosbag2_transport:/home/mlemsalu/ros2_ws_luke/install/rosbag2_py:/home/mlemsalu/ros2_ws_luke/install/rosbag2_compression_zstd:/home/mlemsalu/ros2_ws_luke/install/rosbag2_compression:/home/mlemsalu/ros2_ws_luke/install/rosbag2_cpp:/home/mlemsalu/ros2_ws_luke/install/rosbag2_storage_default_plugins:/home/mlemsalu/ros2_ws_luke/install/rosbag2_storage:/home/mlemsalu/ros2_ws_luke/install/zstd_vendor:/home/mlemsalu/ros2_ws_luke/install/sqlite3_vendor:/home/mlemsalu/ros2_ws_luke/install/shared_queues_vendor:${AMENT_PREFIX_PATH} CMAKE_PREFIX_PATH=/home/mlemsalu/ros2_ws_luke/install/custom_msgs:/home/mlemsalu/ros2_ws_luke/install/rosbag2:/home/mlemsalu/ros2_ws_luke/install/rosbag2_transport:/home/mlemsalu/ros2_ws_luke/install/rosbag2_py:/home/mlemsalu/ros2_ws_luke/install/rosbag2_compression_zstd:/home/mlemsalu/ros2_ws_luke/install/rosbag2_compression:/home/mlemsalu/ros2_ws_luke/install/rosbag2_cpp:/home/mlemsalu/ros2_ws_luke/install/rosbag2_storage_default_plugins:/home/mlemsalu/ros2_ws_luke/install/rosbag2_storage:/home/mlemsalu/ros2_ws_luke/install/zstd_vendor:/home/mlemsalu/ros2_ws_luke/install/sqlite3_vendor:/home/mlemsalu/ros2_ws_luke/install/shared_queues_vendor LD_LIBRARY_PATH=/home/mlemsalu/ros2_ws_luke/install/custom_msgs/lib:/home/mlemsalu/ros2_ws_luke/install/rosbag2_transport/lib:/home/mlemsalu/ros2_ws_luke/install/rosbag2_compression_zstd/lib:/home/mlemsalu/ros2_ws_luke/install/rosbag2_compression/lib:/home/mlemsalu/ros2_ws_luke/install/rosbag2_cpp/lib:/home/mlemsalu/ros2_ws_luke/install/rosbag2_storage_default_plugins/lib:/home/mlemsalu/ros2_ws_luke/install/rosbag2_storage/lib:/home/mlemsalu/ros2_ws_luke/install/zstd_vendor/lib:${LD_LIBRARY_PATH} PYTHONPATH=/home/mlemsalu/ros2_ws_luke/build/ros2bag_to_files/prefix_override:/home/mlemsalu/ros2_ws_luke/install/ros2bag_to_files/lib/python3.8/site-packages:/home/mlemsalu/ros2_ws_luke/install/custom_msgs/lib/python3.8/site-packages:/home/mlemsalu/ros2_ws_luke/build/ros2bag:/home/mlemsalu/ros2_ws_luke/install/ros2bag/lib/python3.8/site-packages:/home/mlemsalu/ros2_ws_luke/install/rosbag2_transport/lib/python3.8/site-packages:/home/mlemsalu/ros2_ws_luke/install/rosbag2_py/lib/python3.8/site-packages:${PYTHONPATH} /usr/bin/python3 setup.py develop --editable --build-directory /home/mlemsalu/ros2_ws_luke/build/ros2bag_to_files/build --no-deps install_data
