Performing C SOURCE FILE Test CMAKE_HAVE_LIBC_PTHREAD failed with the following output:
Change Dir: /home/mlemsalu/ros2_ws_luke/build/zstd_vendor/zstd-1.4.4-prefix/src/zstd-1.4.4-build/CMakeFiles/CMakeTmp

Run Build Command(s):/usr/bin/make cmTC_0dab7/fast && make[3]: Entering directory '/home/mlemsalu/ros2_ws_luke/build/zstd_vendor/zstd-1.4.4-prefix/src/zstd-1.4.4-build/CMakeFiles/CMakeTmp'
/usr/bin/make -f CMakeFiles/cmTC_0dab7.dir/build.make CMakeFiles/cmTC_0dab7.dir/build
make[4]: Entering directory '/home/mlemsalu/ros2_ws_luke/build/zstd_vendor/zstd-1.4.4-prefix/src/zstd-1.4.4-build/CMakeFiles/CMakeTmp'
Building C object CMakeFiles/cmTC_0dab7.dir/src.c.o
/usr/bin/cc   -std=c99 -Wall -Wextra -Wundef -Wshadow -Wcast-align -Wcast-qual -Wstrict-prototypes -DCMAKE_HAVE_LIBC_PTHREAD   -o CMakeFiles/cmTC_0dab7.dir/src.c.o   -c /home/mlemsalu/ros2_ws_luke/build/zstd_vendor/zstd-1.4.4-prefix/src/zstd-1.4.4-build/CMakeFiles/CMakeTmp/src.c
Linking C executable cmTC_0dab7
/usr/bin/cmake -E cmake_link_script CMakeFiles/cmTC_0dab7.dir/link.txt --verbose=1
/usr/bin/cc  -std=c99 -Wall -Wextra -Wundef -Wshadow -Wcast-align -Wcast-qual -Wstrict-prototypes -DCMAKE_HAVE_LIBC_PTHREAD    CMakeFiles/cmTC_0dab7.dir/src.c.o  -o cmTC_0dab7 
/usr/bin/ld: CMakeFiles/cmTC_0dab7.dir/src.c.o: in function `main':
src.c:(.text+0x46): undefined reference to `pthread_create'
/usr/bin/ld: src.c:(.text+0x52): undefined reference to `pthread_detach'
/usr/bin/ld: src.c:(.text+0x63): undefined reference to `pthread_join'
collect2: error: ld returned 1 exit status
make[4]: *** [CMakeFiles/cmTC_0dab7.dir/build.make:87: cmTC_0dab7] Error 1
make[4]: Leaving directory '/home/mlemsalu/ros2_ws_luke/build/zstd_vendor/zstd-1.4.4-prefix/src/zstd-1.4.4-build/CMakeFiles/CMakeTmp'
make[3]: *** [Makefile:121: cmTC_0dab7/fast] Error 2
make[3]: Leaving directory '/home/mlemsalu/ros2_ws_luke/build/zstd_vendor/zstd-1.4.4-prefix/src/zstd-1.4.4-build/CMakeFiles/CMakeTmp'


Source file was:
#include <pthread.h>

void* test_func(void* data)
{
  return data;
}

int main(void)
{
  pthread_t thread;
  pthread_create(&thread, NULL, test_func, NULL);
  pthread_detach(thread);
  pthread_join(thread, NULL);
  pthread_atfork(NULL, NULL, NULL);
  pthread_exit(NULL);

  return 0;
}

