[0.037s] Invoking command in '/home/mlemsalu/ros2_ws_luke/build/velodyne_msgs': CMAKE_PREFIX_PATH=/opt/ros/foxy /usr/bin/cmake /home/mlemsalu/ros2_ws_luke/src/velodyne-foxy-devel/velodyne_msgs -DCMAKE_BUILD_TYPE=Release -DAMENT_CMAKE_SYMLINK_INSTALL=1 -DCMAKE_INSTALL_PREFIX=/home/mlemsalu/ros2_ws_luke/install/velodyne_msgs
[0.181s] -- The C compiler identification is GNU 9.4.0
[0.292s] -- The CXX compiler identification is GNU 9.4.0
[0.297s] -- Check for working C compiler: /usr/bin/cc
[0.367s] -- Check for working C compiler: /usr/bin/cc -- works
[0.368s] -- Detecting C compiler ABI info
[0.433s] -- Detecting C compiler ABI info - done
[0.446s] -- Detecting C compile features
[0.447s] -- Detecting C compile features - done
[0.450s] -- Check for working CXX compiler: /usr/bin/c++
[0.535s] -- Check for working CXX compiler: /usr/bin/c++ -- works
[0.536s] -- Detecting CXX compiler ABI info
[0.625s] -- Detecting CXX compiler ABI info - done
[0.646s] -- Detecting CXX compile features
[0.647s] -- Detecting CXX compile features - done
[0.650s] -- Found ament_cmake: 0.9.11 (/opt/ros/foxy/share/ament_cmake/cmake)
[0.674s] -- Found PythonInterp: /usr/bin/python3 (found suitable version "3.8.10", minimum required is "3") 
[0.674s] -- Using PYTHON_EXECUTABLE: /usr/bin/python3
[0.824s] -- Override CMake install command with custom implementation using symlinks instead of copying resources
[0.850s] -- Found builtin_interfaces: 1.0.0 (/opt/ros/foxy/share/builtin_interfaces/cmake)
[0.887s] -- Using all available rosidl_typesupport_c: rosidl_typesupport_fastrtps_c;rosidl_typesupport_introspection_c
[0.896s] -- Found rosidl_adapter: 1.3.0 (/opt/ros/foxy/share/rosidl_adapter/cmake)
[0.987s] -- Found OpenSSL: /usr/lib/x86_64-linux-gnu/libcrypto.so (found version "1.1.1f")  
[1.011s] -- Found FastRTPS: /opt/ros/foxy/include  
[1.107s] -- Using all available rosidl_typesupport_cpp: rosidl_typesupport_fastrtps_cpp;rosidl_typesupport_introspection_cpp
[1.150s] -- Found rosidl_default_generators: 1.0.1 (/opt/ros/foxy/share/rosidl_default_generators/cmake)
[1.167s] -- Found std_msgs: 2.0.5 (/opt/ros/foxy/share/std_msgs/cmake)
[1.216s] -- Found PythonInterp: /usr/bin/python3 (found version "3.8.10") 
[1.383s] -- Found ament_cmake_cppcheck: 0.9.8 (/opt/ros/foxy/share/ament_cmake_cppcheck/cmake)
[1.385s] -- Found ament_cmake_cpplint: 0.9.8 (/opt/ros/foxy/share/ament_cmake_cpplint/cmake)
[1.386s] -- Found ament_cmake_uncrustify: 0.9.8 (/opt/ros/foxy/share/ament_cmake_uncrustify/cmake)
[1.388s] -- Found ament_cmake_ros: 0.9.2 (/opt/ros/foxy/share/ament_cmake_ros/cmake)
[1.530s] -- Using all available rosidl_typesupport_c: rosidl_typesupport_fastrtps_c;rosidl_typesupport_introspection_c
[1.590s] -- Using all available rosidl_typesupport_cpp: rosidl_typesupport_fastrtps_cpp;rosidl_typesupport_introspection_cpp
[1.611s] -- Found PythonInterp: /usr/bin/python3 (found suitable version "3.8.10", minimum required is "3.5") 
[1.612s] -- Found python_cmake_module: 0.8.1 (/opt/ros/foxy/share/python_cmake_module/cmake)
[1.634s] -- Found PythonLibs: /usr/lib/x86_64-linux-gnu/libpython3.8.so (found suitable version "3.8.10", minimum required is "3.5") 
[1.634s] -- Using PYTHON_EXECUTABLE: /usr/bin/python3
[1.634s] -- Using PYTHON_INCLUDE_DIRS: /usr/include/python3.8
[1.634s] -- Using PYTHON_LIBRARIES: /usr/lib/x86_64-linux-gnu/libpython3.8.so
[1.652s] -- Found PythonExtra: .so  
[1.712s] -- Found ament_cmake_flake8: 0.9.8 (/opt/ros/foxy/share/ament_cmake_flake8/cmake)
[1.713s] -- Found ament_cmake_pep257: 0.9.8 (/opt/ros/foxy/share/ament_cmake_pep257/cmake)
[1.716s] -- Found ament_lint_auto: 0.9.8 (/opt/ros/foxy/share/ament_lint_auto/cmake)
[1.732s] -- Added test 'copyright' to check source files copyright and LICENSE
[1.733s] -- Added test 'lint_cmake' to check CMake code style
[1.733s] -- Added test 'xmllint' to check XML markup files
[1.740s] -- Configuring done
[1.803s] -- Generating done
[1.805s] -- Build files have been written to: /home/mlemsalu/ros2_ws_luke/build/velodyne_msgs
[1.813s] Invoked command in '/home/mlemsalu/ros2_ws_luke/build/velodyne_msgs' returned '0': CMAKE_PREFIX_PATH=/opt/ros/foxy /usr/bin/cmake /home/mlemsalu/ros2_ws_luke/src/velodyne-foxy-devel/velodyne_msgs -DCMAKE_BUILD_TYPE=Release -DAMENT_CMAKE_SYMLINK_INSTALL=1 -DCMAKE_INSTALL_PREFIX=/home/mlemsalu/ros2_ws_luke/install/velodyne_msgs
[1.815s] Invoking command in '/home/mlemsalu/ros2_ws_luke/build/velodyne_msgs': CMAKE_PREFIX_PATH=/opt/ros/foxy /usr/bin/cmake --build /home/mlemsalu/ros2_ws_luke/build/velodyne_msgs -- -j12 -l12
[1.862s] [  2%] [34m[1mGenerating C code for ROS interfaces[0m
[1.863s] [35m[1mScanning dependencies of target velodyne_msgs__cpp[0m
[1.874s] [  5%] [34m[1mGenerating C++ code for ROS interfaces[0m
[2.193s] [35m[1mScanning dependencies of target velodyne_msgs__rosidl_generator_c[0m
[2.212s] [  7%] [32mBuilding C object CMakeFiles/velodyne_msgs__rosidl_generator_c.dir/rosidl_generator_c/velodyne_msgs/msg/detail/velodyne_scan__functions.c.o[0m
[2.213s] [ 10%] [32mBuilding C object CMakeFiles/velodyne_msgs__rosidl_generator_c.dir/rosidl_generator_c/velodyne_msgs/msg/detail/velodyne_packet__functions.c.o[0m
[2.219s] [ 10%] Built target velodyne_msgs__cpp
[2.231s] [ 12%] [34m[1mGenerating C++ type support for eProsima Fast-RTPS[0m
[2.233s] [ 15%] [34m[1mGenerating C++ type support dispatch for ROS interfaces[0m
[2.237s] [ 17%] [34m[1mGenerating C++ introspection for ROS interfaces[0m
[2.331s] [ 20%] [32m[1mLinking C shared library libvelodyne_msgs__rosidl_generator_c.so[0m
[2.388s] [ 20%] Built target velodyne_msgs__rosidl_generator_c
[2.403s] [ 23%] [34m[1mGenerating C type support dispatch for ROS interfaces[0m
[2.403s] [ 25%] [34m[1mGenerating C introspection for ROS interfaces[0m
[2.661s] [35m[1mScanning dependencies of target velodyne_msgs__rosidl_typesupport_cpp[0m
[2.686s] [ 28%] [32mBuilding CXX object CMakeFiles/velodyne_msgs__rosidl_typesupport_cpp.dir/rosidl_typesupport_cpp/velodyne_msgs/msg/velodyne_packet__type_support.cpp.o[0m
[2.686s] [ 30%] [32mBuilding CXX object CMakeFiles/velodyne_msgs__rosidl_typesupport_cpp.dir/rosidl_typesupport_cpp/velodyne_msgs/msg/velodyne_scan__type_support.cpp.o[0m
[2.688s] [35m[1mScanning dependencies of target velodyne_msgs__rosidl_typesupport_introspection_cpp[0m
[2.716s] [ 33%] [32mBuilding CXX object CMakeFiles/velodyne_msgs__rosidl_typesupport_introspection_cpp.dir/rosidl_typesupport_introspection_cpp/velodyne_msgs/msg/detail/velodyne_packet__type_support.cpp.o[0m
[2.726s] [ 35%] [32mBuilding CXX object CMakeFiles/velodyne_msgs__rosidl_typesupport_introspection_cpp.dir/rosidl_typesupport_introspection_cpp/velodyne_msgs/msg/detail/velodyne_scan__type_support.cpp.o[0m
[2.733s] [35m[1mScanning dependencies of target velodyne_msgs__rosidl_typesupport_fastrtps_cpp[0m
[2.775s] [ 38%] [32mBuilding CXX object CMakeFiles/velodyne_msgs__rosidl_typesupport_fastrtps_cpp.dir/rosidl_typesupport_fastrtps_cpp/velodyne_msgs/msg/detail/dds_fastrtps/velodyne_packet__type_support.cpp.o[0m
[2.787s] [ 41%] [32mBuilding CXX object CMakeFiles/velodyne_msgs__rosidl_typesupport_fastrtps_cpp.dir/rosidl_typesupport_fastrtps_cpp/velodyne_msgs/msg/detail/dds_fastrtps/velodyne_scan__type_support.cpp.o[0m
[2.890s] [35m[1mScanning dependencies of target velodyne_msgs__rosidl_typesupport_c[0m
[2.897s] [35m[1mScanning dependencies of target velodyne_msgs__rosidl_typesupport_introspection_c[0m
[2.927s] [ 43%] [32mBuilding C object CMakeFiles/velodyne_msgs__rosidl_typesupport_introspection_c.dir/rosidl_typesupport_introspection_c/velodyne_msgs/msg/detail/velodyne_scan__type_support.c.o[0m
[2.937s] [ 46%] [32mBuilding C object CMakeFiles/velodyne_msgs__rosidl_typesupport_introspection_c.dir/rosidl_typesupport_introspection_c/velodyne_msgs/msg/detail/velodyne_packet__type_support.c.o[0m
[2.944s] [ 48%] [32mBuilding CXX object CMakeFiles/velodyne_msgs__rosidl_typesupport_c.dir/rosidl_typesupport_c/velodyne_msgs/msg/velodyne_packet__type_support.cpp.o[0m
[2.956s] [ 51%] [32mBuilding CXX object CMakeFiles/velodyne_msgs__rosidl_typesupport_c.dir/rosidl_typesupport_c/velodyne_msgs/msg/velodyne_scan__type_support.cpp.o[0m
[3.049s] [ 53%] [32m[1mLinking C shared library libvelodyne_msgs__rosidl_typesupport_introspection_c.so[0m
[3.087s] [ 56%] [32m[1mLinking CXX shared library libvelodyne_msgs__rosidl_typesupport_c.so[0m
[3.139s] [ 56%] Built target velodyne_msgs__rosidl_typesupport_introspection_c
[3.143s] [ 58%] [32m[1mLinking CXX shared library libvelodyne_msgs__rosidl_typesupport_cpp.so[0m
[3.168s] [ 58%] Built target velodyne_msgs__rosidl_typesupport_c
[3.202s] [ 58%] Built target velodyne_msgs__rosidl_typesupport_cpp
[3.278s] [ 61%] [32m[1mLinking CXX shared library libvelodyne_msgs__rosidl_typesupport_introspection_cpp.so[0m
[3.386s] [ 61%] Built target velodyne_msgs__rosidl_typesupport_introspection_cpp
[3.468s] [ 64%] [32m[1mLinking CXX shared library libvelodyne_msgs__rosidl_typesupport_fastrtps_cpp.so[0m
[3.572s] [ 64%] Built target velodyne_msgs__rosidl_typesupport_fastrtps_cpp
[3.581s] [ 66%] [34m[1mGenerating C type support for eProsima Fast-RTPS[0m
[3.864s] [35m[1mScanning dependencies of target velodyne_msgs__rosidl_typesupport_fastrtps_c[0m
[3.879s] [ 69%] [32mBuilding CXX object CMakeFiles/velodyne_msgs__rosidl_typesupport_fastrtps_c.dir/rosidl_typesupport_fastrtps_c/velodyne_msgs/msg/detail/velodyne_scan__type_support_c.cpp.o[0m
[3.880s] [ 71%] [32mBuilding CXX object CMakeFiles/velodyne_msgs__rosidl_typesupport_fastrtps_c.dir/rosidl_typesupport_fastrtps_c/velodyne_msgs/msg/detail/velodyne_packet__type_support_c.cpp.o[0m
[4.325s] [ 74%] [32m[1mLinking CXX shared library libvelodyne_msgs__rosidl_typesupport_fastrtps_c.so[0m
[4.478s] [ 74%] Built target velodyne_msgs__rosidl_typesupport_fastrtps_c
[4.500s] [35m[1mScanning dependencies of target velodyne_msgs[0m
[4.515s] [ 74%] Built target velodyne_msgs
[4.530s] [35m[1mScanning dependencies of target velodyne_msgs__py[0m
[4.545s] [ 76%] [34m[1mGenerating Python code for ROS interfaces[0m
[5.828s] [ 76%] Built target velodyne_msgs__py
[5.912s] [35m[1mScanning dependencies of target velodyne_msgs__python[0m
[6.057s] [ 79%] [32mBuilding C object CMakeFiles/velodyne_msgs__python.dir/rosidl_generator_py/velodyne_msgs/msg/_velodyne_packet_s.c.o[0m
[6.062s] [ 82%] [32mBuilding C object CMakeFiles/velodyne_msgs__python.dir/rosidl_generator_py/velodyne_msgs/msg/_velodyne_scan_s.c.o[0m
[6.670s] [ 84%] [32m[1mLinking C shared library rosidl_generator_py/velodyne_msgs/libvelodyne_msgs__python.so[0m
[6.872s] [ 84%] Built target velodyne_msgs__python
[6.964s] [35m[1mScanning dependencies of target velodyne_msgs__rosidl_typesupport_c__pyext[0m
[6.968s] [35m[1mScanning dependencies of target velodyne_msgs__rosidl_typesupport_fastrtps_c__pyext[0m
[6.972s] [35m[1mScanning dependencies of target velodyne_msgs__rosidl_typesupport_introspection_c__pyext[0m
[7.093s] [ 87%] [32mBuilding C object CMakeFiles/velodyne_msgs__rosidl_typesupport_c__pyext.dir/rosidl_generator_py/velodyne_msgs/_velodyne_msgs_s.ep.rosidl_typesupport_c.c.o[0m
[7.096s] [ 89%] [32mBuilding C object CMakeFiles/velodyne_msgs__rosidl_typesupport_introspection_c__pyext.dir/rosidl_generator_py/velodyne_msgs/_velodyne_msgs_s.ep.rosidl_typesupport_introspection_c.c.o[0m
[7.117s] [ 92%] [32mBuilding C object CMakeFiles/velodyne_msgs__rosidl_typesupport_fastrtps_c__pyext.dir/rosidl_generator_py/velodyne_msgs/_velodyne_msgs_s.ep.rosidl_typesupport_fastrtps_c.c.o[0m
[7.588s] [ 94%] [32m[1mLinking CXX shared library rosidl_generator_py/velodyne_msgs/velodyne_msgs_s__rosidl_typesupport_fastrtps_c.cpython-38-x86_64-linux-gnu.so[0m
[7.658s] [ 97%] [32m[1mLinking C shared library rosidl_generator_py/velodyne_msgs/velodyne_msgs_s__rosidl_typesupport_c.cpython-38-x86_64-linux-gnu.so[0m
[7.675s] [100%] [32m[1mLinking C shared library rosidl_generator_py/velodyne_msgs/velodyne_msgs_s__rosidl_typesupport_introspection_c.cpython-38-x86_64-linux-gnu.so[0m
[7.945s] [100%] Built target velodyne_msgs__rosidl_typesupport_c__pyext
[8.009s] [100%] Built target velodyne_msgs__rosidl_typesupport_introspection_c__pyext
[8.042s] [100%] Built target velodyne_msgs__rosidl_typesupport_fastrtps_c__pyext
[8.122s] Invoked command in '/home/mlemsalu/ros2_ws_luke/build/velodyne_msgs' returned '0': CMAKE_PREFIX_PATH=/opt/ros/foxy /usr/bin/cmake --build /home/mlemsalu/ros2_ws_luke/build/velodyne_msgs -- -j12 -l12
[10.005s] Invoking command in '/home/mlemsalu/ros2_ws_luke/build/velodyne_msgs': CMAKE_PREFIX_PATH=/opt/ros/foxy /usr/bin/cmake --install /home/mlemsalu/ros2_ws_luke/build/velodyne_msgs
[10.018s] -- Install configuration: "Release"
[10.019s] -- Execute custom install script
[10.019s] -- Symlinking: /home/mlemsalu/ros2_ws_luke/install/velodyne_msgs/share/ament_index/resource_index/rosidl_interfaces/velodyne_msgs
[10.033s] -- Symlinking: /home/mlemsalu/ros2_ws_luke/install/velodyne_msgs/include/velodyne_msgs/msg/detail/velodyne_packet__functions.h
[10.045s] -- Symlinking: /home/mlemsalu/ros2_ws_luke/install/velodyne_msgs/include/velodyne_msgs/msg/detail/velodyne_packet__struct.h
[10.066s] -- Symlinking: /home/mlemsalu/ros2_ws_luke/install/velodyne_msgs/include/velodyne_msgs/msg/detail/velodyne_packet__type_support.h
[10.082s] -- Symlinking: /home/mlemsalu/ros2_ws_luke/install/velodyne_msgs/include/velodyne_msgs/msg/detail/velodyne_scan__functions.h
[10.095s] -- Symlinking: /home/mlemsalu/ros2_ws_luke/install/velodyne_msgs/include/velodyne_msgs/msg/detail/velodyne_scan__struct.h
[10.130s] -- Symlinking: /home/mlemsalu/ros2_ws_luke/install/velodyne_msgs/include/velodyne_msgs/msg/detail/velodyne_scan__type_support.h
[10.182s] -- Symlinking: /home/mlemsalu/ros2_ws_luke/install/velodyne_msgs/include/velodyne_msgs/msg/rosidl_generator_c__visibility_control.h
[10.241s] -- Symlinking: /home/mlemsalu/ros2_ws_luke/install/velodyne_msgs/include/velodyne_msgs/msg/velodyne_packet.h
[10.280s] -- Symlinking: /home/mlemsalu/ros2_ws_luke/install/velodyne_msgs/include/velodyne_msgs/msg/velodyne_scan.h
[10.330s] -- Symlinking: /home/mlemsalu/ros2_ws_luke/install/velodyne_msgs/share/velodyne_msgs/environment/library_path.sh
[10.374s] -- Symlinking: /home/mlemsalu/ros2_ws_luke/install/velodyne_msgs/share/velodyne_msgs/environment/library_path.dsv
[10.408s] -- Symlinking: /home/mlemsalu/ros2_ws_luke/install/velodyne_msgs/include/velodyne_msgs/msg/detail/velodyne_packet__rosidl_typesupport_fastrtps_c.h
[10.432s] -- Symlinking: /home/mlemsalu/ros2_ws_luke/install/velodyne_msgs/include/velodyne_msgs/msg/detail/velodyne_scan__rosidl_typesupport_fastrtps_c.h
[10.448s] -- Symlinking: /home/mlemsalu/ros2_ws_luke/install/velodyne_msgs/include/velodyne_msgs/msg/rosidl_typesupport_fastrtps_c__visibility_control.h
[10.524s] -- Symlinking: /home/mlemsalu/ros2_ws_luke/install/velodyne_msgs/lib/libvelodyne_msgs__rosidl_typesupport_fastrtps_c.so
[10.566s] -- Symlinking: /home/mlemsalu/ros2_ws_luke/install/velodyne_msgs/include/velodyne_msgs/msg/detail/velodyne_packet__rosidl_typesupport_fastrtps_cpp.hpp
[10.605s] -- Symlinking: /home/mlemsalu/ros2_ws_luke/install/velodyne_msgs/include/velodyne_msgs/msg/detail/velodyne_scan__rosidl_typesupport_fastrtps_cpp.hpp
[10.682s] -- Symlinking: /home/mlemsalu/ros2_ws_luke/install/velodyne_msgs/include/velodyne_msgs/msg/rosidl_typesupport_fastrtps_cpp__visibility_control.h
[10.700s] -- Symlinking: /home/mlemsalu/ros2_ws_luke/install/velodyne_msgs/lib/libvelodyne_msgs__rosidl_typesupport_fastrtps_cpp.so
[10.729s] -- Symlinking: /home/mlemsalu/ros2_ws_luke/install/velodyne_msgs/include/velodyne_msgs/msg/detail/velodyne_packet__rosidl_typesupport_introspection_c.h
[10.786s] -- Symlinking: /home/mlemsalu/ros2_ws_luke/install/velodyne_msgs/include/velodyne_msgs/msg/detail/velodyne_scan__rosidl_typesupport_introspection_c.h
[10.864s] -- Symlinking: /home/mlemsalu/ros2_ws_luke/install/velodyne_msgs/include/velodyne_msgs/msg/rosidl_typesupport_introspection_c__visibility_control.h
[10.933s] -- Symlinking: /home/mlemsalu/ros2_ws_luke/install/velodyne_msgs/include/velodyne_msgs/msg/detail/velodyne_packet__builder.hpp
[11.005s] -- Symlinking: /home/mlemsalu/ros2_ws_luke/install/velodyne_msgs/include/velodyne_msgs/msg/detail/velodyne_packet__struct.hpp
[11.019s] -- Symlinking: /home/mlemsalu/ros2_ws_luke/install/velodyne_msgs/include/velodyne_msgs/msg/detail/velodyne_packet__traits.hpp
[11.052s] -- Symlinking: /home/mlemsalu/ros2_ws_luke/install/velodyne_msgs/include/velodyne_msgs/msg/detail/velodyne_scan__builder.hpp
[11.091s] -- Symlinking: /home/mlemsalu/ros2_ws_luke/install/velodyne_msgs/include/velodyne_msgs/msg/detail/velodyne_scan__struct.hpp
[11.142s] -- Symlinking: /home/mlemsalu/ros2_ws_luke/install/velodyne_msgs/include/velodyne_msgs/msg/detail/velodyne_scan__traits.hpp
[11.226s] -- Symlinking: /home/mlemsalu/ros2_ws_luke/install/velodyne_msgs/include/velodyne_msgs/msg/velodyne_packet.hpp
[11.296s] -- Symlinking: /home/mlemsalu/ros2_ws_luke/install/velodyne_msgs/include/velodyne_msgs/msg/velodyne_scan.hpp
[11.398s] -- Symlinking: /home/mlemsalu/ros2_ws_luke/install/velodyne_msgs/include/velodyne_msgs/msg/detail/velodyne_packet__rosidl_typesupport_introspection_cpp.hpp
[11.456s] -- Symlinking: /home/mlemsalu/ros2_ws_luke/install/velodyne_msgs/include/velodyne_msgs/msg/detail/velodyne_scan__rosidl_typesupport_introspection_cpp.hpp
[11.514s] -- Symlinking: /home/mlemsalu/ros2_ws_luke/install/velodyne_msgs/share/velodyne_msgs/environment/pythonpath.sh
[11.550s] -- Symlinking: /home/mlemsalu/ros2_ws_luke/install/velodyne_msgs/share/velodyne_msgs/environment/pythonpath.dsv
[11.584s] -- Symlinking: /home/mlemsalu/ros2_ws_luke/install/velodyne_msgs/lib/python3.8/site-packages/velodyne_msgs/__init__.py
[11.630s] -- Symlinking: /home/mlemsalu/ros2_ws_luke/install/velodyne_msgs/lib/python3.8/site-packages/velodyne_msgs/msg/__init__.py
[11.659s] -- Symlinking: /home/mlemsalu/ros2_ws_luke/install/velodyne_msgs/lib/python3.8/site-packages/velodyne_msgs/msg/_velodyne_packet.py
[11.717s] -- Symlinking: /home/mlemsalu/ros2_ws_luke/install/velodyne_msgs/lib/python3.8/site-packages/velodyne_msgs/msg/_velodyne_scan.py
[11.770s] -- Symlinking: /home/mlemsalu/ros2_ws_luke/install/velodyne_msgs/lib/python3.8/site-packages/velodyne_msgs/velodyne_msgs_s__rosidl_typesupport_fastrtps_c.cpython-38-x86_64-linux-gnu.so
[11.811s] -- Symlinking: /home/mlemsalu/ros2_ws_luke/install/velodyne_msgs/lib/python3.8/site-packages/velodyne_msgs/velodyne_msgs_s__rosidl_typesupport_introspection_c.cpython-38-x86_64-linux-gnu.so
[11.870s] -- Symlinking: /home/mlemsalu/ros2_ws_luke/install/velodyne_msgs/lib/python3.8/site-packages/velodyne_msgs/velodyne_msgs_s__rosidl_typesupport_c.cpython-38-x86_64-linux-gnu.so
[11.936s] -- Symlinking: /home/mlemsalu/ros2_ws_luke/install/velodyne_msgs/lib/libvelodyne_msgs__python.so
[11.980s] -- Symlinking: /home/mlemsalu/ros2_ws_luke/install/velodyne_msgs/share/velodyne_msgs/msg/VelodynePacket.idl
[12.031s] -- Symlinking: /home/mlemsalu/ros2_ws_luke/install/velodyne_msgs/share/velodyne_msgs/msg/VelodyneScan.idl
[12.077s] -- Symlinking: /home/mlemsalu/ros2_ws_luke/install/velodyne_msgs/share/velodyne_msgs/msg/VelodynePacket.msg
[12.121s] -- Symlinking: /home/mlemsalu/ros2_ws_luke/install/velodyne_msgs/share/velodyne_msgs/msg/VelodyneScan.msg
[12.173s] -- Symlinking: /home/mlemsalu/ros2_ws_luke/install/velodyne_msgs/share/ament_index/resource_index/package_run_dependencies/velodyne_msgs
[12.230s] -- Symlinking: /home/mlemsalu/ros2_ws_luke/install/velodyne_msgs/share/ament_index/resource_index/parent_prefix_path/velodyne_msgs
[12.279s] -- Symlinking: /home/mlemsalu/ros2_ws_luke/install/velodyne_msgs/share/velodyne_msgs/environment/ament_prefix_path.sh
[12.319s] -- Symlinking: /home/mlemsalu/ros2_ws_luke/install/velodyne_msgs/share/velodyne_msgs/environment/ament_prefix_path.dsv
[12.371s] -- Symlinking: /home/mlemsalu/ros2_ws_luke/install/velodyne_msgs/share/velodyne_msgs/environment/path.sh
[12.420s] -- Symlinking: /home/mlemsalu/ros2_ws_luke/install/velodyne_msgs/share/velodyne_msgs/environment/path.dsv
[12.436s] -- Symlinking: /home/mlemsalu/ros2_ws_luke/install/velodyne_msgs/share/velodyne_msgs/local_setup.bash
[12.449s] -- Symlinking: /home/mlemsalu/ros2_ws_luke/install/velodyne_msgs/share/velodyne_msgs/local_setup.sh
[12.462s] -- Symlinking: /home/mlemsalu/ros2_ws_luke/install/velodyne_msgs/share/velodyne_msgs/local_setup.zsh
[12.494s] -- Symlinking: /home/mlemsalu/ros2_ws_luke/install/velodyne_msgs/share/velodyne_msgs/local_setup.dsv
[12.517s] -- Symlinking: /home/mlemsalu/ros2_ws_luke/install/velodyne_msgs/share/velodyne_msgs/package.dsv
[12.551s] -- Symlinking: /home/mlemsalu/ros2_ws_luke/install/velodyne_msgs/share/ament_index/resource_index/packages/velodyne_msgs
[12.595s] -- Symlinking: /home/mlemsalu/ros2_ws_luke/install/velodyne_msgs/share/velodyne_msgs/cmake/rosidl_cmake-extras.cmake
[12.634s] -- Symlinking: /home/mlemsalu/ros2_ws_luke/install/velodyne_msgs/share/velodyne_msgs/cmake/ament_cmake_export_dependencies-extras.cmake
[12.704s] -- Symlinking: /home/mlemsalu/ros2_ws_luke/install/velodyne_msgs/share/velodyne_msgs/cmake/ament_cmake_export_libraries-extras.cmake
[12.761s] -- Symlinking: /home/mlemsalu/ros2_ws_luke/install/velodyne_msgs/share/velodyne_msgs/cmake/ament_cmake_export_targets-extras.cmake
[12.830s] -- Symlinking: /home/mlemsalu/ros2_ws_luke/install/velodyne_msgs/share/velodyne_msgs/cmake/ament_cmake_export_include_directories-extras.cmake
[12.869s] -- Symlinking: /home/mlemsalu/ros2_ws_luke/install/velodyne_msgs/share/velodyne_msgs/cmake/rosidl_cmake_export_typesupport_libraries-extras.cmake
[12.886s] -- Symlinking: /home/mlemsalu/ros2_ws_luke/install/velodyne_msgs/share/velodyne_msgs/cmake/rosidl_cmake_export_typesupport_targets-extras.cmake
[12.957s] -- Symlinking: /home/mlemsalu/ros2_ws_luke/install/velodyne_msgs/share/velodyne_msgs/cmake/velodyne_msgsConfig.cmake
[12.993s] -- Symlinking: /home/mlemsalu/ros2_ws_luke/install/velodyne_msgs/share/velodyne_msgs/cmake/velodyne_msgsConfig-version.cmake
[13.035s] -- Symlinking: /home/mlemsalu/ros2_ws_luke/install/velodyne_msgs/share/velodyne_msgs/package.xml
[13.047s] -- Installing: /home/mlemsalu/ros2_ws_luke/install/velodyne_msgs/lib/libvelodyne_msgs__rosidl_generator_c.so
[13.048s] -- Set runtime path of "/home/mlemsalu/ros2_ws_luke/install/velodyne_msgs/lib/libvelodyne_msgs__rosidl_generator_c.so" to ""
[13.048s] -- Installing: /home/mlemsalu/ros2_ws_luke/install/velodyne_msgs/lib/libvelodyne_msgs__rosidl_typesupport_introspection_c.so
[13.049s] -- Set runtime path of "/home/mlemsalu/ros2_ws_luke/install/velodyne_msgs/lib/libvelodyne_msgs__rosidl_typesupport_introspection_c.so" to ""
[13.049s] -- Installing: /home/mlemsalu/ros2_ws_luke/install/velodyne_msgs/lib/libvelodyne_msgs__rosidl_typesupport_c.so
[13.050s] -- Set runtime path of "/home/mlemsalu/ros2_ws_luke/install/velodyne_msgs/lib/libvelodyne_msgs__rosidl_typesupport_c.so" to ""
[13.050s] -- Installing: /home/mlemsalu/ros2_ws_luke/install/velodyne_msgs/lib/libvelodyne_msgs__rosidl_typesupport_introspection_cpp.so
[13.051s] -- Set runtime path of "/home/mlemsalu/ros2_ws_luke/install/velodyne_msgs/lib/libvelodyne_msgs__rosidl_typesupport_introspection_cpp.so" to ""
[13.051s] -- Installing: /home/mlemsalu/ros2_ws_luke/install/velodyne_msgs/lib/libvelodyne_msgs__rosidl_typesupport_cpp.so
[13.051s] -- Set runtime path of "/home/mlemsalu/ros2_ws_luke/install/velodyne_msgs/lib/libvelodyne_msgs__rosidl_typesupport_cpp.so" to ""
[13.099s] Compiling '/home/mlemsalu/ros2_ws_luke/install/velodyne_msgs/lib/python3.8/site-packages/velodyne_msgs/__init__.py'...
[13.106s] -- Installing: /home/mlemsalu/ros2_ws_luke/install/velodyne_msgs/share/velodyne_msgs/cmake/velodyne_msgs__rosidl_generator_cExport.cmake
[13.106s] -- Installing: /home/mlemsalu/ros2_ws_luke/install/velodyne_msgs/share/velodyne_msgs/cmake/velodyne_msgs__rosidl_generator_cExport-release.cmake
[13.107s] -- Installing: /home/mlemsalu/ros2_ws_luke/install/velodyne_msgs/share/velodyne_msgs/cmake/velodyne_msgs__rosidl_typesupport_introspection_cExport.cmake
[13.107s] -- Installing: /home/mlemsalu/ros2_ws_luke/install/velodyne_msgs/share/velodyne_msgs/cmake/velodyne_msgs__rosidl_typesupport_introspection_cExport-release.cmake
[13.107s] -- Installing: /home/mlemsalu/ros2_ws_luke/install/velodyne_msgs/share/velodyne_msgs/cmake/velodyne_msgs__rosidl_typesupport_cExport.cmake
[13.107s] -- Installing: /home/mlemsalu/ros2_ws_luke/install/velodyne_msgs/share/velodyne_msgs/cmake/velodyne_msgs__rosidl_typesupport_cExport-release.cmake
[13.108s] -- Installing: /home/mlemsalu/ros2_ws_luke/install/velodyne_msgs/share/velodyne_msgs/cmake/velodyne_msgs__rosidl_generator_cppExport.cmake
[13.108s] -- Installing: /home/mlemsalu/ros2_ws_luke/install/velodyne_msgs/share/velodyne_msgs/cmake/velodyne_msgs__rosidl_typesupport_introspection_cppExport.cmake
[13.108s] -- Installing: /home/mlemsalu/ros2_ws_luke/install/velodyne_msgs/share/velodyne_msgs/cmake/velodyne_msgs__rosidl_typesupport_introspection_cppExport-release.cmake
[13.109s] -- Installing: /home/mlemsalu/ros2_ws_luke/install/velodyne_msgs/share/velodyne_msgs/cmake/velodyne_msgs__rosidl_typesupport_cppExport.cmake
[13.109s] -- Installing: /home/mlemsalu/ros2_ws_luke/install/velodyne_msgs/share/velodyne_msgs/cmake/velodyne_msgs__rosidl_typesupport_cppExport-release.cmake
[13.116s] Invoked command in '/home/mlemsalu/ros2_ws_luke/build/velodyne_msgs' returned '0': CMAKE_PREFIX_PATH=/opt/ros/foxy /usr/bin/cmake --install /home/mlemsalu/ros2_ws_luke/build/velodyne_msgs
