Determining if the function sgemm_ exists failed with the following output:
Change Dir: /home/mlemsalu/ros2_ws_luke/build/zed_components/CMakeFiles/CMakeTmp

Run Build Command(s):/usr/bin/make cmTC_6d5ea/fast && /usr/bin/make -f CMakeFiles/cmTC_6d5ea.dir/build.make CMakeFiles/cmTC_6d5ea.dir/build
make[1]: Entering directory '/home/mlemsalu/ros2_ws_luke/build/zed_components/CMakeFiles/CMakeTmp'
Building C object CMakeFiles/cmTC_6d5ea.dir/CheckFunctionExists.c.o
/usr/bin/cc   -DCHECK_FUNCTION_EXISTS=sgemm_   -o CMakeFiles/cmTC_6d5ea.dir/CheckFunctionExists.c.o   -c /usr/share/cmake-3.16/Modules/CheckFunctionExists.c
Linking C executable cmTC_6d5ea
/usr/bin/cmake -E cmake_link_script CMakeFiles/cmTC_6d5ea.dir/link.txt --verbose=1
/usr/bin/cc  -DCHECK_FUNCTION_EXISTS=sgemm_    CMakeFiles/cmTC_6d5ea.dir/CheckFunctionExists.c.o  -o cmTC_6d5ea 
/usr/bin/ld: CMakeFiles/cmTC_6d5ea.dir/CheckFunctionExists.c.o: in function `main':
CheckFunctionExists.c:(.text+0x14): undefined reference to `sgemm_'
collect2: error: ld returned 1 exit status
make[1]: *** [CMakeFiles/cmTC_6d5ea.dir/build.make:87: cmTC_6d5ea] Error 1
make[1]: Leaving directory '/home/mlemsalu/ros2_ws_luke/build/zed_components/CMakeFiles/CMakeTmp'
make: *** [Makefile:121: cmTC_6d5ea/fast] Error 2



Performing C SOURCE FILE Test CMAKE_HAVE_LIBC_PTHREAD failed with the following output:
Change Dir: /home/mlemsalu/ros2_ws_luke/build/zed_components/CMakeFiles/CMakeTmp

Run Build Command(s):/usr/bin/make cmTC_0f219/fast && /usr/bin/make -f CMakeFiles/cmTC_0f219.dir/build.make CMakeFiles/cmTC_0f219.dir/build
make[1]: Entering directory '/home/mlemsalu/ros2_ws_luke/build/zed_components/CMakeFiles/CMakeTmp'
Building C object CMakeFiles/cmTC_0f219.dir/src.c.o
/usr/bin/cc   -DCMAKE_HAVE_LIBC_PTHREAD   -o CMakeFiles/cmTC_0f219.dir/src.c.o   -c /home/mlemsalu/ros2_ws_luke/build/zed_components/CMakeFiles/CMakeTmp/src.c
Linking C executable cmTC_0f219
/usr/bin/cmake -E cmake_link_script CMakeFiles/cmTC_0f219.dir/link.txt --verbose=1
/usr/bin/cc  -DCMAKE_HAVE_LIBC_PTHREAD    CMakeFiles/cmTC_0f219.dir/src.c.o  -o cmTC_0f219 
/usr/bin/ld: CMakeFiles/cmTC_0f219.dir/src.c.o: in function `main':
src.c:(.text+0x46): undefined reference to `pthread_create'
/usr/bin/ld: src.c:(.text+0x52): undefined reference to `pthread_detach'
/usr/bin/ld: src.c:(.text+0x63): undefined reference to `pthread_join'
collect2: error: ld returned 1 exit status
make[1]: *** [CMakeFiles/cmTC_0f219.dir/build.make:87: cmTC_0f219] Error 1
make[1]: Leaving directory '/home/mlemsalu/ros2_ws_luke/build/zed_components/CMakeFiles/CMakeTmp'
make: *** [Makefile:121: cmTC_0f219/fast] Error 2


Source file was:
#include <pthread.h>

void* test_func(void* data)
{
  return data;
}

int main(void)
{
  pthread_t thread;
  pthread_create(&thread, NULL, test_func, NULL);
  pthread_detach(thread);
  pthread_join(thread, NULL);
  pthread_atfork(NULL, NULL, NULL);
  pthread_exit(NULL);

  return 0;
}

Determining if the function pthread_create exists in the pthreads failed with the following output:
Change Dir: /home/mlemsalu/ros2_ws_luke/build/zed_components/CMakeFiles/CMakeTmp

Run Build Command(s):/usr/bin/make cmTC_d043d/fast && /usr/bin/make -f CMakeFiles/cmTC_d043d.dir/build.make CMakeFiles/cmTC_d043d.dir/build
make[1]: Entering directory '/home/mlemsalu/ros2_ws_luke/build/zed_components/CMakeFiles/CMakeTmp'
Building C object CMakeFiles/cmTC_d043d.dir/CheckFunctionExists.c.o
/usr/bin/cc   -DCHECK_FUNCTION_EXISTS=pthread_create   -o CMakeFiles/cmTC_d043d.dir/CheckFunctionExists.c.o   -c /usr/share/cmake-3.16/Modules/CheckFunctionExists.c
Linking C executable cmTC_d043d
/usr/bin/cmake -E cmake_link_script CMakeFiles/cmTC_d043d.dir/link.txt --verbose=1
/usr/bin/cc  -DCHECK_FUNCTION_EXISTS=pthread_create    CMakeFiles/cmTC_d043d.dir/CheckFunctionExists.c.o  -o cmTC_d043d  -lpthreads 
/usr/bin/ld: cannot find -lpthreads
collect2: error: ld returned 1 exit status
make[1]: *** [CMakeFiles/cmTC_d043d.dir/build.make:87: cmTC_d043d] Error 1
make[1]: Leaving directory '/home/mlemsalu/ros2_ws_luke/build/zed_components/CMakeFiles/CMakeTmp'
make: *** [Makefile:121: cmTC_d043d/fast] Error 2



