[0.017s] Invoking command in '/home/mlemsalu/ros2_ws_luke/build/zed_wrapper': AMENT_PREFIX_PATH=/home/mlemsalu/ros2_ws_luke/install/zed_components:/home/mlemsalu/ros2_ws_luke/install/zed_interfaces:${AMENT_PREFIX_PATH} CMAKE_PREFIX_PATH=/home/mlemsalu/ros2_ws_luke/install/zed_components:/home/mlemsalu/ros2_ws_luke/install/zed_interfaces:/opt/ros/foxy LD_LIBRARY_PATH=/home/mlemsalu/ros2_ws_luke/install/zed_components/lib:/home/mlemsalu/ros2_ws_luke/install/zed_interfaces/lib:${LD_LIBRARY_PATH} PYTHONPATH=/home/mlemsalu/ros2_ws_luke/install/zed_interfaces/lib/python3.8/site-packages:${PYTHONPATH} /usr/bin/cmake /home/mlemsalu/ros2_ws_luke/src/zed-ros2-wrapper/zed_wrapper -DCMAKE_INSTALL_PREFIX=/home/mlemsalu/ros2_ws_luke/install/zed_wrapper
[0.075s] -- Found CUDA: /usr/local/cuda (found suitable version "12.1", minimum required is "12") 
[0.125s] -- Found CUDA: /usr/local/cuda (found version "12.1") 
[0.127s] -- Found ament_cmake_auto: 0.9.11 (/opt/ros/foxy/share/ament_cmake_auto/cmake)
[0.157s] -- Using PYTHON_EXECUTABLE: /usr/bin/python3
[0.407s] -- Override CMake install command with custom implementation using symlinks instead of copying resources
[0.521s] -- Using all available rosidl_typesupport_c: rosidl_typesupport_fastrtps_c;rosidl_typesupport_introspection_c
[0.527s] -- Found rosidl_adapter: 1.3.0 (/opt/ros/foxy/share/rosidl_adapter/cmake)
[0.657s] -- Using all available rosidl_typesupport_cpp: rosidl_typesupport_fastrtps_cpp;rosidl_typesupport_introspection_cpp
[0.735s] -- Found rmw_implementation_cmake: 1.0.4 (/opt/ros/foxy/share/rmw_implementation_cmake/cmake)
[0.738s] -- Using RMW implementation 'rmw_fastrtps_cpp' as default
[1.870s] -- Found eigen3_cmake_module: 0.1.1 (/opt/ros/foxy/share/eigen3_cmake_module/cmake)
[3.186s] -- Found ament_lint_auto: 0.9.8 (/opt/ros/foxy/share/ament_lint_auto/cmake)
[3.592s] -- Added test 'copyright' to check source files copyright and LICENSE
[3.594s] -- Added test 'cppcheck' to perform static code analysis on C / C++ code
[3.594s] -- Configured cppcheck include dirs: /home/mlemsalu/ros2_ws_luke/src/zed-ros2-wrapper/zed_wrapper/src
[3.594s] -- Configured cppcheck exclude dirs and/or files: 
[3.595s] -- Added test 'lint_cmake' to check CMake code style
[3.595s] -- Added test 'pep257' to check Python code against some of the style conventions in PEP 257
[3.597s] -- Added test 'uncrustify' to check C / C++ code style
[3.597s] -- Configured uncrustify additional arguments: 
[3.597s] -- Added test 'xmllint' to check XML markup files
[3.601s] -- Configuring done
[3.664s] -- Generating done
[3.666s] -- Build files have been written to: /home/mlemsalu/ros2_ws_luke/build/zed_wrapper
[3.673s] Invoked command in '/home/mlemsalu/ros2_ws_luke/build/zed_wrapper' returned '0': AMENT_PREFIX_PATH=/home/mlemsalu/ros2_ws_luke/install/zed_components:/home/mlemsalu/ros2_ws_luke/install/zed_interfaces:${AMENT_PREFIX_PATH} CMAKE_PREFIX_PATH=/home/mlemsalu/ros2_ws_luke/install/zed_components:/home/mlemsalu/ros2_ws_luke/install/zed_interfaces:/opt/ros/foxy LD_LIBRARY_PATH=/home/mlemsalu/ros2_ws_luke/install/zed_components/lib:/home/mlemsalu/ros2_ws_luke/install/zed_interfaces/lib:${LD_LIBRARY_PATH} PYTHONPATH=/home/mlemsalu/ros2_ws_luke/install/zed_interfaces/lib/python3.8/site-packages:${PYTHONPATH} /usr/bin/cmake /home/mlemsalu/ros2_ws_luke/src/zed-ros2-wrapper/zed_wrapper -DCMAKE_INSTALL_PREFIX=/home/mlemsalu/ros2_ws_luke/install/zed_wrapper
[3.677s] Invoking command in '/home/mlemsalu/ros2_ws_luke/build/zed_wrapper': AMENT_PREFIX_PATH=/home/mlemsalu/ros2_ws_luke/install/zed_components:/home/mlemsalu/ros2_ws_luke/install/zed_interfaces:${AMENT_PREFIX_PATH} CMAKE_PREFIX_PATH=/home/mlemsalu/ros2_ws_luke/install/zed_components:/home/mlemsalu/ros2_ws_luke/install/zed_interfaces:/opt/ros/foxy LD_LIBRARY_PATH=/home/mlemsalu/ros2_ws_luke/install/zed_components/lib:/home/mlemsalu/ros2_ws_luke/install/zed_interfaces/lib:${LD_LIBRARY_PATH} PYTHONPATH=/home/mlemsalu/ros2_ws_luke/install/zed_interfaces/lib/python3.8/site-packages:${PYTHONPATH} /usr/bin/cmake --build /home/mlemsalu/ros2_ws_luke/build/zed_wrapper -- -j12 -l12
[3.779s] [100%] Built target zed_wrapper
[3.795s] Invoked command in '/home/mlemsalu/ros2_ws_luke/build/zed_wrapper' returned '0': AMENT_PREFIX_PATH=/home/mlemsalu/ros2_ws_luke/install/zed_components:/home/mlemsalu/ros2_ws_luke/install/zed_interfaces:${AMENT_PREFIX_PATH} CMAKE_PREFIX_PATH=/home/mlemsalu/ros2_ws_luke/install/zed_components:/home/mlemsalu/ros2_ws_luke/install/zed_interfaces:/opt/ros/foxy LD_LIBRARY_PATH=/home/mlemsalu/ros2_ws_luke/install/zed_components/lib:/home/mlemsalu/ros2_ws_luke/install/zed_interfaces/lib:${LD_LIBRARY_PATH} PYTHONPATH=/home/mlemsalu/ros2_ws_luke/install/zed_interfaces/lib/python3.8/site-packages:${PYTHONPATH} /usr/bin/cmake --build /home/mlemsalu/ros2_ws_luke/build/zed_wrapper -- -j12 -l12
[3.825s] Invoking command in '/home/mlemsalu/ros2_ws_luke/build/zed_wrapper': AMENT_PREFIX_PATH=/home/mlemsalu/ros2_ws_luke/install/zed_components:/home/mlemsalu/ros2_ws_luke/install/zed_interfaces:${AMENT_PREFIX_PATH} CMAKE_PREFIX_PATH=/home/mlemsalu/ros2_ws_luke/install/zed_components:/home/mlemsalu/ros2_ws_luke/install/zed_interfaces:/opt/ros/foxy LD_LIBRARY_PATH=/home/mlemsalu/ros2_ws_luke/install/zed_components/lib:/home/mlemsalu/ros2_ws_luke/install/zed_interfaces/lib:${LD_LIBRARY_PATH} PYTHONPATH=/home/mlemsalu/ros2_ws_luke/install/zed_interfaces/lib/python3.8/site-packages:${PYTHONPATH} /usr/bin/cmake --install /home/mlemsalu/ros2_ws_luke/build/zed_wrapper
[3.834s] -- Install configuration: "Release"
[3.835s] -- Execute custom install script
[3.835s] -- Up-to-date symlink: /home/mlemsalu/ros2_ws_luke/install/zed_wrapper/lib/zed_wrapper/zed_wrapper
[3.836s] -- Up-to-date symlink: /home/mlemsalu/ros2_ws_luke/install/zed_wrapper/share/zed_wrapper/config/common.yaml
[3.836s] -- Up-to-date symlink: /home/mlemsalu/ros2_ws_luke/install/zed_wrapper/share/zed_wrapper/config/zed.yaml
[3.836s] -- Up-to-date symlink: /home/mlemsalu/ros2_ws_luke/install/zed_wrapper/share/zed_wrapper/config/zed2.yaml
[3.836s] -- Up-to-date symlink: /home/mlemsalu/ros2_ws_luke/install/zed_wrapper/share/zed_wrapper/config/zed2i.yaml
[3.837s] -- Up-to-date symlink: /home/mlemsalu/ros2_ws_luke/install/zed_wrapper/share/zed_wrapper/config/zedm.yaml
[3.837s] -- Up-to-date symlink: /home/mlemsalu/ros2_ws_luke/install/zed_wrapper/share/zed_wrapper/config/zedx.yaml
[3.837s] -- Up-to-date symlink: /home/mlemsalu/ros2_ws_luke/install/zed_wrapper/share/zed_wrapper/config/zedxm.yaml
[3.838s] -- Up-to-date symlink: /home/mlemsalu/ros2_ws_luke/install/zed_wrapper/share/zed_wrapper/urdf/include/materials.urdf.xacro
[3.838s] -- Up-to-date symlink: /home/mlemsalu/ros2_ws_luke/install/zed_wrapper/share/zed_wrapper/urdf/zed_descr.urdf.xacro
[3.838s] -- Up-to-date symlink: /home/mlemsalu/ros2_ws_luke/install/zed_wrapper/share/zed_wrapper/urdf/zed_macro.urdf.xacro
[3.839s] -- Up-to-date symlink: /home/mlemsalu/ros2_ws_luke/install/zed_wrapper/share/zed_wrapper/launch/include/zed_camera.launch.py
[3.839s] -- Up-to-date symlink: /home/mlemsalu/ros2_ws_luke/install/zed_wrapper/share/zed_wrapper/launch/zed.launch.py
[3.839s] -- Up-to-date symlink: /home/mlemsalu/ros2_ws_luke/install/zed_wrapper/share/zed_wrapper/launch/zed2.launch.py
[3.839s] -- Up-to-date symlink: /home/mlemsalu/ros2_ws_luke/install/zed_wrapper/share/zed_wrapper/launch/zed2i.launch.py
[3.840s] -- Up-to-date symlink: /home/mlemsalu/ros2_ws_luke/install/zed_wrapper/share/zed_wrapper/launch/zedm.launch.py
[3.840s] -- Up-to-date symlink: /home/mlemsalu/ros2_ws_luke/install/zed_wrapper/share/zed_wrapper/launch/zedx.launch.py
[3.840s] -- Up-to-date symlink: /home/mlemsalu/ros2_ws_luke/install/zed_wrapper/share/zed_wrapper/launch/zedxm.launch.py
[3.840s] -- Up-to-date symlink: /home/mlemsalu/ros2_ws_luke/install/zed_wrapper/share/ament_index/resource_index/package_run_dependencies/zed_wrapper
[3.841s] -- Up-to-date symlink: /home/mlemsalu/ros2_ws_luke/install/zed_wrapper/share/ament_index/resource_index/parent_prefix_path/zed_wrapper
[3.841s] -- Up-to-date symlink: /home/mlemsalu/ros2_ws_luke/install/zed_wrapper/share/zed_wrapper/environment/ament_prefix_path.sh
[3.841s] -- Up-to-date symlink: /home/mlemsalu/ros2_ws_luke/install/zed_wrapper/share/zed_wrapper/environment/ament_prefix_path.dsv
[3.842s] -- Up-to-date symlink: /home/mlemsalu/ros2_ws_luke/install/zed_wrapper/share/zed_wrapper/environment/path.sh
[3.842s] -- Up-to-date symlink: /home/mlemsalu/ros2_ws_luke/install/zed_wrapper/share/zed_wrapper/environment/path.dsv
[3.842s] -- Up-to-date symlink: /home/mlemsalu/ros2_ws_luke/install/zed_wrapper/share/zed_wrapper/local_setup.bash
[3.843s] -- Up-to-date symlink: /home/mlemsalu/ros2_ws_luke/install/zed_wrapper/share/zed_wrapper/local_setup.sh
[3.843s] -- Up-to-date symlink: /home/mlemsalu/ros2_ws_luke/install/zed_wrapper/share/zed_wrapper/local_setup.zsh
[3.843s] -- Up-to-date symlink: /home/mlemsalu/ros2_ws_luke/install/zed_wrapper/share/zed_wrapper/local_setup.dsv
[3.843s] -- Symlinking: /home/mlemsalu/ros2_ws_luke/install/zed_wrapper/share/zed_wrapper/package.dsv
[3.853s] -- Up-to-date symlink: /home/mlemsalu/ros2_ws_luke/install/zed_wrapper/share/ament_index/resource_index/packages/zed_wrapper
[3.854s] -- Up-to-date symlink: /home/mlemsalu/ros2_ws_luke/install/zed_wrapper/share/zed_wrapper/cmake/zed_wrapperConfig.cmake
[3.854s] -- Up-to-date symlink: /home/mlemsalu/ros2_ws_luke/install/zed_wrapper/share/zed_wrapper/cmake/zed_wrapperConfig-version.cmake
[3.854s] -- Up-to-date symlink: /home/mlemsalu/ros2_ws_luke/install/zed_wrapper/share/zed_wrapper/package.xml
[3.861s] Invoked command in '/home/mlemsalu/ros2_ws_luke/build/zed_wrapper' returned '0': AMENT_PREFIX_PATH=/home/mlemsalu/ros2_ws_luke/install/zed_components:/home/mlemsalu/ros2_ws_luke/install/zed_interfaces:${AMENT_PREFIX_PATH} CMAKE_PREFIX_PATH=/home/mlemsalu/ros2_ws_luke/install/zed_components:/home/mlemsalu/ros2_ws_luke/install/zed_interfaces:/opt/ros/foxy LD_LIBRARY_PATH=/home/mlemsalu/ros2_ws_luke/install/zed_components/lib:/home/mlemsalu/ros2_ws_luke/install/zed_interfaces/lib:${LD_LIBRARY_PATH} PYTHONPATH=/home/mlemsalu/ros2_ws_luke/install/zed_interfaces/lib/python3.8/site-packages:${PYTHONPATH} /usr/bin/cmake --install /home/mlemsalu/ros2_ws_luke/build/zed_wrapper
