[0.020s] Invoking command in '/home/mlemsalu/ros2_ws_luke/build/velodyne_driver': AMENT_PREFIX_PATH=/home/mlemsalu/ros2_ws_luke/install/velodyne_msgs:${AMENT_PREFIX_PATH} CMAKE_PREFIX_PATH=/home/mlemsalu/ros2_ws_luke/install/velodyne_msgs:/opt/ros/foxy LD_LIBRARY_PATH=/home/mlemsalu/ros2_ws_luke/install/velodyne_msgs/lib:${LD_LIBRARY_PATH} PYTHONPATH=/home/mlemsalu/ros2_ws_luke/install/velodyne_msgs/lib/python3.8/site-packages:${PYTHONPATH} /usr/bin/cmake /home/mlemsalu/ros2_ws_luke/src/velodyne-foxy-devel/velodyne_driver -DCMAKE_INSTALL_PREFIX=/home/mlemsalu/ros2_ws_luke/install/velodyne_driver
[0.033s] -- Found ament_cmake_ros: 0.9.2 (/opt/ros/foxy/share/ament_cmake_ros/cmake)
[0.055s] -- Using PYTHON_EXECUTABLE: /usr/bin/python3
[0.232s] -- Override CMake install command with custom implementation using symlinks instead of copying resources
[0.240s] -- Found diagnostic_msgs: 2.0.5 (/opt/ros/foxy/share/diagnostic_msgs/cmake)
[0.266s] -- Using all available rosidl_typesupport_c: rosidl_typesupport_fastrtps_c;rosidl_typesupport_introspection_c
[0.271s] -- Found rosidl_adapter: 1.3.0 (/opt/ros/foxy/share/rosidl_adapter/cmake)
[0.365s] -- Using all available rosidl_typesupport_cpp: rosidl_typesupport_fastrtps_cpp;rosidl_typesupport_introspection_cpp
[0.446s] -- Found diagnostic_updater: 3.1.0 (/opt/ros/foxy/share/diagnostic_updater/cmake)
[0.487s] -- Found rmw_implementation_cmake: 1.0.4 (/opt/ros/foxy/share/rmw_implementation_cmake/cmake)
[0.488s] -- Using RMW implementation 'rmw_fastrtps_cpp' as default
[0.624s] -- Found rclcpp_components: 2.4.2 (/opt/ros/foxy/share/rclcpp_components/cmake)
[0.676s] -- Found tf2_ros: 0.13.14 (/opt/ros/foxy/share/tf2_ros/cmake)
[0.980s] -- Found velodyne_msgs: 2.1.1 (/home/mlemsalu/ros2_ws_luke/install/velodyne_msgs/share/velodyne_msgs/cmake)
[1.022s] -- Found ament_lint_auto: 0.9.8 (/opt/ros/foxy/share/ament_lint_auto/cmake)
[1.075s] -- Found gtest sources under '/opt/ros/foxy/src/gtest_vendor': C++ tests using 'Google Test' will be built
[1.082s] -- Added test 'copyright' to check source files copyright and LICENSE
[1.084s] -- Added test 'cppcheck' to perform static code analysis on C / C++ code
[1.084s] -- Configured cppcheck include dirs: /home/mlemsalu/ros2_ws_luke/src/velodyne-foxy-devel/velodyne_driver/include
[1.085s] -- Configured cppcheck exclude dirs and/or files: 
[1.086s] -- Added test 'cpplint' to check C / C++ code against the Google style
[1.086s] -- Configured cpplint exclude dirs and/or files: 
[1.087s] -- Added test 'flake8' to check Python code syntax and style conventions
[1.088s] -- Added test 'lint_cmake' to check CMake code style
[1.088s] -- Added test 'pep257' to check Python code against some of the style conventions in PEP 257
[1.090s] -- Added test 'uncrustify' to check C / C++ code style
[1.091s] -- Configured uncrustify additional arguments: 
[1.091s] -- Added test 'xmllint' to check XML markup files
[1.094s] -- Configuring done
[1.120s] -- Generating done
[1.125s] -- Build files have been written to: /home/mlemsalu/ros2_ws_luke/build/velodyne_driver
[1.144s] Invoked command in '/home/mlemsalu/ros2_ws_luke/build/velodyne_driver' returned '0': AMENT_PREFIX_PATH=/home/mlemsalu/ros2_ws_luke/install/velodyne_msgs:${AMENT_PREFIX_PATH} CMAKE_PREFIX_PATH=/home/mlemsalu/ros2_ws_luke/install/velodyne_msgs:/opt/ros/foxy LD_LIBRARY_PATH=/home/mlemsalu/ros2_ws_luke/install/velodyne_msgs/lib:${LD_LIBRARY_PATH} PYTHONPATH=/home/mlemsalu/ros2_ws_luke/install/velodyne_msgs/lib/python3.8/site-packages:${PYTHONPATH} /usr/bin/cmake /home/mlemsalu/ros2_ws_luke/src/velodyne-foxy-devel/velodyne_driver -DCMAKE_INSTALL_PREFIX=/home/mlemsalu/ros2_ws_luke/install/velodyne_driver
[1.146s] Invoking command in '/home/mlemsalu/ros2_ws_luke/build/velodyne_driver': AMENT_PREFIX_PATH=/home/mlemsalu/ros2_ws_luke/install/velodyne_msgs:${AMENT_PREFIX_PATH} CMAKE_PREFIX_PATH=/home/mlemsalu/ros2_ws_luke/install/velodyne_msgs:/opt/ros/foxy LD_LIBRARY_PATH=/home/mlemsalu/ros2_ws_luke/install/velodyne_msgs/lib:${LD_LIBRARY_PATH} PYTHONPATH=/home/mlemsalu/ros2_ws_luke/install/velodyne_msgs/lib/python3.8/site-packages:${PYTHONPATH} /usr/bin/cmake --build /home/mlemsalu/ros2_ws_luke/build/velodyne_driver -- -j12 -l12
[1.196s] [ 16%] Built target gtest_main
[1.196s] [ 33%] Built target gtest
[1.203s] [ 41%] [32mBuilding CXX object src/lib/CMakeFiles/velodyne_input.dir/input.cpp.o[0m
[4.293s] [ 50%] [32m[1mLinking CXX shared library libvelodyne_input.so[0m
[4.440s] [ 50%] Built target velodyne_input
[4.470s] [ 58%] [32mBuilding CXX object CMakeFiles/velodyne_driver.dir/src/driver/driver.cpp.o[0m
[4.471s] [ 66%] [32mBuilding CXX object CMakeFiles/time_test.dir/tests/timeconversiontest.cpp.o[0m
[6.715s] [ 75%] [32m[1mLinking CXX executable time_test[0m
[6.890s] [ 75%] Built target time_test
[11.392s] [ 83%] [32m[1mLinking CXX shared library libvelodyne_driver.so[0m
[11.518s] [ 83%] Built target velodyne_driver
[11.546s] [ 91%] [32mBuilding CXX object CMakeFiles/velodyne_driver_node.dir/src/driver/velodyne_node.cpp.o[0m
[14.412s] [100%] [32m[1mLinking CXX executable velodyne_driver_node[0m
[14.523s] [100%] Built target velodyne_driver_node
[14.534s] Invoked command in '/home/mlemsalu/ros2_ws_luke/build/velodyne_driver' returned '0': AMENT_PREFIX_PATH=/home/mlemsalu/ros2_ws_luke/install/velodyne_msgs:${AMENT_PREFIX_PATH} CMAKE_PREFIX_PATH=/home/mlemsalu/ros2_ws_luke/install/velodyne_msgs:/opt/ros/foxy LD_LIBRARY_PATH=/home/mlemsalu/ros2_ws_luke/install/velodyne_msgs/lib:${LD_LIBRARY_PATH} PYTHONPATH=/home/mlemsalu/ros2_ws_luke/install/velodyne_msgs/lib/python3.8/site-packages:${PYTHONPATH} /usr/bin/cmake --build /home/mlemsalu/ros2_ws_luke/build/velodyne_driver -- -j12 -l12
[14.563s] Invoking command in '/home/mlemsalu/ros2_ws_luke/build/velodyne_driver': AMENT_PREFIX_PATH=/home/mlemsalu/ros2_ws_luke/install/velodyne_msgs:${AMENT_PREFIX_PATH} CMAKE_PREFIX_PATH=/home/mlemsalu/ros2_ws_luke/install/velodyne_msgs:/opt/ros/foxy LD_LIBRARY_PATH=/home/mlemsalu/ros2_ws_luke/install/velodyne_msgs/lib:${LD_LIBRARY_PATH} PYTHONPATH=/home/mlemsalu/ros2_ws_luke/install/velodyne_msgs/lib/python3.8/site-packages:${PYTHONPATH} /usr/bin/cmake --install /home/mlemsalu/ros2_ws_luke/build/velodyne_driver
[14.570s] -- Install configuration: "Release"
[14.571s] -- Execute custom install script
[14.571s] -- Up-to-date symlink: /home/mlemsalu/ros2_ws_luke/install/velodyne_driver/lib/libvelodyne_input.so
[14.571s] -- Up-to-date symlink: /home/mlemsalu/ros2_ws_luke/install/velodyne_driver/lib/libvelodyne_driver.so
[14.572s] -- Up-to-date symlink: /home/mlemsalu/ros2_ws_luke/install/velodyne_driver/lib/velodyne_driver/velodyne_driver_node
[14.572s] -- Up-to-date symlink: /home/mlemsalu/ros2_ws_luke/install/velodyne_driver/include/velodyne_driver/driver.hpp
[14.572s] -- Up-to-date symlink: /home/mlemsalu/ros2_ws_luke/install/velodyne_driver/include/velodyne_driver/input.hpp
[14.573s] -- Up-to-date symlink: /home/mlemsalu/ros2_ws_luke/install/velodyne_driver/include/velodyne_driver/time_conversion.hpp
[14.573s] -- Up-to-date symlink: /home/mlemsalu/ros2_ws_luke/install/velodyne_driver/share/velodyne_driver/config/VLP16-velodyne_driver_node-params.yaml
[14.573s] -- Up-to-date symlink: /home/mlemsalu/ros2_ws_luke/install/velodyne_driver/share/velodyne_driver/config/VLP16-velodyne_driver_node-params_multi.yaml
[14.573s] -- Up-to-date symlink: /home/mlemsalu/ros2_ws_luke/install/velodyne_driver/share/velodyne_driver/config/VLP32C-velodyne_driver_node-params.yaml
[14.574s] -- Up-to-date symlink: /home/mlemsalu/ros2_ws_luke/install/velodyne_driver/share/velodyne_driver/config/vlp_1.yaml
[14.574s] -- Up-to-date symlink: /home/mlemsalu/ros2_ws_luke/install/velodyne_driver/share/velodyne_driver/config/vlp_2.yaml
[14.574s] -- Up-to-date symlink: /home/mlemsalu/ros2_ws_luke/install/velodyne_driver/share/velodyne_driver/launch/velodyne_driver_node-VLP16-composed-launch.py
[14.574s] -- Up-to-date symlink: /home/mlemsalu/ros2_ws_luke/install/velodyne_driver/share/velodyne_driver/launch/velodyne_driver_node-VLP16-launch.py
[14.574s] -- Up-to-date symlink: /home/mlemsalu/ros2_ws_luke/install/velodyne_driver/share/velodyne_driver/launch/velodyne_driver_node-VLP32C-composed-launch.py
[14.575s] -- Up-to-date symlink: /home/mlemsalu/ros2_ws_luke/install/velodyne_driver/share/velodyne_driver/launch/velodyne_driver_node-VLP32C-launch.py
[14.575s] -- Up-to-date symlink: /home/mlemsalu/ros2_ws_luke/install/velodyne_driver/lib/velodyne_driver/vdump
[14.575s] -- Up-to-date symlink: /home/mlemsalu/ros2_ws_luke/install/velodyne_driver/share/ament_index/resource_index/package_run_dependencies/velodyne_driver
[14.575s] -- Up-to-date symlink: /home/mlemsalu/ros2_ws_luke/install/velodyne_driver/share/ament_index/resource_index/parent_prefix_path/velodyne_driver
[14.576s] -- Up-to-date symlink: /home/mlemsalu/ros2_ws_luke/install/velodyne_driver/share/velodyne_driver/environment/ament_prefix_path.sh
[14.576s] -- Up-to-date symlink: /home/mlemsalu/ros2_ws_luke/install/velodyne_driver/share/velodyne_driver/environment/ament_prefix_path.dsv
[14.576s] -- Up-to-date symlink: /home/mlemsalu/ros2_ws_luke/install/velodyne_driver/share/velodyne_driver/environment/path.sh
[14.576s] -- Up-to-date symlink: /home/mlemsalu/ros2_ws_luke/install/velodyne_driver/share/velodyne_driver/environment/path.dsv
[14.577s] -- Up-to-date symlink: /home/mlemsalu/ros2_ws_luke/install/velodyne_driver/share/velodyne_driver/local_setup.bash
[14.577s] -- Up-to-date symlink: /home/mlemsalu/ros2_ws_luke/install/velodyne_driver/share/velodyne_driver/local_setup.sh
[14.577s] -- Up-to-date symlink: /home/mlemsalu/ros2_ws_luke/install/velodyne_driver/share/velodyne_driver/local_setup.zsh
[14.577s] -- Up-to-date symlink: /home/mlemsalu/ros2_ws_luke/install/velodyne_driver/share/velodyne_driver/local_setup.dsv
[14.578s] -- Symlinking: /home/mlemsalu/ros2_ws_luke/install/velodyne_driver/share/velodyne_driver/package.dsv
[14.586s] -- Up-to-date symlink: /home/mlemsalu/ros2_ws_luke/install/velodyne_driver/share/ament_index/resource_index/packages/velodyne_driver
[14.586s] -- Up-to-date symlink: /home/mlemsalu/ros2_ws_luke/install/velodyne_driver/share/ament_index/resource_index/rclcpp_components/velodyne_driver
[14.587s] -- Up-to-date symlink: /home/mlemsalu/ros2_ws_luke/install/velodyne_driver/share/velodyne_driver/cmake/velodyne_driverConfig.cmake
[14.587s] -- Up-to-date symlink: /home/mlemsalu/ros2_ws_luke/install/velodyne_driver/share/velodyne_driver/cmake/velodyne_driverConfig-version.cmake
[14.587s] -- Up-to-date symlink: /home/mlemsalu/ros2_ws_luke/install/velodyne_driver/share/velodyne_driver/package.xml
[14.591s] Invoked command in '/home/mlemsalu/ros2_ws_luke/build/velodyne_driver' returned '0': AMENT_PREFIX_PATH=/home/mlemsalu/ros2_ws_luke/install/velodyne_msgs:${AMENT_PREFIX_PATH} CMAKE_PREFIX_PATH=/home/mlemsalu/ros2_ws_luke/install/velodyne_msgs:/opt/ros/foxy LD_LIBRARY_PATH=/home/mlemsalu/ros2_ws_luke/install/velodyne_msgs/lib:${LD_LIBRARY_PATH} PYTHONPATH=/home/mlemsalu/ros2_ws_luke/install/velodyne_msgs/lib/python3.8/site-packages:${PYTHONPATH} /usr/bin/cmake --install /home/mlemsalu/ros2_ws_luke/build/velodyne_driver
