-- Found ament_cmake: 0.9.11 (/opt/ros/foxy/share/ament_cmake/cmake)
-- Found PythonInterp: /usr/bin/python3 (found suitable version "3.8.10", minimum required is "3") 
-- Using PYTHON_EXECUTABLE: /usr/bin/python3
-- Override CMake install command with custom implementation using symlinks instead of copying resources
-- Found ament_cmake_ros: 0.9.2 (/opt/ros/foxy/share/ament_cmake_ros/cmake)
-- Found rcl: 1.1.14 (/opt/ros/foxy/share/rcl/cmake)
-- Using all available rosidl_typesupport_c: rosidl_typesupport_fastrtps_c;rosidl_typesupport_introspection_c
-- Found rosidl_adapter: 1.3.0 (/opt/ros/foxy/share/rosidl_adapter/cmake)
-- Using all available rosidl_typesupport_cpp: rosidl_typesupport_fastrtps_cpp;rosidl_typesupport_introspection_cpp
-- Found rmw_implementation_cmake: 1.0.4 (/opt/ros/foxy/share/rmw_implementation_cmake/cmake)
-- Using RMW implementation 'rmw_fastrtps_cpp' as default
-- Found rclcpp: 2.4.2 (/opt/ros/foxy/share/rclcpp/cmake)
-- Found rosbag2_compression: 0.7.0 (/home/mlemsalu/ros2_ws_luke/install/rosbag2_compression/share/rosbag2_compression/cmake)
-- Setting yaml-cpp_DIR to: '/opt/ros/foxy/share/yaml_cpp_vendor/cmake/../../../opt/yaml_cpp_vendor/lib/cmake/yaml-cpp'
-- Found shared_queues_vendor: 0.7.0 (/home/mlemsalu/ros2_ws_luke/install/shared_queues_vendor/share/shared_queues_vendor/cmake)
-- Found python_cmake_module: 0.8.1 (/opt/ros/foxy/share/python_cmake_module/cmake)
-- Found PythonInterp: /usr/bin/python3 (found suitable version "3.8.10", minimum required is "3.5") 
-- Using PYTHON_EXECUTABLE: /usr/bin/python3
-- Using PYTHON_INCLUDE_DIRS: /usr/include/python3.8
-- Using PYTHON_LIBRARIES: /usr/lib/x86_64-linux-gnu/libpython3.8.so
-- Found ament_lint_auto: 0.9.8 (/opt/ros/foxy/share/ament_lint_auto/cmake)
-- Found test_msgs: 1.0.0 (/opt/ros/foxy/share/test_msgs/cmake)
-- Found rosbag2_test_common: 0.7.0 (/home/mlemsalu/ros2_ws_luke/install/rosbag2_test_common/share/rosbag2_test_common/cmake)
-- Found gmock sources under '/opt/ros/foxy/src/gmock_vendor': C++ tests using 'Google Mock' will be built
-- Found gtest sources under '/opt/ros/foxy/src/gtest_vendor': C++ tests using 'Google Test' will be built
-- Found gmock sources under '/opt/ros/foxy/src/gmock_vendor': C++ tests using 'Google Mock' will be built
-- Found gtest sources under '/opt/ros/foxy/src/gtest_vendor': C++ tests using 'Google Test' will be built
-- Found gmock sources under '/opt/ros/foxy/src/gmock_vendor': C++ tests using 'Google Mock' will be built
-- Found gtest sources under '/opt/ros/foxy/src/gtest_vendor': C++ tests using 'Google Test' will be built
-- Found gmock sources under '/opt/ros/foxy/src/gmock_vendor': C++ tests using 'Google Mock' will be built
-- Found gtest sources under '/opt/ros/foxy/src/gtest_vendor': C++ tests using 'Google Test' will be built
-- Found gmock sources under '/opt/ros/foxy/src/gmock_vendor': C++ tests using 'Google Mock' will be built
-- Found gtest sources under '/opt/ros/foxy/src/gtest_vendor': C++ tests using 'Google Test' will be built
-- Found gmock sources under '/opt/ros/foxy/src/gmock_vendor': C++ tests using 'Google Mock' will be built
-- Found gtest sources under '/opt/ros/foxy/src/gtest_vendor': C++ tests using 'Google Test' will be built
-- Found gmock sources under '/opt/ros/foxy/src/gmock_vendor': C++ tests using 'Google Mock' will be built
-- Found gtest sources under '/opt/ros/foxy/src/gtest_vendor': C++ tests using 'Google Test' will be built
-- Found gmock sources under '/opt/ros/foxy/src/gmock_vendor': C++ tests using 'Google Mock' will be built
-- Found gtest sources under '/opt/ros/foxy/src/gtest_vendor': C++ tests using 'Google Test' will be built
-- Found gmock sources under '/opt/ros/foxy/src/gmock_vendor': C++ tests using 'Google Mock' will be built
-- Found gtest sources under '/opt/ros/foxy/src/gtest_vendor': C++ tests using 'Google Test' will be built
-- Found gmock sources under '/opt/ros/foxy/src/gmock_vendor': C++ tests using 'Google Mock' will be built
-- Found gtest sources under '/opt/ros/foxy/src/gtest_vendor': C++ tests using 'Google Test' will be built
-- Added test 'copyright' to check source files copyright and LICENSE
-- Added test 'cppcheck' to perform static code analysis on C / C++ code
-- Configured cppcheck include dirs: $<BUILD_INTERFACE:/home/mlemsalu/ros2_ws_luke/src/rosbag2-foxy-future/rosbag2_transport/include>;$<BUILD_INTERFACE:/home/mlemsalu/ros2_ws_luke/src/rosbag2-foxy-future/rosbag2_transport/src/rosbag2_transport>
-- Configured cppcheck exclude dirs and/or files: 
-- Added test 'cpplint' to check C / C++ code against the Google style
-- Configured cpplint exclude dirs and/or files: 
-- Added test 'flake8' to check Python code syntax and style conventions
-- Added test 'lint_cmake' to check CMake code style
-- Added test 'pep257' to check Python code against some of the style conventions in PEP 257
-- Added test 'uncrustify' to check C / C++ code style
-- Configured uncrustify additional arguments: 
-- Added test 'xmllint' to check XML markup files
-- Configuring done
-- Generating done
-- Build files have been written to: /home/mlemsalu/ros2_ws_luke/build/rosbag2_transport
[  9%] Built target gmock_main
[ 11%] Built target gmock
[ 30%] Built target rosbag2_transport
[ 38%] Built target test_qos__rmw_fastrtps_cpp
[ 54%] Built target test_rosbag2_node__rmw_fastrtps_cpp
[ 59%] Built target test_play_topic_remap__rmw_fastrtps_cpp
[ 64%] Built target test_play_loop__rmw_fastrtps_cpp
[ 69%] Built target test_record_all__rmw_fastrtps_cpp
[ 73%] Built target test_play_timing__rmw_fastrtps_cpp
[ 80%] Built target test_play__rmw_fastrtps_cpp
[ 85%] Built target rosbag2_transport_py
[ 90%] Built target test_record__rmw_fastrtps_cpp
[ 95%] Built target test_record_all_no_discovery__rmw_fastrtps_cpp
[100%] Built target test_record_regex__rmw_fastrtps_cpp
-- Install configuration: "Release"
-- Execute custom install script
-- Up-to-date symlink: /home/mlemsalu/ros2_ws_luke/install/rosbag2_transport/share/rosbag2_transport/environment/pythonpath.sh
-- Up-to-date symlink: /home/mlemsalu/ros2_ws_luke/install/rosbag2_transport/share/rosbag2_transport/environment/pythonpath.dsv
-- Up-to-date symlink: /home/mlemsalu/ros2_ws_luke/install/rosbag2_transport/lib/python3.8/site-packages/rosbag2_transport/__init__.py
-- Up-to-date symlink: /home/mlemsalu/ros2_ws_luke/install/rosbag2_transport/lib/python3.8/site-packages/rosbag2_transport/_rosbag2_transport_py.cpython-38-x86_64-linux-gnu.so
-- Up-to-date symlink: /home/mlemsalu/ros2_ws_luke/install/rosbag2_transport/include/rosbag2_transport/logging.hpp
-- Up-to-date symlink: /home/mlemsalu/ros2_ws_luke/install/rosbag2_transport/include/rosbag2_transport/play_options.hpp
-- Up-to-date symlink: /home/mlemsalu/ros2_ws_luke/install/rosbag2_transport/include/rosbag2_transport/record_options.hpp
-- Up-to-date symlink: /home/mlemsalu/ros2_ws_luke/install/rosbag2_transport/include/rosbag2_transport/rosbag2_transport.hpp
-- Up-to-date symlink: /home/mlemsalu/ros2_ws_luke/install/rosbag2_transport/include/rosbag2_transport/visibility_control.hpp
-- Up-to-date symlink: /home/mlemsalu/ros2_ws_luke/install/rosbag2_transport/share/rosbag2_transport/environment/library_path.sh
-- Up-to-date symlink: /home/mlemsalu/ros2_ws_luke/install/rosbag2_transport/share/rosbag2_transport/environment/library_path.dsv
-- Up-to-date symlink: /home/mlemsalu/ros2_ws_luke/install/rosbag2_transport/share/ament_index/resource_index/package_run_dependencies/rosbag2_transport
-- Up-to-date symlink: /home/mlemsalu/ros2_ws_luke/install/rosbag2_transport/share/ament_index/resource_index/parent_prefix_path/rosbag2_transport
-- Up-to-date symlink: /home/mlemsalu/ros2_ws_luke/install/rosbag2_transport/share/rosbag2_transport/environment/ament_prefix_path.sh
-- Up-to-date symlink: /home/mlemsalu/ros2_ws_luke/install/rosbag2_transport/share/rosbag2_transport/environment/ament_prefix_path.dsv
-- Up-to-date symlink: /home/mlemsalu/ros2_ws_luke/install/rosbag2_transport/share/rosbag2_transport/environment/path.sh
-- Up-to-date symlink: /home/mlemsalu/ros2_ws_luke/install/rosbag2_transport/share/rosbag2_transport/environment/path.dsv
-- Up-to-date symlink: /home/mlemsalu/ros2_ws_luke/install/rosbag2_transport/share/rosbag2_transport/local_setup.bash
-- Up-to-date symlink: /home/mlemsalu/ros2_ws_luke/install/rosbag2_transport/share/rosbag2_transport/local_setup.sh
-- Up-to-date symlink: /home/mlemsalu/ros2_ws_luke/install/rosbag2_transport/share/rosbag2_transport/local_setup.zsh
-- Up-to-date symlink: /home/mlemsalu/ros2_ws_luke/install/rosbag2_transport/share/rosbag2_transport/local_setup.dsv
-- Symlinking: /home/mlemsalu/ros2_ws_luke/install/rosbag2_transport/share/rosbag2_transport/package.dsv
-- Up-to-date symlink: /home/mlemsalu/ros2_ws_luke/install/rosbag2_transport/share/ament_index/resource_index/packages/rosbag2_transport
-- Up-to-date symlink: /home/mlemsalu/ros2_ws_luke/install/rosbag2_transport/share/rosbag2_transport/cmake/ament_cmake_export_include_directories-extras.cmake
-- Up-to-date symlink: /home/mlemsalu/ros2_ws_luke/install/rosbag2_transport/share/rosbag2_transport/cmake/ament_cmake_export_libraries-extras.cmake
-- Up-to-date symlink: /home/mlemsalu/ros2_ws_luke/install/rosbag2_transport/share/rosbag2_transport/cmake/ament_cmake_export_targets-extras.cmake
-- Up-to-date symlink: /home/mlemsalu/ros2_ws_luke/install/rosbag2_transport/share/rosbag2_transport/cmake/ament_cmake_export_dependencies-extras.cmake
-- Up-to-date symlink: /home/mlemsalu/ros2_ws_luke/install/rosbag2_transport/share/rosbag2_transport/cmake/rosbag2_transportConfig.cmake
-- Up-to-date symlink: /home/mlemsalu/ros2_ws_luke/install/rosbag2_transport/share/rosbag2_transport/cmake/rosbag2_transportConfig-version.cmake
-- Up-to-date symlink: /home/mlemsalu/ros2_ws_luke/install/rosbag2_transport/share/rosbag2_transport/package.xml
Listing '/home/mlemsalu/ros2_ws_luke/install/rosbag2_transport/lib/python3.8/site-packages/rosbag2_transport'...
-- Up-to-date: /home/mlemsalu/ros2_ws_luke/install/rosbag2_transport/lib/librosbag2_transport.so
-- Up-to-date: /home/mlemsalu/ros2_ws_luke/install/rosbag2_transport/share/rosbag2_transport/cmake/export_rosbag2_transportExport.cmake
-- Installing: /home/mlemsalu/ros2_ws_luke/install/rosbag2_transport/share/rosbag2_transport/cmake/export_rosbag2_transportExport-release.cmake
