-- The C compiler identification is GNU 9.4.0
-- The CXX compiler identification is GNU 9.4.0
-- Check for working C compiler: /usr/bin/cc
-- Check for working C compiler: /usr/bin/cc -- works
-- Detecting C compiler ABI info
-- Detecting C compiler ABI info - done
-- Detecting C compile features
-- Detecting C compile features - done
-- Check for working CXX compiler: /usr/bin/c++
-- Check for working CXX compiler: /usr/bin/c++ -- works
-- Detecting CXX compiler ABI info
-- Detecting CXX compiler ABI info - done
-- Detecting CXX compile features
-- Detecting CXX compile features - done
-- Found ament_cmake: 0.9.11 (/opt/ros/foxy/share/ament_cmake/cmake)
-- Found PythonInterp: /usr/bin/python3 (found suitable version "3.8.10", minimum required is "3") 
-- Using PYTHON_EXECUTABLE: /usr/bin/python3
-- Override CMake install command with custom implementation using symlinks instead of copying resources
-- Found ament_cmake_ros: 0.9.2 (/opt/ros/foxy/share/ament_cmake_ros/cmake)
-- Found rosbag2_compression: 0.7.0 (/home/mlemsalu/ros2_ws_luke/install/rosbag2_compression/share/rosbag2_compression/cmake)
-- Using all available rosidl_typesupport_c: rosidl_typesupport_fastrtps_c;rosidl_typesupport_introspection_c
-- Found rosidl_adapter: 1.3.0 (/opt/ros/foxy/share/rosidl_adapter/cmake)
-- Found OpenSSL: /usr/lib/x86_64-linux-gnu/libcrypto.so (found version "1.1.1f")  
-- Found FastRTPS: /opt/ros/foxy/include  
-- Using all available rosidl_typesupport_cpp: rosidl_typesupport_fastrtps_cpp;rosidl_typesupport_introspection_cpp
-- Found rmw_implementation_cmake: 1.0.4 (/opt/ros/foxy/share/rmw_implementation_cmake/cmake)
-- Using RMW implementation 'rmw_fastrtps_cpp' as default
-- Looking for pthread.h
-- Looking for pthread.h - found
-- Performing Test CMAKE_HAVE_LIBC_PTHREAD
-- Performing Test CMAKE_HAVE_LIBC_PTHREAD - Failed
-- Looking for pthread_create in pthreads
-- Looking for pthread_create in pthreads - not found
-- Looking for pthread_create in pthread
-- Looking for pthread_create in pthread - found
-- Found Threads: TRUE  
-- Setting yaml-cpp_DIR to: '/opt/ros/foxy/share/yaml_cpp_vendor/cmake/../../../opt/yaml_cpp_vendor/lib/cmake/yaml-cpp'
-- Found python_cmake_module: 0.8.1 (/opt/ros/foxy/share/python_cmake_module/cmake)
-- Found PythonInterp: /usr/bin/python3 (found suitable version "3.8.10", minimum required is "3.5") 
-- Found PythonLibs: /usr/lib/x86_64-linux-gnu/libpython3.8.so (found suitable version "3.8.10", minimum required is "3.5") 
-- Using PYTHON_EXECUTABLE: /usr/bin/python3
-- Using PYTHON_INCLUDE_DIRS: /usr/include/python3.8
-- Using PYTHON_LIBRARIES: /usr/lib/x86_64-linux-gnu/libpython3.8.so
-- Found PythonExtra: .so  
-- Found PythonInterp: /usr/bin/python3 (found version "3.8.10") 
-- Found PythonLibs: /usr/lib/x86_64-linux-gnu/libpython3.8.so
-- Performing Test HAS_FLTO
-- Performing Test HAS_FLTO - Success
-- LTO enabled
-- Found ament_lint_auto: 0.9.8 (/opt/ros/foxy/share/ament_lint_auto/cmake)
-- Added test 'copyright' to check source files copyright and LICENSE
-- Added test 'cppcheck' to perform static code analysis on C / C++ code
-- Configured cppcheck include dirs: 
-- Configured cppcheck exclude dirs and/or files: 
-- Added test 'cpplint' to check C / C++ code against the Google style
-- Configured cpplint exclude dirs and/or files: 
-- Added test 'flake8' to check Python code syntax and style conventions
-- Added test 'lint_cmake' to check CMake code style
-- Added test 'pep257' to check Python code against some of the style conventions in PEP 257
-- Added test 'uncrustify' to check C / C++ code style
-- Configured uncrustify additional arguments: 
-- Added test 'xmllint' to check XML markup files
-- Configuring done
-- Generating done
-- Build files have been written to: /home/mlemsalu/ros2_ws_luke/build/rosbag2_py
[35m[1mScanning dependencies of target _info[0m
[35m[1mScanning dependencies of target _storage[0m
[35m[1mScanning dependencies of target _writer[0m
[35m[1mScanning dependencies of target _reader[0m
[ 11%] [32mBuilding CXX object CMakeFiles/_info.dir/src/rosbag2_py/_info.cpp.o[0m
[ 22%] [32mBuilding CXX object CMakeFiles/_storage.dir/src/rosbag2_py/format_bag_metadata.cpp.o[0m
[ 33%] [32mBuilding CXX object CMakeFiles/_storage.dir/src/rosbag2_py/_storage.cpp.o[0m
[ 44%] [32mBuilding CXX object CMakeFiles/_reader.dir/src/rosbag2_py/_reader.cpp.o[0m
[ 55%] [32mBuilding CXX object CMakeFiles/_writer.dir/src/rosbag2_py/_writer.cpp.o[0m
[ 66%] [32m[1mLinking CXX shared library _info.cpython-38-x86_64-linux-gnu.so[0m
[ 77%] [32m[1mLinking CXX shared library _writer.cpython-38-x86_64-linux-gnu.so[0m
[ 88%] [32m[1mLinking CXX shared library _reader.cpython-38-x86_64-linux-gnu.so[0m
[100%] [32m[1mLinking CXX shared library _storage.cpython-38-x86_64-linux-gnu.so[0m
[100%] Built target _info
[100%] Built target _writer
[100%] Built target _reader
[100%] Built target _storage
-- Install configuration: "Release"
-- Execute custom install script
-- Symlinking: /home/mlemsalu/ros2_ws_luke/install/rosbag2_py/share/rosbag2_py/environment/pythonpath.sh
-- Symlinking: /home/mlemsalu/ros2_ws_luke/install/rosbag2_py/share/rosbag2_py/environment/pythonpath.dsv
-- Symlinking: /home/mlemsalu/ros2_ws_luke/install/rosbag2_py/lib/python3.8/site-packages/rosbag2_py/__init__.py
-- Symlinking: /home/mlemsalu/ros2_ws_luke/install/rosbag2_py/lib/python3.8/site-packages/rosbag2_py/_reader.cpython-38-x86_64-linux-gnu.so
-- Symlinking: /home/mlemsalu/ros2_ws_luke/install/rosbag2_py/lib/python3.8/site-packages/rosbag2_py/_storage.cpython-38-x86_64-linux-gnu.so
-- Symlinking: /home/mlemsalu/ros2_ws_luke/install/rosbag2_py/lib/python3.8/site-packages/rosbag2_py/_writer.cpython-38-x86_64-linux-gnu.so
-- Symlinking: /home/mlemsalu/ros2_ws_luke/install/rosbag2_py/lib/python3.8/site-packages/rosbag2_py/_info.cpython-38-x86_64-linux-gnu.so
-- Symlinking: /home/mlemsalu/ros2_ws_luke/install/rosbag2_py/share/ament_index/resource_index/package_run_dependencies/rosbag2_py
-- Symlinking: /home/mlemsalu/ros2_ws_luke/install/rosbag2_py/share/ament_index/resource_index/parent_prefix_path/rosbag2_py
-- Symlinking: /home/mlemsalu/ros2_ws_luke/install/rosbag2_py/share/rosbag2_py/environment/ament_prefix_path.sh
-- Symlinking: /home/mlemsalu/ros2_ws_luke/install/rosbag2_py/share/rosbag2_py/environment/ament_prefix_path.dsv
-- Symlinking: /home/mlemsalu/ros2_ws_luke/install/rosbag2_py/share/rosbag2_py/environment/path.sh
-- Symlinking: /home/mlemsalu/ros2_ws_luke/install/rosbag2_py/share/rosbag2_py/environment/path.dsv
-- Symlinking: /home/mlemsalu/ros2_ws_luke/install/rosbag2_py/share/rosbag2_py/local_setup.bash
-- Symlinking: /home/mlemsalu/ros2_ws_luke/install/rosbag2_py/share/rosbag2_py/local_setup.sh
-- Symlinking: /home/mlemsalu/ros2_ws_luke/install/rosbag2_py/share/rosbag2_py/local_setup.zsh
-- Symlinking: /home/mlemsalu/ros2_ws_luke/install/rosbag2_py/share/rosbag2_py/local_setup.dsv
-- Symlinking: /home/mlemsalu/ros2_ws_luke/install/rosbag2_py/share/rosbag2_py/package.dsv
-- Symlinking: /home/mlemsalu/ros2_ws_luke/install/rosbag2_py/share/ament_index/resource_index/packages/rosbag2_py
-- Symlinking: /home/mlemsalu/ros2_ws_luke/install/rosbag2_py/share/rosbag2_py/cmake/rosbag2_pyConfig.cmake
-- Symlinking: /home/mlemsalu/ros2_ws_luke/install/rosbag2_py/share/rosbag2_py/cmake/rosbag2_pyConfig-version.cmake
-- Symlinking: /home/mlemsalu/ros2_ws_luke/install/rosbag2_py/share/rosbag2_py/package.xml
Listing '/home/mlemsalu/ros2_ws_luke/install/rosbag2_py/lib/python3.8/site-packages/rosbag2_py'...
Compiling '/home/mlemsalu/ros2_ws_luke/install/rosbag2_py/lib/python3.8/site-packages/rosbag2_py/__init__.py'...
