[0.028s] Invoking command in '/home/mlemsalu/ros2_ws_luke/build/rosbag2_py': AMENT_PREFIX_PATH=/home/mlemsalu/ros2_ws_luke/install/rosbag2_compression:/home/mlemsalu/ros2_ws_luke/install/rosbag2_cpp:/home/mlemsalu/ros2_ws_luke/install/rosbag2_storage_default_plugins:/home/mlemsalu/ros2_ws_luke/install/rosbag2_storage:/home/mlemsalu/ros2_ws_luke/install/sqlite3_vendor:/home/mlemsalu/ros2_ws_luke/install/shared_queues_vendor:${AMENT_PREFIX_PATH} CMAKE_PREFIX_PATH=/home/mlemsalu/ros2_ws_luke/install/rosbag2_compression:/home/mlemsalu/ros2_ws_luke/install/rosbag2_cpp:/home/mlemsalu/ros2_ws_luke/install/rosbag2_storage_default_plugins:/home/mlemsalu/ros2_ws_luke/install/rosbag2_storage:/home/mlemsalu/ros2_ws_luke/install/sqlite3_vendor:/home/mlemsalu/ros2_ws_luke/install/shared_queues_vendor:/opt/ros/foxy LD_LIBRARY_PATH=/home/mlemsalu/ros2_ws_luke/install/rosbag2_compression/lib:/home/mlemsalu/ros2_ws_luke/install/rosbag2_cpp/lib:/home/mlemsalu/ros2_ws_luke/install/rosbag2_storage_default_plugins/lib:/home/mlemsalu/ros2_ws_luke/install/rosbag2_storage/lib:${LD_LIBRARY_PATH} /usr/bin/cmake /home/mlemsalu/ros2_ws_luke/src/rosbag2-foxy-future/rosbag2_py -DCMAKE_BUILD_TYPE=Release -DAMENT_CMAKE_SYMLINK_INSTALL=1 -DCMAKE_INSTALL_PREFIX=/home/mlemsalu/ros2_ws_luke/install/rosbag2_py
[0.080s] -- The C compiler identification is GNU 9.4.0
[0.134s] -- The CXX compiler identification is GNU 9.4.0
[0.139s] -- Check for working C compiler: /usr/bin/cc
[0.214s] -- Check for working C compiler: /usr/bin/cc -- works
[0.215s] -- Detecting C compiler ABI info
[0.300s] -- Detecting C compiler ABI info - done
[0.312s] -- Detecting C compile features
[0.312s] -- Detecting C compile features - done
[0.314s] -- Check for working CXX compiler: /usr/bin/c++
[0.405s] -- Check for working CXX compiler: /usr/bin/c++ -- works
[0.406s] -- Detecting CXX compiler ABI info
[0.505s] -- Detecting CXX compiler ABI info - done
[0.524s] -- Detecting CXX compile features
[0.525s] -- Detecting CXX compile features - done
[0.529s] -- Found ament_cmake: 0.9.11 (/opt/ros/foxy/share/ament_cmake/cmake)
[0.554s] -- Found PythonInterp: /usr/bin/python3 (found suitable version "3.8.10", minimum required is "3") 
[0.554s] -- Using PYTHON_EXECUTABLE: /usr/bin/python3
[0.724s] -- Override CMake install command with custom implementation using symlinks instead of copying resources
[0.763s] -- Found ament_cmake_ros: 0.9.2 (/opt/ros/foxy/share/ament_cmake_ros/cmake)
[0.773s] -- Found rosbag2_compression: 0.7.0 (/home/mlemsalu/ros2_ws_luke/install/rosbag2_compression/share/rosbag2_compression/cmake)
[0.875s] -- Using all available rosidl_typesupport_c: rosidl_typesupport_fastrtps_c;rosidl_typesupport_introspection_c
[0.883s] -- Found rosidl_adapter: 1.3.0 (/opt/ros/foxy/share/rosidl_adapter/cmake)
[0.971s] -- Found OpenSSL: /usr/lib/x86_64-linux-gnu/libcrypto.so (found version "1.1.1f")  
[1.000s] -- Found FastRTPS: /opt/ros/foxy/include  
[1.070s] -- Using all available rosidl_typesupport_cpp: rosidl_typesupport_fastrtps_cpp;rosidl_typesupport_introspection_cpp
[1.135s] -- Found rmw_implementation_cmake: 1.0.4 (/opt/ros/foxy/share/rmw_implementation_cmake/cmake)
[1.139s] -- Using RMW implementation 'rmw_fastrtps_cpp' as default
[1.139s] -- Looking for pthread.h
[1.216s] -- Looking for pthread.h - found
[1.216s] -- Performing Test CMAKE_HAVE_LIBC_PTHREAD
[1.304s] -- Performing Test CMAKE_HAVE_LIBC_PTHREAD - Failed
[1.304s] -- Looking for pthread_create in pthreads
[1.367s] -- Looking for pthread_create in pthreads - not found
[1.367s] -- Looking for pthread_create in pthread
[1.443s] -- Looking for pthread_create in pthread - found
[1.444s] -- Found Threads: TRUE  
[1.636s] -- Setting yaml-cpp_DIR to: '/opt/ros/foxy/share/yaml_cpp_vendor/cmake/../../../opt/yaml_cpp_vendor/lib/cmake/yaml-cpp'
[1.644s] -- Found python_cmake_module: 0.8.1 (/opt/ros/foxy/share/python_cmake_module/cmake)
[1.666s] -- Found PythonInterp: /usr/bin/python3 (found suitable version "3.8.10", minimum required is "3.5") 
[1.671s] -- Found PythonLibs: /usr/lib/x86_64-linux-gnu/libpython3.8.so (found suitable version "3.8.10", minimum required is "3.5") 
[1.671s] -- Using PYTHON_EXECUTABLE: /usr/bin/python3
[1.671s] -- Using PYTHON_INCLUDE_DIRS: /usr/include/python3.8
[1.672s] -- Using PYTHON_LIBRARIES: /usr/lib/x86_64-linux-gnu/libpython3.8.so
[1.693s] -- Found PythonExtra: .so  
[1.727s] -- Found PythonInterp: /usr/bin/python3 (found version "3.8.10") 
[1.754s] -- Found PythonLibs: /usr/lib/x86_64-linux-gnu/libpython3.8.so
[1.787s] -- Performing Test HAS_FLTO
[1.972s] -- Performing Test HAS_FLTO - Success
[1.973s] -- LTO enabled
[1.987s] -- Found ament_lint_auto: 0.9.8 (/opt/ros/foxy/share/ament_lint_auto/cmake)
[4.699s] -- Added test 'copyright' to check source files copyright and LICENSE
[4.703s] -- Added test 'cppcheck' to perform static code analysis on C / C++ code
[4.704s] -- Configured cppcheck include dirs: 
[4.704s] -- Configured cppcheck exclude dirs and/or files: 
[4.708s] -- Added test 'cpplint' to check C / C++ code against the Google style
[4.708s] -- Configured cpplint exclude dirs and/or files: 
[4.710s] -- Added test 'flake8' to check Python code syntax and style conventions
[4.712s] -- Added test 'lint_cmake' to check CMake code style
[4.713s] -- Added test 'pep257' to check Python code against some of the style conventions in PEP 257
[4.717s] -- Added test 'uncrustify' to check C / C++ code style
[4.717s] -- Configured uncrustify additional arguments: 
[4.733s] -- Added test 'xmllint' to check XML markup files
[4.741s] -- Configuring done
[4.789s] -- Generating done
[4.796s] -- Build files have been written to: /home/mlemsalu/ros2_ws_luke/build/rosbag2_py
[4.815s] Invoked command in '/home/mlemsalu/ros2_ws_luke/build/rosbag2_py' returned '0': AMENT_PREFIX_PATH=/home/mlemsalu/ros2_ws_luke/install/rosbag2_compression:/home/mlemsalu/ros2_ws_luke/install/rosbag2_cpp:/home/mlemsalu/ros2_ws_luke/install/rosbag2_storage_default_plugins:/home/mlemsalu/ros2_ws_luke/install/rosbag2_storage:/home/mlemsalu/ros2_ws_luke/install/sqlite3_vendor:/home/mlemsalu/ros2_ws_luke/install/shared_queues_vendor:${AMENT_PREFIX_PATH} CMAKE_PREFIX_PATH=/home/mlemsalu/ros2_ws_luke/install/rosbag2_compression:/home/mlemsalu/ros2_ws_luke/install/rosbag2_cpp:/home/mlemsalu/ros2_ws_luke/install/rosbag2_storage_default_plugins:/home/mlemsalu/ros2_ws_luke/install/rosbag2_storage:/home/mlemsalu/ros2_ws_luke/install/sqlite3_vendor:/home/mlemsalu/ros2_ws_luke/install/shared_queues_vendor:/opt/ros/foxy LD_LIBRARY_PATH=/home/mlemsalu/ros2_ws_luke/install/rosbag2_compression/lib:/home/mlemsalu/ros2_ws_luke/install/rosbag2_cpp/lib:/home/mlemsalu/ros2_ws_luke/install/rosbag2_storage_default_plugins/lib:/home/mlemsalu/ros2_ws_luke/install/rosbag2_storage/lib:${LD_LIBRARY_PATH} /usr/bin/cmake /home/mlemsalu/ros2_ws_luke/src/rosbag2-foxy-future/rosbag2_py -DCMAKE_BUILD_TYPE=Release -DAMENT_CMAKE_SYMLINK_INSTALL=1 -DCMAKE_INSTALL_PREFIX=/home/mlemsalu/ros2_ws_luke/install/rosbag2_py
[4.816s] Invoking command in '/home/mlemsalu/ros2_ws_luke/build/rosbag2_py': AMENT_PREFIX_PATH=/home/mlemsalu/ros2_ws_luke/install/rosbag2_compression:/home/mlemsalu/ros2_ws_luke/install/rosbag2_cpp:/home/mlemsalu/ros2_ws_luke/install/rosbag2_storage_default_plugins:/home/mlemsalu/ros2_ws_luke/install/rosbag2_storage:/home/mlemsalu/ros2_ws_luke/install/sqlite3_vendor:/home/mlemsalu/ros2_ws_luke/install/shared_queues_vendor:${AMENT_PREFIX_PATH} CMAKE_PREFIX_PATH=/home/mlemsalu/ros2_ws_luke/install/rosbag2_compression:/home/mlemsalu/ros2_ws_luke/install/rosbag2_cpp:/home/mlemsalu/ros2_ws_luke/install/rosbag2_storage_default_plugins:/home/mlemsalu/ros2_ws_luke/install/rosbag2_storage:/home/mlemsalu/ros2_ws_luke/install/sqlite3_vendor:/home/mlemsalu/ros2_ws_luke/install/shared_queues_vendor:/opt/ros/foxy LD_LIBRARY_PATH=/home/mlemsalu/ros2_ws_luke/install/rosbag2_compression/lib:/home/mlemsalu/ros2_ws_luke/install/rosbag2_cpp/lib:/home/mlemsalu/ros2_ws_luke/install/rosbag2_storage_default_plugins/lib:/home/mlemsalu/ros2_ws_luke/install/rosbag2_storage/lib:${LD_LIBRARY_PATH} /usr/bin/cmake --build /home/mlemsalu/ros2_ws_luke/build/rosbag2_py -- -j12 -l12
[5.021s] [35m[1mScanning dependencies of target _info[0m
[5.098s] [35m[1mScanning dependencies of target _storage[0m
[5.109s] [35m[1mScanning dependencies of target _writer[0m
[5.122s] [35m[1mScanning dependencies of target _reader[0m
[5.188s] [ 11%] [32mBuilding CXX object CMakeFiles/_info.dir/src/rosbag2_py/_info.cpp.o[0m
[5.322s] [ 22%] [32mBuilding CXX object CMakeFiles/_storage.dir/src/rosbag2_py/format_bag_metadata.cpp.o[0m
[5.323s] [ 33%] [32mBuilding CXX object CMakeFiles/_storage.dir/src/rosbag2_py/_storage.cpp.o[0m
[5.325s] [ 44%] [32mBuilding CXX object CMakeFiles/_reader.dir/src/rosbag2_py/_reader.cpp.o[0m
[5.335s] [ 55%] [32mBuilding CXX object CMakeFiles/_writer.dir/src/rosbag2_py/_writer.cpp.o[0m
[10.294s] [ 66%] [32m[1mLinking CXX shared library _info.cpython-38-x86_64-linux-gnu.so[0m
[11.330s] [ 77%] [32m[1mLinking CXX shared library _writer.cpython-38-x86_64-linux-gnu.so[0m
[11.464s] [ 88%] [32m[1mLinking CXX shared library _reader.cpython-38-x86_64-linux-gnu.so[0m
[12.291s] [100%] [32m[1mLinking CXX shared library _storage.cpython-38-x86_64-linux-gnu.so[0m
[13.902s] [100%] Built target _info
[13.975s] [100%] Built target _writer
[14.699s] [100%] Built target _reader
[19.407s] [100%] Built target _storage
[19.452s] Invoked command in '/home/mlemsalu/ros2_ws_luke/build/rosbag2_py' returned '0': AMENT_PREFIX_PATH=/home/mlemsalu/ros2_ws_luke/install/rosbag2_compression:/home/mlemsalu/ros2_ws_luke/install/rosbag2_cpp:/home/mlemsalu/ros2_ws_luke/install/rosbag2_storage_default_plugins:/home/mlemsalu/ros2_ws_luke/install/rosbag2_storage:/home/mlemsalu/ros2_ws_luke/install/sqlite3_vendor:/home/mlemsalu/ros2_ws_luke/install/shared_queues_vendor:${AMENT_PREFIX_PATH} CMAKE_PREFIX_PATH=/home/mlemsalu/ros2_ws_luke/install/rosbag2_compression:/home/mlemsalu/ros2_ws_luke/install/rosbag2_cpp:/home/mlemsalu/ros2_ws_luke/install/rosbag2_storage_default_plugins:/home/mlemsalu/ros2_ws_luke/install/rosbag2_storage:/home/mlemsalu/ros2_ws_luke/install/sqlite3_vendor:/home/mlemsalu/ros2_ws_luke/install/shared_queues_vendor:/opt/ros/foxy LD_LIBRARY_PATH=/home/mlemsalu/ros2_ws_luke/install/rosbag2_compression/lib:/home/mlemsalu/ros2_ws_luke/install/rosbag2_cpp/lib:/home/mlemsalu/ros2_ws_luke/install/rosbag2_storage_default_plugins/lib:/home/mlemsalu/ros2_ws_luke/install/rosbag2_storage/lib:${LD_LIBRARY_PATH} /usr/bin/cmake --build /home/mlemsalu/ros2_ws_luke/build/rosbag2_py -- -j12 -l12
[20.086s] Invoking command in '/home/mlemsalu/ros2_ws_luke/build/rosbag2_py': AMENT_PREFIX_PATH=/home/mlemsalu/ros2_ws_luke/install/rosbag2_compression:/home/mlemsalu/ros2_ws_luke/install/rosbag2_cpp:/home/mlemsalu/ros2_ws_luke/install/rosbag2_storage_default_plugins:/home/mlemsalu/ros2_ws_luke/install/rosbag2_storage:/home/mlemsalu/ros2_ws_luke/install/sqlite3_vendor:/home/mlemsalu/ros2_ws_luke/install/shared_queues_vendor:${AMENT_PREFIX_PATH} CMAKE_PREFIX_PATH=/home/mlemsalu/ros2_ws_luke/install/rosbag2_compression:/home/mlemsalu/ros2_ws_luke/install/rosbag2_cpp:/home/mlemsalu/ros2_ws_luke/install/rosbag2_storage_default_plugins:/home/mlemsalu/ros2_ws_luke/install/rosbag2_storage:/home/mlemsalu/ros2_ws_luke/install/sqlite3_vendor:/home/mlemsalu/ros2_ws_luke/install/shared_queues_vendor:/opt/ros/foxy LD_LIBRARY_PATH=/home/mlemsalu/ros2_ws_luke/install/rosbag2_compression/lib:/home/mlemsalu/ros2_ws_luke/install/rosbag2_cpp/lib:/home/mlemsalu/ros2_ws_luke/install/rosbag2_storage_default_plugins/lib:/home/mlemsalu/ros2_ws_luke/install/rosbag2_storage/lib:${LD_LIBRARY_PATH} /usr/bin/cmake --install /home/mlemsalu/ros2_ws_luke/build/rosbag2_py
[20.127s] -- Install configuration: "Release"
[20.137s] -- Execute custom install script
[20.137s] -- Symlinking: /home/mlemsalu/ros2_ws_luke/install/rosbag2_py/share/rosbag2_py/environment/pythonpath.sh
[20.186s] -- Symlinking: /home/mlemsalu/ros2_ws_luke/install/rosbag2_py/share/rosbag2_py/environment/pythonpath.dsv
[20.248s] -- Symlinking: /home/mlemsalu/ros2_ws_luke/install/rosbag2_py/lib/python3.8/site-packages/rosbag2_py/__init__.py
[20.310s] -- Symlinking: /home/mlemsalu/ros2_ws_luke/install/rosbag2_py/lib/python3.8/site-packages/rosbag2_py/_reader.cpython-38-x86_64-linux-gnu.so
[20.374s] -- Symlinking: /home/mlemsalu/ros2_ws_luke/install/rosbag2_py/lib/python3.8/site-packages/rosbag2_py/_storage.cpython-38-x86_64-linux-gnu.so
[20.406s] -- Symlinking: /home/mlemsalu/ros2_ws_luke/install/rosbag2_py/lib/python3.8/site-packages/rosbag2_py/_writer.cpython-38-x86_64-linux-gnu.so
[20.455s] -- Symlinking: /home/mlemsalu/ros2_ws_luke/install/rosbag2_py/lib/python3.8/site-packages/rosbag2_py/_info.cpython-38-x86_64-linux-gnu.so
[20.515s] -- Symlinking: /home/mlemsalu/ros2_ws_luke/install/rosbag2_py/share/ament_index/resource_index/package_run_dependencies/rosbag2_py
[20.575s] -- Symlinking: /home/mlemsalu/ros2_ws_luke/install/rosbag2_py/share/ament_index/resource_index/parent_prefix_path/rosbag2_py
[20.648s] -- Symlinking: /home/mlemsalu/ros2_ws_luke/install/rosbag2_py/share/rosbag2_py/environment/ament_prefix_path.sh
[20.701s] -- Symlinking: /home/mlemsalu/ros2_ws_luke/install/rosbag2_py/share/rosbag2_py/environment/ament_prefix_path.dsv
[20.745s] -- Symlinking: /home/mlemsalu/ros2_ws_luke/install/rosbag2_py/share/rosbag2_py/environment/path.sh
[20.809s] -- Symlinking: /home/mlemsalu/ros2_ws_luke/install/rosbag2_py/share/rosbag2_py/environment/path.dsv
[20.882s] -- Symlinking: /home/mlemsalu/ros2_ws_luke/install/rosbag2_py/share/rosbag2_py/local_setup.bash
[20.934s] -- Symlinking: /home/mlemsalu/ros2_ws_luke/install/rosbag2_py/share/rosbag2_py/local_setup.sh
[20.995s] -- Symlinking: /home/mlemsalu/ros2_ws_luke/install/rosbag2_py/share/rosbag2_py/local_setup.zsh
[21.037s] -- Symlinking: /home/mlemsalu/ros2_ws_luke/install/rosbag2_py/share/rosbag2_py/local_setup.dsv
[21.070s] -- Symlinking: /home/mlemsalu/ros2_ws_luke/install/rosbag2_py/share/rosbag2_py/package.dsv
[21.110s] -- Symlinking: /home/mlemsalu/ros2_ws_luke/install/rosbag2_py/share/ament_index/resource_index/packages/rosbag2_py
[21.159s] -- Symlinking: /home/mlemsalu/ros2_ws_luke/install/rosbag2_py/share/rosbag2_py/cmake/rosbag2_pyConfig.cmake
[21.210s] -- Symlinking: /home/mlemsalu/ros2_ws_luke/install/rosbag2_py/share/rosbag2_py/cmake/rosbag2_pyConfig-version.cmake
[21.255s] -- Symlinking: /home/mlemsalu/ros2_ws_luke/install/rosbag2_py/share/rosbag2_py/package.xml
[21.426s] Listing '/home/mlemsalu/ros2_ws_luke/install/rosbag2_py/lib/python3.8/site-packages/rosbag2_py'...
[21.426s] Compiling '/home/mlemsalu/ros2_ws_luke/install/rosbag2_py/lib/python3.8/site-packages/rosbag2_py/__init__.py'...
[21.446s] Invoked command in '/home/mlemsalu/ros2_ws_luke/build/rosbag2_py' returned '0': AMENT_PREFIX_PATH=/home/mlemsalu/ros2_ws_luke/install/rosbag2_compression:/home/mlemsalu/ros2_ws_luke/install/rosbag2_cpp:/home/mlemsalu/ros2_ws_luke/install/rosbag2_storage_default_plugins:/home/mlemsalu/ros2_ws_luke/install/rosbag2_storage:/home/mlemsalu/ros2_ws_luke/install/sqlite3_vendor:/home/mlemsalu/ros2_ws_luke/install/shared_queues_vendor:${AMENT_PREFIX_PATH} CMAKE_PREFIX_PATH=/home/mlemsalu/ros2_ws_luke/install/rosbag2_compression:/home/mlemsalu/ros2_ws_luke/install/rosbag2_cpp:/home/mlemsalu/ros2_ws_luke/install/rosbag2_storage_default_plugins:/home/mlemsalu/ros2_ws_luke/install/rosbag2_storage:/home/mlemsalu/ros2_ws_luke/install/sqlite3_vendor:/home/mlemsalu/ros2_ws_luke/install/shared_queues_vendor:/opt/ros/foxy LD_LIBRARY_PATH=/home/mlemsalu/ros2_ws_luke/install/rosbag2_compression/lib:/home/mlemsalu/ros2_ws_luke/install/rosbag2_cpp/lib:/home/mlemsalu/ros2_ws_luke/install/rosbag2_storage_default_plugins/lib:/home/mlemsalu/ros2_ws_luke/install/rosbag2_storage/lib:${LD_LIBRARY_PATH} /usr/bin/cmake --install /home/mlemsalu/ros2_ws_luke/build/rosbag2_py
