-- Found ament_cmake: 0.9.11 (/opt/ros/foxy/share/ament_cmake/cmake)
-- Using PYTHON_EXECUTABLE: /usr/bin/python3
-- Override CMake install command with custom implementation using symlinks instead of copying resources
-- Found rclcpp: 2.4.2 (/opt/ros/foxy/share/rclcpp/cmake)
-- Using all available rosidl_typesupport_c: rosidl_typesupport_fastrtps_c;rosidl_typesupport_introspection_c
-- Found rosidl_adapter: 1.3.0 (/opt/ros/foxy/share/rosidl_adapter/cmake)
-- Using all available rosidl_typesupport_cpp: rosidl_typesupport_fastrtps_cpp;rosidl_typesupport_introspection_cpp
-- Found rmw_implementation_cmake: 1.0.4 (/opt/ros/foxy/share/rmw_implementation_cmake/cmake)
-- Using RMW implementation 'rmw_fastrtps_cpp' as default
-- Found rosbag2: 0.7.0 (/home/mlemsalu/ros2_ws_luke/install/rosbag2/share/rosbag2/cmake)
-- Found sensor_msgs: 2.0.5 (/opt/ros/foxy/share/sensor_msgs/cmake)
-- Found message_filters: 3.2.5 (/opt/ros/foxy/share/message_filters/cmake)
-- Found nav_msgs: 2.0.5 (/opt/ros/foxy/share/nav_msgs/cmake)
-- Found ament_lint_auto: 0.9.8 (/opt/ros/foxy/share/ament_lint_auto/cmake)
-- Added test 'copyright' to check source files copyright and LICENSE
-- Added test 'cppcheck' to perform static code analysis on C / C++ code
-- Configured cppcheck include dirs: 
-- Configured cppcheck exclude dirs and/or files: 
-- Added test 'cpplint' to check C / C++ code against the Google style
-- Configured cpplint exclude dirs and/or files: 
-- Added test 'lint_cmake' to check CMake code style
-- Added test 'uncrustify' to check C / C++ code style
-- Configured uncrustify additional arguments: 
-- Added test 'xmllint' to check XML markup files
-- Configuring done
-- Generating done
-- Build files have been written to: /home/mlemsalu/ros2_ws_luke/build/message_sync_lidar_cam
[100%] Built target sync_node_lidar_cam
-- Install configuration: "Release"
-- Execute custom install script
-- Up-to-date symlink: /home/mlemsalu/ros2_ws_luke/install/message_sync_lidar_cam/lib/message_sync_lidar_cam/sync_node_lidar_cam
-- Up-to-date symlink: /home/mlemsalu/ros2_ws_luke/install/message_sync_lidar_cam/share/ament_index/resource_index/package_run_dependencies/message_sync_lidar_cam
-- Up-to-date symlink: /home/mlemsalu/ros2_ws_luke/install/message_sync_lidar_cam/share/ament_index/resource_index/parent_prefix_path/message_sync_lidar_cam
-- Up-to-date symlink: /home/mlemsalu/ros2_ws_luke/install/message_sync_lidar_cam/share/message_sync_lidar_cam/environment/ament_prefix_path.sh
-- Up-to-date symlink: /home/mlemsalu/ros2_ws_luke/install/message_sync_lidar_cam/share/message_sync_lidar_cam/environment/ament_prefix_path.dsv
-- Up-to-date symlink: /home/mlemsalu/ros2_ws_luke/install/message_sync_lidar_cam/share/message_sync_lidar_cam/environment/path.sh
-- Up-to-date symlink: /home/mlemsalu/ros2_ws_luke/install/message_sync_lidar_cam/share/message_sync_lidar_cam/environment/path.dsv
-- Up-to-date symlink: /home/mlemsalu/ros2_ws_luke/install/message_sync_lidar_cam/share/message_sync_lidar_cam/local_setup.bash
-- Up-to-date symlink: /home/mlemsalu/ros2_ws_luke/install/message_sync_lidar_cam/share/message_sync_lidar_cam/local_setup.sh
-- Up-to-date symlink: /home/mlemsalu/ros2_ws_luke/install/message_sync_lidar_cam/share/message_sync_lidar_cam/local_setup.zsh
-- Up-to-date symlink: /home/mlemsalu/ros2_ws_luke/install/message_sync_lidar_cam/share/message_sync_lidar_cam/local_setup.dsv
-- Symlinking: /home/mlemsalu/ros2_ws_luke/install/message_sync_lidar_cam/share/message_sync_lidar_cam/package.dsv
-- Up-to-date symlink: /home/mlemsalu/ros2_ws_luke/install/message_sync_lidar_cam/share/ament_index/resource_index/packages/message_sync_lidar_cam
-- Up-to-date symlink: /home/mlemsalu/ros2_ws_luke/install/message_sync_lidar_cam/share/message_sync_lidar_cam/cmake/message_sync_lidar_camConfig.cmake
-- Up-to-date symlink: /home/mlemsalu/ros2_ws_luke/install/message_sync_lidar_cam/share/message_sync_lidar_cam/cmake/message_sync_lidar_camConfig-version.cmake
-- Up-to-date symlink: /home/mlemsalu/ros2_ws_luke/install/message_sync_lidar_cam/share/message_sync_lidar_cam/package.xml
