[0.012s] Invoking command in '/home/mlemsalu/ros2_ws_luke/build/zed_components': AMENT_PREFIX_PATH=/home/mlemsalu/ros2_ws_luke/install/zed_interfaces:${AMENT_PREFIX_PATH} CMAKE_PREFIX_PATH=/home/mlemsalu/ros2_ws_luke/install/zed_interfaces:/opt/ros/foxy LD_LIBRARY_PATH=/home/mlemsalu/ros2_ws_luke/install/zed_interfaces/lib:${LD_LIBRARY_PATH} PYTHONPATH=/home/mlemsalu/ros2_ws_luke/install/zed_interfaces/lib/python3.8/site-packages:${PYTHONPATH} /usr/bin/cmake /home/mlemsalu/ros2_ws_luke/src/zed-ros2-wrapper/zed_components -DCMAKE_INSTALL_PREFIX=/home/mlemsalu/ros2_ws_luke/install/zed_components
[0.050s] -- Found CUDA: /usr/local/cuda (found suitable version "12.1", minimum required is "12") 
[0.093s] -- Found CUDA: /usr/local/cuda (found version "12.1") 
[0.094s] -- Found ament_cmake_auto: 0.9.11 (/opt/ros/foxy/share/ament_cmake_auto/cmake)
[0.116s] -- Using PYTHON_EXECUTABLE: /usr/bin/python3
[0.291s] -- Override CMake install command with custom implementation using symlinks instead of copying resources
[0.355s] -- Using all available rosidl_typesupport_c: rosidl_typesupport_fastrtps_c;rosidl_typesupport_introspection_c
[0.358s] -- Found rosidl_adapter: 1.3.0 (/opt/ros/foxy/share/rosidl_adapter/cmake)
[0.457s] -- Using all available rosidl_typesupport_cpp: rosidl_typesupport_fastrtps_cpp;rosidl_typesupport_introspection_cpp
[0.758s] -- Found rmw_implementation_cmake: 1.0.4 (/opt/ros/foxy/share/rmw_implementation_cmake/cmake)
[0.759s] -- Using RMW implementation 'rmw_fastrtps_cpp' as default
[1.678s] -- Found eigen3_cmake_module: 0.1.1 (/opt/ros/foxy/share/eigen3_cmake_module/cmake)
[2.105s] -- Found ament_lint_auto: 0.9.8 (/opt/ros/foxy/share/ament_lint_auto/cmake)
[2.129s] -- Added test 'copyright' to check source files copyright and LICENSE
[2.131s] -- Added test 'cppcheck' to perform static code analysis on C / C++ code
[2.131s] -- Configured cppcheck include dirs: /home/mlemsalu/ros2_ws_luke/src/zed-ros2-wrapper/zed_components/src/include;/home/mlemsalu/ros2_ws_luke/src/zed-ros2-wrapper/zed_components/src/zed_camera/include;/home/mlemsalu/ros2_ws_luke/src/zed-ros2-wrapper/zed_components/src/tools/include
[2.131s] -- Configured cppcheck exclude dirs and/or files: 
[2.132s] -- Added test 'lint_cmake' to check CMake code style
[2.133s] -- Added test 'uncrustify' to check C / C++ code style
[2.133s] -- Configured uncrustify additional arguments: 
[2.134s] -- Added test 'xmllint' to check XML markup files
[2.139s] -- Configuring done
[2.172s] -- Generating done
[2.174s] -- Build files have been written to: /home/mlemsalu/ros2_ws_luke/build/zed_components
[2.182s] Invoked command in '/home/mlemsalu/ros2_ws_luke/build/zed_components' returned '0': AMENT_PREFIX_PATH=/home/mlemsalu/ros2_ws_luke/install/zed_interfaces:${AMENT_PREFIX_PATH} CMAKE_PREFIX_PATH=/home/mlemsalu/ros2_ws_luke/install/zed_interfaces:/opt/ros/foxy LD_LIBRARY_PATH=/home/mlemsalu/ros2_ws_luke/install/zed_interfaces/lib:${LD_LIBRARY_PATH} PYTHONPATH=/home/mlemsalu/ros2_ws_luke/install/zed_interfaces/lib/python3.8/site-packages:${PYTHONPATH} /usr/bin/cmake /home/mlemsalu/ros2_ws_luke/src/zed-ros2-wrapper/zed_components -DCMAKE_INSTALL_PREFIX=/home/mlemsalu/ros2_ws_luke/install/zed_components
[2.185s] Invoking command in '/home/mlemsalu/ros2_ws_luke/build/zed_components': AMENT_PREFIX_PATH=/home/mlemsalu/ros2_ws_luke/install/zed_interfaces:${AMENT_PREFIX_PATH} CMAKE_PREFIX_PATH=/home/mlemsalu/ros2_ws_luke/install/zed_interfaces:/opt/ros/foxy LD_LIBRARY_PATH=/home/mlemsalu/ros2_ws_luke/install/zed_interfaces/lib:${LD_LIBRARY_PATH} PYTHONPATH=/home/mlemsalu/ros2_ws_luke/install/zed_interfaces/lib/python3.8/site-packages:${PYTHONPATH} /usr/bin/cmake --build /home/mlemsalu/ros2_ws_luke/build/zed_components -- -j12 -l12
[2.295s] [100%] Built target zed_camera_component
[2.309s] Invoked command in '/home/mlemsalu/ros2_ws_luke/build/zed_components' returned '0': AMENT_PREFIX_PATH=/home/mlemsalu/ros2_ws_luke/install/zed_interfaces:${AMENT_PREFIX_PATH} CMAKE_PREFIX_PATH=/home/mlemsalu/ros2_ws_luke/install/zed_interfaces:/opt/ros/foxy LD_LIBRARY_PATH=/home/mlemsalu/ros2_ws_luke/install/zed_interfaces/lib:${LD_LIBRARY_PATH} PYTHONPATH=/home/mlemsalu/ros2_ws_luke/install/zed_interfaces/lib/python3.8/site-packages:${PYTHONPATH} /usr/bin/cmake --build /home/mlemsalu/ros2_ws_luke/build/zed_components -- -j12 -l12
[2.345s] Invoking command in '/home/mlemsalu/ros2_ws_luke/build/zed_components': AMENT_PREFIX_PATH=/home/mlemsalu/ros2_ws_luke/install/zed_interfaces:${AMENT_PREFIX_PATH} CMAKE_PREFIX_PATH=/home/mlemsalu/ros2_ws_luke/install/zed_interfaces:/opt/ros/foxy LD_LIBRARY_PATH=/home/mlemsalu/ros2_ws_luke/install/zed_interfaces/lib:${LD_LIBRARY_PATH} PYTHONPATH=/home/mlemsalu/ros2_ws_luke/install/zed_interfaces/lib/python3.8/site-packages:${PYTHONPATH} /usr/bin/cmake --install /home/mlemsalu/ros2_ws_luke/build/zed_components
[2.356s] -- Install configuration: "Release"
[2.357s] -- Execute custom install script
[2.357s] -- Up-to-date symlink: /home/mlemsalu/ros2_ws_luke/install/zed_components/lib/libzed_camera_component.so
[2.358s] -- Up-to-date symlink: /home/mlemsalu/ros2_ws_luke/install/zed_components/include/zed_components//cost_traversability.hpp
[2.358s] -- Up-to-date symlink: /home/mlemsalu/ros2_ws_luke/install/zed_components/include/zed_components//sl_types.hpp
[2.359s] -- Up-to-date symlink: /home/mlemsalu/ros2_ws_luke/install/zed_components/include/zed_components//zed_camera_component.hpp
[2.359s] -- Up-to-date symlink: /home/mlemsalu/ros2_ws_luke/install/zed_components/include/zed_components//sl_logging.hpp
[2.360s] -- Up-to-date symlink: /home/mlemsalu/ros2_ws_luke/install/zed_components/include/zed_components//sl_tools.hpp
[2.360s] -- Up-to-date symlink: /home/mlemsalu/ros2_ws_luke/install/zed_components/include/zed_components//sl_win_avg.hpp
[2.360s] -- Up-to-date symlink: /home/mlemsalu/ros2_ws_luke/install/zed_components/include/zed_components//visibility_control.hpp
[2.361s] -- Up-to-date symlink: /home/mlemsalu/ros2_ws_luke/install/zed_components/share/zed_components/environment/library_path.sh
[2.361s] -- Up-to-date symlink: /home/mlemsalu/ros2_ws_luke/install/zed_components/share/zed_components/environment/library_path.dsv
[2.361s] -- Up-to-date symlink: /home/mlemsalu/ros2_ws_luke/install/zed_components/share/ament_index/resource_index/package_run_dependencies/zed_components
[2.362s] -- Up-to-date symlink: /home/mlemsalu/ros2_ws_luke/install/zed_components/share/ament_index/resource_index/parent_prefix_path/zed_components
[2.362s] -- Up-to-date symlink: /home/mlemsalu/ros2_ws_luke/install/zed_components/share/zed_components/environment/ament_prefix_path.sh
[2.363s] -- Up-to-date symlink: /home/mlemsalu/ros2_ws_luke/install/zed_components/share/zed_components/environment/ament_prefix_path.dsv
[2.363s] -- Up-to-date symlink: /home/mlemsalu/ros2_ws_luke/install/zed_components/share/zed_components/environment/path.sh
[2.363s] -- Up-to-date symlink: /home/mlemsalu/ros2_ws_luke/install/zed_components/share/zed_components/environment/path.dsv
[2.364s] -- Up-to-date symlink: /home/mlemsalu/ros2_ws_luke/install/zed_components/share/zed_components/local_setup.bash
[2.364s] -- Up-to-date symlink: /home/mlemsalu/ros2_ws_luke/install/zed_components/share/zed_components/local_setup.sh
[2.365s] -- Up-to-date symlink: /home/mlemsalu/ros2_ws_luke/install/zed_components/share/zed_components/local_setup.zsh
[2.365s] -- Up-to-date symlink: /home/mlemsalu/ros2_ws_luke/install/zed_components/share/zed_components/local_setup.dsv
[2.365s] -- Symlinking: /home/mlemsalu/ros2_ws_luke/install/zed_components/share/zed_components/package.dsv
[2.377s] -- Up-to-date symlink: /home/mlemsalu/ros2_ws_luke/install/zed_components/share/ament_index/resource_index/packages/zed_components
[2.377s] -- Up-to-date symlink: /home/mlemsalu/ros2_ws_luke/install/zed_components/share/ament_index/resource_index/rclcpp_components/zed_components
[2.378s] -- Up-to-date symlink: /home/mlemsalu/ros2_ws_luke/install/zed_components/share/zed_components/cmake/ament_cmake_export_include_directories-extras.cmake
[2.378s] -- Up-to-date symlink: /home/mlemsalu/ros2_ws_luke/install/zed_components/share/zed_components/cmake/ament_cmake_export_libraries-extras.cmake
[2.379s] -- Up-to-date symlink: /home/mlemsalu/ros2_ws_luke/install/zed_components/share/zed_components/cmake/ament_cmake_export_dependencies-extras.cmake
[2.379s] -- Up-to-date symlink: /home/mlemsalu/ros2_ws_luke/install/zed_components/share/zed_components/cmake/zed_componentsConfig.cmake
[2.379s] -- Up-to-date symlink: /home/mlemsalu/ros2_ws_luke/install/zed_components/share/zed_components/cmake/zed_componentsConfig-version.cmake
[2.380s] -- Up-to-date symlink: /home/mlemsalu/ros2_ws_luke/install/zed_components/share/zed_components/package.xml
[2.386s] Invoked command in '/home/mlemsalu/ros2_ws_luke/build/zed_components' returned '0': AMENT_PREFIX_PATH=/home/mlemsalu/ros2_ws_luke/install/zed_interfaces:${AMENT_PREFIX_PATH} CMAKE_PREFIX_PATH=/home/mlemsalu/ros2_ws_luke/install/zed_interfaces:/opt/ros/foxy LD_LIBRARY_PATH=/home/mlemsalu/ros2_ws_luke/install/zed_interfaces/lib:${LD_LIBRARY_PATH} PYTHONPATH=/home/mlemsalu/ros2_ws_luke/install/zed_interfaces/lib/python3.8/site-packages:${PYTHONPATH} /usr/bin/cmake --install /home/mlemsalu/ros2_ws_luke/build/zed_components
