[0.015s] Invoking command in '/home/mlemsalu/ros2_ws_luke/build/zed_components': AMENT_PREFIX_PATH=/home/mlemsalu/ros2_ws_luke/install/zed_interfaces:${AMENT_PREFIX_PATH} CMAKE_PREFIX_PATH=/home/mlemsalu/ros2_ws_luke/install/zed_interfaces:/opt/ros/foxy LD_LIBRARY_PATH=/home/mlemsalu/ros2_ws_luke/install/zed_interfaces/lib:${LD_LIBRARY_PATH} PYTHONPATH=/home/mlemsalu/ros2_ws_luke/install/zed_interfaces/lib/python3.8/site-packages:${PYTHONPATH} /usr/bin/cmake /home/mlemsalu/ros2_ws_luke/src/zed-ros2-wrapper/zed_components -DCMAKE_BUILD_TYPE=Release -DAMENT_CMAKE_SYMLINK_INSTALL=1 -DCMAKE_INSTALL_PREFIX=/home/mlemsalu/ros2_ws_luke/install/zed_components
[0.102s] -- The C compiler identification is GNU 9.4.0
[0.188s] -- The CXX compiler identification is GNU 9.4.0
[0.193s] -- Check for working C compiler: /usr/bin/cc
[0.284s] -- Check for working C compiler: /usr/bin/cc -- works
[0.286s] -- Detecting C compiler ABI info
[0.393s] -- Detecting C compiler ABI info - done
[0.413s] -- Detecting C compile features
[0.413s] -- Detecting C compile features - done
[0.417s] -- Check for working CXX compiler: /usr/bin/c++
[0.543s] -- Check for working CXX compiler: /usr/bin/c++ -- works
[0.545s] -- Detecting CXX compiler ABI info
[0.675s] -- Detecting CXX compiler ABI info - done
[0.700s] -- Detecting CXX compile features
[0.701s] -- Detecting CXX compile features - done
[0.708s] -- Looking for sgemm_
[0.822s] -- Looking for sgemm_ - not found
[0.824s] -- Looking for pthread.h
[0.943s] -- Looking for pthread.h - found
[0.943s] -- Performing Test CMAKE_HAVE_LIBC_PTHREAD
[1.065s] -- Performing Test CMAKE_HAVE_LIBC_PTHREAD - Failed
[1.065s] -- Looking for pthread_create in pthreads
[1.160s] -- Looking for pthread_create in pthreads - not found
[1.160s] -- Looking for pthread_create in pthread
[1.276s] -- Looking for pthread_create in pthread - found
[1.277s] -- Found Threads: TRUE  
[1.303s] -- Looking for sgemm_
[1.485s] -- Looking for sgemm_ - found
[1.486s] -- Found BLAS: /usr/lib/x86_64-linux-gnu/libopenblas.so  
[1.513s] -- Found CUDA: /usr/local/cuda (found suitable version "12.1", minimum required is "12") 
[1.679s] -- Found CUDA: /usr/local/cuda (found version "12.1") 
[1.682s] -- Found ament_cmake_auto: 0.9.11 (/opt/ros/foxy/share/ament_cmake_auto/cmake)
[1.724s] -- Found PythonInterp: /usr/bin/python3 (found suitable version "3.8.10", minimum required is "3") 
[1.724s] -- Using PYTHON_EXECUTABLE: /usr/bin/python3
[2.050s] -- Override CMake install command with custom implementation using symlinks instead of copying resources
[2.229s] -- Using all available rosidl_typesupport_c: rosidl_typesupport_fastrtps_c;rosidl_typesupport_introspection_c
[2.240s] -- Found rosidl_adapter: 1.3.0 (/opt/ros/foxy/share/rosidl_adapter/cmake)
[2.361s] -- Found OpenSSL: /usr/lib/x86_64-linux-gnu/libcrypto.so (found version "1.1.1f")  
[2.396s] -- Found FastRTPS: /opt/ros/foxy/include  
[2.522s] -- Using all available rosidl_typesupport_cpp: rosidl_typesupport_fastrtps_cpp;rosidl_typesupport_introspection_cpp
[3.273s] -- Found rmw_implementation_cmake: 1.0.4 (/opt/ros/foxy/share/rmw_implementation_cmake/cmake)
[3.276s] -- Using RMW implementation 'rmw_fastrtps_cpp' as default
[4.457s] -- Found eigen3_cmake_module: 0.1.1 (/opt/ros/foxy/share/eigen3_cmake_module/cmake)
[4.460s] -- Found Eigen3: TRUE (found version "3.3.7") 
[4.950s] -- Found ament_lint_auto: 0.9.8 (/opt/ros/foxy/share/ament_lint_auto/cmake)
[4.983s] -- Added test 'copyright' to check source files copyright and LICENSE
[4.985s] -- Added test 'cppcheck' to perform static code analysis on C / C++ code
[4.985s] -- Configured cppcheck include dirs: /home/mlemsalu/ros2_ws_luke/src/zed-ros2-wrapper/zed_components/src/include;/home/mlemsalu/ros2_ws_luke/src/zed-ros2-wrapper/zed_components/src/zed_camera/include;/home/mlemsalu/ros2_ws_luke/src/zed-ros2-wrapper/zed_components/src/tools/include
[4.985s] -- Configured cppcheck exclude dirs and/or files: 
[4.986s] -- Added test 'lint_cmake' to check CMake code style
[4.988s] -- Added test 'uncrustify' to check C / C++ code style
[4.988s] -- Configured uncrustify additional arguments: 
[4.989s] -- Added test 'xmllint' to check XML markup files
[4.997s] -- Configuring done
[5.035s] -- Generating done
[5.037s] -- Build files have been written to: /home/mlemsalu/ros2_ws_luke/build/zed_components
[5.046s] Invoked command in '/home/mlemsalu/ros2_ws_luke/build/zed_components' returned '0': AMENT_PREFIX_PATH=/home/mlemsalu/ros2_ws_luke/install/zed_interfaces:${AMENT_PREFIX_PATH} CMAKE_PREFIX_PATH=/home/mlemsalu/ros2_ws_luke/install/zed_interfaces:/opt/ros/foxy LD_LIBRARY_PATH=/home/mlemsalu/ros2_ws_luke/install/zed_interfaces/lib:${LD_LIBRARY_PATH} PYTHONPATH=/home/mlemsalu/ros2_ws_luke/install/zed_interfaces/lib/python3.8/site-packages:${PYTHONPATH} /usr/bin/cmake /home/mlemsalu/ros2_ws_luke/src/zed-ros2-wrapper/zed_components -DCMAKE_BUILD_TYPE=Release -DAMENT_CMAKE_SYMLINK_INSTALL=1 -DCMAKE_INSTALL_PREFIX=/home/mlemsalu/ros2_ws_luke/install/zed_components
[5.047s] Invoking command in '/home/mlemsalu/ros2_ws_luke/build/zed_components': AMENT_PREFIX_PATH=/home/mlemsalu/ros2_ws_luke/install/zed_interfaces:${AMENT_PREFIX_PATH} CMAKE_PREFIX_PATH=/home/mlemsalu/ros2_ws_luke/install/zed_interfaces:/opt/ros/foxy LD_LIBRARY_PATH=/home/mlemsalu/ros2_ws_luke/install/zed_interfaces/lib:${LD_LIBRARY_PATH} PYTHONPATH=/home/mlemsalu/ros2_ws_luke/install/zed_interfaces/lib/python3.8/site-packages:${PYTHONPATH} /usr/bin/cmake --build /home/mlemsalu/ros2_ws_luke/build/zed_components -- -j12 -l12
[5.104s] [35m[1mScanning dependencies of target zed_camera_component[0m
[5.217s] [ 50%] [32mBuilding CXX object CMakeFiles/zed_camera_component.dir/src/tools/src/sl_win_avg.cpp.o[0m
[5.217s] [ 50%] [32mBuilding CXX object CMakeFiles/zed_camera_component.dir/src/tools/src/sl_tools.cpp.o[0m
[5.222s] [ 75%] [32mBuilding CXX object CMakeFiles/zed_camera_component.dir/src/zed_camera/src/zed_camera_component.cpp.o[0m
[6.355s] In file included from [01m[K/home/mlemsalu/ros2_ws_luke/src/zed-ros2-wrapper/zed_components/src/zed_camera/include/zed_camera_component.hpp:19[m[K,
[6.355s]                  from [01m[K/home/mlemsalu/ros2_ws_luke/src/zed-ros2-wrapper/zed_components/src/zed_camera/src/zed_camera_component.cpp:20[m[K:
[6.355s] [01m[K/usr/local/zed/include/sl/Fusion.hpp:68:64:[m[K [01;36m[Knote: [m[K#pragma message: ~ FUSION SDK is distributed in Early Access ~
[6.355s]    68 | #pragma message("~ FUSION SDK is distributed in Early Access ~"[01;36m[K)[m[K
[6.355s]       |                                                                [01;36m[K^[m[K
[58.682s] [100%] [32m[1mLinking CXX shared library libzed_camera_component.so[0m
[59.874s] [100%] Built target zed_camera_component
[59.904s] Invoked command in '/home/mlemsalu/ros2_ws_luke/build/zed_components' returned '0': AMENT_PREFIX_PATH=/home/mlemsalu/ros2_ws_luke/install/zed_interfaces:${AMENT_PREFIX_PATH} CMAKE_PREFIX_PATH=/home/mlemsalu/ros2_ws_luke/install/zed_interfaces:/opt/ros/foxy LD_LIBRARY_PATH=/home/mlemsalu/ros2_ws_luke/install/zed_interfaces/lib:${LD_LIBRARY_PATH} PYTHONPATH=/home/mlemsalu/ros2_ws_luke/install/zed_interfaces/lib/python3.8/site-packages:${PYTHONPATH} /usr/bin/cmake --build /home/mlemsalu/ros2_ws_luke/build/zed_components -- -j12 -l12
[60.461s] Invoking command in '/home/mlemsalu/ros2_ws_luke/build/zed_components': AMENT_PREFIX_PATH=/home/mlemsalu/ros2_ws_luke/install/zed_interfaces:${AMENT_PREFIX_PATH} CMAKE_PREFIX_PATH=/home/mlemsalu/ros2_ws_luke/install/zed_interfaces:/opt/ros/foxy LD_LIBRARY_PATH=/home/mlemsalu/ros2_ws_luke/install/zed_interfaces/lib:${LD_LIBRARY_PATH} PYTHONPATH=/home/mlemsalu/ros2_ws_luke/install/zed_interfaces/lib/python3.8/site-packages:${PYTHONPATH} /usr/bin/cmake --install /home/mlemsalu/ros2_ws_luke/build/zed_components
[60.502s] -- Install configuration: "Release"
[60.503s] -- Execute custom install script
[60.503s] -- Symlinking: /home/mlemsalu/ros2_ws_luke/install/zed_components/lib/libzed_camera_component.so
[60.555s] -- Symlinking: /home/mlemsalu/ros2_ws_luke/install/zed_components/include/zed_components//cost_traversability.hpp
[60.581s] -- Symlinking: /home/mlemsalu/ros2_ws_luke/install/zed_components/include/zed_components//sl_types.hpp
[60.617s] -- Symlinking: /home/mlemsalu/ros2_ws_luke/install/zed_components/include/zed_components//zed_camera_component.hpp
[60.646s] -- Symlinking: /home/mlemsalu/ros2_ws_luke/install/zed_components/include/zed_components//sl_logging.hpp
[60.689s] -- Symlinking: /home/mlemsalu/ros2_ws_luke/install/zed_components/include/zed_components//sl_tools.hpp
[60.717s] -- Symlinking: /home/mlemsalu/ros2_ws_luke/install/zed_components/include/zed_components//sl_win_avg.hpp
[60.749s] -- Symlinking: /home/mlemsalu/ros2_ws_luke/install/zed_components/include/zed_components//visibility_control.hpp
[60.785s] -- Symlinking: /home/mlemsalu/ros2_ws_luke/install/zed_components/share/zed_components/environment/library_path.sh
[60.826s] -- Symlinking: /home/mlemsalu/ros2_ws_luke/install/zed_components/share/zed_components/environment/library_path.dsv
[60.843s] -- Symlinking: /home/mlemsalu/ros2_ws_luke/install/zed_components/share/ament_index/resource_index/package_run_dependencies/zed_components
[60.865s] -- Symlinking: /home/mlemsalu/ros2_ws_luke/install/zed_components/share/ament_index/resource_index/parent_prefix_path/zed_components
[60.911s] -- Symlinking: /home/mlemsalu/ros2_ws_luke/install/zed_components/share/zed_components/environment/ament_prefix_path.sh
[60.950s] -- Symlinking: /home/mlemsalu/ros2_ws_luke/install/zed_components/share/zed_components/environment/ament_prefix_path.dsv
[60.994s] -- Symlinking: /home/mlemsalu/ros2_ws_luke/install/zed_components/share/zed_components/environment/path.sh
[61.047s] -- Symlinking: /home/mlemsalu/ros2_ws_luke/install/zed_components/share/zed_components/environment/path.dsv
[61.082s] -- Symlinking: /home/mlemsalu/ros2_ws_luke/install/zed_components/share/zed_components/local_setup.bash
[61.132s] -- Symlinking: /home/mlemsalu/ros2_ws_luke/install/zed_components/share/zed_components/local_setup.sh
[61.179s] -- Symlinking: /home/mlemsalu/ros2_ws_luke/install/zed_components/share/zed_components/local_setup.zsh
[61.211s] -- Symlinking: /home/mlemsalu/ros2_ws_luke/install/zed_components/share/zed_components/local_setup.dsv
[61.258s] -- Symlinking: /home/mlemsalu/ros2_ws_luke/install/zed_components/share/zed_components/package.dsv
[61.337s] -- Symlinking: /home/mlemsalu/ros2_ws_luke/install/zed_components/share/ament_index/resource_index/packages/zed_components
[61.435s] -- Symlinking: /home/mlemsalu/ros2_ws_luke/install/zed_components/share/ament_index/resource_index/rclcpp_components/zed_components
[61.548s] -- Symlinking: /home/mlemsalu/ros2_ws_luke/install/zed_components/share/zed_components/cmake/ament_cmake_export_include_directories-extras.cmake
[61.618s] -- Symlinking: /home/mlemsalu/ros2_ws_luke/install/zed_components/share/zed_components/cmake/ament_cmake_export_libraries-extras.cmake
[61.677s] -- Symlinking: /home/mlemsalu/ros2_ws_luke/install/zed_components/share/zed_components/cmake/ament_cmake_export_dependencies-extras.cmake
[61.726s] -- Symlinking: /home/mlemsalu/ros2_ws_luke/install/zed_components/share/zed_components/cmake/zed_componentsConfig.cmake
[61.775s] -- Symlinking: /home/mlemsalu/ros2_ws_luke/install/zed_components/share/zed_components/cmake/zed_componentsConfig-version.cmake
[61.806s] -- Symlinking: /home/mlemsalu/ros2_ws_luke/install/zed_components/share/zed_components/package.xml
[61.866s] Invoked command in '/home/mlemsalu/ros2_ws_luke/build/zed_components' returned '0': AMENT_PREFIX_PATH=/home/mlemsalu/ros2_ws_luke/install/zed_interfaces:${AMENT_PREFIX_PATH} CMAKE_PREFIX_PATH=/home/mlemsalu/ros2_ws_luke/install/zed_interfaces:/opt/ros/foxy LD_LIBRARY_PATH=/home/mlemsalu/ros2_ws_luke/install/zed_interfaces/lib:${LD_LIBRARY_PATH} PYTHONPATH=/home/mlemsalu/ros2_ws_luke/install/zed_interfaces/lib/python3.8/site-packages:${PYTHONPATH} /usr/bin/cmake --install /home/mlemsalu/ros2_ws_luke/build/zed_components
