[0.027s] Invoking command in '/home/mlemsalu/ros2_ws_luke/build/custom_msgs': AMENT_PREFIX_PATH=/home/mlemsalu/ros2_ws_luke/install/rosbag2:/home/mlemsalu/ros2_ws_luke/install/ros2bag:/home/mlemsalu/ros2_ws_luke/install/rosbag2_transport:/home/mlemsalu/ros2_ws_luke/install/rosbag2_py:/home/mlemsalu/ros2_ws_luke/install/rosbag2_compression_zstd:/home/mlemsalu/ros2_ws_luke/install/rosbag2_compression:/home/mlemsalu/ros2_ws_luke/install/rosbag2_cpp:/home/mlemsalu/ros2_ws_luke/install/rosbag2_storage_default_plugins:/home/mlemsalu/ros2_ws_luke/install/rosbag2_storage:/home/mlemsalu/ros2_ws_luke/install/zstd_vendor:/home/mlemsalu/ros2_ws_luke/install/sqlite3_vendor:/home/mlemsalu/ros2_ws_luke/install/shared_queues_vendor:${AMENT_PREFIX_PATH} CMAKE_PREFIX_PATH=/home/mlemsalu/ros2_ws_luke/install/rosbag2:/home/mlemsalu/ros2_ws_luke/install/rosbag2_transport:/home/mlemsalu/ros2_ws_luke/install/rosbag2_py:/home/mlemsalu/ros2_ws_luke/install/rosbag2_compression_zstd:/home/mlemsalu/ros2_ws_luke/install/rosbag2_compression:/home/mlemsalu/ros2_ws_luke/install/rosbag2_cpp:/home/mlemsalu/ros2_ws_luke/install/rosbag2_storage_default_plugins:/home/mlemsalu/ros2_ws_luke/install/rosbag2_storage:/home/mlemsalu/ros2_ws_luke/install/zstd_vendor:/home/mlemsalu/ros2_ws_luke/install/sqlite3_vendor:/home/mlemsalu/ros2_ws_luke/install/shared_queues_vendor:/opt/ros/foxy LD_LIBRARY_PATH=/home/mlemsalu/ros2_ws_luke/install/rosbag2_transport/lib:/home/mlemsalu/ros2_ws_luke/install/rosbag2_compression_zstd/lib:/home/mlemsalu/ros2_ws_luke/install/rosbag2_compression/lib:/home/mlemsalu/ros2_ws_luke/install/rosbag2_cpp/lib:/home/mlemsalu/ros2_ws_luke/install/rosbag2_storage_default_plugins/lib:/home/mlemsalu/ros2_ws_luke/install/rosbag2_storage/lib:/home/mlemsalu/ros2_ws_luke/install/zstd_vendor/lib:${LD_LIBRARY_PATH} PYTHONPATH=/home/mlemsalu/ros2_ws_luke/build/ros2bag:/home/mlemsalu/ros2_ws_luke/install/ros2bag/lib/python3.8/site-packages:/home/mlemsalu/ros2_ws_luke/install/rosbag2_transport/lib/python3.8/site-packages:/home/mlemsalu/ros2_ws_luke/install/rosbag2_py/lib/python3.8/site-packages:${PYTHONPATH} /usr/bin/cmake /home/mlemsalu/ros2_ws_luke/src/custom_msgs -DCMAKE_BUILD_TYPE=Release -DAMENT_CMAKE_SYMLINK_INSTALL=1 -DCMAKE_INSTALL_PREFIX=/home/mlemsalu/ros2_ws_luke/install/custom_msgs
[0.075s] -- The C compiler identification is GNU 9.4.0
[0.121s] -- The CXX compiler identification is GNU 9.4.0
[0.126s] -- Check for working C compiler: /usr/bin/cc
[0.187s] -- Check for working C compiler: /usr/bin/cc -- works
[0.188s] -- Detecting C compiler ABI info
[0.252s] -- Detecting C compiler ABI info - done
[0.263s] -- Detecting C compile features
[0.263s] -- Detecting C compile features - done
[0.266s] -- Check for working CXX compiler: /usr/bin/c++
[0.336s] -- Check for working CXX compiler: /usr/bin/c++ -- works
[0.337s] -- Detecting CXX compiler ABI info
[0.411s] -- Detecting CXX compiler ABI info - done
[0.430s] -- Detecting CXX compile features
[0.431s] -- Detecting CXX compile features - done
[0.435s] -- Found ament_cmake: 0.9.11 (/opt/ros/foxy/share/ament_cmake/cmake)
[0.462s] -- Found PythonInterp: /usr/bin/python3 (found suitable version "3.8.10", minimum required is "3") 
[0.463s] -- Using PYTHON_EXECUTABLE: /usr/bin/python3
[0.597s] -- Override CMake install command with custom implementation using symlinks instead of copying resources
[0.622s] -- Found rclcpp: 2.4.2 (/opt/ros/foxy/share/rclcpp/cmake)
[0.663s] -- Using all available rosidl_typesupport_c: rosidl_typesupport_fastrtps_c;rosidl_typesupport_introspection_c
[0.670s] -- Found rosidl_adapter: 1.3.0 (/opt/ros/foxy/share/rosidl_adapter/cmake)
[0.737s] -- Found OpenSSL: /usr/lib/x86_64-linux-gnu/libcrypto.so (found version "1.1.1f")  
[0.755s] -- Found FastRTPS: /opt/ros/foxy/include  
[0.817s] -- Using all available rosidl_typesupport_cpp: rosidl_typesupport_fastrtps_cpp;rosidl_typesupport_introspection_cpp
[0.868s] -- Found rmw_implementation_cmake: 1.0.4 (/opt/ros/foxy/share/rmw_implementation_cmake/cmake)
[0.870s] -- Using RMW implementation 'rmw_fastrtps_cpp' as default
[0.870s] -- Looking for pthread.h
[0.942s] -- Looking for pthread.h - found
[0.942s] -- Performing Test CMAKE_HAVE_LIBC_PTHREAD
[1.006s] -- Performing Test CMAKE_HAVE_LIBC_PTHREAD - Failed
[1.006s] -- Looking for pthread_create in pthreads
[1.058s] -- Looking for pthread_create in pthreads - not found
[1.058s] -- Looking for pthread_create in pthread
[1.120s] -- Looking for pthread_create in pthread - found
[1.121s] -- Found Threads: TRUE  
[1.278s] -- Found rosbag2: 0.7.0 (/home/mlemsalu/ros2_ws_luke/install/rosbag2/share/rosbag2/cmake)
[1.279s] -- Found sensor_msgs: 2.0.5 (/opt/ros/foxy/share/sensor_msgs/cmake)
[1.382s] -- Found message_filters: 3.2.5 (/opt/ros/foxy/share/message_filters/cmake)
[1.385s] -- Found nav_msgs: 2.0.5 (/opt/ros/foxy/share/nav_msgs/cmake)
[1.450s] -- Found rosidl_default_generators: 1.0.1 (/opt/ros/foxy/share/rosidl_default_generators/cmake)
[1.493s] -- Found PythonInterp: /usr/bin/python3 (found version "3.8.10") 
[1.681s] -- Found ament_cmake_ros: 0.9.2 (/opt/ros/foxy/share/ament_cmake_ros/cmake)
[1.958s] -- Using all available rosidl_typesupport_c: rosidl_typesupport_fastrtps_c;rosidl_typesupport_introspection_c
[2.113s] -- Using all available rosidl_typesupport_cpp: rosidl_typesupport_fastrtps_cpp;rosidl_typesupport_introspection_cpp
[2.142s] -- Found PythonInterp: /usr/bin/python3 (found suitable version "3.8.10", minimum required is "3.5") 
[2.143s] -- Found python_cmake_module: 0.8.1 (/opt/ros/foxy/share/python_cmake_module/cmake)
[2.170s] -- Found PythonLibs: /usr/lib/x86_64-linux-gnu/libpython3.8.so (found suitable version "3.8.10", minimum required is "3.5") 
[2.170s] -- Using PYTHON_EXECUTABLE: /usr/bin/python3
[2.170s] -- Using PYTHON_INCLUDE_DIRS: /usr/include/python3.8
[2.170s] -- Using PYTHON_LIBRARIES: /usr/lib/x86_64-linux-gnu/libpython3.8.so
[2.192s] -- Found PythonExtra: .so  
[2.292s] -- Found ament_lint_auto: 0.9.8 (/opt/ros/foxy/share/ament_lint_auto/cmake)
[2.315s] -- Added test 'copyright' to check source files copyright and LICENSE
[2.317s] -- Added test 'lint_cmake' to check CMake code style
[2.318s] -- Added test 'xmllint' to check XML markup files
[2.324s] -- Configuring done
[2.405s] -- Generating done
[2.408s] -- Build files have been written to: /home/mlemsalu/ros2_ws_luke/build/custom_msgs
[2.415s] Invoked command in '/home/mlemsalu/ros2_ws_luke/build/custom_msgs' returned '0': AMENT_PREFIX_PATH=/home/mlemsalu/ros2_ws_luke/install/rosbag2:/home/mlemsalu/ros2_ws_luke/install/ros2bag:/home/mlemsalu/ros2_ws_luke/install/rosbag2_transport:/home/mlemsalu/ros2_ws_luke/install/rosbag2_py:/home/mlemsalu/ros2_ws_luke/install/rosbag2_compression_zstd:/home/mlemsalu/ros2_ws_luke/install/rosbag2_compression:/home/mlemsalu/ros2_ws_luke/install/rosbag2_cpp:/home/mlemsalu/ros2_ws_luke/install/rosbag2_storage_default_plugins:/home/mlemsalu/ros2_ws_luke/install/rosbag2_storage:/home/mlemsalu/ros2_ws_luke/install/zstd_vendor:/home/mlemsalu/ros2_ws_luke/install/sqlite3_vendor:/home/mlemsalu/ros2_ws_luke/install/shared_queues_vendor:${AMENT_PREFIX_PATH} CMAKE_PREFIX_PATH=/home/mlemsalu/ros2_ws_luke/install/rosbag2:/home/mlemsalu/ros2_ws_luke/install/rosbag2_transport:/home/mlemsalu/ros2_ws_luke/install/rosbag2_py:/home/mlemsalu/ros2_ws_luke/install/rosbag2_compression_zstd:/home/mlemsalu/ros2_ws_luke/install/rosbag2_compression:/home/mlemsalu/ros2_ws_luke/install/rosbag2_cpp:/home/mlemsalu/ros2_ws_luke/install/rosbag2_storage_default_plugins:/home/mlemsalu/ros2_ws_luke/install/rosbag2_storage:/home/mlemsalu/ros2_ws_luke/install/zstd_vendor:/home/mlemsalu/ros2_ws_luke/install/sqlite3_vendor:/home/mlemsalu/ros2_ws_luke/install/shared_queues_vendor:/opt/ros/foxy LD_LIBRARY_PATH=/home/mlemsalu/ros2_ws_luke/install/rosbag2_transport/lib:/home/mlemsalu/ros2_ws_luke/install/rosbag2_compression_zstd/lib:/home/mlemsalu/ros2_ws_luke/install/rosbag2_compression/lib:/home/mlemsalu/ros2_ws_luke/install/rosbag2_cpp/lib:/home/mlemsalu/ros2_ws_luke/install/rosbag2_storage_default_plugins/lib:/home/mlemsalu/ros2_ws_luke/install/rosbag2_storage/lib:/home/mlemsalu/ros2_ws_luke/install/zstd_vendor/lib:${LD_LIBRARY_PATH} PYTHONPATH=/home/mlemsalu/ros2_ws_luke/build/ros2bag:/home/mlemsalu/ros2_ws_luke/install/ros2bag/lib/python3.8/site-packages:/home/mlemsalu/ros2_ws_luke/install/rosbag2_transport/lib/python3.8/site-packages:/home/mlemsalu/ros2_ws_luke/install/rosbag2_py/lib/python3.8/site-packages:${PYTHONPATH} /usr/bin/cmake /home/mlemsalu/ros2_ws_luke/src/custom_msgs -DCMAKE_BUILD_TYPE=Release -DAMENT_CMAKE_SYMLINK_INSTALL=1 -DCMAKE_INSTALL_PREFIX=/home/mlemsalu/ros2_ws_luke/install/custom_msgs
[2.417s] Invoking command in '/home/mlemsalu/ros2_ws_luke/build/custom_msgs': AMENT_PREFIX_PATH=/home/mlemsalu/ros2_ws_luke/install/rosbag2:/home/mlemsalu/ros2_ws_luke/install/ros2bag:/home/mlemsalu/ros2_ws_luke/install/rosbag2_transport:/home/mlemsalu/ros2_ws_luke/install/rosbag2_py:/home/mlemsalu/ros2_ws_luke/install/rosbag2_compression_zstd:/home/mlemsalu/ros2_ws_luke/install/rosbag2_compression:/home/mlemsalu/ros2_ws_luke/install/rosbag2_cpp:/home/mlemsalu/ros2_ws_luke/install/rosbag2_storage_default_plugins:/home/mlemsalu/ros2_ws_luke/install/rosbag2_storage:/home/mlemsalu/ros2_ws_luke/install/zstd_vendor:/home/mlemsalu/ros2_ws_luke/install/sqlite3_vendor:/home/mlemsalu/ros2_ws_luke/install/shared_queues_vendor:${AMENT_PREFIX_PATH} CMAKE_PREFIX_PATH=/home/mlemsalu/ros2_ws_luke/install/rosbag2:/home/mlemsalu/ros2_ws_luke/install/rosbag2_transport:/home/mlemsalu/ros2_ws_luke/install/rosbag2_py:/home/mlemsalu/ros2_ws_luke/install/rosbag2_compression_zstd:/home/mlemsalu/ros2_ws_luke/install/rosbag2_compression:/home/mlemsalu/ros2_ws_luke/install/rosbag2_cpp:/home/mlemsalu/ros2_ws_luke/install/rosbag2_storage_default_plugins:/home/mlemsalu/ros2_ws_luke/install/rosbag2_storage:/home/mlemsalu/ros2_ws_luke/install/zstd_vendor:/home/mlemsalu/ros2_ws_luke/install/sqlite3_vendor:/home/mlemsalu/ros2_ws_luke/install/shared_queues_vendor:/opt/ros/foxy LD_LIBRARY_PATH=/home/mlemsalu/ros2_ws_luke/install/rosbag2_transport/lib:/home/mlemsalu/ros2_ws_luke/install/rosbag2_compression_zstd/lib:/home/mlemsalu/ros2_ws_luke/install/rosbag2_compression/lib:/home/mlemsalu/ros2_ws_luke/install/rosbag2_cpp/lib:/home/mlemsalu/ros2_ws_luke/install/rosbag2_storage_default_plugins/lib:/home/mlemsalu/ros2_ws_luke/install/rosbag2_storage/lib:/home/mlemsalu/ros2_ws_luke/install/zstd_vendor/lib:${LD_LIBRARY_PATH} PYTHONPATH=/home/mlemsalu/ros2_ws_luke/build/ros2bag:/home/mlemsalu/ros2_ws_luke/install/ros2bag/lib/python3.8/site-packages:/home/mlemsalu/ros2_ws_luke/install/rosbag2_transport/lib/python3.8/site-packages:/home/mlemsalu/ros2_ws_luke/install/rosbag2_py/lib/python3.8/site-packages:${PYTHONPATH} /usr/bin/cmake --build /home/mlemsalu/ros2_ws_luke/build/custom_msgs -- -j12 -l12
[2.458s] [  2%] [34m[1mGenerating C code for ROS interfaces[0m
[2.459s] [35m[1mScanning dependencies of target custom_msgs__cpp[0m
[2.474s] [  5%] [34m[1mGenerating C++ code for ROS interfaces[0m
[2.730s] [  5%] Built target custom_msgs__cpp
[2.734s] [35m[1mScanning dependencies of target custom_msgs__rosidl_generator_c[0m
[2.747s] [  7%] [34m[1mGenerating C++ type support for eProsima Fast-RTPS[0m
[2.748s] [ 10%] [34m[1mGenerating C++ type support dispatch for ROS interfaces[0m
[2.748s] [ 12%] [34m[1mGenerating C++ introspection for ROS interfaces[0m
[2.754s] [ 15%] [32mBuilding C object CMakeFiles/custom_msgs__rosidl_generator_c.dir/rosidl_generator_c/custom_msgs/msg/detail/isobus__functions.c.o[0m
[2.757s] [ 17%] [32mBuilding C object CMakeFiles/custom_msgs__rosidl_generator_c.dir/rosidl_generator_c/custom_msgs/msg/detail/sync__functions.c.o[0m
[2.914s] [ 20%] [32m[1mLinking C shared library libcustom_msgs__rosidl_generator_c.so[0m
[2.979s] [ 20%] Built target custom_msgs__rosidl_generator_c
[2.996s] [ 23%] [34m[1mGenerating C type support dispatch for ROS interfaces[0m
[2.998s] [ 25%] [34m[1mGenerating C introspection for ROS interfaces[0m
[3.026s] [35m[1mScanning dependencies of target custom_msgs__rosidl_typesupport_introspection_cpp[0m
[3.047s] [ 28%] [32mBuilding CXX object CMakeFiles/custom_msgs__rosidl_typesupport_introspection_cpp.dir/rosidl_typesupport_introspection_cpp/custom_msgs/msg/detail/sync__type_support.cpp.o[0m
[3.049s] [35m[1mScanning dependencies of target custom_msgs__rosidl_typesupport_fastrtps_cpp[0m
[3.051s] [ 30%] [32mBuilding CXX object CMakeFiles/custom_msgs__rosidl_typesupport_introspection_cpp.dir/rosidl_typesupport_introspection_cpp/custom_msgs/msg/detail/isobus__type_support.cpp.o[0m
[3.078s] [ 33%] [32mBuilding CXX object CMakeFiles/custom_msgs__rosidl_typesupport_fastrtps_cpp.dir/rosidl_typesupport_fastrtps_cpp/custom_msgs/msg/detail/dds_fastrtps/sync__type_support.cpp.o[0m
[3.078s] [ 35%] [32mBuilding CXX object CMakeFiles/custom_msgs__rosidl_typesupport_fastrtps_cpp.dir/rosidl_typesupport_fastrtps_cpp/custom_msgs/msg/detail/dds_fastrtps/isobus__type_support.cpp.o[0m
[3.115s] [35m[1mScanning dependencies of target custom_msgs__rosidl_typesupport_cpp[0m
[3.143s] [ 41%] [32mBuilding CXX object CMakeFiles/custom_msgs__rosidl_typesupport_cpp.dir/rosidl_typesupport_cpp/custom_msgs/msg/isobus__type_support.cpp.o[0m
[3.143s] [ 41%] [32mBuilding CXX object CMakeFiles/custom_msgs__rosidl_typesupport_cpp.dir/rosidl_typesupport_cpp/custom_msgs/msg/sync__type_support.cpp.o[0m
[3.443s] [35m[1mScanning dependencies of target custom_msgs__rosidl_typesupport_c[0m
[3.470s] [ 43%] [32mBuilding CXX object CMakeFiles/custom_msgs__rosidl_typesupport_c.dir/rosidl_typesupport_c/custom_msgs/msg/sync__type_support.cpp.o[0m
[3.471s] [ 46%] [32mBuilding CXX object CMakeFiles/custom_msgs__rosidl_typesupport_c.dir/rosidl_typesupport_c/custom_msgs/msg/isobus__type_support.cpp.o[0m
[3.499s] [35m[1mScanning dependencies of target custom_msgs__rosidl_typesupport_introspection_c[0m
[3.528s] [ 48%] [32mBuilding C object CMakeFiles/custom_msgs__rosidl_typesupport_introspection_c.dir/rosidl_typesupport_introspection_c/custom_msgs/msg/detail/sync__type_support.c.o[0m
[3.533s] [ 51%] [32mBuilding C object CMakeFiles/custom_msgs__rosidl_typesupport_introspection_c.dir/rosidl_typesupport_introspection_c/custom_msgs/msg/detail/isobus__type_support.c.o[0m
[3.534s] [ 53%] [32m[1mLinking CXX shared library libcustom_msgs__rosidl_typesupport_c.so[0m
[3.596s] [ 56%] [32m[1mLinking C shared library libcustom_msgs__rosidl_typesupport_introspection_c.so[0m
[3.613s] [ 56%] Built target custom_msgs__rosidl_typesupport_c
[3.642s] [ 56%] Built target custom_msgs__rosidl_typesupport_introspection_c
[3.688s] [ 58%] [32m[1mLinking CXX shared library libcustom_msgs__rosidl_typesupport_cpp.so[0m
[3.717s] [ 61%] [32m[1mLinking CXX shared library libcustom_msgs__rosidl_typesupport_introspection_cpp.so[0m
[3.743s] [ 61%] Built target custom_msgs__rosidl_typesupport_cpp
[3.798s] [ 64%] [32m[1mLinking CXX shared library libcustom_msgs__rosidl_typesupport_fastrtps_cpp.so[0m
[3.802s] [ 64%] Built target custom_msgs__rosidl_typesupport_introspection_cpp
[3.891s] [ 64%] Built target custom_msgs__rosidl_typesupport_fastrtps_cpp
[3.903s] [ 66%] [34m[1mGenerating C type support for eProsima Fast-RTPS[0m
[4.133s] [35m[1mScanning dependencies of target custom_msgs__rosidl_typesupport_fastrtps_c[0m
[4.153s] [ 71%] [32mBuilding CXX object CMakeFiles/custom_msgs__rosidl_typesupport_fastrtps_c.dir/rosidl_typesupport_fastrtps_c/custom_msgs/msg/detail/isobus__type_support_c.cpp.o[0m
[4.153s] [ 71%] [32mBuilding CXX object CMakeFiles/custom_msgs__rosidl_typesupport_fastrtps_c.dir/rosidl_typesupport_fastrtps_c/custom_msgs/msg/detail/sync__type_support_c.cpp.o[0m
[4.518s] [ 74%] [32m[1mLinking CXX shared library libcustom_msgs__rosidl_typesupport_fastrtps_c.so[0m
[4.607s] [ 74%] Built target custom_msgs__rosidl_typesupport_fastrtps_c
[4.617s] [35m[1mScanning dependencies of target custom_msgs[0m
[4.628s] [ 74%] Built target custom_msgs
[4.639s] [35m[1mScanning dependencies of target custom_msgs__py[0m
[4.650s] [ 76%] [34m[1mGenerating Python code for ROS interfaces[0m
[5.113s] [ 76%] Built target custom_msgs__py
[5.124s] [35m[1mScanning dependencies of target custom_msgs__python[0m
[5.146s] [ 79%] [32mBuilding C object CMakeFiles/custom_msgs__python.dir/rosidl_generator_py/custom_msgs/msg/_isobus_s.c.o[0m
[5.147s] [ 82%] [32mBuilding C object CMakeFiles/custom_msgs__python.dir/rosidl_generator_py/custom_msgs/msg/_sync_s.c.o[0m
[5.265s] [ 84%] [32m[1mLinking C shared library rosidl_generator_py/custom_msgs/libcustom_msgs__python.so[0m
[5.315s] [ 84%] Built target custom_msgs__python
[5.326s] [35m[1mScanning dependencies of target custom_msgs__rosidl_typesupport_introspection_c__pyext[0m
[5.326s] [35m[1mScanning dependencies of target custom_msgs__rosidl_typesupport_c__pyext[0m
[5.329s] [35m[1mScanning dependencies of target custom_msgs__rosidl_typesupport_fastrtps_c__pyext[0m
[5.346s] [ 87%] [32mBuilding C object CMakeFiles/custom_msgs__rosidl_typesupport_c__pyext.dir/rosidl_generator_py/custom_msgs/_custom_msgs_s.ep.rosidl_typesupport_c.c.o[0m
[5.347s] [ 89%] [32mBuilding C object CMakeFiles/custom_msgs__rosidl_typesupport_introspection_c__pyext.dir/rosidl_generator_py/custom_msgs/_custom_msgs_s.ep.rosidl_typesupport_introspection_c.c.o[0m
[5.357s] [ 92%] [32mBuilding C object CMakeFiles/custom_msgs__rosidl_typesupport_fastrtps_c__pyext.dir/rosidl_generator_py/custom_msgs/_custom_msgs_s.ep.rosidl_typesupport_fastrtps_c.c.o[0m
[5.454s] [ 94%] [32m[1mLinking C shared library rosidl_generator_py/custom_msgs/custom_msgs_s__rosidl_typesupport_c.cpython-38-x86_64-linux-gnu.so[0m
[5.459s] [ 97%] [32m[1mLinking C shared library rosidl_generator_py/custom_msgs/custom_msgs_s__rosidl_typesupport_introspection_c.cpython-38-x86_64-linux-gnu.so[0m
[5.471s] [100%] [32m[1mLinking CXX shared library rosidl_generator_py/custom_msgs/custom_msgs_s__rosidl_typesupport_fastrtps_c.cpython-38-x86_64-linux-gnu.so[0m
[5.506s] [100%] Built target custom_msgs__rosidl_typesupport_c__pyext
[5.507s] [100%] Built target custom_msgs__rosidl_typesupport_introspection_c__pyext
[5.570s] [100%] Built target custom_msgs__rosidl_typesupport_fastrtps_c__pyext
[5.582s] Invoked command in '/home/mlemsalu/ros2_ws_luke/build/custom_msgs' returned '0': AMENT_PREFIX_PATH=/home/mlemsalu/ros2_ws_luke/install/rosbag2:/home/mlemsalu/ros2_ws_luke/install/ros2bag:/home/mlemsalu/ros2_ws_luke/install/rosbag2_transport:/home/mlemsalu/ros2_ws_luke/install/rosbag2_py:/home/mlemsalu/ros2_ws_luke/install/rosbag2_compression_zstd:/home/mlemsalu/ros2_ws_luke/install/rosbag2_compression:/home/mlemsalu/ros2_ws_luke/install/rosbag2_cpp:/home/mlemsalu/ros2_ws_luke/install/rosbag2_storage_default_plugins:/home/mlemsalu/ros2_ws_luke/install/rosbag2_storage:/home/mlemsalu/ros2_ws_luke/install/zstd_vendor:/home/mlemsalu/ros2_ws_luke/install/sqlite3_vendor:/home/mlemsalu/ros2_ws_luke/install/shared_queues_vendor:${AMENT_PREFIX_PATH} CMAKE_PREFIX_PATH=/home/mlemsalu/ros2_ws_luke/install/rosbag2:/home/mlemsalu/ros2_ws_luke/install/rosbag2_transport:/home/mlemsalu/ros2_ws_luke/install/rosbag2_py:/home/mlemsalu/ros2_ws_luke/install/rosbag2_compression_zstd:/home/mlemsalu/ros2_ws_luke/install/rosbag2_compression:/home/mlemsalu/ros2_ws_luke/install/rosbag2_cpp:/home/mlemsalu/ros2_ws_luke/install/rosbag2_storage_default_plugins:/home/mlemsalu/ros2_ws_luke/install/rosbag2_storage:/home/mlemsalu/ros2_ws_luke/install/zstd_vendor:/home/mlemsalu/ros2_ws_luke/install/sqlite3_vendor:/home/mlemsalu/ros2_ws_luke/install/shared_queues_vendor:/opt/ros/foxy LD_LIBRARY_PATH=/home/mlemsalu/ros2_ws_luke/install/rosbag2_transport/lib:/home/mlemsalu/ros2_ws_luke/install/rosbag2_compression_zstd/lib:/home/mlemsalu/ros2_ws_luke/install/rosbag2_compression/lib:/home/mlemsalu/ros2_ws_luke/install/rosbag2_cpp/lib:/home/mlemsalu/ros2_ws_luke/install/rosbag2_storage_default_plugins/lib:/home/mlemsalu/ros2_ws_luke/install/rosbag2_storage/lib:/home/mlemsalu/ros2_ws_luke/install/zstd_vendor/lib:${LD_LIBRARY_PATH} PYTHONPATH=/home/mlemsalu/ros2_ws_luke/build/ros2bag:/home/mlemsalu/ros2_ws_luke/install/ros2bag/lib/python3.8/site-packages:/home/mlemsalu/ros2_ws_luke/install/rosbag2_transport/lib/python3.8/site-packages:/home/mlemsalu/ros2_ws_luke/install/rosbag2_py/lib/python3.8/site-packages:${PYTHONPATH} /usr/bin/cmake --build /home/mlemsalu/ros2_ws_luke/build/custom_msgs -- -j12 -l12
[5.644s] Invoking command in '/home/mlemsalu/ros2_ws_luke/build/custom_msgs': AMENT_PREFIX_PATH=/home/mlemsalu/ros2_ws_luke/install/rosbag2:/home/mlemsalu/ros2_ws_luke/install/ros2bag:/home/mlemsalu/ros2_ws_luke/install/rosbag2_transport:/home/mlemsalu/ros2_ws_luke/install/rosbag2_py:/home/mlemsalu/ros2_ws_luke/install/rosbag2_compression_zstd:/home/mlemsalu/ros2_ws_luke/install/rosbag2_compression:/home/mlemsalu/ros2_ws_luke/install/rosbag2_cpp:/home/mlemsalu/ros2_ws_luke/install/rosbag2_storage_default_plugins:/home/mlemsalu/ros2_ws_luke/install/rosbag2_storage:/home/mlemsalu/ros2_ws_luke/install/zstd_vendor:/home/mlemsalu/ros2_ws_luke/install/sqlite3_vendor:/home/mlemsalu/ros2_ws_luke/install/shared_queues_vendor:${AMENT_PREFIX_PATH} CMAKE_PREFIX_PATH=/home/mlemsalu/ros2_ws_luke/install/rosbag2:/home/mlemsalu/ros2_ws_luke/install/rosbag2_transport:/home/mlemsalu/ros2_ws_luke/install/rosbag2_py:/home/mlemsalu/ros2_ws_luke/install/rosbag2_compression_zstd:/home/mlemsalu/ros2_ws_luke/install/rosbag2_compression:/home/mlemsalu/ros2_ws_luke/install/rosbag2_cpp:/home/mlemsalu/ros2_ws_luke/install/rosbag2_storage_default_plugins:/home/mlemsalu/ros2_ws_luke/install/rosbag2_storage:/home/mlemsalu/ros2_ws_luke/install/zstd_vendor:/home/mlemsalu/ros2_ws_luke/install/sqlite3_vendor:/home/mlemsalu/ros2_ws_luke/install/shared_queues_vendor:/opt/ros/foxy LD_LIBRARY_PATH=/home/mlemsalu/ros2_ws_luke/install/rosbag2_transport/lib:/home/mlemsalu/ros2_ws_luke/install/rosbag2_compression_zstd/lib:/home/mlemsalu/ros2_ws_luke/install/rosbag2_compression/lib:/home/mlemsalu/ros2_ws_luke/install/rosbag2_cpp/lib:/home/mlemsalu/ros2_ws_luke/install/rosbag2_storage_default_plugins/lib:/home/mlemsalu/ros2_ws_luke/install/rosbag2_storage/lib:/home/mlemsalu/ros2_ws_luke/install/zstd_vendor/lib:${LD_LIBRARY_PATH} PYTHONPATH=/home/mlemsalu/ros2_ws_luke/build/ros2bag:/home/mlemsalu/ros2_ws_luke/install/ros2bag/lib/python3.8/site-packages:/home/mlemsalu/ros2_ws_luke/install/rosbag2_transport/lib/python3.8/site-packages:/home/mlemsalu/ros2_ws_luke/install/rosbag2_py/lib/python3.8/site-packages:${PYTHONPATH} /usr/bin/cmake --install /home/mlemsalu/ros2_ws_luke/build/custom_msgs
[5.652s] -- Install configuration: "Release"
[5.652s] -- Execute custom install script
[5.652s] -- Symlinking: /home/mlemsalu/ros2_ws_luke/install/custom_msgs/share/ament_index/resource_index/rosidl_interfaces/custom_msgs
[5.662s] -- Symlinking: /home/mlemsalu/ros2_ws_luke/install/custom_msgs/include/custom_msgs/msg/detail/isobus__functions.h
[5.671s] -- Symlinking: /home/mlemsalu/ros2_ws_luke/install/custom_msgs/include/custom_msgs/msg/detail/isobus__struct.h
[5.680s] -- Symlinking: /home/mlemsalu/ros2_ws_luke/install/custom_msgs/include/custom_msgs/msg/detail/isobus__type_support.h
[5.688s] -- Symlinking: /home/mlemsalu/ros2_ws_luke/install/custom_msgs/include/custom_msgs/msg/detail/sync__functions.h
[5.697s] -- Symlinking: /home/mlemsalu/ros2_ws_luke/install/custom_msgs/include/custom_msgs/msg/detail/sync__struct.h
[5.706s] -- Symlinking: /home/mlemsalu/ros2_ws_luke/install/custom_msgs/include/custom_msgs/msg/detail/sync__type_support.h
[5.714s] -- Symlinking: /home/mlemsalu/ros2_ws_luke/install/custom_msgs/include/custom_msgs/msg/isobus.h
[5.723s] -- Symlinking: /home/mlemsalu/ros2_ws_luke/install/custom_msgs/include/custom_msgs/msg/rosidl_generator_c__visibility_control.h
[5.731s] -- Symlinking: /home/mlemsalu/ros2_ws_luke/install/custom_msgs/include/custom_msgs/msg/sync.h
[5.740s] -- Symlinking: /home/mlemsalu/ros2_ws_luke/install/custom_msgs/share/custom_msgs/environment/library_path.sh
[5.749s] -- Symlinking: /home/mlemsalu/ros2_ws_luke/install/custom_msgs/share/custom_msgs/environment/library_path.dsv
[5.758s] -- Symlinking: /home/mlemsalu/ros2_ws_luke/install/custom_msgs/include/custom_msgs/msg/detail/isobus__rosidl_typesupport_fastrtps_c.h
[5.767s] -- Symlinking: /home/mlemsalu/ros2_ws_luke/install/custom_msgs/include/custom_msgs/msg/detail/sync__rosidl_typesupport_fastrtps_c.h
[5.776s] -- Symlinking: /home/mlemsalu/ros2_ws_luke/install/custom_msgs/include/custom_msgs/msg/rosidl_typesupport_fastrtps_c__visibility_control.h
[5.785s] -- Symlinking: /home/mlemsalu/ros2_ws_luke/install/custom_msgs/lib/libcustom_msgs__rosidl_typesupport_fastrtps_c.so
[5.794s] -- Symlinking: /home/mlemsalu/ros2_ws_luke/install/custom_msgs/include/custom_msgs/msg/detail/isobus__rosidl_typesupport_fastrtps_cpp.hpp
[5.802s] -- Symlinking: /home/mlemsalu/ros2_ws_luke/install/custom_msgs/include/custom_msgs/msg/detail/sync__rosidl_typesupport_fastrtps_cpp.hpp
[5.811s] -- Symlinking: /home/mlemsalu/ros2_ws_luke/install/custom_msgs/include/custom_msgs/msg/rosidl_typesupport_fastrtps_cpp__visibility_control.h
[5.820s] -- Symlinking: /home/mlemsalu/ros2_ws_luke/install/custom_msgs/lib/libcustom_msgs__rosidl_typesupport_fastrtps_cpp.so
[5.829s] -- Symlinking: /home/mlemsalu/ros2_ws_luke/install/custom_msgs/include/custom_msgs/msg/detail/isobus__rosidl_typesupport_introspection_c.h
[5.838s] -- Symlinking: /home/mlemsalu/ros2_ws_luke/install/custom_msgs/include/custom_msgs/msg/detail/sync__rosidl_typesupport_introspection_c.h
[5.847s] -- Symlinking: /home/mlemsalu/ros2_ws_luke/install/custom_msgs/include/custom_msgs/msg/rosidl_typesupport_introspection_c__visibility_control.h
[5.856s] -- Symlinking: /home/mlemsalu/ros2_ws_luke/install/custom_msgs/include/custom_msgs/msg/detail/isobus__builder.hpp
[5.864s] -- Symlinking: /home/mlemsalu/ros2_ws_luke/install/custom_msgs/include/custom_msgs/msg/detail/isobus__struct.hpp
[5.873s] -- Symlinking: /home/mlemsalu/ros2_ws_luke/install/custom_msgs/include/custom_msgs/msg/detail/isobus__traits.hpp
[5.882s] -- Symlinking: /home/mlemsalu/ros2_ws_luke/install/custom_msgs/include/custom_msgs/msg/detail/sync__builder.hpp
[5.890s] -- Symlinking: /home/mlemsalu/ros2_ws_luke/install/custom_msgs/include/custom_msgs/msg/detail/sync__struct.hpp
[5.899s] -- Symlinking: /home/mlemsalu/ros2_ws_luke/install/custom_msgs/include/custom_msgs/msg/detail/sync__traits.hpp
[5.908s] -- Symlinking: /home/mlemsalu/ros2_ws_luke/install/custom_msgs/include/custom_msgs/msg/isobus.hpp
[5.916s] -- Symlinking: /home/mlemsalu/ros2_ws_luke/install/custom_msgs/include/custom_msgs/msg/sync.hpp
[5.925s] -- Symlinking: /home/mlemsalu/ros2_ws_luke/install/custom_msgs/include/custom_msgs/msg/detail/isobus__rosidl_typesupport_introspection_cpp.hpp
[5.934s] -- Symlinking: /home/mlemsalu/ros2_ws_luke/install/custom_msgs/include/custom_msgs/msg/detail/sync__rosidl_typesupport_introspection_cpp.hpp
[5.943s] -- Symlinking: /home/mlemsalu/ros2_ws_luke/install/custom_msgs/share/custom_msgs/environment/pythonpath.sh
[5.951s] -- Symlinking: /home/mlemsalu/ros2_ws_luke/install/custom_msgs/share/custom_msgs/environment/pythonpath.dsv
[5.960s] -- Symlinking: /home/mlemsalu/ros2_ws_luke/install/custom_msgs/lib/python3.8/site-packages/custom_msgs/__init__.py
[5.969s] -- Symlinking: /home/mlemsalu/ros2_ws_luke/install/custom_msgs/lib/python3.8/site-packages/custom_msgs/msg/__init__.py
[5.978s] -- Symlinking: /home/mlemsalu/ros2_ws_luke/install/custom_msgs/lib/python3.8/site-packages/custom_msgs/msg/_isobus.py
[5.986s] -- Symlinking: /home/mlemsalu/ros2_ws_luke/install/custom_msgs/lib/python3.8/site-packages/custom_msgs/msg/_sync.py
[5.995s] -- Symlinking: /home/mlemsalu/ros2_ws_luke/install/custom_msgs/lib/python3.8/site-packages/custom_msgs/custom_msgs_s__rosidl_typesupport_fastrtps_c.cpython-38-x86_64-linux-gnu.so
[6.004s] -- Symlinking: /home/mlemsalu/ros2_ws_luke/install/custom_msgs/lib/python3.8/site-packages/custom_msgs/custom_msgs_s__rosidl_typesupport_introspection_c.cpython-38-x86_64-linux-gnu.so
[6.013s] -- Symlinking: /home/mlemsalu/ros2_ws_luke/install/custom_msgs/lib/python3.8/site-packages/custom_msgs/custom_msgs_s__rosidl_typesupport_c.cpython-38-x86_64-linux-gnu.so
[6.022s] -- Symlinking: /home/mlemsalu/ros2_ws_luke/install/custom_msgs/lib/libcustom_msgs__python.so
[6.030s] -- Symlinking: /home/mlemsalu/ros2_ws_luke/install/custom_msgs/share/custom_msgs/msg/Sync.idl
[6.039s] -- Symlinking: /home/mlemsalu/ros2_ws_luke/install/custom_msgs/share/custom_msgs/msg/Isobus.idl
[6.048s] -- Symlinking: /home/mlemsalu/ros2_ws_luke/install/custom_msgs/share/custom_msgs/msg/Sync.msg
[6.057s] -- Symlinking: /home/mlemsalu/ros2_ws_luke/install/custom_msgs/share/custom_msgs/msg/Isobus.msg
[6.065s] -- Symlinking: /home/mlemsalu/ros2_ws_luke/install/custom_msgs/share/ament_index/resource_index/package_run_dependencies/custom_msgs
[6.074s] -- Symlinking: /home/mlemsalu/ros2_ws_luke/install/custom_msgs/share/ament_index/resource_index/parent_prefix_path/custom_msgs
[6.083s] -- Symlinking: /home/mlemsalu/ros2_ws_luke/install/custom_msgs/share/custom_msgs/environment/ament_prefix_path.sh
[6.092s] -- Symlinking: /home/mlemsalu/ros2_ws_luke/install/custom_msgs/share/custom_msgs/environment/ament_prefix_path.dsv
[6.101s] -- Symlinking: /home/mlemsalu/ros2_ws_luke/install/custom_msgs/share/custom_msgs/environment/path.sh
[6.110s] -- Symlinking: /home/mlemsalu/ros2_ws_luke/install/custom_msgs/share/custom_msgs/environment/path.dsv
[6.119s] -- Symlinking: /home/mlemsalu/ros2_ws_luke/install/custom_msgs/share/custom_msgs/local_setup.bash
[6.127s] -- Symlinking: /home/mlemsalu/ros2_ws_luke/install/custom_msgs/share/custom_msgs/local_setup.sh
[6.136s] -- Symlinking: /home/mlemsalu/ros2_ws_luke/install/custom_msgs/share/custom_msgs/local_setup.zsh
[6.145s] -- Symlinking: /home/mlemsalu/ros2_ws_luke/install/custom_msgs/share/custom_msgs/local_setup.dsv
[6.153s] -- Symlinking: /home/mlemsalu/ros2_ws_luke/install/custom_msgs/share/custom_msgs/package.dsv
[6.162s] -- Symlinking: /home/mlemsalu/ros2_ws_luke/install/custom_msgs/share/ament_index/resource_index/packages/custom_msgs
[6.171s] -- Symlinking: /home/mlemsalu/ros2_ws_luke/install/custom_msgs/share/custom_msgs/cmake/rosidl_cmake-extras.cmake
[6.180s] -- Symlinking: /home/mlemsalu/ros2_ws_luke/install/custom_msgs/share/custom_msgs/cmake/ament_cmake_export_dependencies-extras.cmake
[6.189s] -- Symlinking: /home/mlemsalu/ros2_ws_luke/install/custom_msgs/share/custom_msgs/cmake/ament_cmake_export_libraries-extras.cmake
[6.197s] -- Symlinking: /home/mlemsalu/ros2_ws_luke/install/custom_msgs/share/custom_msgs/cmake/ament_cmake_export_targets-extras.cmake
[6.206s] -- Symlinking: /home/mlemsalu/ros2_ws_luke/install/custom_msgs/share/custom_msgs/cmake/ament_cmake_export_include_directories-extras.cmake
[6.215s] -- Symlinking: /home/mlemsalu/ros2_ws_luke/install/custom_msgs/share/custom_msgs/cmake/rosidl_cmake_export_typesupport_libraries-extras.cmake
[6.223s] -- Symlinking: /home/mlemsalu/ros2_ws_luke/install/custom_msgs/share/custom_msgs/cmake/rosidl_cmake_export_typesupport_targets-extras.cmake
[6.232s] -- Symlinking: /home/mlemsalu/ros2_ws_luke/install/custom_msgs/share/custom_msgs/cmake/custom_msgsConfig.cmake
[6.240s] -- Symlinking: /home/mlemsalu/ros2_ws_luke/install/custom_msgs/share/custom_msgs/cmake/custom_msgsConfig-version.cmake
[6.249s] -- Symlinking: /home/mlemsalu/ros2_ws_luke/install/custom_msgs/share/custom_msgs/package.xml
[6.257s] -- Installing: /home/mlemsalu/ros2_ws_luke/install/custom_msgs/lib/libcustom_msgs__rosidl_generator_c.so
[6.258s] -- Set runtime path of "/home/mlemsalu/ros2_ws_luke/install/custom_msgs/lib/libcustom_msgs__rosidl_generator_c.so" to ""
[6.258s] -- Installing: /home/mlemsalu/ros2_ws_luke/install/custom_msgs/lib/libcustom_msgs__rosidl_typesupport_introspection_c.so
[6.258s] -- Set runtime path of "/home/mlemsalu/ros2_ws_luke/install/custom_msgs/lib/libcustom_msgs__rosidl_typesupport_introspection_c.so" to ""
[6.258s] -- Installing: /home/mlemsalu/ros2_ws_luke/install/custom_msgs/lib/libcustom_msgs__rosidl_typesupport_c.so
[6.259s] -- Set runtime path of "/home/mlemsalu/ros2_ws_luke/install/custom_msgs/lib/libcustom_msgs__rosidl_typesupport_c.so" to ""
[6.259s] -- Installing: /home/mlemsalu/ros2_ws_luke/install/custom_msgs/lib/libcustom_msgs__rosidl_typesupport_introspection_cpp.so
[6.259s] -- Set runtime path of "/home/mlemsalu/ros2_ws_luke/install/custom_msgs/lib/libcustom_msgs__rosidl_typesupport_introspection_cpp.so" to ""
[6.259s] -- Installing: /home/mlemsalu/ros2_ws_luke/install/custom_msgs/lib/libcustom_msgs__rosidl_typesupport_cpp.so
[6.260s] -- Set runtime path of "/home/mlemsalu/ros2_ws_luke/install/custom_msgs/lib/libcustom_msgs__rosidl_typesupport_cpp.so" to ""
[6.287s] Compiling '/home/mlemsalu/ros2_ws_luke/install/custom_msgs/lib/python3.8/site-packages/custom_msgs/__init__.py'...
[6.291s] -- Installing: /home/mlemsalu/ros2_ws_luke/install/custom_msgs/share/custom_msgs/cmake/custom_msgs__rosidl_generator_cExport.cmake
[6.291s] -- Installing: /home/mlemsalu/ros2_ws_luke/install/custom_msgs/share/custom_msgs/cmake/custom_msgs__rosidl_generator_cExport-release.cmake
[6.291s] -- Installing: /home/mlemsalu/ros2_ws_luke/install/custom_msgs/share/custom_msgs/cmake/custom_msgs__rosidl_typesupport_introspection_cExport.cmake
[6.291s] -- Installing: /home/mlemsalu/ros2_ws_luke/install/custom_msgs/share/custom_msgs/cmake/custom_msgs__rosidl_typesupport_introspection_cExport-release.cmake
[6.291s] -- Installing: /home/mlemsalu/ros2_ws_luke/install/custom_msgs/share/custom_msgs/cmake/custom_msgs__rosidl_typesupport_cExport.cmake
[6.291s] -- Installing: /home/mlemsalu/ros2_ws_luke/install/custom_msgs/share/custom_msgs/cmake/custom_msgs__rosidl_typesupport_cExport-release.cmake
[6.292s] -- Installing: /home/mlemsalu/ros2_ws_luke/install/custom_msgs/share/custom_msgs/cmake/custom_msgs__rosidl_generator_cppExport.cmake
[6.292s] -- Installing: /home/mlemsalu/ros2_ws_luke/install/custom_msgs/share/custom_msgs/cmake/custom_msgs__rosidl_typesupport_introspection_cppExport.cmake
[6.292s] -- Installing: /home/mlemsalu/ros2_ws_luke/install/custom_msgs/share/custom_msgs/cmake/custom_msgs__rosidl_typesupport_introspection_cppExport-release.cmake
[6.292s] -- Installing: /home/mlemsalu/ros2_ws_luke/install/custom_msgs/share/custom_msgs/cmake/custom_msgs__rosidl_typesupport_cppExport.cmake
[6.292s] -- Installing: /home/mlemsalu/ros2_ws_luke/install/custom_msgs/share/custom_msgs/cmake/custom_msgs__rosidl_typesupport_cppExport-release.cmake
[6.294s] Invoked command in '/home/mlemsalu/ros2_ws_luke/build/custom_msgs' returned '0': AMENT_PREFIX_PATH=/home/mlemsalu/ros2_ws_luke/install/rosbag2:/home/mlemsalu/ros2_ws_luke/install/ros2bag:/home/mlemsalu/ros2_ws_luke/install/rosbag2_transport:/home/mlemsalu/ros2_ws_luke/install/rosbag2_py:/home/mlemsalu/ros2_ws_luke/install/rosbag2_compression_zstd:/home/mlemsalu/ros2_ws_luke/install/rosbag2_compression:/home/mlemsalu/ros2_ws_luke/install/rosbag2_cpp:/home/mlemsalu/ros2_ws_luke/install/rosbag2_storage_default_plugins:/home/mlemsalu/ros2_ws_luke/install/rosbag2_storage:/home/mlemsalu/ros2_ws_luke/install/zstd_vendor:/home/mlemsalu/ros2_ws_luke/install/sqlite3_vendor:/home/mlemsalu/ros2_ws_luke/install/shared_queues_vendor:${AMENT_PREFIX_PATH} CMAKE_PREFIX_PATH=/home/mlemsalu/ros2_ws_luke/install/rosbag2:/home/mlemsalu/ros2_ws_luke/install/rosbag2_transport:/home/mlemsalu/ros2_ws_luke/install/rosbag2_py:/home/mlemsalu/ros2_ws_luke/install/rosbag2_compression_zstd:/home/mlemsalu/ros2_ws_luke/install/rosbag2_compression:/home/mlemsalu/ros2_ws_luke/install/rosbag2_cpp:/home/mlemsalu/ros2_ws_luke/install/rosbag2_storage_default_plugins:/home/mlemsalu/ros2_ws_luke/install/rosbag2_storage:/home/mlemsalu/ros2_ws_luke/install/zstd_vendor:/home/mlemsalu/ros2_ws_luke/install/sqlite3_vendor:/home/mlemsalu/ros2_ws_luke/install/shared_queues_vendor:/opt/ros/foxy LD_LIBRARY_PATH=/home/mlemsalu/ros2_ws_luke/install/rosbag2_transport/lib:/home/mlemsalu/ros2_ws_luke/install/rosbag2_compression_zstd/lib:/home/mlemsalu/ros2_ws_luke/install/rosbag2_compression/lib:/home/mlemsalu/ros2_ws_luke/install/rosbag2_cpp/lib:/home/mlemsalu/ros2_ws_luke/install/rosbag2_storage_default_plugins/lib:/home/mlemsalu/ros2_ws_luke/install/rosbag2_storage/lib:/home/mlemsalu/ros2_ws_luke/install/zstd_vendor/lib:${LD_LIBRARY_PATH} PYTHONPATH=/home/mlemsalu/ros2_ws_luke/build/ros2bag:/home/mlemsalu/ros2_ws_luke/install/ros2bag/lib/python3.8/site-packages:/home/mlemsalu/ros2_ws_luke/install/rosbag2_transport/lib/python3.8/site-packages:/home/mlemsalu/ros2_ws_luke/install/rosbag2_py/lib/python3.8/site-packages:${PYTHONPATH} /usr/bin/cmake --install /home/mlemsalu/ros2_ws_luke/build/custom_msgs
