-- The C compiler identification is GNU 9.4.0
-- The CXX compiler identification is GNU 9.4.0
-- Check for working C compiler: /usr/bin/cc
-- Check for working C compiler: /usr/bin/cc -- works
-- Detecting C compiler ABI info
-- Detecting C compiler ABI info - done
-- Detecting C compile features
-- Detecting C compile features - done
-- Check for working CXX compiler: /usr/bin/c++
-- Check for working CXX compiler: /usr/bin/c++ -- works
-- Detecting CXX compiler ABI info
-- Detecting CXX compiler ABI info - done
-- Detecting CXX compile features
-- Detecting CXX compile features - done
-- Found ament_cmake: 0.9.11 (/opt/ros/foxy/share/ament_cmake/cmake)
-- Found PythonInterp: /usr/bin/python3 (found suitable version "3.8.10", minimum required is "3") 
-- Using PYTHON_EXECUTABLE: /usr/bin/python3
-- Override CMake install command with custom implementation using symlinks instead of copying resources
-- Found rclcpp: 2.4.2 (/opt/ros/foxy/share/rclcpp/cmake)
-- Using all available rosidl_typesupport_c: rosidl_typesupport_fastrtps_c;rosidl_typesupport_introspection_c
-- Found rosidl_adapter: 1.3.0 (/opt/ros/foxy/share/rosidl_adapter/cmake)
-- Found OpenSSL: /usr/lib/x86_64-linux-gnu/libcrypto.so (found version "1.1.1f")  
-- Found FastRTPS: /opt/ros/foxy/include  
-- Using all available rosidl_typesupport_cpp: rosidl_typesupport_fastrtps_cpp;rosidl_typesupport_introspection_cpp
-- Found rmw_implementation_cmake: 1.0.4 (/opt/ros/foxy/share/rmw_implementation_cmake/cmake)
-- Using RMW implementation 'rmw_fastrtps_cpp' as default
-- Looking for pthread.h
-- Looking for pthread.h - found
-- Performing Test CMAKE_HAVE_LIBC_PTHREAD
-- Performing Test CMAKE_HAVE_LIBC_PTHREAD - Failed
-- Looking for pthread_create in pthreads
-- Looking for pthread_create in pthreads - not found
-- Looking for pthread_create in pthread
-- Looking for pthread_create in pthread - found
-- Found Threads: TRUE  
-- Found custom_msgs: 0.0.0 (/home/mlemsalu/ros2_ws_luke/install/custom_msgs/share/custom_msgs/cmake)
-- Found tf2_ros: 0.13.14 (/opt/ros/foxy/share/tf2_ros/cmake)
-- Found ament_lint_auto: 0.9.8 (/opt/ros/foxy/share/ament_lint_auto/cmake)
-- Added test 'copyright' to check source files copyright and LICENSE
-- Added test 'cppcheck' to perform static code analysis on C / C++ code
-- Configured cppcheck include dirs: $<BUILD_INTERFACE:/home/mlemsalu/ros2_ws_luke/src/can_msgs_reading/include>
-- Configured cppcheck exclude dirs and/or files: 
-- Added test 'cpplint' to check C / C++ code against the Google style
-- Configured cpplint exclude dirs and/or files: 
-- Added test 'lint_cmake' to check CMake code style
-- Added test 'uncrustify' to check C / C++ code style
-- Configured uncrustify additional arguments: 
-- Added test 'xmllint' to check XML markup files
-- Configuring done
-- Generating done
-- Build files have been written to: /home/mlemsalu/ros2_ws_luke/build/can_msgs_reading
[35m[1mScanning dependencies of target can_cpp_node[0m
[ 50%] [32mBuilding CXX object CMakeFiles/can_cpp_node.dir/src/can_cpp_node.cpp.o[0m
In file included from [01m[K/home/mlemsalu/ros2_ws_luke/src/can_msgs_reading/src/can_cpp_node.cpp:31[m[K:
[01m[K/home/mlemsalu/ros2_ws_luke/src/can_msgs_reading/src/ISOBUSframe.hpp:[m[K In constructor ‘[01m[KISOBUSFrame::ISOBUSFrame(uint32_t, const uint8_t*, size_t)[m[K’:
[01m[K/home/mlemsalu/ros2_ws_luke/src/can_msgs_reading/src/ISOBUSframe.hpp:49:22:[m[K [01;35m[Kwarning: [m[Kcomparison of integer expressions of different signedness: ‘[01m[Kint[m[K’ and ‘[01m[Ksize_t[m[K’ {aka ‘[01m[Klong unsigned int[m[K’} [[01;35m[K-Wsign-compare[m[K]
   49 |         for(int i=0;[01;35m[Ki<size[m[K;i++) {
      |                     [01;35m[K~^~~~~[m[K
In file included from [01m[K/home/mlemsalu/ros2_ws_luke/src/can_msgs_reading/src/can_cpp_node.cpp:32[m[K:
[01m[K/home/mlemsalu/ros2_ws_luke/src/can_msgs_reading/src/NMEA2000_node.hpp:[m[K In constructor ‘[01m[KNMEA2000Parser::NMEA2000Parser()[m[K’:
[01m[K/home/mlemsalu/ros2_ws_luke/src/can_msgs_reading/src/NMEA2000_node.hpp:64:13:[m[K [01;35m[Kwarning: [m[Kunused variable ‘[01m[Kincre[m[K’ [[01;35m[K-Wunused-variable[m[K]
   64 |         int [01;35m[Kincre[m[K = 0;
      |             [01;35m[K^~~~~[m[K
[01m[K/home/mlemsalu/ros2_ws_luke/src/can_msgs_reading/src/NMEA2000_node.hpp:[m[K In member function ‘[01m[Kvoid NMEA2000Parser::Isobus_parser(custom_msgs::msg::Isobus)[m[K’:
[01m[K/home/mlemsalu/ros2_ws_luke/src/can_msgs_reading/src/NMEA2000_node.hpp:92:38:[m[K [01;35m[Kwarning: [m[Kformat ‘[01m[K%ld[m[K’ expects argument of type ‘[01m[Klong int[m[K’, but argument 2 has type ‘[01m[Kbuiltin_interfaces::msg::Time_<std::allocator<void> >::_sec_type[m[K’ {aka ‘[01m[Kint[m[K’} [[01;35m[K-Wformat=[m[K]
   92 |                 printf("Timestamp: [01;35m[K%ld[m[K seconds, %ld nanoseconds\n", [32m[Kmsg.header.stamp.sec[m[K, msg.header.stamp.nanosec);
      |                                    [01;35m[K~~^[m[K                              [32m[K~~~~~~~~~~~~~~~~~~~~[m[K
      |                                      [01;35m[K|[m[K                                               [32m[K|[m[K
      |                                      [01;35m[Klong int[m[K                                        [32m[Kbuiltin_interfaces::msg::Time_<std::allocator<void> >::_sec_type {aka int}[m[K
      |                                    [32m[K%d[m[K
[01m[K/home/mlemsalu/ros2_ws_luke/src/can_msgs_reading/src/NMEA2000_node.hpp:92:51:[m[K [01;35m[Kwarning: [m[Kformat ‘[01m[K%ld[m[K’ expects argument of type ‘[01m[Klong int[m[K’, but argument 3 has type ‘[01m[Kbuiltin_interfaces::msg::Time_<std::allocator<void> >::_nanosec_type[m[K’ {aka ‘[01m[Kunsigned int[m[K’} [[01;35m[K-Wformat=[m[K]
   92 |                 printf("Timestamp: %ld seconds, [01;35m[K%ld[m[K nanoseconds\n", msg.header.stamp.sec, [32m[Kmsg.header.stamp.nanosec[m[K);
      |                                                 [01;35m[K~~^[m[K                                       [32m[K~~~~~~~~~~~~~~~~~~~~~~~~[m[K
      |                                                   [01;35m[K|[m[K                                                        [32m[K|[m[K
      |                                                   [01;35m[Klong int[m[K                                                 [32m[Kbuiltin_interfaces::msg::Time_<std::allocator<void> >::_nanosec_type {aka unsigned int}[m[K
      |                                                 [32m[K%d[m[K
In file included from [01m[K/home/mlemsalu/ros2_ws_luke/src/can_msgs_reading/src/can_cpp_node.cpp:32[m[K:
[01m[K/home/mlemsalu/ros2_ws_luke/src/can_msgs_reading/src/NMEA2000_node.hpp:[m[K In member function ‘[01m[Kvoid NMEA2000Parser::Parse_PositionRapidUpdate(uint8_t*, std_msgs::msg::Header)[m[K’:
[01m[K/home/mlemsalu/ros2_ws_luke/src/can_msgs_reading/src/NMEA2000_node.hpp:277:74:[m[K [01;35m[Kwarning: [m[Kunused parameter ‘[01m[Kstamp[m[K’ [[01;35m[K-Wunused-parameter[m[K]
  277 |   void Parse_PositionRapidUpdate(uint8_t*  data, [01;35m[Kstd_msgs::msg::Header stamp[m[K) {
      |                                                  [01;35m[K~~~~~~~~~~~~~~~~~~~~~~^~~~~[m[K

[01m[K/home/mlemsalu/ros2_ws_luke/src/can_msgs_reading/src/NMEA2000_node.hpp:[m[K In member function ‘[01m[Kvoid NMEA2000Parser::Parse_GNSS_PseudoNoiseStats(FastPacketData*, std_msgs::msg::Header)[m[K’:
[01m[K/home/mlemsalu/ros2_ws_luke/src/can_msgs_reading/src/NMEA2000_node.hpp:293:89:[m[K [01;35m[Kwarning: [m[Kunused parameter ‘[01m[Kstamp[m[K’ [[01;35m[K-Wunused-parameter[m[K]
  293 | SS_PseudoNoiseStats(struct FastPacketData *data, [01;35m[Kstd_msgs::msg::Header stamp[m[K) {
      |                                                  [01;35m[K~~~~~~~~~~~~~~~~~~~~~~^~~~~[m[K

[01m[K/home/mlemsalu/ros2_ws_luke/src/can_msgs_reading/src/NMEA2000_node.hpp:[m[K In member function ‘[01m[Kvoid NMEA2000Parser::Parse_COG_SOG_RapidUpdate(uint8_t*, std_msgs::msg::Header)[m[K’:
[01m[K/home/mlemsalu/ros2_ws_luke/src/can_msgs_reading/src/NMEA2000_node.hpp:311:73:[m[K [01;35m[Kwarning: [m[Kunused parameter ‘[01m[Kstamp[m[K’ [[01;35m[K-Wunused-parameter[m[K]
  311 |    void Parse_COG_SOG_RapidUpdate(uint8_t* data, [01;35m[Kstd_msgs::msg::Header stamp[m[K) {
      |                                                  [01;35m[K~~~~~~~~~~~~~~~~~~~~~~^~~~~[m[K

[01m[K/home/mlemsalu/ros2_ws_luke/src/can_msgs_reading/src/can_cpp_node.cpp:[m[K In member function ‘[01m[Kbool Can::processReceivedFrames(CanFrame&)[m[K’:
[01m[K/home/mlemsalu/ros2_ws_luke/src/can_msgs_reading/src/can_cpp_node.cpp:116:16:[m[K [01;35m[Kwarning: [m[Kcomparison of integer expressions of different signedness: ‘[01m[Klong int[m[K’ and ‘[01m[Klong unsigned int[m[K’ [[01;35m[K-Wsign-compare[m[K]
  116 |     if ([01;35m[Knbytes < sizeof(struct can_frame)[m[K) {
      |         [01;35m[K~~~~~~~^~~~~~~~~~~~~~~~~~~~~~~~~~[m[K
[100%] [32m[1mLinking CXX executable can_cpp_node[0m
[100%] Built target can_cpp_node
-- Install configuration: "Release"
-- Execute custom install script
-- Symlinking: /home/mlemsalu/ros2_ws_luke/install/can_msgs_reading/lib/can_msgs_reading/can_cpp_node
-- Symlinking: /home/mlemsalu/ros2_ws_luke/install/can_msgs_reading/share/ament_index/resource_index/package_run_dependencies/can_msgs_reading
-- Symlinking: /home/mlemsalu/ros2_ws_luke/install/can_msgs_reading/share/ament_index/resource_index/parent_prefix_path/can_msgs_reading
-- Symlinking: /home/mlemsalu/ros2_ws_luke/install/can_msgs_reading/share/can_msgs_reading/environment/ament_prefix_path.sh
-- Symlinking: /home/mlemsalu/ros2_ws_luke/install/can_msgs_reading/share/can_msgs_reading/environment/ament_prefix_path.dsv
-- Symlinking: /home/mlemsalu/ros2_ws_luke/install/can_msgs_reading/share/can_msgs_reading/environment/path.sh
-- Symlinking: /home/mlemsalu/ros2_ws_luke/install/can_msgs_reading/share/can_msgs_reading/environment/path.dsv
-- Symlinking: /home/mlemsalu/ros2_ws_luke/install/can_msgs_reading/share/can_msgs_reading/local_setup.bash
-- Symlinking: /home/mlemsalu/ros2_ws_luke/install/can_msgs_reading/share/can_msgs_reading/local_setup.sh
-- Symlinking: /home/mlemsalu/ros2_ws_luke/install/can_msgs_reading/share/can_msgs_reading/local_setup.zsh
-- Symlinking: /home/mlemsalu/ros2_ws_luke/install/can_msgs_reading/share/can_msgs_reading/local_setup.dsv
-- Symlinking: /home/mlemsalu/ros2_ws_luke/install/can_msgs_reading/share/can_msgs_reading/package.dsv
-- Symlinking: /home/mlemsalu/ros2_ws_luke/install/can_msgs_reading/share/ament_index/resource_index/packages/can_msgs_reading
-- Symlinking: /home/mlemsalu/ros2_ws_luke/install/can_msgs_reading/share/can_msgs_reading/cmake/can_msgs_readingConfig.cmake
-- Symlinking: /home/mlemsalu/ros2_ws_luke/install/can_msgs_reading/share/can_msgs_reading/cmake/can_msgs_readingConfig-version.cmake
-- Symlinking: /home/mlemsalu/ros2_ws_luke/install/can_msgs_reading/share/can_msgs_reading/package.xml
