[0.028s] Invoking command in '/home/mlemsalu/ros2_ws_luke/build/can_msgs_reading': AMENT_PREFIX_PATH=/home/mlemsalu/ros2_ws_luke/install/custom_msgs:/home/mlemsalu/ros2_ws_luke/install/rosbag2:/home/mlemsalu/ros2_ws_luke/install/ros2bag:/home/mlemsalu/ros2_ws_luke/install/rosbag2_transport:/home/mlemsalu/ros2_ws_luke/install/rosbag2_py:/home/mlemsalu/ros2_ws_luke/install/rosbag2_compression_zstd:/home/mlemsalu/ros2_ws_luke/install/rosbag2_compression:/home/mlemsalu/ros2_ws_luke/install/rosbag2_cpp:/home/mlemsalu/ros2_ws_luke/install/rosbag2_storage_default_plugins:/home/mlemsalu/ros2_ws_luke/install/rosbag2_storage:/home/mlemsalu/ros2_ws_luke/install/zstd_vendor:/home/mlemsalu/ros2_ws_luke/install/sqlite3_vendor:/home/mlemsalu/ros2_ws_luke/install/shared_queues_vendor:${AMENT_PREFIX_PATH} CMAKE_PREFIX_PATH=/home/mlemsalu/ros2_ws_luke/install/custom_msgs:/home/mlemsalu/ros2_ws_luke/install/rosbag2:/home/mlemsalu/ros2_ws_luke/install/rosbag2_transport:/home/mlemsalu/ros2_ws_luke/install/rosbag2_py:/home/mlemsalu/ros2_ws_luke/install/rosbag2_compression_zstd:/home/mlemsalu/ros2_ws_luke/install/rosbag2_compression:/home/mlemsalu/ros2_ws_luke/install/rosbag2_cpp:/home/mlemsalu/ros2_ws_luke/install/rosbag2_storage_default_plugins:/home/mlemsalu/ros2_ws_luke/install/rosbag2_storage:/home/mlemsalu/ros2_ws_luke/install/zstd_vendor:/home/mlemsalu/ros2_ws_luke/install/sqlite3_vendor:/home/mlemsalu/ros2_ws_luke/install/shared_queues_vendor:/opt/ros/foxy LD_LIBRARY_PATH=/home/mlemsalu/ros2_ws_luke/install/custom_msgs/lib:/home/mlemsalu/ros2_ws_luke/install/rosbag2_transport/lib:/home/mlemsalu/ros2_ws_luke/install/rosbag2_compression_zstd/lib:/home/mlemsalu/ros2_ws_luke/install/rosbag2_compression/lib:/home/mlemsalu/ros2_ws_luke/install/rosbag2_cpp/lib:/home/mlemsalu/ros2_ws_luke/install/rosbag2_storage_default_plugins/lib:/home/mlemsalu/ros2_ws_luke/install/rosbag2_storage/lib:/home/mlemsalu/ros2_ws_luke/install/zstd_vendor/lib:${LD_LIBRARY_PATH} PYTHONPATH=/home/mlemsalu/ros2_ws_luke/install/custom_msgs/lib/python3.8/site-packages:/home/mlemsalu/ros2_ws_luke/build/ros2bag:/home/mlemsalu/ros2_ws_luke/install/ros2bag/lib/python3.8/site-packages:/home/mlemsalu/ros2_ws_luke/install/rosbag2_transport/lib/python3.8/site-packages:/home/mlemsalu/ros2_ws_luke/install/rosbag2_py/lib/python3.8/site-packages:${PYTHONPATH} /usr/bin/cmake /home/mlemsalu/ros2_ws_luke/src/can_msgs_reading -DCMAKE_BUILD_TYPE=Release -DAMENT_CMAKE_SYMLINK_INSTALL=1 -DCMAKE_INSTALL_PREFIX=/home/mlemsalu/ros2_ws_luke/install/can_msgs_reading
[0.087s] -- The C compiler identification is GNU 9.4.0
[0.140s] -- The CXX compiler identification is GNU 9.4.0
[0.145s] -- Check for working C compiler: /usr/bin/cc
[0.219s] -- Check for working C compiler: /usr/bin/cc -- works
[0.220s] -- Detecting C compiler ABI info
[0.293s] -- Detecting C compiler ABI info - done
[0.304s] -- Detecting C compile features
[0.304s] -- Detecting C compile features - done
[0.306s] -- Check for working CXX compiler: /usr/bin/c++
[0.396s] -- Check for working CXX compiler: /usr/bin/c++ -- works
[0.397s] -- Detecting CXX compiler ABI info
[0.483s] -- Detecting CXX compiler ABI info - done
[0.495s] -- Detecting CXX compile features
[0.496s] -- Detecting CXX compile features - done
[0.499s] -- Found ament_cmake: 0.9.11 (/opt/ros/foxy/share/ament_cmake/cmake)
[0.532s] -- Found PythonInterp: /usr/bin/python3 (found suitable version "3.8.10", minimum required is "3") 
[0.532s] -- Using PYTHON_EXECUTABLE: /usr/bin/python3
[0.703s] -- Override CMake install command with custom implementation using symlinks instead of copying resources
[0.737s] -- Found rclcpp: 2.4.2 (/opt/ros/foxy/share/rclcpp/cmake)
[0.793s] -- Using all available rosidl_typesupport_c: rosidl_typesupport_fastrtps_c;rosidl_typesupport_introspection_c
[0.803s] -- Found rosidl_adapter: 1.3.0 (/opt/ros/foxy/share/rosidl_adapter/cmake)
[0.897s] -- Found OpenSSL: /usr/lib/x86_64-linux-gnu/libcrypto.so (found version "1.1.1f")  
[0.920s] -- Found FastRTPS: /opt/ros/foxy/include  
[1.000s] -- Using all available rosidl_typesupport_cpp: rosidl_typesupport_fastrtps_cpp;rosidl_typesupport_introspection_cpp
[1.069s] -- Found rmw_implementation_cmake: 1.0.4 (/opt/ros/foxy/share/rmw_implementation_cmake/cmake)
[1.071s] -- Using RMW implementation 'rmw_fastrtps_cpp' as default
[1.072s] -- Looking for pthread.h
[1.168s] -- Looking for pthread.h - found
[1.168s] -- Performing Test CMAKE_HAVE_LIBC_PTHREAD
[1.256s] -- Performing Test CMAKE_HAVE_LIBC_PTHREAD - Failed
[1.257s] -- Looking for pthread_create in pthreads
[1.336s] -- Looking for pthread_create in pthreads - not found
[1.336s] -- Looking for pthread_create in pthread
[1.423s] -- Looking for pthread_create in pthread - found
[1.424s] -- Found Threads: TRUE  
[1.579s] -- Found custom_msgs: 0.0.0 (/home/mlemsalu/ros2_ws_luke/install/custom_msgs/share/custom_msgs/cmake)
[1.937s] -- Found tf2_ros: 0.13.14 (/opt/ros/foxy/share/tf2_ros/cmake)
[2.276s] -- Found ament_lint_auto: 0.9.8 (/opt/ros/foxy/share/ament_lint_auto/cmake)
[2.351s] -- Added test 'copyright' to check source files copyright and LICENSE
[2.352s] -- Added test 'cppcheck' to perform static code analysis on C / C++ code
[2.352s] -- Configured cppcheck include dirs: $<BUILD_INTERFACE:/home/mlemsalu/ros2_ws_luke/src/can_msgs_reading/include>
[2.352s] -- Configured cppcheck exclude dirs and/or files: 
[2.353s] -- Added test 'cpplint' to check C / C++ code against the Google style
[2.353s] -- Configured cpplint exclude dirs and/or files: 
[2.353s] -- Added test 'lint_cmake' to check CMake code style
[2.354s] -- Added test 'uncrustify' to check C / C++ code style
[2.354s] -- Configured uncrustify additional arguments: 
[2.355s] -- Added test 'xmllint' to check XML markup files
[2.359s] -- Configuring done
[2.371s] -- Generating done
[2.373s] -- Build files have been written to: /home/mlemsalu/ros2_ws_luke/build/can_msgs_reading
[2.379s] Invoked command in '/home/mlemsalu/ros2_ws_luke/build/can_msgs_reading' returned '0': AMENT_PREFIX_PATH=/home/mlemsalu/ros2_ws_luke/install/custom_msgs:/home/mlemsalu/ros2_ws_luke/install/rosbag2:/home/mlemsalu/ros2_ws_luke/install/ros2bag:/home/mlemsalu/ros2_ws_luke/install/rosbag2_transport:/home/mlemsalu/ros2_ws_luke/install/rosbag2_py:/home/mlemsalu/ros2_ws_luke/install/rosbag2_compression_zstd:/home/mlemsalu/ros2_ws_luke/install/rosbag2_compression:/home/mlemsalu/ros2_ws_luke/install/rosbag2_cpp:/home/mlemsalu/ros2_ws_luke/install/rosbag2_storage_default_plugins:/home/mlemsalu/ros2_ws_luke/install/rosbag2_storage:/home/mlemsalu/ros2_ws_luke/install/zstd_vendor:/home/mlemsalu/ros2_ws_luke/install/sqlite3_vendor:/home/mlemsalu/ros2_ws_luke/install/shared_queues_vendor:${AMENT_PREFIX_PATH} CMAKE_PREFIX_PATH=/home/mlemsalu/ros2_ws_luke/install/custom_msgs:/home/mlemsalu/ros2_ws_luke/install/rosbag2:/home/mlemsalu/ros2_ws_luke/install/rosbag2_transport:/home/mlemsalu/ros2_ws_luke/install/rosbag2_py:/home/mlemsalu/ros2_ws_luke/install/rosbag2_compression_zstd:/home/mlemsalu/ros2_ws_luke/install/rosbag2_compression:/home/mlemsalu/ros2_ws_luke/install/rosbag2_cpp:/home/mlemsalu/ros2_ws_luke/install/rosbag2_storage_default_plugins:/home/mlemsalu/ros2_ws_luke/install/rosbag2_storage:/home/mlemsalu/ros2_ws_luke/install/zstd_vendor:/home/mlemsalu/ros2_ws_luke/install/sqlite3_vendor:/home/mlemsalu/ros2_ws_luke/install/shared_queues_vendor:/opt/ros/foxy LD_LIBRARY_PATH=/home/mlemsalu/ros2_ws_luke/install/custom_msgs/lib:/home/mlemsalu/ros2_ws_luke/install/rosbag2_transport/lib:/home/mlemsalu/ros2_ws_luke/install/rosbag2_compression_zstd/lib:/home/mlemsalu/ros2_ws_luke/install/rosbag2_compression/lib:/home/mlemsalu/ros2_ws_luke/install/rosbag2_cpp/lib:/home/mlemsalu/ros2_ws_luke/install/rosbag2_storage_default_plugins/lib:/home/mlemsalu/ros2_ws_luke/install/rosbag2_storage/lib:/home/mlemsalu/ros2_ws_luke/install/zstd_vendor/lib:${LD_LIBRARY_PATH} PYTHONPATH=/home/mlemsalu/ros2_ws_luke/install/custom_msgs/lib/python3.8/site-packages:/home/mlemsalu/ros2_ws_luke/build/ros2bag:/home/mlemsalu/ros2_ws_luke/install/ros2bag/lib/python3.8/site-packages:/home/mlemsalu/ros2_ws_luke/install/rosbag2_transport/lib/python3.8/site-packages:/home/mlemsalu/ros2_ws_luke/install/rosbag2_py/lib/python3.8/site-packages:${PYTHONPATH} /usr/bin/cmake /home/mlemsalu/ros2_ws_luke/src/can_msgs_reading -DCMAKE_BUILD_TYPE=Release -DAMENT_CMAKE_SYMLINK_INSTALL=1 -DCMAKE_INSTALL_PREFIX=/home/mlemsalu/ros2_ws_luke/install/can_msgs_reading
[2.382s] Invoking command in '/home/mlemsalu/ros2_ws_luke/build/can_msgs_reading': AMENT_PREFIX_PATH=/home/mlemsalu/ros2_ws_luke/install/custom_msgs:/home/mlemsalu/ros2_ws_luke/install/rosbag2:/home/mlemsalu/ros2_ws_luke/install/ros2bag:/home/mlemsalu/ros2_ws_luke/install/rosbag2_transport:/home/mlemsalu/ros2_ws_luke/install/rosbag2_py:/home/mlemsalu/ros2_ws_luke/install/rosbag2_compression_zstd:/home/mlemsalu/ros2_ws_luke/install/rosbag2_compression:/home/mlemsalu/ros2_ws_luke/install/rosbag2_cpp:/home/mlemsalu/ros2_ws_luke/install/rosbag2_storage_default_plugins:/home/mlemsalu/ros2_ws_luke/install/rosbag2_storage:/home/mlemsalu/ros2_ws_luke/install/zstd_vendor:/home/mlemsalu/ros2_ws_luke/install/sqlite3_vendor:/home/mlemsalu/ros2_ws_luke/install/shared_queues_vendor:${AMENT_PREFIX_PATH} CMAKE_PREFIX_PATH=/home/mlemsalu/ros2_ws_luke/install/custom_msgs:/home/mlemsalu/ros2_ws_luke/install/rosbag2:/home/mlemsalu/ros2_ws_luke/install/rosbag2_transport:/home/mlemsalu/ros2_ws_luke/install/rosbag2_py:/home/mlemsalu/ros2_ws_luke/install/rosbag2_compression_zstd:/home/mlemsalu/ros2_ws_luke/install/rosbag2_compression:/home/mlemsalu/ros2_ws_luke/install/rosbag2_cpp:/home/mlemsalu/ros2_ws_luke/install/rosbag2_storage_default_plugins:/home/mlemsalu/ros2_ws_luke/install/rosbag2_storage:/home/mlemsalu/ros2_ws_luke/install/zstd_vendor:/home/mlemsalu/ros2_ws_luke/install/sqlite3_vendor:/home/mlemsalu/ros2_ws_luke/install/shared_queues_vendor:/opt/ros/foxy LD_LIBRARY_PATH=/home/mlemsalu/ros2_ws_luke/install/custom_msgs/lib:/home/mlemsalu/ros2_ws_luke/install/rosbag2_transport/lib:/home/mlemsalu/ros2_ws_luke/install/rosbag2_compression_zstd/lib:/home/mlemsalu/ros2_ws_luke/install/rosbag2_compression/lib:/home/mlemsalu/ros2_ws_luke/install/rosbag2_cpp/lib:/home/mlemsalu/ros2_ws_luke/install/rosbag2_storage_default_plugins/lib:/home/mlemsalu/ros2_ws_luke/install/rosbag2_storage/lib:/home/mlemsalu/ros2_ws_luke/install/zstd_vendor/lib:${LD_LIBRARY_PATH} PYTHONPATH=/home/mlemsalu/ros2_ws_luke/install/custom_msgs/lib/python3.8/site-packages:/home/mlemsalu/ros2_ws_luke/build/ros2bag:/home/mlemsalu/ros2_ws_luke/install/ros2bag/lib/python3.8/site-packages:/home/mlemsalu/ros2_ws_luke/install/rosbag2_transport/lib/python3.8/site-packages:/home/mlemsalu/ros2_ws_luke/install/rosbag2_py/lib/python3.8/site-packages:${PYTHONPATH} /usr/bin/cmake --build /home/mlemsalu/ros2_ws_luke/build/can_msgs_reading -- -j12 -l12
[2.426s] [35m[1mScanning dependencies of target can_cpp_node[0m
[2.479s] [ 50%] [32mBuilding CXX object CMakeFiles/can_cpp_node.dir/src/can_cpp_node.cpp.o[0m
[3.638s] In file included from [01m[K/home/mlemsalu/ros2_ws_luke/src/can_msgs_reading/src/can_cpp_node.cpp:31[m[K:
[3.639s] [01m[K/home/mlemsalu/ros2_ws_luke/src/can_msgs_reading/src/ISOBUSframe.hpp:[m[K In constructor ‘[01m[KISOBUSFrame::ISOBUSFrame(uint32_t, const uint8_t*, size_t)[m[K’:
[3.639s] [01m[K/home/mlemsalu/ros2_ws_luke/src/can_msgs_reading/src/ISOBUSframe.hpp:49:22:[m[K [01;35m[Kwarning: [m[Kcomparison of integer expressions of different signedness: ‘[01m[Kint[m[K’ and ‘[01m[Ksize_t[m[K’ {aka ‘[01m[Klong unsigned int[m[K’} [[01;35m[K-Wsign-compare[m[K]
[3.639s]    49 |         for(int i=0;[01;35m[Ki<size[m[K;i++) {
[3.639s]       |                     [01;35m[K~^~~~~[m[K
[3.737s] In file included from [01m[K/home/mlemsalu/ros2_ws_luke/src/can_msgs_reading/src/can_cpp_node.cpp:32[m[K:
[3.737s] [01m[K/home/mlemsalu/ros2_ws_luke/src/can_msgs_reading/src/NMEA2000_node.hpp:[m[K In constructor ‘[01m[KNMEA2000Parser::NMEA2000Parser()[m[K’:
[3.737s] [01m[K/home/mlemsalu/ros2_ws_luke/src/can_msgs_reading/src/NMEA2000_node.hpp:64:13:[m[K [01;35m[Kwarning: [m[Kunused variable ‘[01m[Kincre[m[K’ [[01;35m[K-Wunused-variable[m[K]
[3.738s]    64 |         int [01;35m[Kincre[m[K = 0;
[3.738s]       |             [01;35m[K^~~~~[m[K
[3.738s] [01m[K/home/mlemsalu/ros2_ws_luke/src/can_msgs_reading/src/NMEA2000_node.hpp:[m[K In member function ‘[01m[Kvoid NMEA2000Parser::Isobus_parser(custom_msgs::msg::Isobus)[m[K’:
[3.738s] [01m[K/home/mlemsalu/ros2_ws_luke/src/can_msgs_reading/src/NMEA2000_node.hpp:92:38:[m[K [01;35m[Kwarning: [m[Kformat ‘[01m[K%ld[m[K’ expects argument of type ‘[01m[Klong int[m[K’, but argument 2 has type ‘[01m[Kbuiltin_interfaces::msg::Time_<std::allocator<void> >::_sec_type[m[K’ {aka ‘[01m[Kint[m[K’} [[01;35m[K-Wformat=[m[K]
[3.738s]    92 |                 printf("Timestamp: [01;35m[K%ld[m[K seconds, %ld nanoseconds\n", [32m[Kmsg.header.stamp.sec[m[K, msg.header.stamp.nanosec);
[3.738s]       |                                    [01;35m[K~~^[m[K                              [32m[K~~~~~~~~~~~~~~~~~~~~[m[K
[3.738s]       |                                      [01;35m[K|[m[K                                               [32m[K|[m[K
[3.738s]       |                                      [01;35m[Klong int[m[K                                        [32m[Kbuiltin_interfaces::msg::Time_<std::allocator<void> >::_sec_type {aka int}[m[K
[3.739s]       |                                    [32m[K%d[m[K
[3.739s] [01m[K/home/mlemsalu/ros2_ws_luke/src/can_msgs_reading/src/NMEA2000_node.hpp:92:51:[m[K [01;35m[Kwarning: [m[Kformat ‘[01m[K%ld[m[K’ expects argument of type ‘[01m[Klong int[m[K’, but argument 3 has type ‘[01m[Kbuiltin_interfaces::msg::Time_<std::allocator<void> >::_nanosec_type[m[K’ {aka ‘[01m[Kunsigned int[m[K’} [[01;35m[K-Wformat=[m[K]
[3.739s]    92 |                 printf("Timestamp: %ld seconds, [01;35m[K%ld[m[K nanoseconds\n", msg.header.stamp.sec, [32m[Kmsg.header.stamp.nanosec[m[K);
[3.739s]       |                                                 [01;35m[K~~^[m[K                                       [32m[K~~~~~~~~~~~~~~~~~~~~~~~~[m[K
[3.739s]       |                                                   [01;35m[K|[m[K                                                        [32m[K|[m[K
[3.739s]       |                                                   [01;35m[Klong int[m[K                                                 [32m[Kbuiltin_interfaces::msg::Time_<std::allocator<void> >::_nanosec_type {aka unsigned int}[m[K
[3.739s]       |                                                 [32m[K%d[m[K
[3.750s] In file included from [01m[K/home/mlemsalu/ros2_ws_luke/src/can_msgs_reading/src/can_cpp_node.cpp:32[m[K:
[3.750s] [01m[K/home/mlemsalu/ros2_ws_luke/src/can_msgs_reading/src/NMEA2000_node.hpp:[m[K In member function ‘[01m[Kvoid NMEA2000Parser::Parse_PositionRapidUpdate(uint8_t*, std_msgs::msg::Header)[m[K’:
[3.750s] [01m[K/home/mlemsalu/ros2_ws_luke/src/can_msgs_reading/src/NMEA2000_node.hpp:277:74:[m[K [01;35m[Kwarning: [m[Kunused parameter ‘[01m[Kstamp[m[K’ [[01;35m[K-Wunused-parameter[m[K]
[3.750s]   277 |   void Parse_PositionRapidUpdate(uint8_t*  data, [01;35m[Kstd_msgs::msg::Header stamp[m[K) {
[3.751s]       |                                                  [01;35m[K~~~~~~~~~~~~~~~~~~~~~~^~~~~[m[K
[3.751s] 
[3.751s] [01m[K/home/mlemsalu/ros2_ws_luke/src/can_msgs_reading/src/NMEA2000_node.hpp:[m[K In member function ‘[01m[Kvoid NMEA2000Parser::Parse_GNSS_PseudoNoiseStats(FastPacketData*, std_msgs::msg::Header)[m[K’:
[3.751s] [01m[K/home/mlemsalu/ros2_ws_luke/src/can_msgs_reading/src/NMEA2000_node.hpp:293:89:[m[K [01;35m[Kwarning: [m[Kunused parameter ‘[01m[Kstamp[m[K’ [[01;35m[K-Wunused-parameter[m[K]
[3.751s]   293 | SS_PseudoNoiseStats(struct FastPacketData *data, [01;35m[Kstd_msgs::msg::Header stamp[m[K) {
[3.751s]       |                                                  [01;35m[K~~~~~~~~~~~~~~~~~~~~~~^~~~~[m[K
[3.751s] 
[3.751s] [01m[K/home/mlemsalu/ros2_ws_luke/src/can_msgs_reading/src/NMEA2000_node.hpp:[m[K In member function ‘[01m[Kvoid NMEA2000Parser::Parse_COG_SOG_RapidUpdate(uint8_t*, std_msgs::msg::Header)[m[K’:
[3.751s] [01m[K/home/mlemsalu/ros2_ws_luke/src/can_msgs_reading/src/NMEA2000_node.hpp:311:73:[m[K [01;35m[Kwarning: [m[Kunused parameter ‘[01m[Kstamp[m[K’ [[01;35m[K-Wunused-parameter[m[K]
[3.752s]   311 |    void Parse_COG_SOG_RapidUpdate(uint8_t* data, [01;35m[Kstd_msgs::msg::Header stamp[m[K) {
[3.752s]       |                                                  [01;35m[K~~~~~~~~~~~~~~~~~~~~~~^~~~~[m[K
[3.752s] 
[3.769s] [01m[K/home/mlemsalu/ros2_ws_luke/src/can_msgs_reading/src/can_cpp_node.cpp:[m[K In member function ‘[01m[Kbool Can::processReceivedFrames(CanFrame&)[m[K’:
[3.769s] [01m[K/home/mlemsalu/ros2_ws_luke/src/can_msgs_reading/src/can_cpp_node.cpp:116:16:[m[K [01;35m[Kwarning: [m[Kcomparison of integer expressions of different signedness: ‘[01m[Klong int[m[K’ and ‘[01m[Klong unsigned int[m[K’ [[01;35m[K-Wsign-compare[m[K]
[3.769s]   116 |     if ([01;35m[Knbytes < sizeof(struct can_frame)[m[K) {
[3.769s]       |         [01;35m[K~~~~~~~^~~~~~~~~~~~~~~~~~~~~~~~~~[m[K
[6.774s] [100%] [32m[1mLinking CXX executable can_cpp_node[0m
[6.894s] [100%] Built target can_cpp_node
[6.903s] Invoked command in '/home/mlemsalu/ros2_ws_luke/build/can_msgs_reading' returned '0': AMENT_PREFIX_PATH=/home/mlemsalu/ros2_ws_luke/install/custom_msgs:/home/mlemsalu/ros2_ws_luke/install/rosbag2:/home/mlemsalu/ros2_ws_luke/install/ros2bag:/home/mlemsalu/ros2_ws_luke/install/rosbag2_transport:/home/mlemsalu/ros2_ws_luke/install/rosbag2_py:/home/mlemsalu/ros2_ws_luke/install/rosbag2_compression_zstd:/home/mlemsalu/ros2_ws_luke/install/rosbag2_compression:/home/mlemsalu/ros2_ws_luke/install/rosbag2_cpp:/home/mlemsalu/ros2_ws_luke/install/rosbag2_storage_default_plugins:/home/mlemsalu/ros2_ws_luke/install/rosbag2_storage:/home/mlemsalu/ros2_ws_luke/install/zstd_vendor:/home/mlemsalu/ros2_ws_luke/install/sqlite3_vendor:/home/mlemsalu/ros2_ws_luke/install/shared_queues_vendor:${AMENT_PREFIX_PATH} CMAKE_PREFIX_PATH=/home/mlemsalu/ros2_ws_luke/install/custom_msgs:/home/mlemsalu/ros2_ws_luke/install/rosbag2:/home/mlemsalu/ros2_ws_luke/install/rosbag2_transport:/home/mlemsalu/ros2_ws_luke/install/rosbag2_py:/home/mlemsalu/ros2_ws_luke/install/rosbag2_compression_zstd:/home/mlemsalu/ros2_ws_luke/install/rosbag2_compression:/home/mlemsalu/ros2_ws_luke/install/rosbag2_cpp:/home/mlemsalu/ros2_ws_luke/install/rosbag2_storage_default_plugins:/home/mlemsalu/ros2_ws_luke/install/rosbag2_storage:/home/mlemsalu/ros2_ws_luke/install/zstd_vendor:/home/mlemsalu/ros2_ws_luke/install/sqlite3_vendor:/home/mlemsalu/ros2_ws_luke/install/shared_queues_vendor:/opt/ros/foxy LD_LIBRARY_PATH=/home/mlemsalu/ros2_ws_luke/install/custom_msgs/lib:/home/mlemsalu/ros2_ws_luke/install/rosbag2_transport/lib:/home/mlemsalu/ros2_ws_luke/install/rosbag2_compression_zstd/lib:/home/mlemsalu/ros2_ws_luke/install/rosbag2_compression/lib:/home/mlemsalu/ros2_ws_luke/install/rosbag2_cpp/lib:/home/mlemsalu/ros2_ws_luke/install/rosbag2_storage_default_plugins/lib:/home/mlemsalu/ros2_ws_luke/install/rosbag2_storage/lib:/home/mlemsalu/ros2_ws_luke/install/zstd_vendor/lib:${LD_LIBRARY_PATH} PYTHONPATH=/home/mlemsalu/ros2_ws_luke/install/custom_msgs/lib/python3.8/site-packages:/home/mlemsalu/ros2_ws_luke/build/ros2bag:/home/mlemsalu/ros2_ws_luke/install/ros2bag/lib/python3.8/site-packages:/home/mlemsalu/ros2_ws_luke/install/rosbag2_transport/lib/python3.8/site-packages:/home/mlemsalu/ros2_ws_luke/install/rosbag2_py/lib/python3.8/site-packages:${PYTHONPATH} /usr/bin/cmake --build /home/mlemsalu/ros2_ws_luke/build/can_msgs_reading -- -j12 -l12
[6.924s] Invoking command in '/home/mlemsalu/ros2_ws_luke/build/can_msgs_reading': AMENT_PREFIX_PATH=/home/mlemsalu/ros2_ws_luke/install/custom_msgs:/home/mlemsalu/ros2_ws_luke/install/rosbag2:/home/mlemsalu/ros2_ws_luke/install/ros2bag:/home/mlemsalu/ros2_ws_luke/install/rosbag2_transport:/home/mlemsalu/ros2_ws_luke/install/rosbag2_py:/home/mlemsalu/ros2_ws_luke/install/rosbag2_compression_zstd:/home/mlemsalu/ros2_ws_luke/install/rosbag2_compression:/home/mlemsalu/ros2_ws_luke/install/rosbag2_cpp:/home/mlemsalu/ros2_ws_luke/install/rosbag2_storage_default_plugins:/home/mlemsalu/ros2_ws_luke/install/rosbag2_storage:/home/mlemsalu/ros2_ws_luke/install/zstd_vendor:/home/mlemsalu/ros2_ws_luke/install/sqlite3_vendor:/home/mlemsalu/ros2_ws_luke/install/shared_queues_vendor:${AMENT_PREFIX_PATH} CMAKE_PREFIX_PATH=/home/mlemsalu/ros2_ws_luke/install/custom_msgs:/home/mlemsalu/ros2_ws_luke/install/rosbag2:/home/mlemsalu/ros2_ws_luke/install/rosbag2_transport:/home/mlemsalu/ros2_ws_luke/install/rosbag2_py:/home/mlemsalu/ros2_ws_luke/install/rosbag2_compression_zstd:/home/mlemsalu/ros2_ws_luke/install/rosbag2_compression:/home/mlemsalu/ros2_ws_luke/install/rosbag2_cpp:/home/mlemsalu/ros2_ws_luke/install/rosbag2_storage_default_plugins:/home/mlemsalu/ros2_ws_luke/install/rosbag2_storage:/home/mlemsalu/ros2_ws_luke/install/zstd_vendor:/home/mlemsalu/ros2_ws_luke/install/sqlite3_vendor:/home/mlemsalu/ros2_ws_luke/install/shared_queues_vendor:/opt/ros/foxy LD_LIBRARY_PATH=/home/mlemsalu/ros2_ws_luke/install/custom_msgs/lib:/home/mlemsalu/ros2_ws_luke/install/rosbag2_transport/lib:/home/mlemsalu/ros2_ws_luke/install/rosbag2_compression_zstd/lib:/home/mlemsalu/ros2_ws_luke/install/rosbag2_compression/lib:/home/mlemsalu/ros2_ws_luke/install/rosbag2_cpp/lib:/home/mlemsalu/ros2_ws_luke/install/rosbag2_storage_default_plugins/lib:/home/mlemsalu/ros2_ws_luke/install/rosbag2_storage/lib:/home/mlemsalu/ros2_ws_luke/install/zstd_vendor/lib:${LD_LIBRARY_PATH} PYTHONPATH=/home/mlemsalu/ros2_ws_luke/install/custom_msgs/lib/python3.8/site-packages:/home/mlemsalu/ros2_ws_luke/build/ros2bag:/home/mlemsalu/ros2_ws_luke/install/ros2bag/lib/python3.8/site-packages:/home/mlemsalu/ros2_ws_luke/install/rosbag2_transport/lib/python3.8/site-packages:/home/mlemsalu/ros2_ws_luke/install/rosbag2_py/lib/python3.8/site-packages:${PYTHONPATH} /usr/bin/cmake --install /home/mlemsalu/ros2_ws_luke/build/can_msgs_reading
[6.932s] -- Install configuration: "Release"
[6.932s] -- Execute custom install script
[6.932s] -- Symlinking: /home/mlemsalu/ros2_ws_luke/install/can_msgs_reading/lib/can_msgs_reading/can_cpp_node
[6.941s] -- Symlinking: /home/mlemsalu/ros2_ws_luke/install/can_msgs_reading/share/ament_index/resource_index/package_run_dependencies/can_msgs_reading
[6.949s] -- Symlinking: /home/mlemsalu/ros2_ws_luke/install/can_msgs_reading/share/ament_index/resource_index/parent_prefix_path/can_msgs_reading
[6.957s] -- Symlinking: /home/mlemsalu/ros2_ws_luke/install/can_msgs_reading/share/can_msgs_reading/environment/ament_prefix_path.sh
[6.965s] -- Symlinking: /home/mlemsalu/ros2_ws_luke/install/can_msgs_reading/share/can_msgs_reading/environment/ament_prefix_path.dsv
[6.973s] -- Symlinking: /home/mlemsalu/ros2_ws_luke/install/can_msgs_reading/share/can_msgs_reading/environment/path.sh
[6.981s] -- Symlinking: /home/mlemsalu/ros2_ws_luke/install/can_msgs_reading/share/can_msgs_reading/environment/path.dsv
[6.989s] -- Symlinking: /home/mlemsalu/ros2_ws_luke/install/can_msgs_reading/share/can_msgs_reading/local_setup.bash
[6.997s] -- Symlinking: /home/mlemsalu/ros2_ws_luke/install/can_msgs_reading/share/can_msgs_reading/local_setup.sh
[7.005s] -- Symlinking: /home/mlemsalu/ros2_ws_luke/install/can_msgs_reading/share/can_msgs_reading/local_setup.zsh
[7.013s] -- Symlinking: /home/mlemsalu/ros2_ws_luke/install/can_msgs_reading/share/can_msgs_reading/local_setup.dsv
[7.021s] -- Symlinking: /home/mlemsalu/ros2_ws_luke/install/can_msgs_reading/share/can_msgs_reading/package.dsv
[7.029s] -- Symlinking: /home/mlemsalu/ros2_ws_luke/install/can_msgs_reading/share/ament_index/resource_index/packages/can_msgs_reading
[7.037s] -- Symlinking: /home/mlemsalu/ros2_ws_luke/install/can_msgs_reading/share/can_msgs_reading/cmake/can_msgs_readingConfig.cmake
[7.045s] -- Symlinking: /home/mlemsalu/ros2_ws_luke/install/can_msgs_reading/share/can_msgs_reading/cmake/can_msgs_readingConfig-version.cmake
[7.053s] -- Symlinking: /home/mlemsalu/ros2_ws_luke/install/can_msgs_reading/share/can_msgs_reading/package.xml
[7.067s] Invoked command in '/home/mlemsalu/ros2_ws_luke/build/can_msgs_reading' returned '0': AMENT_PREFIX_PATH=/home/mlemsalu/ros2_ws_luke/install/custom_msgs:/home/mlemsalu/ros2_ws_luke/install/rosbag2:/home/mlemsalu/ros2_ws_luke/install/ros2bag:/home/mlemsalu/ros2_ws_luke/install/rosbag2_transport:/home/mlemsalu/ros2_ws_luke/install/rosbag2_py:/home/mlemsalu/ros2_ws_luke/install/rosbag2_compression_zstd:/home/mlemsalu/ros2_ws_luke/install/rosbag2_compression:/home/mlemsalu/ros2_ws_luke/install/rosbag2_cpp:/home/mlemsalu/ros2_ws_luke/install/rosbag2_storage_default_plugins:/home/mlemsalu/ros2_ws_luke/install/rosbag2_storage:/home/mlemsalu/ros2_ws_luke/install/zstd_vendor:/home/mlemsalu/ros2_ws_luke/install/sqlite3_vendor:/home/mlemsalu/ros2_ws_luke/install/shared_queues_vendor:${AMENT_PREFIX_PATH} CMAKE_PREFIX_PATH=/home/mlemsalu/ros2_ws_luke/install/custom_msgs:/home/mlemsalu/ros2_ws_luke/install/rosbag2:/home/mlemsalu/ros2_ws_luke/install/rosbag2_transport:/home/mlemsalu/ros2_ws_luke/install/rosbag2_py:/home/mlemsalu/ros2_ws_luke/install/rosbag2_compression_zstd:/home/mlemsalu/ros2_ws_luke/install/rosbag2_compression:/home/mlemsalu/ros2_ws_luke/install/rosbag2_cpp:/home/mlemsalu/ros2_ws_luke/install/rosbag2_storage_default_plugins:/home/mlemsalu/ros2_ws_luke/install/rosbag2_storage:/home/mlemsalu/ros2_ws_luke/install/zstd_vendor:/home/mlemsalu/ros2_ws_luke/install/sqlite3_vendor:/home/mlemsalu/ros2_ws_luke/install/shared_queues_vendor:/opt/ros/foxy LD_LIBRARY_PATH=/home/mlemsalu/ros2_ws_luke/install/custom_msgs/lib:/home/mlemsalu/ros2_ws_luke/install/rosbag2_transport/lib:/home/mlemsalu/ros2_ws_luke/install/rosbag2_compression_zstd/lib:/home/mlemsalu/ros2_ws_luke/install/rosbag2_compression/lib:/home/mlemsalu/ros2_ws_luke/install/rosbag2_cpp/lib:/home/mlemsalu/ros2_ws_luke/install/rosbag2_storage_default_plugins/lib:/home/mlemsalu/ros2_ws_luke/install/rosbag2_storage/lib:/home/mlemsalu/ros2_ws_luke/install/zstd_vendor/lib:${LD_LIBRARY_PATH} PYTHONPATH=/home/mlemsalu/ros2_ws_luke/install/custom_msgs/lib/python3.8/site-packages:/home/mlemsalu/ros2_ws_luke/build/ros2bag:/home/mlemsalu/ros2_ws_luke/install/ros2bag/lib/python3.8/site-packages:/home/mlemsalu/ros2_ws_luke/install/rosbag2_transport/lib/python3.8/site-packages:/home/mlemsalu/ros2_ws_luke/install/rosbag2_py/lib/python3.8/site-packages:${PYTHONPATH} /usr/bin/cmake --install /home/mlemsalu/ros2_ws_luke/build/can_msgs_reading
