[0.034s] Invoking command in '/home/mlemsalu/ros2_ws_luke/build/zed_ros2': AMENT_PREFIX_PATH=/home/mlemsalu/ros2_ws_luke/install/zed_wrapper:/home/mlemsalu/ros2_ws_luke/install/zed_components:/home/mlemsalu/ros2_ws_luke/install/zed_interfaces:${AMENT_PREFIX_PATH} CMAKE_PREFIX_PATH=/home/mlemsalu/ros2_ws_luke/install/zed_wrapper:/home/mlemsalu/ros2_ws_luke/install/zed_components:/home/mlemsalu/ros2_ws_luke/install/zed_interfaces:/opt/ros/foxy LD_LIBRARY_PATH=/home/mlemsalu/ros2_ws_luke/install/zed_components/lib:/home/mlemsalu/ros2_ws_luke/install/zed_interfaces/lib:${LD_LIBRARY_PATH} PYTHONPATH=/home/mlemsalu/ros2_ws_luke/install/zed_interfaces/lib/python3.8/site-packages:${PYTHONPATH} /usr/bin/cmake /home/mlemsalu/ros2_ws_luke/src/zed-ros2-wrapper/zed_ros2 -DCMAKE_BUILD_TYPE=Release -DAMENT_CMAKE_SYMLINK_INSTALL=1 -DCMAKE_INSTALL_PREFIX=/home/mlemsalu/ros2_ws_luke/install/zed_ros2
[0.067s] -- Found ament_cmake_auto: 0.9.11 (/opt/ros/foxy/share/ament_cmake_auto/cmake)
[0.114s] -- Found PythonInterp: /usr/bin/python3 (found suitable version "3.8.10", minimum required is "3") 
[0.115s] -- Using PYTHON_EXECUTABLE: /usr/bin/python3
[0.467s] -- Override CMake install command with custom implementation using symlinks instead of copying resources
[0.625s] -- Found ament_lint_auto: 0.9.8 (/opt/ros/foxy/share/ament_lint_auto/cmake)
[0.654s] -- Added test 'copyright' to check source files copyright and LICENSE
[0.656s] -- Added test 'lint_cmake' to check CMake code style
[0.658s] -- Added test 'xmllint' to check XML markup files
[0.663s] -- Configuring done
[0.667s] -- Generating done
[0.669s] -- Build files have been written to: /home/mlemsalu/ros2_ws_luke/build/zed_ros2
[0.676s] Invoked command in '/home/mlemsalu/ros2_ws_luke/build/zed_ros2' returned '0': AMENT_PREFIX_PATH=/home/mlemsalu/ros2_ws_luke/install/zed_wrapper:/home/mlemsalu/ros2_ws_luke/install/zed_components:/home/mlemsalu/ros2_ws_luke/install/zed_interfaces:${AMENT_PREFIX_PATH} CMAKE_PREFIX_PATH=/home/mlemsalu/ros2_ws_luke/install/zed_wrapper:/home/mlemsalu/ros2_ws_luke/install/zed_components:/home/mlemsalu/ros2_ws_luke/install/zed_interfaces:/opt/ros/foxy LD_LIBRARY_PATH=/home/mlemsalu/ros2_ws_luke/install/zed_components/lib:/home/mlemsalu/ros2_ws_luke/install/zed_interfaces/lib:${LD_LIBRARY_PATH} PYTHONPATH=/home/mlemsalu/ros2_ws_luke/install/zed_interfaces/lib/python3.8/site-packages:${PYTHONPATH} /usr/bin/cmake /home/mlemsalu/ros2_ws_luke/src/zed-ros2-wrapper/zed_ros2 -DCMAKE_BUILD_TYPE=Release -DAMENT_CMAKE_SYMLINK_INSTALL=1 -DCMAKE_INSTALL_PREFIX=/home/mlemsalu/ros2_ws_luke/install/zed_ros2
[0.678s] Invoking command in '/home/mlemsalu/ros2_ws_luke/build/zed_ros2': AMENT_PREFIX_PATH=/home/mlemsalu/ros2_ws_luke/install/zed_wrapper:/home/mlemsalu/ros2_ws_luke/install/zed_components:/home/mlemsalu/ros2_ws_luke/install/zed_interfaces:${AMENT_PREFIX_PATH} CMAKE_PREFIX_PATH=/home/mlemsalu/ros2_ws_luke/install/zed_wrapper:/home/mlemsalu/ros2_ws_luke/install/zed_components:/home/mlemsalu/ros2_ws_luke/install/zed_interfaces:/opt/ros/foxy LD_LIBRARY_PATH=/home/mlemsalu/ros2_ws_luke/install/zed_components/lib:/home/mlemsalu/ros2_ws_luke/install/zed_interfaces/lib:${LD_LIBRARY_PATH} PYTHONPATH=/home/mlemsalu/ros2_ws_luke/install/zed_interfaces/lib/python3.8/site-packages:${PYTHONPATH} /usr/bin/cmake --build /home/mlemsalu/ros2_ws_luke/build/zed_ros2 -- -j12 -l12
[0.760s] Invoked command in '/home/mlemsalu/ros2_ws_luke/build/zed_ros2' returned '0': AMENT_PREFIX_PATH=/home/mlemsalu/ros2_ws_luke/install/zed_wrapper:/home/mlemsalu/ros2_ws_luke/install/zed_components:/home/mlemsalu/ros2_ws_luke/install/zed_interfaces:${AMENT_PREFIX_PATH} CMAKE_PREFIX_PATH=/home/mlemsalu/ros2_ws_luke/install/zed_wrapper:/home/mlemsalu/ros2_ws_luke/install/zed_components:/home/mlemsalu/ros2_ws_luke/install/zed_interfaces:/opt/ros/foxy LD_LIBRARY_PATH=/home/mlemsalu/ros2_ws_luke/install/zed_components/lib:/home/mlemsalu/ros2_ws_luke/install/zed_interfaces/lib:${LD_LIBRARY_PATH} PYTHONPATH=/home/mlemsalu/ros2_ws_luke/install/zed_interfaces/lib/python3.8/site-packages:${PYTHONPATH} /usr/bin/cmake --build /home/mlemsalu/ros2_ws_luke/build/zed_ros2 -- -j12 -l12
[0.808s] Invoking command in '/home/mlemsalu/ros2_ws_luke/build/zed_ros2': AMENT_PREFIX_PATH=/home/mlemsalu/ros2_ws_luke/install/zed_wrapper:/home/mlemsalu/ros2_ws_luke/install/zed_components:/home/mlemsalu/ros2_ws_luke/install/zed_interfaces:${AMENT_PREFIX_PATH} CMAKE_PREFIX_PATH=/home/mlemsalu/ros2_ws_luke/install/zed_wrapper:/home/mlemsalu/ros2_ws_luke/install/zed_components:/home/mlemsalu/ros2_ws_luke/install/zed_interfaces:/opt/ros/foxy LD_LIBRARY_PATH=/home/mlemsalu/ros2_ws_luke/install/zed_components/lib:/home/mlemsalu/ros2_ws_luke/install/zed_interfaces/lib:${LD_LIBRARY_PATH} PYTHONPATH=/home/mlemsalu/ros2_ws_luke/install/zed_interfaces/lib/python3.8/site-packages:${PYTHONPATH} /usr/bin/cmake --install /home/mlemsalu/ros2_ws_luke/build/zed_ros2
[0.822s] -- Install configuration: "Release"
[0.823s] -- Execute custom install script
[0.824s] -- Symlinking: /home/mlemsalu/ros2_ws_luke/install/zed_ros2/share/ament_index/resource_index/package_run_dependencies/zed_ros2
[0.845s] -- Symlinking: /home/mlemsalu/ros2_ws_luke/install/zed_ros2/share/ament_index/resource_index/parent_prefix_path/zed_ros2
[0.856s] -- Symlinking: /home/mlemsalu/ros2_ws_luke/install/zed_ros2/share/zed_ros2/environment/ament_prefix_path.sh
[0.873s] -- Symlinking: /home/mlemsalu/ros2_ws_luke/install/zed_ros2/share/zed_ros2/environment/ament_prefix_path.dsv
[0.889s] -- Symlinking: /home/mlemsalu/ros2_ws_luke/install/zed_ros2/share/zed_ros2/environment/path.sh
[0.905s] -- Symlinking: /home/mlemsalu/ros2_ws_luke/install/zed_ros2/share/zed_ros2/environment/path.dsv
[0.922s] -- Symlinking: /home/mlemsalu/ros2_ws_luke/install/zed_ros2/share/zed_ros2/local_setup.bash
[0.943s] -- Symlinking: /home/mlemsalu/ros2_ws_luke/install/zed_ros2/share/zed_ros2/local_setup.sh
[0.960s] -- Symlinking: /home/mlemsalu/ros2_ws_luke/install/zed_ros2/share/zed_ros2/local_setup.zsh
[0.977s] -- Symlinking: /home/mlemsalu/ros2_ws_luke/install/zed_ros2/share/zed_ros2/local_setup.dsv
[0.995s] -- Symlinking: /home/mlemsalu/ros2_ws_luke/install/zed_ros2/share/zed_ros2/package.dsv
[1.012s] -- Symlinking: /home/mlemsalu/ros2_ws_luke/install/zed_ros2/share/ament_index/resource_index/packages/zed_ros2
[1.028s] -- Symlinking: /home/mlemsalu/ros2_ws_luke/install/zed_ros2/share/zed_ros2/cmake/zed_ros2Config.cmake
[1.044s] -- Symlinking: /home/mlemsalu/ros2_ws_luke/install/zed_ros2/share/zed_ros2/cmake/zed_ros2Config-version.cmake
[1.061s] -- Symlinking: /home/mlemsalu/ros2_ws_luke/install/zed_ros2/share/zed_ros2/package.xml
[1.089s] Invoked command in '/home/mlemsalu/ros2_ws_luke/build/zed_ros2' returned '0': AMENT_PREFIX_PATH=/home/mlemsalu/ros2_ws_luke/install/zed_wrapper:/home/mlemsalu/ros2_ws_luke/install/zed_components:/home/mlemsalu/ros2_ws_luke/install/zed_interfaces:${AMENT_PREFIX_PATH} CMAKE_PREFIX_PATH=/home/mlemsalu/ros2_ws_luke/install/zed_wrapper:/home/mlemsalu/ros2_ws_luke/install/zed_components:/home/mlemsalu/ros2_ws_luke/install/zed_interfaces:/opt/ros/foxy LD_LIBRARY_PATH=/home/mlemsalu/ros2_ws_luke/install/zed_components/lib:/home/mlemsalu/ros2_ws_luke/install/zed_interfaces/lib:${LD_LIBRARY_PATH} PYTHONPATH=/home/mlemsalu/ros2_ws_luke/install/zed_interfaces/lib/python3.8/site-packages:${PYTHONPATH} /usr/bin/cmake --install /home/mlemsalu/ros2_ws_luke/build/zed_ros2
