-- Found ament_cmake: 0.9.11 (/opt/ros/foxy/share/ament_cmake/cmake)
-- Using PYTHON_EXECUTABLE: /usr/bin/python3
-- Override CMake install command with custom implementation using symlinks instead of copying resources
-- Configuring done
-- Generating done
-- Build files have been written to: /home/mlemsalu/ros2_ws_luke/build/shared_queues_vendor
[ 50%] Built target ext-concurrentqueue
[100%] Built target ext-singleproducerconsumer
-- Install configuration: "Release"
-- Execute custom install script
-- Up-to-date symlink: /home/mlemsalu/ros2_ws_luke/install/shared_queues_vendor/include/moodycamel/atomicops.h
-- Up-to-date symlink: /home/mlemsalu/ros2_ws_luke/install/shared_queues_vendor/include/moodycamel/readerwriterqueue.h
-- Up-to-date symlink: /home/mlemsalu/ros2_ws_luke/install/shared_queues_vendor/include/moodycamel/concurrentqueue.h
-- Up-to-date symlink: /home/mlemsalu/ros2_ws_luke/install/shared_queues_vendor/include/moodycamel/blockingconcurrentqueue.h
-- Up-to-date symlink: /home/mlemsalu/ros2_ws_luke/install/shared_queues_vendor/share/ament_index/resource_index/package_run_dependencies/shared_queues_vendor
-- Up-to-date symlink: /home/mlemsalu/ros2_ws_luke/install/shared_queues_vendor/share/ament_index/resource_index/parent_prefix_path/shared_queues_vendor
-- Up-to-date symlink: /home/mlemsalu/ros2_ws_luke/install/shared_queues_vendor/share/shared_queues_vendor/environment/ament_prefix_path.sh
-- Up-to-date symlink: /home/mlemsalu/ros2_ws_luke/install/shared_queues_vendor/share/shared_queues_vendor/environment/ament_prefix_path.dsv
-- Up-to-date symlink: /home/mlemsalu/ros2_ws_luke/install/shared_queues_vendor/share/shared_queues_vendor/environment/path.sh
-- Up-to-date symlink: /home/mlemsalu/ros2_ws_luke/install/shared_queues_vendor/share/shared_queues_vendor/environment/path.dsv
-- Up-to-date symlink: /home/mlemsalu/ros2_ws_luke/install/shared_queues_vendor/share/shared_queues_vendor/local_setup.bash
-- Up-to-date symlink: /home/mlemsalu/ros2_ws_luke/install/shared_queues_vendor/share/shared_queues_vendor/local_setup.sh
-- Up-to-date symlink: /home/mlemsalu/ros2_ws_luke/install/shared_queues_vendor/share/shared_queues_vendor/local_setup.zsh
-- Up-to-date symlink: /home/mlemsalu/ros2_ws_luke/install/shared_queues_vendor/share/shared_queues_vendor/local_setup.dsv
-- Symlinking: /home/mlemsalu/ros2_ws_luke/install/shared_queues_vendor/share/shared_queues_vendor/package.dsv
-- Up-to-date symlink: /home/mlemsalu/ros2_ws_luke/install/shared_queues_vendor/share/ament_index/resource_index/packages/shared_queues_vendor
-- Up-to-date symlink: /home/mlemsalu/ros2_ws_luke/install/shared_queues_vendor/share/shared_queues_vendor/cmake/ament_cmake_export_include_directories-extras.cmake
-- Up-to-date symlink: /home/mlemsalu/ros2_ws_luke/install/shared_queues_vendor/share/shared_queues_vendor/cmake/ament_cmake_export_targets-extras.cmake
-- Up-to-date symlink: /home/mlemsalu/ros2_ws_luke/install/shared_queues_vendor/share/shared_queues_vendor/cmake/shared_queues_vendorConfig.cmake
-- Up-to-date symlink: /home/mlemsalu/ros2_ws_luke/install/shared_queues_vendor/share/shared_queues_vendor/cmake/shared_queues_vendorConfig-version.cmake
-- Up-to-date symlink: /home/mlemsalu/ros2_ws_luke/install/shared_queues_vendor/share/shared_queues_vendor/package.xml
-- Up-to-date: /home/mlemsalu/ros2_ws_luke/install/shared_queues_vendor/share/shared_queues_vendor/cmake/export_shared_queues_vendorExport.cmake
