[0.042s] Invoking command in '/home/mlemsalu/ros2_ws_luke/build/shared_queues_vendor': CMAKE_PREFIX_PATH=/opt/ros/foxy /usr/bin/cmake /home/mlemsalu/ros2_ws_luke/src/rosbag2-foxy-future/shared_queues_vendor -DCMAKE_INSTALL_PREFIX=/home/mlemsalu/ros2_ws_luke/install/shared_queues_vendor
[0.071s] -- Found ament_cmake: 0.9.11 (/opt/ros/foxy/share/ament_cmake/cmake)
[0.079s] -- Using PYTHON_EXECUTABLE: /usr/bin/python3
[0.228s] -- Override CMake install command with custom implementation using symlinks instead of copying resources
[0.356s] -- Configuring done
[0.359s] -- Generating done
[0.360s] -- Build files have been written to: /home/mlemsalu/ros2_ws_luke/build/shared_queues_vendor
[0.363s] Invoked command in '/home/mlemsalu/ros2_ws_luke/build/shared_queues_vendor' returned '0': CMAKE_PREFIX_PATH=/opt/ros/foxy /usr/bin/cmake /home/mlemsalu/ros2_ws_luke/src/rosbag2-foxy-future/shared_queues_vendor -DCMAKE_INSTALL_PREFIX=/home/mlemsalu/ros2_ws_luke/install/shared_queues_vendor
[0.366s] Invoking command in '/home/mlemsalu/ros2_ws_luke/build/shared_queues_vendor': CMAKE_PREFIX_PATH=/opt/ros/foxy /usr/bin/cmake --build /home/mlemsalu/ros2_ws_luke/build/shared_queues_vendor -- -j12 -l12
[0.421s] [ 50%] Built target ext-concurrentqueue
[0.426s] [100%] Built target ext-singleproducerconsumer
[0.439s] Invoked command in '/home/mlemsalu/ros2_ws_luke/build/shared_queues_vendor' returned '0': CMAKE_PREFIX_PATH=/opt/ros/foxy /usr/bin/cmake --build /home/mlemsalu/ros2_ws_luke/build/shared_queues_vendor -- -j12 -l12
[0.477s] Invoking command in '/home/mlemsalu/ros2_ws_luke/build/shared_queues_vendor': CMAKE_PREFIX_PATH=/opt/ros/foxy /usr/bin/cmake --install /home/mlemsalu/ros2_ws_luke/build/shared_queues_vendor
[0.483s] -- Install configuration: "Release"
[0.484s] -- Execute custom install script
[0.484s] -- Up-to-date symlink: /home/mlemsalu/ros2_ws_luke/install/shared_queues_vendor/include/moodycamel/atomicops.h
[0.484s] -- Up-to-date symlink: /home/mlemsalu/ros2_ws_luke/install/shared_queues_vendor/include/moodycamel/readerwriterqueue.h
[0.484s] -- Up-to-date symlink: /home/mlemsalu/ros2_ws_luke/install/shared_queues_vendor/include/moodycamel/concurrentqueue.h
[0.485s] -- Up-to-date symlink: /home/mlemsalu/ros2_ws_luke/install/shared_queues_vendor/include/moodycamel/blockingconcurrentqueue.h
[0.485s] -- Up-to-date symlink: /home/mlemsalu/ros2_ws_luke/install/shared_queues_vendor/share/ament_index/resource_index/package_run_dependencies/shared_queues_vendor
[0.485s] -- Up-to-date symlink: /home/mlemsalu/ros2_ws_luke/install/shared_queues_vendor/share/ament_index/resource_index/parent_prefix_path/shared_queues_vendor
[0.486s] -- Up-to-date symlink: /home/mlemsalu/ros2_ws_luke/install/shared_queues_vendor/share/shared_queues_vendor/environment/ament_prefix_path.sh
[0.486s] -- Up-to-date symlink: /home/mlemsalu/ros2_ws_luke/install/shared_queues_vendor/share/shared_queues_vendor/environment/ament_prefix_path.dsv
[0.486s] -- Up-to-date symlink: /home/mlemsalu/ros2_ws_luke/install/shared_queues_vendor/share/shared_queues_vendor/environment/path.sh
[0.486s] -- Up-to-date symlink: /home/mlemsalu/ros2_ws_luke/install/shared_queues_vendor/share/shared_queues_vendor/environment/path.dsv
[0.487s] -- Up-to-date symlink: /home/mlemsalu/ros2_ws_luke/install/shared_queues_vendor/share/shared_queues_vendor/local_setup.bash
[0.487s] -- Up-to-date symlink: /home/mlemsalu/ros2_ws_luke/install/shared_queues_vendor/share/shared_queues_vendor/local_setup.sh
[0.487s] -- Up-to-date symlink: /home/mlemsalu/ros2_ws_luke/install/shared_queues_vendor/share/shared_queues_vendor/local_setup.zsh
[0.487s] -- Up-to-date symlink: /home/mlemsalu/ros2_ws_luke/install/shared_queues_vendor/share/shared_queues_vendor/local_setup.dsv
[0.487s] -- Symlinking: /home/mlemsalu/ros2_ws_luke/install/shared_queues_vendor/share/shared_queues_vendor/package.dsv
[0.496s] -- Up-to-date symlink: /home/mlemsalu/ros2_ws_luke/install/shared_queues_vendor/share/ament_index/resource_index/packages/shared_queues_vendor
[0.497s] -- Up-to-date symlink: /home/mlemsalu/ros2_ws_luke/install/shared_queues_vendor/share/shared_queues_vendor/cmake/ament_cmake_export_include_directories-extras.cmake
[0.497s] -- Up-to-date symlink: /home/mlemsalu/ros2_ws_luke/install/shared_queues_vendor/share/shared_queues_vendor/cmake/ament_cmake_export_targets-extras.cmake
[0.497s] -- Up-to-date symlink: /home/mlemsalu/ros2_ws_luke/install/shared_queues_vendor/share/shared_queues_vendor/cmake/shared_queues_vendorConfig.cmake
[0.498s] -- Up-to-date symlink: /home/mlemsalu/ros2_ws_luke/install/shared_queues_vendor/share/shared_queues_vendor/cmake/shared_queues_vendorConfig-version.cmake
[0.498s] -- Up-to-date symlink: /home/mlemsalu/ros2_ws_luke/install/shared_queues_vendor/share/shared_queues_vendor/package.xml
[0.498s] -- Up-to-date: /home/mlemsalu/ros2_ws_luke/install/shared_queues_vendor/share/shared_queues_vendor/cmake/export_shared_queues_vendorExport.cmake
[0.510s] Invoked command in '/home/mlemsalu/ros2_ws_luke/build/shared_queues_vendor' returned '0': CMAKE_PREFIX_PATH=/opt/ros/foxy /usr/bin/cmake --install /home/mlemsalu/ros2_ws_luke/build/shared_queues_vendor
