[0.028s] Invoking command in '/home/mlemsalu/ros2_ws_luke/build/rosbag2_transport': AMENT_PREFIX_PATH=/home/mlemsalu/ros2_ws_luke/install/rosbag2_compression:/home/mlemsalu/ros2_ws_luke/install/rosbag2_cpp:/home/mlemsalu/ros2_ws_luke/install/rosbag2_storage_default_plugins:/home/mlemsalu/ros2_ws_luke/install/rosbag2_storage:/home/mlemsalu/ros2_ws_luke/install/sqlite3_vendor:/home/mlemsalu/ros2_ws_luke/install/shared_queues_vendor:/home/mlemsalu/ros2_ws_luke/install/rosbag2_test_common:${AMENT_PREFIX_PATH} CMAKE_PREFIX_PATH=/home/mlemsalu/ros2_ws_luke/install/rosbag2_compression:/home/mlemsalu/ros2_ws_luke/install/rosbag2_cpp:/home/mlemsalu/ros2_ws_luke/install/rosbag2_storage_default_plugins:/home/mlemsalu/ros2_ws_luke/install/rosbag2_storage:/home/mlemsalu/ros2_ws_luke/install/sqlite3_vendor:/home/mlemsalu/ros2_ws_luke/install/shared_queues_vendor:/home/mlemsalu/ros2_ws_luke/install/rosbag2_test_common:/opt/ros/foxy LD_LIBRARY_PATH=/home/mlemsalu/ros2_ws_luke/install/rosbag2_compression/lib:/home/mlemsalu/ros2_ws_luke/install/rosbag2_cpp/lib:/home/mlemsalu/ros2_ws_luke/install/rosbag2_storage_default_plugins/lib:/home/mlemsalu/ros2_ws_luke/install/rosbag2_storage/lib:${LD_LIBRARY_PATH} /usr/bin/cmake /home/mlemsalu/ros2_ws_luke/src/rosbag2-foxy-future/rosbag2_transport -DCMAKE_BUILD_TYPE=Release -DAMENT_CMAKE_SYMLINK_INSTALL=1 -DCMAKE_INSTALL_PREFIX=/home/mlemsalu/ros2_ws_luke/install/rosbag2_transport
[0.085s] -- The C compiler identification is GNU 9.4.0
[0.142s] -- The CXX compiler identification is GNU 9.4.0
[0.150s] -- Check for working C compiler: /usr/bin/cc
[0.224s] -- Check for working C compiler: /usr/bin/cc -- works
[0.225s] -- Detecting C compiler ABI info
[0.298s] -- Detecting C compiler ABI info - done
[0.311s] -- Detecting C compile features
[0.311s] -- Detecting C compile features - done
[0.313s] -- Check for working CXX compiler: /usr/bin/c++
[0.409s] -- Check for working CXX compiler: /usr/bin/c++ -- works
[0.410s] -- Detecting CXX compiler ABI info
[0.505s] -- Detecting CXX compiler ABI info - done
[0.529s] -- Detecting CXX compile features
[0.530s] -- Detecting CXX compile features - done
[0.532s] -- Found ament_cmake: 0.9.11 (/opt/ros/foxy/share/ament_cmake/cmake)
[0.564s] -- Found PythonInterp: /usr/bin/python3 (found suitable version "3.8.10", minimum required is "3") 
[0.564s] -- Using PYTHON_EXECUTABLE: /usr/bin/python3
[0.739s] -- Override CMake install command with custom implementation using symlinks instead of copying resources
[0.776s] -- Found ament_cmake_ros: 0.9.2 (/opt/ros/foxy/share/ament_cmake_ros/cmake)
[0.785s] -- Found rcl: 1.1.14 (/opt/ros/foxy/share/rcl/cmake)
[0.820s] -- Using all available rosidl_typesupport_c: rosidl_typesupport_fastrtps_c;rosidl_typesupport_introspection_c
[0.827s] -- Found rosidl_adapter: 1.3.0 (/opt/ros/foxy/share/rosidl_adapter/cmake)
[0.918s] -- Found OpenSSL: /usr/lib/x86_64-linux-gnu/libcrypto.so (found version "1.1.1f")  
[0.944s] -- Found FastRTPS: /opt/ros/foxy/include  
[1.027s] -- Using all available rosidl_typesupport_cpp: rosidl_typesupport_fastrtps_cpp;rosidl_typesupport_introspection_cpp
[1.098s] -- Found rmw_implementation_cmake: 1.0.4 (/opt/ros/foxy/share/rmw_implementation_cmake/cmake)
[1.100s] -- Using RMW implementation 'rmw_fastrtps_cpp' as default
[1.100s] -- Looking for pthread.h
[1.186s] -- Looking for pthread.h - found
[1.186s] -- Performing Test CMAKE_HAVE_LIBC_PTHREAD
[1.260s] -- Performing Test CMAKE_HAVE_LIBC_PTHREAD - Failed
[1.261s] -- Looking for pthread_create in pthreads
[1.322s] -- Looking for pthread_create in pthreads - not found
[1.322s] -- Looking for pthread_create in pthread
[1.394s] -- Looking for pthread_create in pthread - found
[1.396s] -- Found Threads: TRUE  
[1.418s] -- Found rclcpp: 2.4.2 (/opt/ros/foxy/share/rclcpp/cmake)
[1.562s] -- Found rosbag2_compression: 0.7.0 (/home/mlemsalu/ros2_ws_luke/install/rosbag2_compression/share/rosbag2_compression/cmake)
[1.605s] -- Setting yaml-cpp_DIR to: '/opt/ros/foxy/share/yaml_cpp_vendor/cmake/../../../opt/yaml_cpp_vendor/lib/cmake/yaml-cpp'
[1.614s] -- Found shared_queues_vendor: 0.7.0 (/home/mlemsalu/ros2_ws_luke/install/shared_queues_vendor/share/shared_queues_vendor/cmake)
[1.619s] -- Found python_cmake_module: 0.8.1 (/opt/ros/foxy/share/python_cmake_module/cmake)
[1.639s] -- Found PythonInterp: /usr/bin/python3 (found suitable version "3.8.10", minimum required is "3.5") 
[1.648s] -- Found PythonLibs: /usr/lib/x86_64-linux-gnu/libpython3.8.so (found suitable version "3.8.10", minimum required is "3.5") 
[1.648s] -- Using PYTHON_EXECUTABLE: /usr/bin/python3
[1.648s] -- Using PYTHON_INCLUDE_DIRS: /usr/include/python3.8
[1.648s] -- Using PYTHON_LIBRARIES: /usr/lib/x86_64-linux-gnu/libpython3.8.so
[1.669s] -- Found PythonExtra: .so  
[1.709s] -- Found ament_lint_auto: 0.9.8 (/opt/ros/foxy/share/ament_lint_auto/cmake)
[1.713s] -- Found test_msgs: 1.0.0 (/opt/ros/foxy/share/test_msgs/cmake)
[1.836s] -- Found rosbag2_test_common: 0.7.0 (/home/mlemsalu/ros2_ws_luke/install/rosbag2_test_common/share/rosbag2_test_common/cmake)
[2.105s] -- Found gmock sources under '/opt/ros/foxy/src/gmock_vendor': C++ tests using 'Google Mock' will be built
[2.113s] -- Found gtest sources under '/opt/ros/foxy/src/gtest_vendor': C++ tests using 'Google Test' will be built
[2.126s] -- Found gmock sources under '/opt/ros/foxy/src/gmock_vendor': C++ tests using 'Google Mock' will be built
[2.126s] -- Found gtest sources under '/opt/ros/foxy/src/gtest_vendor': C++ tests using 'Google Test' will be built
[2.134s] -- Found gmock sources under '/opt/ros/foxy/src/gmock_vendor': C++ tests using 'Google Mock' will be built
[2.135s] -- Found gtest sources under '/opt/ros/foxy/src/gtest_vendor': C++ tests using 'Google Test' will be built
[2.145s] -- Found gmock sources under '/opt/ros/foxy/src/gmock_vendor': C++ tests using 'Google Mock' will be built
[2.146s] -- Found gtest sources under '/opt/ros/foxy/src/gtest_vendor': C++ tests using 'Google Test' will be built
[2.155s] -- Found gmock sources under '/opt/ros/foxy/src/gmock_vendor': C++ tests using 'Google Mock' will be built
[2.157s] -- Found gtest sources under '/opt/ros/foxy/src/gtest_vendor': C++ tests using 'Google Test' will be built
[2.162s] -- Found gmock sources under '/opt/ros/foxy/src/gmock_vendor': C++ tests using 'Google Mock' will be built
[2.163s] -- Found gtest sources under '/opt/ros/foxy/src/gtest_vendor': C++ tests using 'Google Test' will be built
[2.167s] -- Found gmock sources under '/opt/ros/foxy/src/gmock_vendor': C++ tests using 'Google Mock' will be built
[2.168s] -- Found gtest sources under '/opt/ros/foxy/src/gtest_vendor': C++ tests using 'Google Test' will be built
[2.172s] -- Found gmock sources under '/opt/ros/foxy/src/gmock_vendor': C++ tests using 'Google Mock' will be built
[2.173s] -- Found gtest sources under '/opt/ros/foxy/src/gtest_vendor': C++ tests using 'Google Test' will be built
[2.177s] -- Found gmock sources under '/opt/ros/foxy/src/gmock_vendor': C++ tests using 'Google Mock' will be built
[2.178s] -- Found gtest sources under '/opt/ros/foxy/src/gtest_vendor': C++ tests using 'Google Test' will be built
[2.182s] -- Found gmock sources under '/opt/ros/foxy/src/gmock_vendor': C++ tests using 'Google Mock' will be built
[2.183s] -- Found gtest sources under '/opt/ros/foxy/src/gtest_vendor': C++ tests using 'Google Test' will be built
[2.194s] -- Added test 'copyright' to check source files copyright and LICENSE
[2.197s] -- Added test 'cppcheck' to perform static code analysis on C / C++ code
[2.201s] -- Configured cppcheck include dirs: $<BUILD_INTERFACE:/home/mlemsalu/ros2_ws_luke/src/rosbag2-foxy-future/rosbag2_transport/include>;$<BUILD_INTERFACE:/home/mlemsalu/ros2_ws_luke/src/rosbag2-foxy-future/rosbag2_transport/src/rosbag2_transport>
[2.201s] -- Configured cppcheck exclude dirs and/or files: 
[2.204s] -- Added test 'cpplint' to check C / C++ code against the Google style
[2.205s] -- Configured cpplint exclude dirs and/or files: 
[2.206s] -- Added test 'flake8' to check Python code syntax and style conventions
[2.207s] -- Added test 'lint_cmake' to check CMake code style
[2.209s] -- Added test 'pep257' to check Python code against some of the style conventions in PEP 257
[2.212s] -- Added test 'uncrustify' to check C / C++ code style
[2.212s] -- Configured uncrustify additional arguments: 
[2.213s] -- Added test 'xmllint' to check XML markup files
[2.221s] -- Configuring done
[2.379s] -- Generating done
[2.386s] -- Build files have been written to: /home/mlemsalu/ros2_ws_luke/build/rosbag2_transport
[2.404s] Invoked command in '/home/mlemsalu/ros2_ws_luke/build/rosbag2_transport' returned '0': AMENT_PREFIX_PATH=/home/mlemsalu/ros2_ws_luke/install/rosbag2_compression:/home/mlemsalu/ros2_ws_luke/install/rosbag2_cpp:/home/mlemsalu/ros2_ws_luke/install/rosbag2_storage_default_plugins:/home/mlemsalu/ros2_ws_luke/install/rosbag2_storage:/home/mlemsalu/ros2_ws_luke/install/sqlite3_vendor:/home/mlemsalu/ros2_ws_luke/install/shared_queues_vendor:/home/mlemsalu/ros2_ws_luke/install/rosbag2_test_common:${AMENT_PREFIX_PATH} CMAKE_PREFIX_PATH=/home/mlemsalu/ros2_ws_luke/install/rosbag2_compression:/home/mlemsalu/ros2_ws_luke/install/rosbag2_cpp:/home/mlemsalu/ros2_ws_luke/install/rosbag2_storage_default_plugins:/home/mlemsalu/ros2_ws_luke/install/rosbag2_storage:/home/mlemsalu/ros2_ws_luke/install/sqlite3_vendor:/home/mlemsalu/ros2_ws_luke/install/shared_queues_vendor:/home/mlemsalu/ros2_ws_luke/install/rosbag2_test_common:/opt/ros/foxy LD_LIBRARY_PATH=/home/mlemsalu/ros2_ws_luke/install/rosbag2_compression/lib:/home/mlemsalu/ros2_ws_luke/install/rosbag2_cpp/lib:/home/mlemsalu/ros2_ws_luke/install/rosbag2_storage_default_plugins/lib:/home/mlemsalu/ros2_ws_luke/install/rosbag2_storage/lib:${LD_LIBRARY_PATH} /usr/bin/cmake /home/mlemsalu/ros2_ws_luke/src/rosbag2-foxy-future/rosbag2_transport -DCMAKE_BUILD_TYPE=Release -DAMENT_CMAKE_SYMLINK_INSTALL=1 -DCMAKE_INSTALL_PREFIX=/home/mlemsalu/ros2_ws_luke/install/rosbag2_transport
[2.408s] Invoking command in '/home/mlemsalu/ros2_ws_luke/build/rosbag2_transport': AMENT_PREFIX_PATH=/home/mlemsalu/ros2_ws_luke/install/rosbag2_compression:/home/mlemsalu/ros2_ws_luke/install/rosbag2_cpp:/home/mlemsalu/ros2_ws_luke/install/rosbag2_storage_default_plugins:/home/mlemsalu/ros2_ws_luke/install/rosbag2_storage:/home/mlemsalu/ros2_ws_luke/install/sqlite3_vendor:/home/mlemsalu/ros2_ws_luke/install/shared_queues_vendor:/home/mlemsalu/ros2_ws_luke/install/rosbag2_test_common:${AMENT_PREFIX_PATH} CMAKE_PREFIX_PATH=/home/mlemsalu/ros2_ws_luke/install/rosbag2_compression:/home/mlemsalu/ros2_ws_luke/install/rosbag2_cpp:/home/mlemsalu/ros2_ws_luke/install/rosbag2_storage_default_plugins:/home/mlemsalu/ros2_ws_luke/install/rosbag2_storage:/home/mlemsalu/ros2_ws_luke/install/sqlite3_vendor:/home/mlemsalu/ros2_ws_luke/install/shared_queues_vendor:/home/mlemsalu/ros2_ws_luke/install/rosbag2_test_common:/opt/ros/foxy LD_LIBRARY_PATH=/home/mlemsalu/ros2_ws_luke/install/rosbag2_compression/lib:/home/mlemsalu/ros2_ws_luke/install/rosbag2_cpp/lib:/home/mlemsalu/ros2_ws_luke/install/rosbag2_storage_default_plugins/lib:/home/mlemsalu/ros2_ws_luke/install/rosbag2_storage/lib:${LD_LIBRARY_PATH} /usr/bin/cmake --build /home/mlemsalu/ros2_ws_luke/build/rosbag2_transport -- -j12 -l12
[2.486s] [35m[1mScanning dependencies of target gmock[0m
[2.489s] [35m[1mScanning dependencies of target gmock_main[0m
[2.497s] [35m[1mScanning dependencies of target rosbag2_transport[0m
[2.524s] [  2%] [32mBuilding CXX object gmock/CMakeFiles/gmock_main.dir/src/gmock_main.cc.o[0m
[2.529s] [  4%] [32mBuilding CXX object gmock/CMakeFiles/gmock.dir/opt/ros/foxy/src/gtest_vendor/src/gtest-all.cc.o[0m
[2.550s] [  7%] [32mBuilding CXX object gmock/CMakeFiles/gmock.dir/src/gmock-all.cc.o[0m
[2.655s] [  9%] [32mBuilding CXX object CMakeFiles/rosbag2_transport.dir/src/rosbag2_transport/player.cpp.o[0m
[2.676s] [ 11%] [32mBuilding CXX object CMakeFiles/rosbag2_transport.dir/src/rosbag2_transport/generic_publisher.cpp.o[0m
[2.694s] [ 14%] [32mBuilding CXX object CMakeFiles/rosbag2_transport.dir/src/rosbag2_transport/qos.cpp.o[0m
[2.697s] [ 16%] [32mBuilding CXX object CMakeFiles/rosbag2_transport.dir/src/rosbag2_transport/generic_subscription.cpp.o[0m
[2.822s] [ 19%] [32mBuilding CXX object CMakeFiles/rosbag2_transport.dir/src/rosbag2_transport/recorder.cpp.o[0m
[2.839s] [ 21%] [32mBuilding CXX object CMakeFiles/rosbag2_transport.dir/src/rosbag2_transport/rosbag2_node.cpp.o[0m
[2.853s] [ 23%] [32mBuilding CXX object CMakeFiles/rosbag2_transport.dir/src/rosbag2_transport/rosbag2_transport.cpp.o[0m
[4.915s] [ 26%] [32m[1mLinking CXX static library libgmock_main.a[0m
[5.189s] [ 26%] Built target gmock_main
[14.598s] [ 28%] [32m[1mLinking CXX static library libgmock.a[0m
[14.650s] [ 28%] Built target gmock
[14.663s] [ 30%] [32m[1mLinking CXX shared library librosbag2_transport.so[0m
[14.663s] [35m[1mScanning dependencies of target test_qos__rmw_fastrtps_cpp[0m
[14.666s] [35m[1mScanning dependencies of target test_rosbag2_node__rmw_fastrtps_cpp[0m
[14.709s] [ 33%] [32mBuilding CXX object CMakeFiles/test_qos__rmw_fastrtps_cpp.dir/test/rosbag2_transport/test_qos.cpp.o[0m
[14.711s] [ 35%] [32mBuilding CXX object CMakeFiles/test_qos__rmw_fastrtps_cpp.dir/src/rosbag2_transport/qos.cpp.o[0m
[14.798s] [ 38%] [32mBuilding CXX object CMakeFiles/test_rosbag2_node__rmw_fastrtps_cpp.dir/src/rosbag2_transport/recorder.cpp.o[0m
[14.799s] [ 40%] [32mBuilding CXX object CMakeFiles/test_rosbag2_node__rmw_fastrtps_cpp.dir/src/rosbag2_transport/generic_publisher.cpp.o[0m
[14.800s] [ 42%] [32mBuilding CXX object CMakeFiles/test_rosbag2_node__rmw_fastrtps_cpp.dir/src/rosbag2_transport/qos.cpp.o[0m
[14.800s] [ 45%] [32mBuilding CXX object CMakeFiles/test_rosbag2_node__rmw_fastrtps_cpp.dir/src/rosbag2_transport/generic_subscription.cpp.o[0m
[14.809s] [ 47%] [32mBuilding CXX object CMakeFiles/test_rosbag2_node__rmw_fastrtps_cpp.dir/src/rosbag2_transport/rosbag2_node.cpp.o[0m
[14.813s] [ 50%] [32mBuilding CXX object CMakeFiles/test_rosbag2_node__rmw_fastrtps_cpp.dir/test/rosbag2_transport/test_rosbag2_node.cpp.o[0m
[14.870s] [ 50%] Built target rosbag2_transport
[14.890s] [35m[1mScanning dependencies of target test_play_topic_remap__rmw_fastrtps_cpp[0m
[14.909s] [35m[1mScanning dependencies of target test_play__rmw_fastrtps_cpp[0m
[14.940s] [35m[1mScanning dependencies of target test_record_all__rmw_fastrtps_cpp[0m
[14.988s] [35m[1mScanning dependencies of target rosbag2_transport_py[0m
[15.070s] [ 52%] [32mBuilding CXX object CMakeFiles/test_play__rmw_fastrtps_cpp.dir/src/rosbag2_transport/qos.cpp.o[0m
[15.200s] [ 54%] [32mBuilding CXX object CMakeFiles/rosbag2_transport_py.dir/src/rosbag2_transport/rosbag2_transport_python.cpp.o[0m
[15.214s] [ 57%] [32mBuilding CXX object CMakeFiles/test_play_topic_remap__rmw_fastrtps_cpp.dir/test/rosbag2_transport/test_play_topic_remap.cpp.o[0m
[15.256s] [ 59%] [32mBuilding CXX object CMakeFiles/test_record_all__rmw_fastrtps_cpp.dir/test/rosbag2_transport/test_record_all.cpp.o[0m
[17.670s] [35m[1mScanning dependencies of target test_play_loop__rmw_fastrtps_cpp[0m
[17.910s] [ 61%] [32mBuilding CXX object CMakeFiles/test_play_loop__rmw_fastrtps_cpp.dir/test/rosbag2_transport/test_play_loop.cpp.o[0m
[18.698s] [35m[1mScanning dependencies of target test_play_timing__rmw_fastrtps_cpp[0m
[18.951s] [ 64%] [32mBuilding CXX object CMakeFiles/test_play_timing__rmw_fastrtps_cpp.dir/test/rosbag2_transport/test_play_timing.cpp.o[0m
[20.031s] [35m[1mScanning dependencies of target test_record__rmw_fastrtps_cpp[0m
[20.247s] [ 66%] [32mBuilding CXX object CMakeFiles/test_play__rmw_fastrtps_cpp.dir/test/rosbag2_transport/test_play.cpp.o[0m
[20.377s] [ 69%] [32mBuilding CXX object CMakeFiles/test_record__rmw_fastrtps_cpp.dir/test/rosbag2_transport/test_record.cpp.o[0m
[20.440s] [35m[1mScanning dependencies of target test_record_all_no_discovery__rmw_fastrtps_cpp[0m
[20.647s] [ 71%] [32m[1mLinking CXX executable test_qos__rmw_fastrtps_cpp[0m
[20.682s] [ 73%] [32mBuilding CXX object CMakeFiles/test_record_all_no_discovery__rmw_fastrtps_cpp.dir/test/rosbag2_transport/test_record_all_no_discovery.cpp.o[0m
[21.291s] [ 73%] Built target test_qos__rmw_fastrtps_cpp
[21.363s] [35m[1mScanning dependencies of target test_record_regex__rmw_fastrtps_cpp[0m
[21.587s] [ 76%] [32mBuilding CXX object CMakeFiles/test_record_regex__rmw_fastrtps_cpp.dir/test/rosbag2_transport/test_record_regex.cpp.o[0m
[22.226s] [ 78%] [32m[1mLinking CXX shared library test_rosbag2_transport/_rosbag2_transport_py.cpython-38-x86_64-linux-gnu.so[0m
[22.689s] [ 78%] Built target rosbag2_transport_py
[31.802s] [ 80%] [32m[1mLinking CXX executable test_play_timing__rmw_fastrtps_cpp[0m
[32.100s] [ 80%] Built target test_play_timing__rmw_fastrtps_cpp
[37.058s] [ 83%] [32m[1mLinking CXX executable test_play_topic_remap__rmw_fastrtps_cpp[0m
[37.409s] [ 83%] Built target test_play_topic_remap__rmw_fastrtps_cpp
[37.641s] [ 85%] [32m[1mLinking CXX executable test_rosbag2_node__rmw_fastrtps_cpp[0m
[38.017s] [ 85%] Built target test_rosbag2_node__rmw_fastrtps_cpp
[38.378s] [ 88%] [32m[1mLinking CXX executable test_record_all_no_discovery__rmw_fastrtps_cpp[0m
[38.595s] [ 90%] [32m[1mLinking CXX executable test_record_all__rmw_fastrtps_cpp[0m
[38.609s] [ 90%] Built target test_record_all_no_discovery__rmw_fastrtps_cpp
[38.824s] [ 90%] Built target test_record_all__rmw_fastrtps_cpp
[40.272s] [ 92%] [32m[1mLinking CXX executable test_record_regex__rmw_fastrtps_cpp[0m
[40.476s] [ 92%] Built target test_record_regex__rmw_fastrtps_cpp
[40.738s] [ 95%] [32m[1mLinking CXX executable test_play_loop__rmw_fastrtps_cpp[0m
[40.921s] [ 95%] Built target test_play_loop__rmw_fastrtps_cpp
[41.875s] [ 97%] [32m[1mLinking CXX executable test_record__rmw_fastrtps_cpp[0m
[42.036s] [ 97%] Built target test_record__rmw_fastrtps_cpp
[42.665s] [100%] [32m[1mLinking CXX executable test_play__rmw_fastrtps_cpp[0m
[42.830s] [100%] Built target test_play__rmw_fastrtps_cpp
[42.841s] Invoked command in '/home/mlemsalu/ros2_ws_luke/build/rosbag2_transport' returned '0': AMENT_PREFIX_PATH=/home/mlemsalu/ros2_ws_luke/install/rosbag2_compression:/home/mlemsalu/ros2_ws_luke/install/rosbag2_cpp:/home/mlemsalu/ros2_ws_luke/install/rosbag2_storage_default_plugins:/home/mlemsalu/ros2_ws_luke/install/rosbag2_storage:/home/mlemsalu/ros2_ws_luke/install/sqlite3_vendor:/home/mlemsalu/ros2_ws_luke/install/shared_queues_vendor:/home/mlemsalu/ros2_ws_luke/install/rosbag2_test_common:${AMENT_PREFIX_PATH} CMAKE_PREFIX_PATH=/home/mlemsalu/ros2_ws_luke/install/rosbag2_compression:/home/mlemsalu/ros2_ws_luke/install/rosbag2_cpp:/home/mlemsalu/ros2_ws_luke/install/rosbag2_storage_default_plugins:/home/mlemsalu/ros2_ws_luke/install/rosbag2_storage:/home/mlemsalu/ros2_ws_luke/install/sqlite3_vendor:/home/mlemsalu/ros2_ws_luke/install/shared_queues_vendor:/home/mlemsalu/ros2_ws_luke/install/rosbag2_test_common:/opt/ros/foxy LD_LIBRARY_PATH=/home/mlemsalu/ros2_ws_luke/install/rosbag2_compression/lib:/home/mlemsalu/ros2_ws_luke/install/rosbag2_cpp/lib:/home/mlemsalu/ros2_ws_luke/install/rosbag2_storage_default_plugins/lib:/home/mlemsalu/ros2_ws_luke/install/rosbag2_storage/lib:${LD_LIBRARY_PATH} /usr/bin/cmake --build /home/mlemsalu/ros2_ws_luke/build/rosbag2_transport -- -j12 -l12
[42.892s] Invoking command in '/home/mlemsalu/ros2_ws_luke/build/rosbag2_transport': AMENT_PREFIX_PATH=/home/mlemsalu/ros2_ws_luke/install/rosbag2_compression:/home/mlemsalu/ros2_ws_luke/install/rosbag2_cpp:/home/mlemsalu/ros2_ws_luke/install/rosbag2_storage_default_plugins:/home/mlemsalu/ros2_ws_luke/install/rosbag2_storage:/home/mlemsalu/ros2_ws_luke/install/sqlite3_vendor:/home/mlemsalu/ros2_ws_luke/install/shared_queues_vendor:/home/mlemsalu/ros2_ws_luke/install/rosbag2_test_common:${AMENT_PREFIX_PATH} CMAKE_PREFIX_PATH=/home/mlemsalu/ros2_ws_luke/install/rosbag2_compression:/home/mlemsalu/ros2_ws_luke/install/rosbag2_cpp:/home/mlemsalu/ros2_ws_luke/install/rosbag2_storage_default_plugins:/home/mlemsalu/ros2_ws_luke/install/rosbag2_storage:/home/mlemsalu/ros2_ws_luke/install/sqlite3_vendor:/home/mlemsalu/ros2_ws_luke/install/shared_queues_vendor:/home/mlemsalu/ros2_ws_luke/install/rosbag2_test_common:/opt/ros/foxy LD_LIBRARY_PATH=/home/mlemsalu/ros2_ws_luke/install/rosbag2_compression/lib:/home/mlemsalu/ros2_ws_luke/install/rosbag2_cpp/lib:/home/mlemsalu/ros2_ws_luke/install/rosbag2_storage_default_plugins/lib:/home/mlemsalu/ros2_ws_luke/install/rosbag2_storage/lib:${LD_LIBRARY_PATH} /usr/bin/cmake --install /home/mlemsalu/ros2_ws_luke/build/rosbag2_transport
[42.900s] -- Install configuration: "Release"
[42.900s] -- Execute custom install script
[42.901s] -- Symlinking: /home/mlemsalu/ros2_ws_luke/install/rosbag2_transport/share/rosbag2_transport/environment/pythonpath.sh
[42.909s] -- Symlinking: /home/mlemsalu/ros2_ws_luke/install/rosbag2_transport/share/rosbag2_transport/environment/pythonpath.dsv
[42.918s] -- Symlinking: /home/mlemsalu/ros2_ws_luke/install/rosbag2_transport/lib/python3.8/site-packages/rosbag2_transport/__init__.py
[42.925s] -- Symlinking: /home/mlemsalu/ros2_ws_luke/install/rosbag2_transport/lib/python3.8/site-packages/rosbag2_transport/_rosbag2_transport_py.cpython-38-x86_64-linux-gnu.so
[42.933s] -- Symlinking: /home/mlemsalu/ros2_ws_luke/install/rosbag2_transport/include/rosbag2_transport/logging.hpp
[42.941s] -- Symlinking: /home/mlemsalu/ros2_ws_luke/install/rosbag2_transport/include/rosbag2_transport/play_options.hpp
[42.948s] -- Symlinking: /home/mlemsalu/ros2_ws_luke/install/rosbag2_transport/include/rosbag2_transport/record_options.hpp
[42.956s] -- Symlinking: /home/mlemsalu/ros2_ws_luke/install/rosbag2_transport/include/rosbag2_transport/rosbag2_transport.hpp
[42.963s] -- Symlinking: /home/mlemsalu/ros2_ws_luke/install/rosbag2_transport/include/rosbag2_transport/visibility_control.hpp
[42.970s] -- Symlinking: /home/mlemsalu/ros2_ws_luke/install/rosbag2_transport/share/rosbag2_transport/environment/library_path.sh
[42.978s] -- Symlinking: /home/mlemsalu/ros2_ws_luke/install/rosbag2_transport/share/rosbag2_transport/environment/library_path.dsv
[42.985s] -- Symlinking: /home/mlemsalu/ros2_ws_luke/install/rosbag2_transport/share/ament_index/resource_index/package_run_dependencies/rosbag2_transport
[42.993s] -- Symlinking: /home/mlemsalu/ros2_ws_luke/install/rosbag2_transport/share/ament_index/resource_index/parent_prefix_path/rosbag2_transport
[43.000s] -- Symlinking: /home/mlemsalu/ros2_ws_luke/install/rosbag2_transport/share/rosbag2_transport/environment/ament_prefix_path.sh
[43.007s] -- Symlinking: /home/mlemsalu/ros2_ws_luke/install/rosbag2_transport/share/rosbag2_transport/environment/ament_prefix_path.dsv
[43.015s] -- Symlinking: /home/mlemsalu/ros2_ws_luke/install/rosbag2_transport/share/rosbag2_transport/environment/path.sh
[43.022s] -- Symlinking: /home/mlemsalu/ros2_ws_luke/install/rosbag2_transport/share/rosbag2_transport/environment/path.dsv
[43.029s] -- Symlinking: /home/mlemsalu/ros2_ws_luke/install/rosbag2_transport/share/rosbag2_transport/local_setup.bash
[43.037s] -- Symlinking: /home/mlemsalu/ros2_ws_luke/install/rosbag2_transport/share/rosbag2_transport/local_setup.sh
[43.044s] -- Symlinking: /home/mlemsalu/ros2_ws_luke/install/rosbag2_transport/share/rosbag2_transport/local_setup.zsh
[43.051s] -- Symlinking: /home/mlemsalu/ros2_ws_luke/install/rosbag2_transport/share/rosbag2_transport/local_setup.dsv
[43.058s] -- Symlinking: /home/mlemsalu/ros2_ws_luke/install/rosbag2_transport/share/rosbag2_transport/package.dsv
[43.065s] -- Symlinking: /home/mlemsalu/ros2_ws_luke/install/rosbag2_transport/share/ament_index/resource_index/packages/rosbag2_transport
[43.072s] -- Symlinking: /home/mlemsalu/ros2_ws_luke/install/rosbag2_transport/share/rosbag2_transport/cmake/ament_cmake_export_include_directories-extras.cmake
[43.079s] -- Symlinking: /home/mlemsalu/ros2_ws_luke/install/rosbag2_transport/share/rosbag2_transport/cmake/ament_cmake_export_libraries-extras.cmake
[43.086s] -- Symlinking: /home/mlemsalu/ros2_ws_luke/install/rosbag2_transport/share/rosbag2_transport/cmake/ament_cmake_export_targets-extras.cmake
[43.093s] -- Symlinking: /home/mlemsalu/ros2_ws_luke/install/rosbag2_transport/share/rosbag2_transport/cmake/ament_cmake_export_dependencies-extras.cmake
[43.100s] -- Symlinking: /home/mlemsalu/ros2_ws_luke/install/rosbag2_transport/share/rosbag2_transport/cmake/rosbag2_transportConfig.cmake
[43.107s] -- Symlinking: /home/mlemsalu/ros2_ws_luke/install/rosbag2_transport/share/rosbag2_transport/cmake/rosbag2_transportConfig-version.cmake
[43.114s] -- Symlinking: /home/mlemsalu/ros2_ws_luke/install/rosbag2_transport/share/rosbag2_transport/package.xml
[43.143s] Listing '/home/mlemsalu/ros2_ws_luke/install/rosbag2_transport/lib/python3.8/site-packages/rosbag2_transport'...
[43.143s] Compiling '/home/mlemsalu/ros2_ws_luke/install/rosbag2_transport/lib/python3.8/site-packages/rosbag2_transport/__init__.py'...
[43.145s] -- Installing: /home/mlemsalu/ros2_ws_luke/install/rosbag2_transport/lib/librosbag2_transport.so
[43.146s] -- Set runtime path of "/home/mlemsalu/ros2_ws_luke/install/rosbag2_transport/lib/librosbag2_transport.so" to ""
[43.147s] -- Installing: /home/mlemsalu/ros2_ws_luke/install/rosbag2_transport/share/rosbag2_transport/cmake/export_rosbag2_transportExport.cmake
[43.147s] -- Installing: /home/mlemsalu/ros2_ws_luke/install/rosbag2_transport/share/rosbag2_transport/cmake/export_rosbag2_transportExport-release.cmake
[43.150s] Invoked command in '/home/mlemsalu/ros2_ws_luke/build/rosbag2_transport' returned '0': AMENT_PREFIX_PATH=/home/mlemsalu/ros2_ws_luke/install/rosbag2_compression:/home/mlemsalu/ros2_ws_luke/install/rosbag2_cpp:/home/mlemsalu/ros2_ws_luke/install/rosbag2_storage_default_plugins:/home/mlemsalu/ros2_ws_luke/install/rosbag2_storage:/home/mlemsalu/ros2_ws_luke/install/sqlite3_vendor:/home/mlemsalu/ros2_ws_luke/install/shared_queues_vendor:/home/mlemsalu/ros2_ws_luke/install/rosbag2_test_common:${AMENT_PREFIX_PATH} CMAKE_PREFIX_PATH=/home/mlemsalu/ros2_ws_luke/install/rosbag2_compression:/home/mlemsalu/ros2_ws_luke/install/rosbag2_cpp:/home/mlemsalu/ros2_ws_luke/install/rosbag2_storage_default_plugins:/home/mlemsalu/ros2_ws_luke/install/rosbag2_storage:/home/mlemsalu/ros2_ws_luke/install/sqlite3_vendor:/home/mlemsalu/ros2_ws_luke/install/shared_queues_vendor:/home/mlemsalu/ros2_ws_luke/install/rosbag2_test_common:/opt/ros/foxy LD_LIBRARY_PATH=/home/mlemsalu/ros2_ws_luke/install/rosbag2_compression/lib:/home/mlemsalu/ros2_ws_luke/install/rosbag2_cpp/lib:/home/mlemsalu/ros2_ws_luke/install/rosbag2_storage_default_plugins/lib:/home/mlemsalu/ros2_ws_luke/install/rosbag2_storage/lib:${LD_LIBRARY_PATH} /usr/bin/cmake --install /home/mlemsalu/ros2_ws_luke/build/rosbag2_transport
