-- The C compiler identification is GNU 9.4.0
-- The CXX compiler identification is GNU 9.4.0
-- Check for working C compiler: /usr/bin/cc
-- Check for working C compiler: /usr/bin/cc -- works
-- Detecting C compiler ABI info
-- Detecting C compiler ABI info - done
-- Detecting C compile features
-- Detecting C compile features - done
-- Check for working CXX compiler: /usr/bin/c++
-- Check for working CXX compiler: /usr/bin/c++ -- works
-- Detecting CXX compiler ABI info
-- Detecting CXX compiler ABI info - done
-- Detecting CXX compile features
-- Detecting CXX compile features - done
-- Found ament_cmake: 0.9.11 (/opt/ros/foxy/share/ament_cmake/cmake)
-- Found PythonInterp: /usr/bin/python3 (found suitable version "3.8.10", minimum required is "3") 
-- Using PYTHON_EXECUTABLE: /usr/bin/python3
-- Override CMake install command with custom implementation using symlinks instead of copying resources
-- Found ament_index_cpp: 1.1.0 (/opt/ros/foxy/share/ament_index_cpp/cmake)
-- Found pluginlib: 2.5.4 (/opt/ros/foxy/share/pluginlib/cmake)
-- Found rclcpp: 2.4.2 (/opt/ros/foxy/share/rclcpp/cmake)
-- Using all available rosidl_typesupport_c: rosidl_typesupport_fastrtps_c;rosidl_typesupport_introspection_c
-- Found rosidl_adapter: 1.3.0 (/opt/ros/foxy/share/rosidl_adapter/cmake)
-- Found OpenSSL: /usr/lib/x86_64-linux-gnu/libcrypto.so (found version "1.1.1f")  
-- Found FastRTPS: /opt/ros/foxy/include  
-- Using all available rosidl_typesupport_cpp: rosidl_typesupport_fastrtps_cpp;rosidl_typesupport_introspection_cpp
-- Found rmw_implementation_cmake: 1.0.4 (/opt/ros/foxy/share/rmw_implementation_cmake/cmake)
-- Using RMW implementation 'rmw_fastrtps_cpp' as default
-- Looking for pthread.h
-- Looking for pthread.h - found
-- Performing Test CMAKE_HAVE_LIBC_PTHREAD
-- Performing Test CMAKE_HAVE_LIBC_PTHREAD - Failed
-- Looking for pthread_create in pthreads
-- Looking for pthread_create in pthreads - not found
-- Looking for pthread_create in pthread
-- Looking for pthread_create in pthread - found
-- Found Threads: TRUE  
-- Found rosbag2_storage: 0.7.0 (/home/mlemsalu/ros2_ws_luke/install/rosbag2_storage/share/rosbag2_storage/cmake)
-- Setting yaml-cpp_DIR to: '/opt/ros/foxy/share/yaml_cpp_vendor/cmake/../../../opt/yaml_cpp_vendor/lib/cmake/yaml-cpp'
-- Found ament_cmake_gmock: 0.9.11 (/opt/ros/foxy/share/ament_cmake_gmock/cmake)
-- Found ament_lint_auto: 0.9.8 (/opt/ros/foxy/share/ament_lint_auto/cmake)
-- Found test_msgs: 1.0.0 (/opt/ros/foxy/share/test_msgs/cmake)
-- Found gmock sources under '/opt/ros/foxy/src/gmock_vendor': C++ tests using 'Google Mock' will be built
-- Found ament_cmake_gtest: 0.9.11 (/opt/ros/foxy/share/ament_cmake_gtest/cmake)
-- Found gtest sources under '/opt/ros/foxy/src/gtest_vendor': C++ tests using 'Google Test' will be built
-- Added test 'copyright' to check source files copyright and LICENSE
-- Added test 'cppcheck' to perform static code analysis on C / C++ code
-- Configured cppcheck include dirs: $<BUILD_INTERFACE:/home/mlemsalu/ros2_ws_luke/src/rosbag2-foxy-future/rosbag2_cpp/include>
-- Configured cppcheck exclude dirs and/or files: 
-- Added test 'cpplint' to check C / C++ code against the Google style
-- Configured cpplint exclude dirs and/or files: 
-- Added test 'lint_cmake' to check CMake code style
-- Added test 'uncrustify' to check C / C++ code style
-- Configured uncrustify additional arguments: 
-- Added test 'xmllint' to check XML markup files
-- Configuring done
-- Generating done
-- Build files have been written to: /home/mlemsalu/ros2_ws_luke/build/rosbag2_cpp
[35m[1mScanning dependencies of target rosbag2_cpp[0m
[35m[1mScanning dependencies of target gmock[0m
[35m[1mScanning dependencies of target gmock_main[0m
[  2%] [32mBuilding CXX object gmock/CMakeFiles/gmock_main.dir/src/gmock_main.cc.o[0m
[  4%] [32mBuilding CXX object gmock/CMakeFiles/gmock.dir/opt/ros/foxy/src/gtest_vendor/src/gtest-all.cc.o[0m
[  7%] [32mBuilding CXX object gmock/CMakeFiles/gmock.dir/src/gmock-all.cc.o[0m
[  9%] [32mBuilding CXX object CMakeFiles/rosbag2_cpp.dir/src/rosbag2_cpp/cache/message_cache_buffer.cpp.o[0m
[ 11%] [32mBuilding CXX object CMakeFiles/rosbag2_cpp.dir/src/rosbag2_cpp/converter.cpp.o[0m
[ 14%] [32mBuilding CXX object CMakeFiles/rosbag2_cpp.dir/src/rosbag2_cpp/cache/message_cache.cpp.o[0m
[ 16%] [32mBuilding CXX object CMakeFiles/rosbag2_cpp.dir/src/rosbag2_cpp/info.cpp.o[0m
[ 19%] [32mBuilding CXX object CMakeFiles/rosbag2_cpp.dir/src/rosbag2_cpp/cache/cache_consumer.cpp.o[0m
[ 21%] [32mBuilding CXX object CMakeFiles/rosbag2_cpp.dir/src/rosbag2_cpp/reader.cpp.o[0m
[ 23%] [32mBuilding CXX object CMakeFiles/rosbag2_cpp.dir/src/rosbag2_cpp/readers/sequential_reader.cpp.o[0m
[ 26%] [32mBuilding CXX object CMakeFiles/rosbag2_cpp.dir/src/rosbag2_cpp/serialization_format_converter_factory.cpp.o[0m
[ 28%] [32mBuilding CXX object CMakeFiles/rosbag2_cpp.dir/src/rosbag2_cpp/rmw_implemented_serialization_format_converter.cpp.o[0m
[ 30%] [32mBuilding CXX object CMakeFiles/rosbag2_cpp.dir/src/rosbag2_cpp/types/introspection_message.cpp.o[0m
[ 33%] [32mBuilding CXX object CMakeFiles/rosbag2_cpp.dir/src/rosbag2_cpp/typesupport_helpers.cpp.o[0m
[ 35%] [32mBuilding CXX object CMakeFiles/rosbag2_cpp.dir/src/rosbag2_cpp/writer.cpp.o[0m
[ 38%] [32mBuilding CXX object CMakeFiles/rosbag2_cpp.dir/src/rosbag2_cpp/writers/sequential_writer.cpp.o[0m
[ 40%] [32m[1mLinking CXX static library libgmock_main.a[0m
[ 40%] Built target gmock_main
[ 42%] [32m[1mLinking CXX static library libgmock.a[0m
[ 42%] Built target gmock
[35m[1mScanning dependencies of target test_ros2_message[0m
[ 45%] [32mBuilding CXX object CMakeFiles/test_ros2_message.dir/test/rosbag2_cpp/types/test_ros2_message.cpp.o[0m
[ 47%] [32mBuilding CXX object CMakeFiles/test_ros2_message.dir/src/rosbag2_cpp/typesupport_helpers.cpp.o[0m
[ 50%] [32mBuilding CXX object CMakeFiles/test_ros2_message.dir/src/rosbag2_cpp/types/introspection_message.cpp.o[0m
[ 52%] [32m[1mLinking CXX shared library librosbag2_cpp.so[0m
[ 52%] Built target rosbag2_cpp
[35m[1mScanning dependencies of target test_sequential_writer[0m
[35m[1mScanning dependencies of target test_info[0m
[35m[1mScanning dependencies of target converter_test_plugins[0m
[35m[1mScanning dependencies of target test_sequential_reader[0m
[35m[1mScanning dependencies of target test_converter_factory[0m
[35m[1mScanning dependencies of target test_storage_without_metadata_file[0m
[35m[1mScanning dependencies of target test_message_cache[0m
[35m[1mScanning dependencies of target test_multifile_reader[0m
[35m[1mScanning dependencies of target test_typesupport_helpers[0m
[ 54%] [32mBuilding CXX object CMakeFiles/converter_test_plugins.dir/test/rosbag2_cpp/serializer_test_plugin.cpp.o[0m
[ 57%] [32mBuilding CXX object CMakeFiles/converter_test_plugins.dir/test/rosbag2_cpp/converter_test_plugin.cpp.o[0m
[ 61%] [32mBuilding CXX object CMakeFiles/test_message_cache.dir/test/rosbag2_cpp/test_message_cache.cpp.o[0m
[ 61%] [32mBuilding CXX object CMakeFiles/test_converter_factory.dir/test/rosbag2_cpp/test_converter_factory.cpp.o[0m
[ 64%] [32mBuilding CXX object CMakeFiles/test_typesupport_helpers.dir/test/rosbag2_cpp/test_typesupport_helpers.cpp.o[0m
[ 66%] [32mBuilding CXX object CMakeFiles/test_sequential_reader.dir/test/rosbag2_cpp/test_sequential_reader.cpp.o[0m
[ 69%] [32mBuilding CXX object CMakeFiles/test_sequential_writer.dir/test/rosbag2_cpp/test_sequential_writer.cpp.o[0m
[ 71%] [32mBuilding CXX object CMakeFiles/test_info.dir/test/rosbag2_cpp/test_info.cpp.o[0m
[ 73%] [32mBuilding CXX object CMakeFiles/test_storage_without_metadata_file.dir/test/rosbag2_cpp/test_storage_without_metadata_file.cpp.o[0m
[ 76%] [32mBuilding CXX object CMakeFiles/test_multifile_reader.dir/test/rosbag2_cpp/test_multifile_reader.cpp.o[0m
[ 78%] [32m[1mLinking CXX shared library libconverter_test_plugins.so[0m
[ 78%] Built target converter_test_plugins
[ 80%] [32m[1mLinking CXX executable test_converter_factory[0m
[ 80%] Built target test_converter_factory
[ 83%] [32m[1mLinking CXX executable test_message_cache[0m
[ 83%] Built target test_message_cache
[ 85%] [32m[1mLinking CXX executable test_typesupport_helpers[0m
[ 85%] Built target test_typesupport_helpers
[ 88%] [32m[1mLinking CXX executable test_info[0m
[ 88%] Built target test_info
[ 90%] [32m[1mLinking CXX executable test_ros2_message[0m
[ 90%] Built target test_ros2_message
[ 92%] [32m[1mLinking CXX executable test_storage_without_metadata_file[0m
[ 92%] Built target test_storage_without_metadata_file
[ 95%] [32m[1mLinking CXX executable test_multifile_reader[0m
[ 95%] Built target test_multifile_reader
[ 97%] [32m[1mLinking CXX executable test_sequential_reader[0m
[100%] [32m[1mLinking CXX executable test_sequential_writer[0m
[100%] Built target test_sequential_reader
[100%] Built target test_sequential_writer
-- Install configuration: "Release"
-- Execute custom install script
-- Symlinking: /home/mlemsalu/ros2_ws_luke/install/rosbag2_cpp/include/rosbag2_cpp/cache/cache_consumer.hpp
-- Symlinking: /home/mlemsalu/ros2_ws_luke/install/rosbag2_cpp/include/rosbag2_cpp/cache/message_cache.hpp
-- Symlinking: /home/mlemsalu/ros2_ws_luke/install/rosbag2_cpp/include/rosbag2_cpp/cache/message_cache_buffer.hpp
-- Symlinking: /home/mlemsalu/ros2_ws_luke/install/rosbag2_cpp/include/rosbag2_cpp/converter.hpp
-- Symlinking: /home/mlemsalu/ros2_ws_luke/install/rosbag2_cpp/include/rosbag2_cpp/converter_interfaces/serialization_format_converter.hpp
-- Symlinking: /home/mlemsalu/ros2_ws_luke/install/rosbag2_cpp/include/rosbag2_cpp/converter_interfaces/serialization_format_deserializer.hpp
-- Symlinking: /home/mlemsalu/ros2_ws_luke/install/rosbag2_cpp/include/rosbag2_cpp/converter_interfaces/serialization_format_serializer.hpp
-- Symlinking: /home/mlemsalu/ros2_ws_luke/install/rosbag2_cpp/include/rosbag2_cpp/converter_options.hpp
-- Symlinking: /home/mlemsalu/ros2_ws_luke/install/rosbag2_cpp/include/rosbag2_cpp/info.hpp
-- Symlinking: /home/mlemsalu/ros2_ws_luke/install/rosbag2_cpp/include/rosbag2_cpp/logging.hpp
-- Symlinking: /home/mlemsalu/ros2_ws_luke/install/rosbag2_cpp/include/rosbag2_cpp/reader.hpp
-- Symlinking: /home/mlemsalu/ros2_ws_luke/install/rosbag2_cpp/include/rosbag2_cpp/reader_interfaces/base_reader_interface.hpp
-- Symlinking: /home/mlemsalu/ros2_ws_luke/install/rosbag2_cpp/include/rosbag2_cpp/readers/sequential_reader.hpp
-- Symlinking: /home/mlemsalu/ros2_ws_luke/install/rosbag2_cpp/include/rosbag2_cpp/serialization_format_converter_factory.hpp
-- Symlinking: /home/mlemsalu/ros2_ws_luke/install/rosbag2_cpp/include/rosbag2_cpp/serialization_format_converter_factory_interface.hpp
-- Symlinking: /home/mlemsalu/ros2_ws_luke/install/rosbag2_cpp/include/rosbag2_cpp/storage_options.hpp
-- Symlinking: /home/mlemsalu/ros2_ws_luke/install/rosbag2_cpp/include/rosbag2_cpp/types.hpp
-- Symlinking: /home/mlemsalu/ros2_ws_luke/install/rosbag2_cpp/include/rosbag2_cpp/types/introspection_message.hpp
-- Symlinking: /home/mlemsalu/ros2_ws_luke/install/rosbag2_cpp/include/rosbag2_cpp/typesupport_helpers.hpp
-- Symlinking: /home/mlemsalu/ros2_ws_luke/install/rosbag2_cpp/include/rosbag2_cpp/visibility_control.hpp
-- Symlinking: /home/mlemsalu/ros2_ws_luke/install/rosbag2_cpp/include/rosbag2_cpp/writer.hpp
-- Symlinking: /home/mlemsalu/ros2_ws_luke/install/rosbag2_cpp/include/rosbag2_cpp/writer_interfaces/base_writer_interface.hpp
-- Symlinking: /home/mlemsalu/ros2_ws_luke/install/rosbag2_cpp/include/rosbag2_cpp/writers/sequential_writer.hpp
-- Symlinking: /home/mlemsalu/ros2_ws_luke/install/rosbag2_cpp/share/rosbag2_cpp/environment/library_path.sh
-- Symlinking: /home/mlemsalu/ros2_ws_luke/install/rosbag2_cpp/share/rosbag2_cpp/environment/library_path.dsv
-- Symlinking: /home/mlemsalu/ros2_ws_luke/install/rosbag2_cpp/lib/libconverter_test_plugins.so
-- Symlinking: /home/mlemsalu/ros2_ws_luke/install/rosbag2_cpp/share/rosbag2_cpp/test/rosbag2_cpp/converter_test_plugin.xml
-- Symlinking: /home/mlemsalu/ros2_ws_luke/install/rosbag2_cpp/share/ament_index/resource_index/package_run_dependencies/rosbag2_cpp
-- Symlinking: /home/mlemsalu/ros2_ws_luke/install/rosbag2_cpp/share/ament_index/resource_index/parent_prefix_path/rosbag2_cpp
-- Symlinking: /home/mlemsalu/ros2_ws_luke/install/rosbag2_cpp/share/rosbag2_cpp/environment/ament_prefix_path.sh
-- Symlinking: /home/mlemsalu/ros2_ws_luke/install/rosbag2_cpp/share/rosbag2_cpp/environment/ament_prefix_path.dsv
-- Symlinking: /home/mlemsalu/ros2_ws_luke/install/rosbag2_cpp/share/rosbag2_cpp/environment/path.sh
-- Symlinking: /home/mlemsalu/ros2_ws_luke/install/rosbag2_cpp/share/rosbag2_cpp/environment/path.dsv
-- Symlinking: /home/mlemsalu/ros2_ws_luke/install/rosbag2_cpp/share/rosbag2_cpp/local_setup.bash
-- Symlinking: /home/mlemsalu/ros2_ws_luke/install/rosbag2_cpp/share/rosbag2_cpp/local_setup.sh
-- Symlinking: /home/mlemsalu/ros2_ws_luke/install/rosbag2_cpp/share/rosbag2_cpp/local_setup.zsh
-- Symlinking: /home/mlemsalu/ros2_ws_luke/install/rosbag2_cpp/share/rosbag2_cpp/local_setup.dsv
-- Symlinking: /home/mlemsalu/ros2_ws_luke/install/rosbag2_cpp/share/rosbag2_cpp/package.dsv
-- Symlinking: /home/mlemsalu/ros2_ws_luke/install/rosbag2_cpp/share/ament_index/resource_index/packages/rosbag2_cpp
-- Symlinking: /home/mlemsalu/ros2_ws_luke/install/rosbag2_cpp/share/ament_index/resource_index/rosbag2_cpp__pluginlib__plugin/rosbag2_cpp
-- Symlinking: /home/mlemsalu/ros2_ws_luke/install/rosbag2_cpp/share/rosbag2_cpp/cmake/ament_cmake_export_include_directories-extras.cmake
-- Symlinking: /home/mlemsalu/ros2_ws_luke/install/rosbag2_cpp/share/rosbag2_cpp/cmake/ament_cmake_export_libraries-extras.cmake
-- Symlinking: /home/mlemsalu/ros2_ws_luke/install/rosbag2_cpp/share/rosbag2_cpp/cmake/ament_cmake_export_targets-extras.cmake
-- Symlinking: /home/mlemsalu/ros2_ws_luke/install/rosbag2_cpp/share/rosbag2_cpp/cmake/ament_cmake_export_dependencies-extras.cmake
-- Symlinking: /home/mlemsalu/ros2_ws_luke/install/rosbag2_cpp/share/rosbag2_cpp/cmake/rosbag2_cppConfig.cmake
-- Symlinking: /home/mlemsalu/ros2_ws_luke/install/rosbag2_cpp/share/rosbag2_cpp/cmake/rosbag2_cppConfig-version.cmake
-- Symlinking: /home/mlemsalu/ros2_ws_luke/install/rosbag2_cpp/share/rosbag2_cpp/package.xml
-- Installing: /home/mlemsalu/ros2_ws_luke/install/rosbag2_cpp/lib/librosbag2_cpp.so
-- Set runtime path of "/home/mlemsalu/ros2_ws_luke/install/rosbag2_cpp/lib/librosbag2_cpp.so" to ""
-- Installing: /home/mlemsalu/ros2_ws_luke/install/rosbag2_cpp/share/rosbag2_cpp/cmake/export_rosbag2_cppExport.cmake
-- Installing: /home/mlemsalu/ros2_ws_luke/install/rosbag2_cpp/share/rosbag2_cpp/cmake/export_rosbag2_cppExport-release.cmake
