[0.013s] Invoking command in '/home/mlemsalu/ros2_ws_luke/build/rosbag2_cpp': AMENT_PREFIX_PATH=/home/mlemsalu/ros2_ws_luke/install/rosbag2_storage_default_plugins:/home/mlemsalu/ros2_ws_luke/install/rosbag2_storage:/home/mlemsalu/ros2_ws_luke/install/sqlite3_vendor:/home/mlemsalu/ros2_ws_luke/install/shared_queues_vendor:/home/mlemsalu/ros2_ws_luke/install/rosbag2_test_common:${AMENT_PREFIX_PATH} CMAKE_PREFIX_PATH=/home/mlemsalu/ros2_ws_luke/install/rosbag2_storage_default_plugins:/home/mlemsalu/ros2_ws_luke/install/rosbag2_storage:/home/mlemsalu/ros2_ws_luke/install/sqlite3_vendor:/home/mlemsalu/ros2_ws_luke/install/shared_queues_vendor:/home/mlemsalu/ros2_ws_luke/install/rosbag2_test_common:/opt/ros/foxy LD_LIBRARY_PATH=/home/mlemsalu/ros2_ws_luke/install/rosbag2_storage_default_plugins/lib:/home/mlemsalu/ros2_ws_luke/install/rosbag2_storage/lib:${LD_LIBRARY_PATH} /usr/bin/cmake /home/mlemsalu/ros2_ws_luke/src/rosbag2-foxy-future/rosbag2_cpp -DCMAKE_BUILD_TYPE=Release -DAMENT_CMAKE_SYMLINK_INSTALL=1 -DCMAKE_INSTALL_PREFIX=/home/mlemsalu/ros2_ws_luke/install/rosbag2_cpp
[0.070s] -- The C compiler identification is GNU 9.4.0
[0.125s] -- The CXX compiler identification is GNU 9.4.0
[0.131s] -- Check for working C compiler: /usr/bin/cc
[0.200s] -- Check for working C compiler: /usr/bin/cc -- works
[0.201s] -- Detecting C compiler ABI info
[0.262s] -- Detecting C compiler ABI info - done
[0.279s] -- Detecting C compile features
[0.279s] -- Detecting C compile features - done
[0.282s] -- Check for working CXX compiler: /usr/bin/c++
[0.352s] -- Check for working CXX compiler: /usr/bin/c++ -- works
[0.353s] -- Detecting CXX compiler ABI info
[0.425s] -- Detecting CXX compiler ABI info - done
[0.440s] -- Detecting CXX compile features
[0.441s] -- Detecting CXX compile features - done
[0.444s] -- Found ament_cmake: 0.9.11 (/opt/ros/foxy/share/ament_cmake/cmake)
[0.466s] -- Found PythonInterp: /usr/bin/python3 (found suitable version "3.8.10", minimum required is "3") 
[0.466s] -- Using PYTHON_EXECUTABLE: /usr/bin/python3
[0.613s] -- Override CMake install command with custom implementation using symlinks instead of copying resources
[0.644s] -- Found ament_index_cpp: 1.1.0 (/opt/ros/foxy/share/ament_index_cpp/cmake)
[0.649s] -- Found pluginlib: 2.5.4 (/opt/ros/foxy/share/pluginlib/cmake)
[0.680s] -- Found rclcpp: 2.4.2 (/opt/ros/foxy/share/rclcpp/cmake)
[0.710s] -- Using all available rosidl_typesupport_c: rosidl_typesupport_fastrtps_c;rosidl_typesupport_introspection_c
[0.716s] -- Found rosidl_adapter: 1.3.0 (/opt/ros/foxy/share/rosidl_adapter/cmake)
[0.782s] -- Found OpenSSL: /usr/lib/x86_64-linux-gnu/libcrypto.so (found version "1.1.1f")  
[0.801s] -- Found FastRTPS: /opt/ros/foxy/include  
[0.862s] -- Using all available rosidl_typesupport_cpp: rosidl_typesupport_fastrtps_cpp;rosidl_typesupport_introspection_cpp
[0.915s] -- Found rmw_implementation_cmake: 1.0.4 (/opt/ros/foxy/share/rmw_implementation_cmake/cmake)
[0.917s] -- Using RMW implementation 'rmw_fastrtps_cpp' as default
[0.918s] -- Looking for pthread.h
[0.988s] -- Looking for pthread.h - found
[0.988s] -- Performing Test CMAKE_HAVE_LIBC_PTHREAD
[1.056s] -- Performing Test CMAKE_HAVE_LIBC_PTHREAD - Failed
[1.056s] -- Looking for pthread_create in pthreads
[1.111s] -- Looking for pthread_create in pthreads - not found
[1.111s] -- Looking for pthread_create in pthread
[1.174s] -- Looking for pthread_create in pthread - found
[1.175s] -- Found Threads: TRUE  
[1.319s] -- Found rosbag2_storage: 0.7.0 (/home/mlemsalu/ros2_ws_luke/install/rosbag2_storage/share/rosbag2_storage/cmake)
[1.323s] -- Setting yaml-cpp_DIR to: '/opt/ros/foxy/share/yaml_cpp_vendor/cmake/../../../opt/yaml_cpp_vendor/lib/cmake/yaml-cpp'
[1.330s] -- Found ament_cmake_gmock: 0.9.11 (/opt/ros/foxy/share/ament_cmake_gmock/cmake)
[1.331s] -- Found ament_lint_auto: 0.9.8 (/opt/ros/foxy/share/ament_lint_auto/cmake)
[1.336s] -- Found test_msgs: 1.0.0 (/opt/ros/foxy/share/test_msgs/cmake)
[1.518s] -- Found gmock sources under '/opt/ros/foxy/src/gmock_vendor': C++ tests using 'Google Mock' will be built
[1.522s] -- Found ament_cmake_gtest: 0.9.11 (/opt/ros/foxy/share/ament_cmake_gtest/cmake)
[1.523s] -- Found gtest sources under '/opt/ros/foxy/src/gtest_vendor': C++ tests using 'Google Test' will be built
[1.539s] -- Added test 'copyright' to check source files copyright and LICENSE
[1.543s] -- Added test 'cppcheck' to perform static code analysis on C / C++ code
[1.543s] -- Configured cppcheck include dirs: $<BUILD_INTERFACE:/home/mlemsalu/ros2_ws_luke/src/rosbag2-foxy-future/rosbag2_cpp/include>
[1.543s] -- Configured cppcheck exclude dirs and/or files: 
[1.547s] -- Added test 'cpplint' to check C / C++ code against the Google style
[1.547s] -- Configured cpplint exclude dirs and/or files: 
[1.549s] -- Added test 'lint_cmake' to check CMake code style
[1.553s] -- Added test 'uncrustify' to check C / C++ code style
[1.553s] -- Configured uncrustify additional arguments: 
[1.554s] -- Added test 'xmllint' to check XML markup files
[1.560s] -- Configuring done
[1.613s] -- Generating done
[1.615s] -- Build files have been written to: /home/mlemsalu/ros2_ws_luke/build/rosbag2_cpp
[1.622s] Invoked command in '/home/mlemsalu/ros2_ws_luke/build/rosbag2_cpp' returned '0': AMENT_PREFIX_PATH=/home/mlemsalu/ros2_ws_luke/install/rosbag2_storage_default_plugins:/home/mlemsalu/ros2_ws_luke/install/rosbag2_storage:/home/mlemsalu/ros2_ws_luke/install/sqlite3_vendor:/home/mlemsalu/ros2_ws_luke/install/shared_queues_vendor:/home/mlemsalu/ros2_ws_luke/install/rosbag2_test_common:${AMENT_PREFIX_PATH} CMAKE_PREFIX_PATH=/home/mlemsalu/ros2_ws_luke/install/rosbag2_storage_default_plugins:/home/mlemsalu/ros2_ws_luke/install/rosbag2_storage:/home/mlemsalu/ros2_ws_luke/install/sqlite3_vendor:/home/mlemsalu/ros2_ws_luke/install/shared_queues_vendor:/home/mlemsalu/ros2_ws_luke/install/rosbag2_test_common:/opt/ros/foxy LD_LIBRARY_PATH=/home/mlemsalu/ros2_ws_luke/install/rosbag2_storage_default_plugins/lib:/home/mlemsalu/ros2_ws_luke/install/rosbag2_storage/lib:${LD_LIBRARY_PATH} /usr/bin/cmake /home/mlemsalu/ros2_ws_luke/src/rosbag2-foxy-future/rosbag2_cpp -DCMAKE_BUILD_TYPE=Release -DAMENT_CMAKE_SYMLINK_INSTALL=1 -DCMAKE_INSTALL_PREFIX=/home/mlemsalu/ros2_ws_luke/install/rosbag2_cpp
[1.625s] Invoking command in '/home/mlemsalu/ros2_ws_luke/build/rosbag2_cpp': AMENT_PREFIX_PATH=/home/mlemsalu/ros2_ws_luke/install/rosbag2_storage_default_plugins:/home/mlemsalu/ros2_ws_luke/install/rosbag2_storage:/home/mlemsalu/ros2_ws_luke/install/sqlite3_vendor:/home/mlemsalu/ros2_ws_luke/install/shared_queues_vendor:/home/mlemsalu/ros2_ws_luke/install/rosbag2_test_common:${AMENT_PREFIX_PATH} CMAKE_PREFIX_PATH=/home/mlemsalu/ros2_ws_luke/install/rosbag2_storage_default_plugins:/home/mlemsalu/ros2_ws_luke/install/rosbag2_storage:/home/mlemsalu/ros2_ws_luke/install/sqlite3_vendor:/home/mlemsalu/ros2_ws_luke/install/shared_queues_vendor:/home/mlemsalu/ros2_ws_luke/install/rosbag2_test_common:/opt/ros/foxy LD_LIBRARY_PATH=/home/mlemsalu/ros2_ws_luke/install/rosbag2_storage_default_plugins/lib:/home/mlemsalu/ros2_ws_luke/install/rosbag2_storage/lib:${LD_LIBRARY_PATH} /usr/bin/cmake --build /home/mlemsalu/ros2_ws_luke/build/rosbag2_cpp -- -j12 -l12
[1.663s] [35m[1mScanning dependencies of target rosbag2_cpp[0m
[1.666s] [35m[1mScanning dependencies of target gmock[0m
[1.666s] [35m[1mScanning dependencies of target gmock_main[0m
[1.691s] [  2%] [32mBuilding CXX object gmock/CMakeFiles/gmock_main.dir/src/gmock_main.cc.o[0m
[1.692s] [  4%] [32mBuilding CXX object gmock/CMakeFiles/gmock.dir/opt/ros/foxy/src/gtest_vendor/src/gtest-all.cc.o[0m
[1.693s] [  7%] [32mBuilding CXX object gmock/CMakeFiles/gmock.dir/src/gmock-all.cc.o[0m
[1.696s] [  9%] [32mBuilding CXX object CMakeFiles/rosbag2_cpp.dir/src/rosbag2_cpp/cache/message_cache_buffer.cpp.o[0m
[1.697s] [ 11%] [32mBuilding CXX object CMakeFiles/rosbag2_cpp.dir/src/rosbag2_cpp/converter.cpp.o[0m
[1.697s] [ 14%] [32mBuilding CXX object CMakeFiles/rosbag2_cpp.dir/src/rosbag2_cpp/cache/message_cache.cpp.o[0m
[1.697s] [ 16%] [32mBuilding CXX object CMakeFiles/rosbag2_cpp.dir/src/rosbag2_cpp/info.cpp.o[0m
[1.698s] [ 19%] [32mBuilding CXX object CMakeFiles/rosbag2_cpp.dir/src/rosbag2_cpp/cache/cache_consumer.cpp.o[0m
[1.703s] [ 21%] [32mBuilding CXX object CMakeFiles/rosbag2_cpp.dir/src/rosbag2_cpp/reader.cpp.o[0m
[1.703s] [ 23%] [32mBuilding CXX object CMakeFiles/rosbag2_cpp.dir/src/rosbag2_cpp/readers/sequential_reader.cpp.o[0m
[1.706s] [ 26%] [32mBuilding CXX object CMakeFiles/rosbag2_cpp.dir/src/rosbag2_cpp/serialization_format_converter_factory.cpp.o[0m
[1.709s] [ 28%] [32mBuilding CXX object CMakeFiles/rosbag2_cpp.dir/src/rosbag2_cpp/rmw_implemented_serialization_format_converter.cpp.o[0m
[2.378s] [ 30%] [32mBuilding CXX object CMakeFiles/rosbag2_cpp.dir/src/rosbag2_cpp/types/introspection_message.cpp.o[0m
[2.784s] [ 33%] [32mBuilding CXX object CMakeFiles/rosbag2_cpp.dir/src/rosbag2_cpp/typesupport_helpers.cpp.o[0m
[2.898s] [ 35%] [32mBuilding CXX object CMakeFiles/rosbag2_cpp.dir/src/rosbag2_cpp/writer.cpp.o[0m
[2.982s] [ 38%] [32mBuilding CXX object CMakeFiles/rosbag2_cpp.dir/src/rosbag2_cpp/writers/sequential_writer.cpp.o[0m
[3.920s] [ 40%] [32m[1mLinking CXX static library libgmock_main.a[0m
[3.973s] [ 40%] Built target gmock_main
[10.402s] [ 42%] [32m[1mLinking CXX static library libgmock.a[0m
[10.437s] [ 42%] Built target gmock
[10.446s] [35m[1mScanning dependencies of target test_ros2_message[0m
[10.477s] [ 45%] [32mBuilding CXX object CMakeFiles/test_ros2_message.dir/test/rosbag2_cpp/types/test_ros2_message.cpp.o[0m
[10.478s] [ 47%] [32mBuilding CXX object CMakeFiles/test_ros2_message.dir/src/rosbag2_cpp/typesupport_helpers.cpp.o[0m
[10.479s] [ 50%] [32mBuilding CXX object CMakeFiles/test_ros2_message.dir/src/rosbag2_cpp/types/introspection_message.cpp.o[0m
[10.723s] [ 52%] [32m[1mLinking CXX shared library librosbag2_cpp.so[0m
[10.875s] [ 52%] Built target rosbag2_cpp
[10.890s] [35m[1mScanning dependencies of target test_sequential_writer[0m
[10.890s] [35m[1mScanning dependencies of target test_info[0m
[10.891s] [35m[1mScanning dependencies of target converter_test_plugins[0m
[10.891s] [35m[1mScanning dependencies of target test_sequential_reader[0m
[10.891s] [35m[1mScanning dependencies of target test_converter_factory[0m
[10.891s] [35m[1mScanning dependencies of target test_storage_without_metadata_file[0m
[10.891s] [35m[1mScanning dependencies of target test_message_cache[0m
[10.891s] [35m[1mScanning dependencies of target test_multifile_reader[0m
[10.893s] [35m[1mScanning dependencies of target test_typesupport_helpers[0m
[10.920s] [ 54%] [32mBuilding CXX object CMakeFiles/converter_test_plugins.dir/test/rosbag2_cpp/serializer_test_plugin.cpp.o[0m
[10.927s] [ 57%] [32mBuilding CXX object CMakeFiles/converter_test_plugins.dir/test/rosbag2_cpp/converter_test_plugin.cpp.o[0m
[10.928s] [ 61%] [32mBuilding CXX object CMakeFiles/test_message_cache.dir/test/rosbag2_cpp/test_message_cache.cpp.o[0m
[10.929s] [ 61%] [32mBuilding CXX object CMakeFiles/test_converter_factory.dir/test/rosbag2_cpp/test_converter_factory.cpp.o[0m
[10.929s] [ 64%] [32mBuilding CXX object CMakeFiles/test_typesupport_helpers.dir/test/rosbag2_cpp/test_typesupport_helpers.cpp.o[0m
[10.936s] [ 66%] [32mBuilding CXX object CMakeFiles/test_sequential_reader.dir/test/rosbag2_cpp/test_sequential_reader.cpp.o[0m
[10.940s] [ 69%] [32mBuilding CXX object CMakeFiles/test_sequential_writer.dir/test/rosbag2_cpp/test_sequential_writer.cpp.o[0m
[10.942s] [ 71%] [32mBuilding CXX object CMakeFiles/test_info.dir/test/rosbag2_cpp/test_info.cpp.o[0m
[10.946s] [ 73%] [32mBuilding CXX object CMakeFiles/test_storage_without_metadata_file.dir/test/rosbag2_cpp/test_storage_without_metadata_file.cpp.o[0m
[10.949s] [ 76%] [32mBuilding CXX object CMakeFiles/test_multifile_reader.dir/test/rosbag2_cpp/test_multifile_reader.cpp.o[0m
[12.006s] [ 78%] [32m[1mLinking CXX shared library libconverter_test_plugins.so[0m
[12.167s] [ 78%] Built target converter_test_plugins
[13.281s] [ 80%] [32m[1mLinking CXX executable test_converter_factory[0m
[13.463s] [ 80%] Built target test_converter_factory
[13.776s] [ 83%] [32m[1mLinking CXX executable test_message_cache[0m
[13.977s] [ 83%] Built target test_message_cache
[14.299s] [ 85%] [32m[1mLinking CXX executable test_typesupport_helpers[0m
[14.546s] [ 85%] Built target test_typesupport_helpers
[15.764s] [ 88%] [32m[1mLinking CXX executable test_info[0m
[15.959s] [ 88%] Built target test_info
[19.518s] [ 90%] [32m[1mLinking CXX executable test_ros2_message[0m
[19.680s] [ 90%] Built target test_ros2_message
[20.083s] [ 92%] [32m[1mLinking CXX executable test_storage_without_metadata_file[0m
[20.255s] [ 92%] Built target test_storage_without_metadata_file
[21.365s] [ 95%] [32m[1mLinking CXX executable test_multifile_reader[0m
[21.531s] [ 95%] Built target test_multifile_reader
[22.703s] [ 97%] [32m[1mLinking CXX executable test_sequential_reader[0m
[22.835s] [100%] [32m[1mLinking CXX executable test_sequential_writer[0m
[22.863s] [100%] Built target test_sequential_reader
[22.992s] [100%] Built target test_sequential_writer
[23.002s] Invoked command in '/home/mlemsalu/ros2_ws_luke/build/rosbag2_cpp' returned '0': AMENT_PREFIX_PATH=/home/mlemsalu/ros2_ws_luke/install/rosbag2_storage_default_plugins:/home/mlemsalu/ros2_ws_luke/install/rosbag2_storage:/home/mlemsalu/ros2_ws_luke/install/sqlite3_vendor:/home/mlemsalu/ros2_ws_luke/install/shared_queues_vendor:/home/mlemsalu/ros2_ws_luke/install/rosbag2_test_common:${AMENT_PREFIX_PATH} CMAKE_PREFIX_PATH=/home/mlemsalu/ros2_ws_luke/install/rosbag2_storage_default_plugins:/home/mlemsalu/ros2_ws_luke/install/rosbag2_storage:/home/mlemsalu/ros2_ws_luke/install/sqlite3_vendor:/home/mlemsalu/ros2_ws_luke/install/shared_queues_vendor:/home/mlemsalu/ros2_ws_luke/install/rosbag2_test_common:/opt/ros/foxy LD_LIBRARY_PATH=/home/mlemsalu/ros2_ws_luke/install/rosbag2_storage_default_plugins/lib:/home/mlemsalu/ros2_ws_luke/install/rosbag2_storage/lib:${LD_LIBRARY_PATH} /usr/bin/cmake --build /home/mlemsalu/ros2_ws_luke/build/rosbag2_cpp -- -j12 -l12
[23.064s] Invoking command in '/home/mlemsalu/ros2_ws_luke/build/rosbag2_cpp': AMENT_PREFIX_PATH=/home/mlemsalu/ros2_ws_luke/install/rosbag2_storage_default_plugins:/home/mlemsalu/ros2_ws_luke/install/rosbag2_storage:/home/mlemsalu/ros2_ws_luke/install/sqlite3_vendor:/home/mlemsalu/ros2_ws_luke/install/shared_queues_vendor:/home/mlemsalu/ros2_ws_luke/install/rosbag2_test_common:${AMENT_PREFIX_PATH} CMAKE_PREFIX_PATH=/home/mlemsalu/ros2_ws_luke/install/rosbag2_storage_default_plugins:/home/mlemsalu/ros2_ws_luke/install/rosbag2_storage:/home/mlemsalu/ros2_ws_luke/install/sqlite3_vendor:/home/mlemsalu/ros2_ws_luke/install/shared_queues_vendor:/home/mlemsalu/ros2_ws_luke/install/rosbag2_test_common:/opt/ros/foxy LD_LIBRARY_PATH=/home/mlemsalu/ros2_ws_luke/install/rosbag2_storage_default_plugins/lib:/home/mlemsalu/ros2_ws_luke/install/rosbag2_storage/lib:${LD_LIBRARY_PATH} /usr/bin/cmake --install /home/mlemsalu/ros2_ws_luke/build/rosbag2_cpp
[23.073s] -- Install configuration: "Release"
[23.073s] -- Execute custom install script
[23.074s] -- Symlinking: /home/mlemsalu/ros2_ws_luke/install/rosbag2_cpp/include/rosbag2_cpp/cache/cache_consumer.hpp
[23.082s] -- Symlinking: /home/mlemsalu/ros2_ws_luke/install/rosbag2_cpp/include/rosbag2_cpp/cache/message_cache.hpp
[23.089s] -- Symlinking: /home/mlemsalu/ros2_ws_luke/install/rosbag2_cpp/include/rosbag2_cpp/cache/message_cache_buffer.hpp
[23.097s] -- Symlinking: /home/mlemsalu/ros2_ws_luke/install/rosbag2_cpp/include/rosbag2_cpp/converter.hpp
[23.104s] -- Symlinking: /home/mlemsalu/ros2_ws_luke/install/rosbag2_cpp/include/rosbag2_cpp/converter_interfaces/serialization_format_converter.hpp
[23.112s] -- Symlinking: /home/mlemsalu/ros2_ws_luke/install/rosbag2_cpp/include/rosbag2_cpp/converter_interfaces/serialization_format_deserializer.hpp
[23.119s] -- Symlinking: /home/mlemsalu/ros2_ws_luke/install/rosbag2_cpp/include/rosbag2_cpp/converter_interfaces/serialization_format_serializer.hpp
[23.127s] -- Symlinking: /home/mlemsalu/ros2_ws_luke/install/rosbag2_cpp/include/rosbag2_cpp/converter_options.hpp
[23.134s] -- Symlinking: /home/mlemsalu/ros2_ws_luke/install/rosbag2_cpp/include/rosbag2_cpp/info.hpp
[23.141s] -- Symlinking: /home/mlemsalu/ros2_ws_luke/install/rosbag2_cpp/include/rosbag2_cpp/logging.hpp
[23.150s] -- Symlinking: /home/mlemsalu/ros2_ws_luke/install/rosbag2_cpp/include/rosbag2_cpp/reader.hpp
[23.157s] -- Symlinking: /home/mlemsalu/ros2_ws_luke/install/rosbag2_cpp/include/rosbag2_cpp/reader_interfaces/base_reader_interface.hpp
[23.164s] -- Symlinking: /home/mlemsalu/ros2_ws_luke/install/rosbag2_cpp/include/rosbag2_cpp/readers/sequential_reader.hpp
[23.172s] -- Symlinking: /home/mlemsalu/ros2_ws_luke/install/rosbag2_cpp/include/rosbag2_cpp/serialization_format_converter_factory.hpp
[23.179s] -- Symlinking: /home/mlemsalu/ros2_ws_luke/install/rosbag2_cpp/include/rosbag2_cpp/serialization_format_converter_factory_interface.hpp
[23.187s] -- Symlinking: /home/mlemsalu/ros2_ws_luke/install/rosbag2_cpp/include/rosbag2_cpp/storage_options.hpp
[23.194s] -- Symlinking: /home/mlemsalu/ros2_ws_luke/install/rosbag2_cpp/include/rosbag2_cpp/types.hpp
[23.201s] -- Symlinking: /home/mlemsalu/ros2_ws_luke/install/rosbag2_cpp/include/rosbag2_cpp/types/introspection_message.hpp
[23.208s] -- Symlinking: /home/mlemsalu/ros2_ws_luke/install/rosbag2_cpp/include/rosbag2_cpp/typesupport_helpers.hpp
[23.216s] -- Symlinking: /home/mlemsalu/ros2_ws_luke/install/rosbag2_cpp/include/rosbag2_cpp/visibility_control.hpp
[23.223s] -- Symlinking: /home/mlemsalu/ros2_ws_luke/install/rosbag2_cpp/include/rosbag2_cpp/writer.hpp
[23.230s] -- Symlinking: /home/mlemsalu/ros2_ws_luke/install/rosbag2_cpp/include/rosbag2_cpp/writer_interfaces/base_writer_interface.hpp
[23.238s] -- Symlinking: /home/mlemsalu/ros2_ws_luke/install/rosbag2_cpp/include/rosbag2_cpp/writers/sequential_writer.hpp
[23.245s] -- Symlinking: /home/mlemsalu/ros2_ws_luke/install/rosbag2_cpp/share/rosbag2_cpp/environment/library_path.sh
[23.253s] -- Symlinking: /home/mlemsalu/ros2_ws_luke/install/rosbag2_cpp/share/rosbag2_cpp/environment/library_path.dsv
[23.260s] -- Symlinking: /home/mlemsalu/ros2_ws_luke/install/rosbag2_cpp/lib/libconverter_test_plugins.so
[23.268s] -- Symlinking: /home/mlemsalu/ros2_ws_luke/install/rosbag2_cpp/share/rosbag2_cpp/test/rosbag2_cpp/converter_test_plugin.xml
[23.275s] -- Symlinking: /home/mlemsalu/ros2_ws_luke/install/rosbag2_cpp/share/ament_index/resource_index/package_run_dependencies/rosbag2_cpp
[23.282s] -- Symlinking: /home/mlemsalu/ros2_ws_luke/install/rosbag2_cpp/share/ament_index/resource_index/parent_prefix_path/rosbag2_cpp
[23.290s] -- Symlinking: /home/mlemsalu/ros2_ws_luke/install/rosbag2_cpp/share/rosbag2_cpp/environment/ament_prefix_path.sh
[23.297s] -- Symlinking: /home/mlemsalu/ros2_ws_luke/install/rosbag2_cpp/share/rosbag2_cpp/environment/ament_prefix_path.dsv
[23.304s] -- Symlinking: /home/mlemsalu/ros2_ws_luke/install/rosbag2_cpp/share/rosbag2_cpp/environment/path.sh
[23.312s] -- Symlinking: /home/mlemsalu/ros2_ws_luke/install/rosbag2_cpp/share/rosbag2_cpp/environment/path.dsv
[23.319s] -- Symlinking: /home/mlemsalu/ros2_ws_luke/install/rosbag2_cpp/share/rosbag2_cpp/local_setup.bash
[23.326s] -- Symlinking: /home/mlemsalu/ros2_ws_luke/install/rosbag2_cpp/share/rosbag2_cpp/local_setup.sh
[23.333s] -- Symlinking: /home/mlemsalu/ros2_ws_luke/install/rosbag2_cpp/share/rosbag2_cpp/local_setup.zsh
[23.341s] -- Symlinking: /home/mlemsalu/ros2_ws_luke/install/rosbag2_cpp/share/rosbag2_cpp/local_setup.dsv
[23.348s] -- Symlinking: /home/mlemsalu/ros2_ws_luke/install/rosbag2_cpp/share/rosbag2_cpp/package.dsv
[23.356s] -- Symlinking: /home/mlemsalu/ros2_ws_luke/install/rosbag2_cpp/share/ament_index/resource_index/packages/rosbag2_cpp
[23.363s] -- Symlinking: /home/mlemsalu/ros2_ws_luke/install/rosbag2_cpp/share/ament_index/resource_index/rosbag2_cpp__pluginlib__plugin/rosbag2_cpp
[23.371s] -- Symlinking: /home/mlemsalu/ros2_ws_luke/install/rosbag2_cpp/share/rosbag2_cpp/cmake/ament_cmake_export_include_directories-extras.cmake
[23.378s] -- Symlinking: /home/mlemsalu/ros2_ws_luke/install/rosbag2_cpp/share/rosbag2_cpp/cmake/ament_cmake_export_libraries-extras.cmake
[23.385s] -- Symlinking: /home/mlemsalu/ros2_ws_luke/install/rosbag2_cpp/share/rosbag2_cpp/cmake/ament_cmake_export_targets-extras.cmake
[23.393s] -- Symlinking: /home/mlemsalu/ros2_ws_luke/install/rosbag2_cpp/share/rosbag2_cpp/cmake/ament_cmake_export_dependencies-extras.cmake
[23.400s] -- Symlinking: /home/mlemsalu/ros2_ws_luke/install/rosbag2_cpp/share/rosbag2_cpp/cmake/rosbag2_cppConfig.cmake
[23.408s] -- Symlinking: /home/mlemsalu/ros2_ws_luke/install/rosbag2_cpp/share/rosbag2_cpp/cmake/rosbag2_cppConfig-version.cmake
[23.415s] -- Symlinking: /home/mlemsalu/ros2_ws_luke/install/rosbag2_cpp/share/rosbag2_cpp/package.xml
[23.422s] -- Installing: /home/mlemsalu/ros2_ws_luke/install/rosbag2_cpp/lib/librosbag2_cpp.so
[23.423s] -- Set runtime path of "/home/mlemsalu/ros2_ws_luke/install/rosbag2_cpp/lib/librosbag2_cpp.so" to ""
[23.423s] -- Installing: /home/mlemsalu/ros2_ws_luke/install/rosbag2_cpp/share/rosbag2_cpp/cmake/export_rosbag2_cppExport.cmake
[23.423s] -- Installing: /home/mlemsalu/ros2_ws_luke/install/rosbag2_cpp/share/rosbag2_cpp/cmake/export_rosbag2_cppExport-release.cmake
[23.427s] Invoked command in '/home/mlemsalu/ros2_ws_luke/build/rosbag2_cpp' returned '0': AMENT_PREFIX_PATH=/home/mlemsalu/ros2_ws_luke/install/rosbag2_storage_default_plugins:/home/mlemsalu/ros2_ws_luke/install/rosbag2_storage:/home/mlemsalu/ros2_ws_luke/install/sqlite3_vendor:/home/mlemsalu/ros2_ws_luke/install/shared_queues_vendor:/home/mlemsalu/ros2_ws_luke/install/rosbag2_test_common:${AMENT_PREFIX_PATH} CMAKE_PREFIX_PATH=/home/mlemsalu/ros2_ws_luke/install/rosbag2_storage_default_plugins:/home/mlemsalu/ros2_ws_luke/install/rosbag2_storage:/home/mlemsalu/ros2_ws_luke/install/sqlite3_vendor:/home/mlemsalu/ros2_ws_luke/install/shared_queues_vendor:/home/mlemsalu/ros2_ws_luke/install/rosbag2_test_common:/opt/ros/foxy LD_LIBRARY_PATH=/home/mlemsalu/ros2_ws_luke/install/rosbag2_storage_default_plugins/lib:/home/mlemsalu/ros2_ws_luke/install/rosbag2_storage/lib:${LD_LIBRARY_PATH} /usr/bin/cmake --install /home/mlemsalu/ros2_ws_luke/build/rosbag2_cpp
