-- Found ament_cmake: 0.9.11 (/opt/ros/foxy/share/ament_cmake/cmake)
-- Using PYTHON_EXECUTABLE: /usr/bin/python3
-- Override CMake install command with custom implementation using symlinks instead of copying resources
-- Configuring done
-- Generating done
-- Build files have been written to: /home/mlemsalu/ros2_ws_luke/build/zstd_vendor
[100%] Built target zstd-1.4.4
-- Install configuration: "Release"
-- Execute custom install script
-- Up-to-date symlink: /home/mlemsalu/ros2_ws_luke/install/zstd_vendor/share/zstd_vendor/cmake/Modules/Findzstd.cmake
-- Up-to-date symlink: /home/mlemsalu/ros2_ws_luke/install/zstd_vendor/share/ament_index/resource_index/package_run_dependencies/zstd_vendor
-- Up-to-date symlink: /home/mlemsalu/ros2_ws_luke/install/zstd_vendor/share/ament_index/resource_index/parent_prefix_path/zstd_vendor
-- Up-to-date symlink: /home/mlemsalu/ros2_ws_luke/install/zstd_vendor/share/zstd_vendor/environment/ament_prefix_path.sh
-- Up-to-date symlink: /home/mlemsalu/ros2_ws_luke/install/zstd_vendor/share/zstd_vendor/environment/ament_prefix_path.dsv
-- Up-to-date symlink: /home/mlemsalu/ros2_ws_luke/install/zstd_vendor/share/zstd_vendor/environment/path.sh
-- Up-to-date symlink: /home/mlemsalu/ros2_ws_luke/install/zstd_vendor/share/zstd_vendor/environment/path.dsv
-- Up-to-date symlink: /home/mlemsalu/ros2_ws_luke/install/zstd_vendor/share/zstd_vendor/local_setup.bash
-- Up-to-date symlink: /home/mlemsalu/ros2_ws_luke/install/zstd_vendor/share/zstd_vendor/local_setup.sh
-- Up-to-date symlink: /home/mlemsalu/ros2_ws_luke/install/zstd_vendor/share/zstd_vendor/local_setup.zsh
-- Up-to-date symlink: /home/mlemsalu/ros2_ws_luke/install/zstd_vendor/share/zstd_vendor/local_setup.dsv
-- Symlinking: /home/mlemsalu/ros2_ws_luke/install/zstd_vendor/share/zstd_vendor/package.dsv
-- Up-to-date symlink: /home/mlemsalu/ros2_ws_luke/install/zstd_vendor/share/ament_index/resource_index/packages/zstd_vendor
-- Up-to-date symlink: /home/mlemsalu/ros2_ws_luke/install/zstd_vendor/share/zstd_vendor/cmake/zstd_vendor-extras.cmake
-- Up-to-date symlink: /home/mlemsalu/ros2_ws_luke/install/zstd_vendor/share/zstd_vendor/cmake/zstd_vendorConfig.cmake
-- Up-to-date symlink: /home/mlemsalu/ros2_ws_luke/install/zstd_vendor/share/zstd_vendor/cmake/zstd_vendorConfig-version.cmake
-- Up-to-date symlink: /home/mlemsalu/ros2_ws_luke/install/zstd_vendor/share/zstd_vendor/package.xml
-- Up-to-date: /home/mlemsalu/ros2_ws_luke/install/zstd_vendor
-- Up-to-date: /home/mlemsalu/ros2_ws_luke/install/zstd_vendor/include
-- Up-to-date: /home/mlemsalu/ros2_ws_luke/install/zstd_vendor/include/zstd.h
-- Up-to-date: /home/mlemsalu/ros2_ws_luke/install/zstd_vendor/lib
-- Up-to-date: /home/mlemsalu/ros2_ws_luke/install/zstd_vendor/lib/pkgconfig
-- Up-to-date: /home/mlemsalu/ros2_ws_luke/install/zstd_vendor/lib/pkgconfig/libzstd.pc
-- Up-to-date: /home/mlemsalu/ros2_ws_luke/install/zstd_vendor/lib/libzstd.so
-- Up-to-date: /home/mlemsalu/ros2_ws_luke/install/zstd_vendor/lib/libzstd.so.1
-- Up-to-date: /home/mlemsalu/ros2_ws_luke/install/zstd_vendor/lib/libzstd.so.1.4.4
