[0.039s] Invoking command in '/home/mlemsalu/ros2_ws_luke/build/zstd_vendor': CMAKE_PREFIX_PATH=/opt/ros/foxy /usr/bin/cmake /home/mlemsalu/ros2_ws_luke/src/rosbag2-foxy-future/zstd_vendor -DCMAKE_INSTALL_PREFIX=/home/mlemsalu/ros2_ws_luke/install/zstd_vendor
[0.067s] -- Found ament_cmake: 0.9.11 (/opt/ros/foxy/share/ament_cmake/cmake)
[0.083s] -- Using PYTHON_EXECUTABLE: /usr/bin/python3
[0.315s] -- Override CMake install command with custom implementation using symlinks instead of copying resources
[0.418s] -- Configuring done
[0.422s] -- Generating done
[0.423s] -- Build files have been written to: /home/mlemsalu/ros2_ws_luke/build/zstd_vendor
[0.426s] Invoked command in '/home/mlemsalu/ros2_ws_luke/build/zstd_vendor' returned '0': CMAKE_PREFIX_PATH=/opt/ros/foxy /usr/bin/cmake /home/mlemsalu/ros2_ws_luke/src/rosbag2-foxy-future/zstd_vendor -DCMAKE_INSTALL_PREFIX=/home/mlemsalu/ros2_ws_luke/install/zstd_vendor
[0.429s] Invoking command in '/home/mlemsalu/ros2_ws_luke/build/zstd_vendor': CMAKE_PREFIX_PATH=/opt/ros/foxy /usr/bin/cmake --build /home/mlemsalu/ros2_ws_luke/build/zstd_vendor -- -j12 -l12
[0.475s] [100%] Built target zstd-1.4.4
[0.500s] Invoked command in '/home/mlemsalu/ros2_ws_luke/build/zstd_vendor' returned '0': CMAKE_PREFIX_PATH=/opt/ros/foxy /usr/bin/cmake --build /home/mlemsalu/ros2_ws_luke/build/zstd_vendor -- -j12 -l12
[0.523s] Invoking command in '/home/mlemsalu/ros2_ws_luke/build/zstd_vendor': CMAKE_PREFIX_PATH=/opt/ros/foxy /usr/bin/cmake --install /home/mlemsalu/ros2_ws_luke/build/zstd_vendor
[0.538s] -- Install configuration: "Release"
[0.538s] -- Execute custom install script
[0.538s] -- Up-to-date symlink: /home/mlemsalu/ros2_ws_luke/install/zstd_vendor/share/zstd_vendor/cmake/Modules/Findzstd.cmake
[0.538s] -- Up-to-date symlink: /home/mlemsalu/ros2_ws_luke/install/zstd_vendor/share/ament_index/resource_index/package_run_dependencies/zstd_vendor
[0.538s] -- Up-to-date symlink: /home/mlemsalu/ros2_ws_luke/install/zstd_vendor/share/ament_index/resource_index/parent_prefix_path/zstd_vendor
[0.539s] -- Up-to-date symlink: /home/mlemsalu/ros2_ws_luke/install/zstd_vendor/share/zstd_vendor/environment/ament_prefix_path.sh
[0.539s] -- Up-to-date symlink: /home/mlemsalu/ros2_ws_luke/install/zstd_vendor/share/zstd_vendor/environment/ament_prefix_path.dsv
[0.539s] -- Up-to-date symlink: /home/mlemsalu/ros2_ws_luke/install/zstd_vendor/share/zstd_vendor/environment/path.sh
[0.539s] -- Up-to-date symlink: /home/mlemsalu/ros2_ws_luke/install/zstd_vendor/share/zstd_vendor/environment/path.dsv
[0.539s] -- Up-to-date symlink: /home/mlemsalu/ros2_ws_luke/install/zstd_vendor/share/zstd_vendor/local_setup.bash
[0.539s] -- Up-to-date symlink: /home/mlemsalu/ros2_ws_luke/install/zstd_vendor/share/zstd_vendor/local_setup.sh
[0.540s] -- Up-to-date symlink: /home/mlemsalu/ros2_ws_luke/install/zstd_vendor/share/zstd_vendor/local_setup.zsh
[0.540s] -- Up-to-date symlink: /home/mlemsalu/ros2_ws_luke/install/zstd_vendor/share/zstd_vendor/local_setup.dsv
[0.541s] -- Symlinking: /home/mlemsalu/ros2_ws_luke/install/zstd_vendor/share/zstd_vendor/package.dsv
[0.546s] -- Up-to-date symlink: /home/mlemsalu/ros2_ws_luke/install/zstd_vendor/share/ament_index/resource_index/packages/zstd_vendor
[0.546s] -- Up-to-date symlink: /home/mlemsalu/ros2_ws_luke/install/zstd_vendor/share/zstd_vendor/cmake/zstd_vendor-extras.cmake
[0.547s] -- Up-to-date symlink: /home/mlemsalu/ros2_ws_luke/install/zstd_vendor/share/zstd_vendor/cmake/zstd_vendorConfig.cmake
[0.547s] -- Up-to-date symlink: /home/mlemsalu/ros2_ws_luke/install/zstd_vendor/share/zstd_vendor/cmake/zstd_vendorConfig-version.cmake
[0.547s] -- Up-to-date symlink: /home/mlemsalu/ros2_ws_luke/install/zstd_vendor/share/zstd_vendor/package.xml
[0.548s] -- Up-to-date: /home/mlemsalu/ros2_ws_luke/install/zstd_vendor
[0.548s] -- Up-to-date: /home/mlemsalu/ros2_ws_luke/install/zstd_vendor/include
[0.548s] -- Up-to-date: /home/mlemsalu/ros2_ws_luke/install/zstd_vendor/include/zstd.h
[0.548s] -- Up-to-date: /home/mlemsalu/ros2_ws_luke/install/zstd_vendor/lib
[0.548s] -- Up-to-date: /home/mlemsalu/ros2_ws_luke/install/zstd_vendor/lib/pkgconfig
[0.548s] -- Up-to-date: /home/mlemsalu/ros2_ws_luke/install/zstd_vendor/lib/pkgconfig/libzstd.pc
[0.548s] -- Up-to-date: /home/mlemsalu/ros2_ws_luke/install/zstd_vendor/lib/libzstd.so
[0.549s] -- Up-to-date: /home/mlemsalu/ros2_ws_luke/install/zstd_vendor/lib/libzstd.so.1
[0.551s] -- Up-to-date: /home/mlemsalu/ros2_ws_luke/install/zstd_vendor/lib/libzstd.so.1.4.4
[0.551s] Invoked command in '/home/mlemsalu/ros2_ws_luke/build/zstd_vendor' returned '0': CMAKE_PREFIX_PATH=/opt/ros/foxy /usr/bin/cmake --install /home/mlemsalu/ros2_ws_luke/build/zstd_vendor
