[0.015s] Invoking command in '/home/mlemsalu/ros2_ws_luke/build/zed_ros2': AMENT_PREFIX_PATH=/home/mlemsalu/ros2_ws_luke/install/zed_wrapper:/home/mlemsalu/ros2_ws_luke/install/zed_components:/home/mlemsalu/ros2_ws_luke/install/zed_interfaces:${AMENT_PREFIX_PATH} CMAKE_PREFIX_PATH=/home/mlemsalu/ros2_ws_luke/install/zed_wrapper:/home/mlemsalu/ros2_ws_luke/install/zed_components:/home/mlemsalu/ros2_ws_luke/install/zed_interfaces:/opt/ros/foxy LD_LIBRARY_PATH=/home/mlemsalu/ros2_ws_luke/install/zed_components/lib:/home/mlemsalu/ros2_ws_luke/install/zed_interfaces/lib:${LD_LIBRARY_PATH} PYTHONPATH=/home/mlemsalu/ros2_ws_luke/install/zed_interfaces/lib/python3.8/site-packages:${PYTHONPATH} /usr/bin/cmake /home/mlemsalu/ros2_ws_luke/src/zed-ros2-wrapper/zed_ros2 -DCMAKE_INSTALL_PREFIX=/home/mlemsalu/ros2_ws_luke/install/zed_ros2
[0.025s] -- Found ament_cmake_auto: 0.9.11 (/opt/ros/foxy/share/ament_cmake_auto/cmake)
[0.048s] -- Using PYTHON_EXECUTABLE: /usr/bin/python3
[0.217s] -- Override CMake install command with custom implementation using symlinks instead of copying resources
[0.283s] -- Found ament_lint_auto: 0.9.8 (/opt/ros/foxy/share/ament_lint_auto/cmake)
[0.292s] -- Added test 'copyright' to check source files copyright and LICENSE
[0.293s] -- Added test 'lint_cmake' to check CMake code style
[0.294s] -- Added test 'xmllint' to check XML markup files
[0.296s] -- Configuring done
[0.298s] -- Generating done
[0.299s] -- Build files have been written to: /home/mlemsalu/ros2_ws_luke/build/zed_ros2
[0.301s] Invoked command in '/home/mlemsalu/ros2_ws_luke/build/zed_ros2' returned '0': AMENT_PREFIX_PATH=/home/mlemsalu/ros2_ws_luke/install/zed_wrapper:/home/mlemsalu/ros2_ws_luke/install/zed_components:/home/mlemsalu/ros2_ws_luke/install/zed_interfaces:${AMENT_PREFIX_PATH} CMAKE_PREFIX_PATH=/home/mlemsalu/ros2_ws_luke/install/zed_wrapper:/home/mlemsalu/ros2_ws_luke/install/zed_components:/home/mlemsalu/ros2_ws_luke/install/zed_interfaces:/opt/ros/foxy LD_LIBRARY_PATH=/home/mlemsalu/ros2_ws_luke/install/zed_components/lib:/home/mlemsalu/ros2_ws_luke/install/zed_interfaces/lib:${LD_LIBRARY_PATH} PYTHONPATH=/home/mlemsalu/ros2_ws_luke/install/zed_interfaces/lib/python3.8/site-packages:${PYTHONPATH} /usr/bin/cmake /home/mlemsalu/ros2_ws_luke/src/zed-ros2-wrapper/zed_ros2 -DCMAKE_INSTALL_PREFIX=/home/mlemsalu/ros2_ws_luke/install/zed_ros2
[0.302s] Invoking command in '/home/mlemsalu/ros2_ws_luke/build/zed_ros2': AMENT_PREFIX_PATH=/home/mlemsalu/ros2_ws_luke/install/zed_wrapper:/home/mlemsalu/ros2_ws_luke/install/zed_components:/home/mlemsalu/ros2_ws_luke/install/zed_interfaces:${AMENT_PREFIX_PATH} CMAKE_PREFIX_PATH=/home/mlemsalu/ros2_ws_luke/install/zed_wrapper:/home/mlemsalu/ros2_ws_luke/install/zed_components:/home/mlemsalu/ros2_ws_luke/install/zed_interfaces:/opt/ros/foxy LD_LIBRARY_PATH=/home/mlemsalu/ros2_ws_luke/install/zed_components/lib:/home/mlemsalu/ros2_ws_luke/install/zed_interfaces/lib:${LD_LIBRARY_PATH} PYTHONPATH=/home/mlemsalu/ros2_ws_luke/install/zed_interfaces/lib/python3.8/site-packages:${PYTHONPATH} /usr/bin/cmake --build /home/mlemsalu/ros2_ws_luke/build/zed_ros2 -- -j12 -l12
[0.355s] Invoked command in '/home/mlemsalu/ros2_ws_luke/build/zed_ros2' returned '0': AMENT_PREFIX_PATH=/home/mlemsalu/ros2_ws_luke/install/zed_wrapper:/home/mlemsalu/ros2_ws_luke/install/zed_components:/home/mlemsalu/ros2_ws_luke/install/zed_interfaces:${AMENT_PREFIX_PATH} CMAKE_PREFIX_PATH=/home/mlemsalu/ros2_ws_luke/install/zed_wrapper:/home/mlemsalu/ros2_ws_luke/install/zed_components:/home/mlemsalu/ros2_ws_luke/install/zed_interfaces:/opt/ros/foxy LD_LIBRARY_PATH=/home/mlemsalu/ros2_ws_luke/install/zed_components/lib:/home/mlemsalu/ros2_ws_luke/install/zed_interfaces/lib:${LD_LIBRARY_PATH} PYTHONPATH=/home/mlemsalu/ros2_ws_luke/install/zed_interfaces/lib/python3.8/site-packages:${PYTHONPATH} /usr/bin/cmake --build /home/mlemsalu/ros2_ws_luke/build/zed_ros2 -- -j12 -l12
[0.387s] Invoking command in '/home/mlemsalu/ros2_ws_luke/build/zed_ros2': AMENT_PREFIX_PATH=/home/mlemsalu/ros2_ws_luke/install/zed_wrapper:/home/mlemsalu/ros2_ws_luke/install/zed_components:/home/mlemsalu/ros2_ws_luke/install/zed_interfaces:${AMENT_PREFIX_PATH} CMAKE_PREFIX_PATH=/home/mlemsalu/ros2_ws_luke/install/zed_wrapper:/home/mlemsalu/ros2_ws_luke/install/zed_components:/home/mlemsalu/ros2_ws_luke/install/zed_interfaces:/opt/ros/foxy LD_LIBRARY_PATH=/home/mlemsalu/ros2_ws_luke/install/zed_components/lib:/home/mlemsalu/ros2_ws_luke/install/zed_interfaces/lib:${LD_LIBRARY_PATH} PYTHONPATH=/home/mlemsalu/ros2_ws_luke/install/zed_interfaces/lib/python3.8/site-packages:${PYTHONPATH} /usr/bin/cmake --install /home/mlemsalu/ros2_ws_luke/build/zed_ros2
[0.395s] -- Install configuration: "Release"
[0.396s] -- Execute custom install script
[0.396s] -- Up-to-date symlink: /home/mlemsalu/ros2_ws_luke/install/zed_ros2/share/ament_index/resource_index/package_run_dependencies/zed_ros2
[0.397s] -- Up-to-date symlink: /home/mlemsalu/ros2_ws_luke/install/zed_ros2/share/ament_index/resource_index/parent_prefix_path/zed_ros2
[0.397s] -- Up-to-date symlink: /home/mlemsalu/ros2_ws_luke/install/zed_ros2/share/zed_ros2/environment/ament_prefix_path.sh
[0.397s] -- Up-to-date symlink: /home/mlemsalu/ros2_ws_luke/install/zed_ros2/share/zed_ros2/environment/ament_prefix_path.dsv
[0.398s] -- Up-to-date symlink: /home/mlemsalu/ros2_ws_luke/install/zed_ros2/share/zed_ros2/environment/path.sh
[0.398s] -- Up-to-date symlink: /home/mlemsalu/ros2_ws_luke/install/zed_ros2/share/zed_ros2/environment/path.dsv
[0.399s] -- Up-to-date symlink: /home/mlemsalu/ros2_ws_luke/install/zed_ros2/share/zed_ros2/local_setup.bash
[0.399s] -- Up-to-date symlink: /home/mlemsalu/ros2_ws_luke/install/zed_ros2/share/zed_ros2/local_setup.sh
[0.399s] -- Up-to-date symlink: /home/mlemsalu/ros2_ws_luke/install/zed_ros2/share/zed_ros2/local_setup.zsh
[0.400s] -- Up-to-date symlink: /home/mlemsalu/ros2_ws_luke/install/zed_ros2/share/zed_ros2/local_setup.dsv
[0.400s] -- Symlinking: /home/mlemsalu/ros2_ws_luke/install/zed_ros2/share/zed_ros2/package.dsv
[0.410s] -- Up-to-date symlink: /home/mlemsalu/ros2_ws_luke/install/zed_ros2/share/ament_index/resource_index/packages/zed_ros2
[0.411s] -- Up-to-date symlink: /home/mlemsalu/ros2_ws_luke/install/zed_ros2/share/zed_ros2/cmake/zed_ros2Config.cmake
[0.411s] -- Up-to-date symlink: /home/mlemsalu/ros2_ws_luke/install/zed_ros2/share/zed_ros2/cmake/zed_ros2Config-version.cmake
[0.411s] -- Up-to-date symlink: /home/mlemsalu/ros2_ws_luke/install/zed_ros2/share/zed_ros2/package.xml
[0.416s] Invoked command in '/home/mlemsalu/ros2_ws_luke/build/zed_ros2' returned '0': AMENT_PREFIX_PATH=/home/mlemsalu/ros2_ws_luke/install/zed_wrapper:/home/mlemsalu/ros2_ws_luke/install/zed_components:/home/mlemsalu/ros2_ws_luke/install/zed_interfaces:${AMENT_PREFIX_PATH} CMAKE_PREFIX_PATH=/home/mlemsalu/ros2_ws_luke/install/zed_wrapper:/home/mlemsalu/ros2_ws_luke/install/zed_components:/home/mlemsalu/ros2_ws_luke/install/zed_interfaces:/opt/ros/foxy LD_LIBRARY_PATH=/home/mlemsalu/ros2_ws_luke/install/zed_components/lib:/home/mlemsalu/ros2_ws_luke/install/zed_interfaces/lib:${LD_LIBRARY_PATH} PYTHONPATH=/home/mlemsalu/ros2_ws_luke/install/zed_interfaces/lib/python3.8/site-packages:${PYTHONPATH} /usr/bin/cmake --install /home/mlemsalu/ros2_ws_luke/build/zed_ros2
