-- The C compiler identification is GNU 9.4.0
-- The CXX compiler identification is GNU 9.4.0
-- Check for working C compiler: /usr/bin/cc
-- Check for working C compiler: /usr/bin/cc -- works
-- Detecting C compiler ABI info
-- Detecting C compiler ABI info - done
-- Detecting C compile features
-- Detecting C compile features - done
-- Check for working CXX compiler: /usr/bin/c++
-- Check for working CXX compiler: /usr/bin/c++ -- works
-- Detecting CXX compiler ABI info
-- Detecting CXX compiler ABI info - done
-- Detecting CXX compile features
-- Detecting CXX compile features - done
-- Found ament_cmake: 0.9.11 (/opt/ros/foxy/share/ament_cmake/cmake)
-- Found PythonInterp: /usr/bin/python3 (found suitable version "3.8.10", minimum required is "3") 
-- Using PYTHON_EXECUTABLE: /usr/bin/python3
-- Override CMake install command with custom implementation using symlinks instead of copying resources
-- Found pluginlib: 2.5.4 (/opt/ros/foxy/share/pluginlib/cmake)
-- Found rosbag2_cpp: 0.7.0 (/home/mlemsalu/ros2_ws_luke/install/rosbag2_cpp/share/rosbag2_cpp/cmake)
-- Using all available rosidl_typesupport_c: rosidl_typesupport_fastrtps_c;rosidl_typesupport_introspection_c
-- Found rosidl_adapter: 1.3.0 (/opt/ros/foxy/share/rosidl_adapter/cmake)
-- Found OpenSSL: /usr/lib/x86_64-linux-gnu/libcrypto.so (found version "1.1.1f")  
-- Found FastRTPS: /opt/ros/foxy/include  
-- Using all available rosidl_typesupport_cpp: rosidl_typesupport_fastrtps_cpp;rosidl_typesupport_introspection_cpp
-- Found rmw_implementation_cmake: 1.0.4 (/opt/ros/foxy/share/rmw_implementation_cmake/cmake)
-- Using RMW implementation 'rmw_fastrtps_cpp' as default
-- Looking for pthread.h
-- Looking for pthread.h - found
-- Performing Test CMAKE_HAVE_LIBC_PTHREAD
-- Performing Test CMAKE_HAVE_LIBC_PTHREAD - Failed
-- Looking for pthread_create in pthreads
-- Looking for pthread_create in pthreads - not found
-- Looking for pthread_create in pthread
-- Looking for pthread_create in pthread - found
-- Found Threads: TRUE  
-- Setting yaml-cpp_DIR to: '/opt/ros/foxy/share/yaml_cpp_vendor/cmake/../../../opt/yaml_cpp_vendor/lib/cmake/yaml-cpp'
-- Found ament_cmake_gmock: 0.9.11 (/opt/ros/foxy/share/ament_cmake_gmock/cmake)
-- Found ament_lint_auto: 0.9.8 (/opt/ros/foxy/share/ament_lint_auto/cmake)
-- Found rosbag2_test_common: 0.7.0 (/home/mlemsalu/ros2_ws_luke/install/rosbag2_test_common/share/rosbag2_test_common/cmake)
-- Found gmock sources under '/opt/ros/foxy/src/gmock_vendor': C++ tests using 'Google Mock' will be built
-- Found ament_cmake_gtest: 0.9.11 (/opt/ros/foxy/share/ament_cmake_gtest/cmake)
-- Found gtest sources under '/opt/ros/foxy/src/gtest_vendor': C++ tests using 'Google Test' will be built
-- Added test 'copyright' to check source files copyright and LICENSE
-- Added test 'cppcheck' to perform static code analysis on C / C++ code
-- Configured cppcheck include dirs: $<BUILD_INTERFACE:/home/mlemsalu/ros2_ws_luke/src/rosbag2-foxy-future/rosbag2_compression/include>;/home/mlemsalu/ros2_ws_luke/src/rosbag2-foxy-future/rosbag2_compression/include
-- Configured cppcheck exclude dirs and/or files: 
-- Added test 'cpplint' to check C / C++ code against the Google style
-- Configured cpplint exclude dirs and/or files: 
-- Added test 'lint_cmake' to check CMake code style
-- Added test 'uncrustify' to check C / C++ code style
-- Configured uncrustify additional arguments: 
-- Added test 'xmllint' to check XML markup files
-- Configuring done
-- Generating done
-- Build files have been written to: /home/mlemsalu/ros2_ws_luke/build/rosbag2_compression
[35m[1mScanning dependencies of target gmock[0m
[35m[1mScanning dependencies of target gmock_main[0m
[35m[1mScanning dependencies of target rosbag2_compression[0m
[  4%] [32mBuilding CXX object gmock/CMakeFiles/gmock.dir/src/gmock-all.cc.o[0m
[  9%] [32mBuilding CXX object gmock/CMakeFiles/gmock.dir/opt/ros/foxy/src/gtest_vendor/src/gtest-all.cc.o[0m
[ 14%] [32mBuilding CXX object gmock/CMakeFiles/gmock_main.dir/src/gmock_main.cc.o[0m
[ 19%] [32mBuilding CXX object CMakeFiles/rosbag2_compression.dir/src/rosbag2_compression/sequential_compression_writer.cpp.o[0m
[ 23%] [32mBuilding CXX object CMakeFiles/rosbag2_compression.dir/src/rosbag2_compression/compression_factory.cpp.o[0m
[ 33%] [32mBuilding CXX object CMakeFiles/rosbag2_compression.dir/src/rosbag2_compression/compression_options.cpp.o[0m
[ 33%] [32mBuilding CXX object CMakeFiles/rosbag2_compression.dir/src/rosbag2_compression/sequential_compression_reader.cpp.o[0m
[ 38%] [32m[1mLinking CXX static library libgmock_main.a[0m
[ 38%] Built target gmock_main
[ 42%] [32m[1mLinking CXX shared library librosbag2_compression.so[0m
[ 42%] Built target rosbag2_compression
[35m[1mScanning dependencies of target fake_plugin[0m
[ 47%] [32mBuilding CXX object CMakeFiles/fake_plugin.dir/test/rosbag2_compression/fake_compressor.cpp.o[0m
[ 52%] [32mBuilding CXX object CMakeFiles/fake_plugin.dir/test/rosbag2_compression/fake_decompressor.cpp.o[0m
[ 57%] [32m[1mLinking CXX static library libgmock.a[0m
[ 57%] Built target gmock
[35m[1mScanning dependencies of target test_sequential_compression_writer[0m
[35m[1mScanning dependencies of target test_sequential_compression_reader[0m
[35m[1mScanning dependencies of target test_compression_factory[0m
[35m[1mScanning dependencies of target test_compression_options[0m
[ 61%] [32mBuilding CXX object CMakeFiles/test_compression_factory.dir/test/rosbag2_compression/test_compression_factory.cpp.o[0m
[ 66%] [32mBuilding CXX object CMakeFiles/test_compression_options.dir/test/rosbag2_compression/test_compression_options.cpp.o[0m
[ 71%] [32mBuilding CXX object CMakeFiles/test_sequential_compression_reader.dir/test/rosbag2_compression/test_sequential_compression_reader.cpp.o[0m
[ 76%] [32mBuilding CXX object CMakeFiles/test_sequential_compression_writer.dir/test/rosbag2_compression/test_sequential_compression_writer.cpp.o[0m
[ 80%] [32m[1mLinking CXX shared library libfake_plugin.so[0m
[ 80%] Built target fake_plugin
[ 85%] [32m[1mLinking CXX executable test_compression_factory[0m
[ 85%] Built target test_compression_factory
[ 90%] [32m[1mLinking CXX executable test_compression_options[0m
[ 90%] Built target test_compression_options
[ 95%] [32m[1mLinking CXX executable test_sequential_compression_writer[0m
[ 95%] Built target test_sequential_compression_writer
[100%] [32m[1mLinking CXX executable test_sequential_compression_reader[0m
[100%] Built target test_sequential_compression_reader
-- Install configuration: "Release"
-- Execute custom install script
-- Symlinking: /home/mlemsalu/ros2_ws_luke/install/rosbag2_compression/include/rosbag2_compression/base_compressor_interface.hpp
-- Symlinking: /home/mlemsalu/ros2_ws_luke/install/rosbag2_compression/include/rosbag2_compression/base_decompressor_interface.hpp
-- Symlinking: /home/mlemsalu/ros2_ws_luke/install/rosbag2_compression/include/rosbag2_compression/compression_factory.hpp
-- Symlinking: /home/mlemsalu/ros2_ws_luke/install/rosbag2_compression/include/rosbag2_compression/compression_options.hpp
-- Symlinking: /home/mlemsalu/ros2_ws_luke/install/rosbag2_compression/include/rosbag2_compression/sequential_compression_reader.hpp
-- Symlinking: /home/mlemsalu/ros2_ws_luke/install/rosbag2_compression/include/rosbag2_compression/sequential_compression_writer.hpp
-- Symlinking: /home/mlemsalu/ros2_ws_luke/install/rosbag2_compression/include/rosbag2_compression/visibility_control.hpp
-- Symlinking: /home/mlemsalu/ros2_ws_luke/install/rosbag2_compression/share/rosbag2_compression/environment/library_path.sh
-- Symlinking: /home/mlemsalu/ros2_ws_luke/install/rosbag2_compression/share/rosbag2_compression/environment/library_path.dsv
-- Symlinking: /home/mlemsalu/ros2_ws_luke/install/rosbag2_compression/lib/libfake_plugin.so
-- Symlinking: /home/mlemsalu/ros2_ws_luke/install/rosbag2_compression/share/rosbag2_compression/test/rosbag2_compression/fake_plugin.xml
-- Symlinking: /home/mlemsalu/ros2_ws_luke/install/rosbag2_compression/share/ament_index/resource_index/package_run_dependencies/rosbag2_compression
-- Symlinking: /home/mlemsalu/ros2_ws_luke/install/rosbag2_compression/share/ament_index/resource_index/parent_prefix_path/rosbag2_compression
-- Symlinking: /home/mlemsalu/ros2_ws_luke/install/rosbag2_compression/share/rosbag2_compression/environment/ament_prefix_path.sh
-- Symlinking: /home/mlemsalu/ros2_ws_luke/install/rosbag2_compression/share/rosbag2_compression/environment/ament_prefix_path.dsv
-- Symlinking: /home/mlemsalu/ros2_ws_luke/install/rosbag2_compression/share/rosbag2_compression/environment/path.sh
-- Symlinking: /home/mlemsalu/ros2_ws_luke/install/rosbag2_compression/share/rosbag2_compression/environment/path.dsv
-- Symlinking: /home/mlemsalu/ros2_ws_luke/install/rosbag2_compression/share/rosbag2_compression/local_setup.bash
-- Symlinking: /home/mlemsalu/ros2_ws_luke/install/rosbag2_compression/share/rosbag2_compression/local_setup.sh
-- Symlinking: /home/mlemsalu/ros2_ws_luke/install/rosbag2_compression/share/rosbag2_compression/local_setup.zsh
-- Symlinking: /home/mlemsalu/ros2_ws_luke/install/rosbag2_compression/share/rosbag2_compression/local_setup.dsv
-- Symlinking: /home/mlemsalu/ros2_ws_luke/install/rosbag2_compression/share/rosbag2_compression/package.dsv
-- Symlinking: /home/mlemsalu/ros2_ws_luke/install/rosbag2_compression/share/ament_index/resource_index/packages/rosbag2_compression
-- Symlinking: /home/mlemsalu/ros2_ws_luke/install/rosbag2_compression/share/ament_index/resource_index/rosbag2_compression__pluginlib__plugin/rosbag2_compression
-- Symlinking: /home/mlemsalu/ros2_ws_luke/install/rosbag2_compression/share/rosbag2_compression/cmake/ament_cmake_export_include_directories-extras.cmake
-- Symlinking: /home/mlemsalu/ros2_ws_luke/install/rosbag2_compression/share/rosbag2_compression/cmake/ament_cmake_export_libraries-extras.cmake
-- Symlinking: /home/mlemsalu/ros2_ws_luke/install/rosbag2_compression/share/rosbag2_compression/cmake/ament_cmake_export_targets-extras.cmake
-- Symlinking: /home/mlemsalu/ros2_ws_luke/install/rosbag2_compression/share/rosbag2_compression/cmake/ament_cmake_export_dependencies-extras.cmake
-- Symlinking: /home/mlemsalu/ros2_ws_luke/install/rosbag2_compression/share/rosbag2_compression/cmake/rosbag2_compressionConfig.cmake
-- Symlinking: /home/mlemsalu/ros2_ws_luke/install/rosbag2_compression/share/rosbag2_compression/cmake/rosbag2_compressionConfig-version.cmake
-- Symlinking: /home/mlemsalu/ros2_ws_luke/install/rosbag2_compression/share/rosbag2_compression/package.xml
-- Installing: /home/mlemsalu/ros2_ws_luke/install/rosbag2_compression/lib/librosbag2_compression.so
-- Set runtime path of "/home/mlemsalu/ros2_ws_luke/install/rosbag2_compression/lib/librosbag2_compression.so" to ""
-- Installing: /home/mlemsalu/ros2_ws_luke/install/rosbag2_compression/share/rosbag2_compression/cmake/export_rosbag2_compressionExport.cmake
-- Installing: /home/mlemsalu/ros2_ws_luke/install/rosbag2_compression/share/rosbag2_compression/cmake/export_rosbag2_compressionExport-release.cmake
