[0.137s] Invoking command in '/home/mlemsalu/ros2_ws_luke/build/zed_wrapper': AMENT_PREFIX_PATH=/home/mlemsalu/ros2_ws_luke/install/zed_components:/home/mlemsalu/ros2_ws_luke/install/zed_interfaces:${AMENT_PREFIX_PATH} CMAKE_PREFIX_PATH=/home/mlemsalu/ros2_ws_luke/install/zed_components:/home/mlemsalu/ros2_ws_luke/install/zed_interfaces:/opt/ros/foxy LD_LIBRARY_PATH=/home/mlemsalu/ros2_ws_luke/install/zed_components/lib:/home/mlemsalu/ros2_ws_luke/install/zed_interfaces/lib:${LD_LIBRARY_PATH} PYTHONPATH=/home/mlemsalu/ros2_ws_luke/install/zed_interfaces/lib/python3.8/site-packages:${PYTHONPATH} /usr/bin/cmake /home/mlemsalu/ros2_ws_luke/src/zed-ros2-wrapper/zed_wrapper -DCMAKE_BUILD_TYPE=Release -DAMENT_CMAKE_SYMLINK_INSTALL=1 -DCMAKE_INSTALL_PREFIX=/home/mlemsalu/ros2_ws_luke/install/zed_wrapper
[0.472s] -- The C compiler identification is GNU 9.4.0
[0.723s] -- The CXX compiler identification is GNU 9.4.0
[0.732s] -- Check for working C compiler: /usr/bin/cc
[1.170s] -- Check for working C compiler: /usr/bin/cc -- works
[1.171s] -- Detecting C compiler ABI info
[1.576s] -- Detecting C compiler ABI info - done
[1.618s] -- Detecting C compile features
[1.630s] -- Detecting C compile features - done
[1.635s] -- Check for working CXX compiler: /usr/bin/c++
[2.047s] -- Check for working CXX compiler: /usr/bin/c++ -- works
[2.049s] -- Detecting CXX compiler ABI info
[2.295s] -- Detecting CXX compiler ABI info - done
[2.323s] -- Detecting CXX compile features
[2.325s] -- Detecting CXX compile features - done
[2.334s] -- Looking for sgemm_
[2.457s] -- Looking for sgemm_ - not found
[2.460s] -- Looking for pthread.h
[2.589s] -- Looking for pthread.h - found
[2.590s] -- Performing Test CMAKE_HAVE_LIBC_PTHREAD
[2.720s] -- Performing Test CMAKE_HAVE_LIBC_PTHREAD - Failed
[2.720s] -- Looking for pthread_create in pthreads
[2.817s] -- Looking for pthread_create in pthreads - not found
[2.817s] -- Looking for pthread_create in pthread
[2.939s] -- Looking for pthread_create in pthread - found
[2.941s] -- Found Threads: TRUE  
[2.958s] -- Looking for sgemm_
[3.111s] -- Looking for sgemm_ - found
[3.112s] -- Found BLAS: /usr/lib/x86_64-linux-gnu/libopenblas.so  
[3.126s] -- Found CUDA: /usr/local/cuda (found suitable version "12.1", minimum required is "12") 
[3.173s] -- Found CUDA: /usr/local/cuda (found version "12.1") 
[3.175s] -- Found ament_cmake_auto: 0.9.11 (/opt/ros/foxy/share/ament_cmake_auto/cmake)
[3.204s] -- Found PythonInterp: /usr/bin/python3 (found suitable version "3.8.10", minimum required is "3") 
[3.204s] -- Using PYTHON_EXECUTABLE: /usr/bin/python3
[3.400s] -- Override CMake install command with custom implementation using symlinks instead of copying resources
[3.576s] -- Using all available rosidl_typesupport_c: rosidl_typesupport_fastrtps_c;rosidl_typesupport_introspection_c
[3.588s] -- Found rosidl_adapter: 1.3.0 (/opt/ros/foxy/share/rosidl_adapter/cmake)
[3.693s] -- Found OpenSSL: /usr/lib/x86_64-linux-gnu/libcrypto.so (found version "1.1.1f")  
[3.726s] -- Found FastRTPS: /opt/ros/foxy/include  
[3.850s] -- Using all available rosidl_typesupport_cpp: rosidl_typesupport_fastrtps_cpp;rosidl_typesupport_introspection_cpp
[3.965s] -- Found rmw_implementation_cmake: 1.0.4 (/opt/ros/foxy/share/rmw_implementation_cmake/cmake)
[3.968s] -- Using RMW implementation 'rmw_fastrtps_cpp' as default
[5.546s] -- Found eigen3_cmake_module: 0.1.1 (/opt/ros/foxy/share/eigen3_cmake_module/cmake)
[5.550s] -- Found Eigen3: TRUE (found version "3.3.7") 
[7.825s] -- Found ament_lint_auto: 0.9.8 (/opt/ros/foxy/share/ament_lint_auto/cmake)
[8.334s] -- Added test 'copyright' to check source files copyright and LICENSE
[8.336s] -- Added test 'cppcheck' to perform static code analysis on C / C++ code
[8.336s] -- Configured cppcheck include dirs: /home/mlemsalu/ros2_ws_luke/src/zed-ros2-wrapper/zed_wrapper/src
[8.336s] -- Configured cppcheck exclude dirs and/or files: 
[8.337s] -- Added test 'lint_cmake' to check CMake code style
[8.337s] -- Added test 'pep257' to check Python code against some of the style conventions in PEP 257
[8.339s] -- Added test 'uncrustify' to check C / C++ code style
[8.339s] -- Configured uncrustify additional arguments: 
[8.340s] -- Added test 'xmllint' to check XML markup files
[8.345s] -- Configuring done
[8.415s] -- Generating done
[8.417s] -- Build files have been written to: /home/mlemsalu/ros2_ws_luke/build/zed_wrapper
[8.427s] Invoked command in '/home/mlemsalu/ros2_ws_luke/build/zed_wrapper' returned '0': AMENT_PREFIX_PATH=/home/mlemsalu/ros2_ws_luke/install/zed_components:/home/mlemsalu/ros2_ws_luke/install/zed_interfaces:${AMENT_PREFIX_PATH} CMAKE_PREFIX_PATH=/home/mlemsalu/ros2_ws_luke/install/zed_components:/home/mlemsalu/ros2_ws_luke/install/zed_interfaces:/opt/ros/foxy LD_LIBRARY_PATH=/home/mlemsalu/ros2_ws_luke/install/zed_components/lib:/home/mlemsalu/ros2_ws_luke/install/zed_interfaces/lib:${LD_LIBRARY_PATH} PYTHONPATH=/home/mlemsalu/ros2_ws_luke/install/zed_interfaces/lib/python3.8/site-packages:${PYTHONPATH} /usr/bin/cmake /home/mlemsalu/ros2_ws_luke/src/zed-ros2-wrapper/zed_wrapper -DCMAKE_BUILD_TYPE=Release -DAMENT_CMAKE_SYMLINK_INSTALL=1 -DCMAKE_INSTALL_PREFIX=/home/mlemsalu/ros2_ws_luke/install/zed_wrapper
[8.430s] Invoking command in '/home/mlemsalu/ros2_ws_luke/build/zed_wrapper': AMENT_PREFIX_PATH=/home/mlemsalu/ros2_ws_luke/install/zed_components:/home/mlemsalu/ros2_ws_luke/install/zed_interfaces:${AMENT_PREFIX_PATH} CMAKE_PREFIX_PATH=/home/mlemsalu/ros2_ws_luke/install/zed_components:/home/mlemsalu/ros2_ws_luke/install/zed_interfaces:/opt/ros/foxy LD_LIBRARY_PATH=/home/mlemsalu/ros2_ws_luke/install/zed_components/lib:/home/mlemsalu/ros2_ws_luke/install/zed_interfaces/lib:${LD_LIBRARY_PATH} PYTHONPATH=/home/mlemsalu/ros2_ws_luke/install/zed_interfaces/lib/python3.8/site-packages:${PYTHONPATH} /usr/bin/cmake --build /home/mlemsalu/ros2_ws_luke/build/zed_wrapper -- -j12 -l12
[8.498s] [35m[1mScanning dependencies of target zed_wrapper[0m
[8.639s] [ 50%] [32mBuilding CXX object CMakeFiles/zed_wrapper.dir/src/zed_wrapper.cpp.o[0m
[12.460s] In file included from [01m[K/home/mlemsalu/ros2_ws_luke/install/zed_components/include/zed_components/zed_camera_component.hpp:19[m[K,
[12.461s]                  from [01m[K/home/mlemsalu/ros2_ws_luke/src/zed-ros2-wrapper/zed_wrapper/src/zed_wrapper.cpp:17[m[K:
[12.461s] [01m[K/usr/local/zed/include/sl/Fusion.hpp:68:64:[m[K [01;36m[Knote: [m[K#pragma message: ~ FUSION SDK is distributed in Early Access ~
[12.461s]    68 | #pragma message("~ FUSION SDK is distributed in Early Access ~"[01;36m[K)[m[K
[12.461s]       |                                                                [01;36m[K^[m[K
[16.644s] [100%] [32m[1mLinking CXX executable zed_wrapper[0m
[17.151s] [100%] Built target zed_wrapper
[17.174s] Invoked command in '/home/mlemsalu/ros2_ws_luke/build/zed_wrapper' returned '0': AMENT_PREFIX_PATH=/home/mlemsalu/ros2_ws_luke/install/zed_components:/home/mlemsalu/ros2_ws_luke/install/zed_interfaces:${AMENT_PREFIX_PATH} CMAKE_PREFIX_PATH=/home/mlemsalu/ros2_ws_luke/install/zed_components:/home/mlemsalu/ros2_ws_luke/install/zed_interfaces:/opt/ros/foxy LD_LIBRARY_PATH=/home/mlemsalu/ros2_ws_luke/install/zed_components/lib:/home/mlemsalu/ros2_ws_luke/install/zed_interfaces/lib:${LD_LIBRARY_PATH} PYTHONPATH=/home/mlemsalu/ros2_ws_luke/install/zed_interfaces/lib/python3.8/site-packages:${PYTHONPATH} /usr/bin/cmake --build /home/mlemsalu/ros2_ws_luke/build/zed_wrapper -- -j12 -l12
[17.220s] Invoking command in '/home/mlemsalu/ros2_ws_luke/build/zed_wrapper': AMENT_PREFIX_PATH=/home/mlemsalu/ros2_ws_luke/install/zed_components:/home/mlemsalu/ros2_ws_luke/install/zed_interfaces:${AMENT_PREFIX_PATH} CMAKE_PREFIX_PATH=/home/mlemsalu/ros2_ws_luke/install/zed_components:/home/mlemsalu/ros2_ws_luke/install/zed_interfaces:/opt/ros/foxy LD_LIBRARY_PATH=/home/mlemsalu/ros2_ws_luke/install/zed_components/lib:/home/mlemsalu/ros2_ws_luke/install/zed_interfaces/lib:${LD_LIBRARY_PATH} PYTHONPATH=/home/mlemsalu/ros2_ws_luke/install/zed_interfaces/lib/python3.8/site-packages:${PYTHONPATH} /usr/bin/cmake --install /home/mlemsalu/ros2_ws_luke/build/zed_wrapper
[17.239s] -- Install configuration: "Release"
[17.240s] -- Execute custom install script
[17.241s] -- Symlinking: /home/mlemsalu/ros2_ws_luke/install/zed_wrapper/lib/zed_wrapper/zed_wrapper
[17.259s] -- Symlinking: /home/mlemsalu/ros2_ws_luke/install/zed_wrapper/share/zed_wrapper/config/common.yaml
[17.276s] -- Symlinking: /home/mlemsalu/ros2_ws_luke/install/zed_wrapper/share/zed_wrapper/config/zed.yaml
[17.292s] -- Symlinking: /home/mlemsalu/ros2_ws_luke/install/zed_wrapper/share/zed_wrapper/config/zed2.yaml
[17.309s] -- Symlinking: /home/mlemsalu/ros2_ws_luke/install/zed_wrapper/share/zed_wrapper/config/zed2i.yaml
[17.325s] -- Symlinking: /home/mlemsalu/ros2_ws_luke/install/zed_wrapper/share/zed_wrapper/config/zedm.yaml
[17.342s] -- Symlinking: /home/mlemsalu/ros2_ws_luke/install/zed_wrapper/share/zed_wrapper/config/zedx.yaml
[17.359s] -- Symlinking: /home/mlemsalu/ros2_ws_luke/install/zed_wrapper/share/zed_wrapper/config/zedxm.yaml
[17.377s] -- Symlinking: /home/mlemsalu/ros2_ws_luke/install/zed_wrapper/share/zed_wrapper/urdf/include/materials.urdf.xacro
[17.394s] -- Symlinking: /home/mlemsalu/ros2_ws_luke/install/zed_wrapper/share/zed_wrapper/urdf/zed_descr.urdf.xacro
[17.410s] -- Symlinking: /home/mlemsalu/ros2_ws_luke/install/zed_wrapper/share/zed_wrapper/urdf/zed_macro.urdf.xacro
[17.431s] -- Symlinking: /home/mlemsalu/ros2_ws_luke/install/zed_wrapper/share/zed_wrapper/launch/include/zed_camera.launch.py
[17.447s] -- Symlinking: /home/mlemsalu/ros2_ws_luke/install/zed_wrapper/share/zed_wrapper/launch/zed.launch.py
[17.464s] -- Symlinking: /home/mlemsalu/ros2_ws_luke/install/zed_wrapper/share/zed_wrapper/launch/zed2.launch.py
[17.481s] -- Symlinking: /home/mlemsalu/ros2_ws_luke/install/zed_wrapper/share/zed_wrapper/launch/zed2i.launch.py
[17.497s] -- Symlinking: /home/mlemsalu/ros2_ws_luke/install/zed_wrapper/share/zed_wrapper/launch/zedm.launch.py
[17.513s] -- Symlinking: /home/mlemsalu/ros2_ws_luke/install/zed_wrapper/share/zed_wrapper/launch/zedx.launch.py
[17.530s] -- Symlinking: /home/mlemsalu/ros2_ws_luke/install/zed_wrapper/share/zed_wrapper/launch/zedxm.launch.py
[17.547s] -- Symlinking: /home/mlemsalu/ros2_ws_luke/install/zed_wrapper/share/ament_index/resource_index/package_run_dependencies/zed_wrapper
[17.564s] -- Symlinking: /home/mlemsalu/ros2_ws_luke/install/zed_wrapper/share/ament_index/resource_index/parent_prefix_path/zed_wrapper
[17.581s] -- Symlinking: /home/mlemsalu/ros2_ws_luke/install/zed_wrapper/share/zed_wrapper/environment/ament_prefix_path.sh
[17.599s] -- Symlinking: /home/mlemsalu/ros2_ws_luke/install/zed_wrapper/share/zed_wrapper/environment/ament_prefix_path.dsv
[17.616s] -- Symlinking: /home/mlemsalu/ros2_ws_luke/install/zed_wrapper/share/zed_wrapper/environment/path.sh
[17.633s] -- Symlinking: /home/mlemsalu/ros2_ws_luke/install/zed_wrapper/share/zed_wrapper/environment/path.dsv
[17.649s] -- Symlinking: /home/mlemsalu/ros2_ws_luke/install/zed_wrapper/share/zed_wrapper/local_setup.bash
[17.666s] -- Symlinking: /home/mlemsalu/ros2_ws_luke/install/zed_wrapper/share/zed_wrapper/local_setup.sh
[17.683s] -- Symlinking: /home/mlemsalu/ros2_ws_luke/install/zed_wrapper/share/zed_wrapper/local_setup.zsh
[17.700s] -- Symlinking: /home/mlemsalu/ros2_ws_luke/install/zed_wrapper/share/zed_wrapper/local_setup.dsv
[17.717s] -- Symlinking: /home/mlemsalu/ros2_ws_luke/install/zed_wrapper/share/zed_wrapper/package.dsv
[17.734s] -- Symlinking: /home/mlemsalu/ros2_ws_luke/install/zed_wrapper/share/ament_index/resource_index/packages/zed_wrapper
[17.754s] -- Symlinking: /home/mlemsalu/ros2_ws_luke/install/zed_wrapper/share/zed_wrapper/cmake/zed_wrapperConfig.cmake
[17.771s] -- Symlinking: /home/mlemsalu/ros2_ws_luke/install/zed_wrapper/share/zed_wrapper/cmake/zed_wrapperConfig-version.cmake
[17.788s] -- Symlinking: /home/mlemsalu/ros2_ws_luke/install/zed_wrapper/share/zed_wrapper/package.xml
[17.813s] Invoked command in '/home/mlemsalu/ros2_ws_luke/build/zed_wrapper' returned '0': AMENT_PREFIX_PATH=/home/mlemsalu/ros2_ws_luke/install/zed_components:/home/mlemsalu/ros2_ws_luke/install/zed_interfaces:${AMENT_PREFIX_PATH} CMAKE_PREFIX_PATH=/home/mlemsalu/ros2_ws_luke/install/zed_components:/home/mlemsalu/ros2_ws_luke/install/zed_interfaces:/opt/ros/foxy LD_LIBRARY_PATH=/home/mlemsalu/ros2_ws_luke/install/zed_components/lib:/home/mlemsalu/ros2_ws_luke/install/zed_interfaces/lib:${LD_LIBRARY_PATH} PYTHONPATH=/home/mlemsalu/ros2_ws_luke/install/zed_interfaces/lib/python3.8/site-packages:${PYTHONPATH} /usr/bin/cmake --install /home/mlemsalu/ros2_ws_luke/build/zed_wrapper
