[0.026s] Invoking command in '/home/mlemsalu/ros2_ws_luke/build/message_sync': AMENT_PREFIX_PATH=/home/mlemsalu/ros2_ws_luke/install/rosbag2:/home/mlemsalu/ros2_ws_luke/install/ros2bag:/home/mlemsalu/ros2_ws_luke/install/rosbag2_transport:/home/mlemsalu/ros2_ws_luke/install/rosbag2_py:/home/mlemsalu/ros2_ws_luke/install/rosbag2_compression_zstd:/home/mlemsalu/ros2_ws_luke/install/rosbag2_compression:/home/mlemsalu/ros2_ws_luke/install/rosbag2_cpp:/home/mlemsalu/ros2_ws_luke/install/rosbag2_storage_default_plugins:/home/mlemsalu/ros2_ws_luke/install/rosbag2_storage:/home/mlemsalu/ros2_ws_luke/install/zstd_vendor:/home/mlemsalu/ros2_ws_luke/install/sqlite3_vendor:/home/mlemsalu/ros2_ws_luke/install/shared_queues_vendor:${AMENT_PREFIX_PATH} CMAKE_PREFIX_PATH=/home/mlemsalu/ros2_ws_luke/install/rosbag2:/home/mlemsalu/ros2_ws_luke/install/rosbag2_transport:/home/mlemsalu/ros2_ws_luke/install/rosbag2_py:/home/mlemsalu/ros2_ws_luke/install/rosbag2_compression_zstd:/home/mlemsalu/ros2_ws_luke/install/rosbag2_compression:/home/mlemsalu/ros2_ws_luke/install/rosbag2_cpp:/home/mlemsalu/ros2_ws_luke/install/rosbag2_storage_default_plugins:/home/mlemsalu/ros2_ws_luke/install/rosbag2_storage:/home/mlemsalu/ros2_ws_luke/install/zstd_vendor:/home/mlemsalu/ros2_ws_luke/install/sqlite3_vendor:/home/mlemsalu/ros2_ws_luke/install/shared_queues_vendor:/opt/ros/foxy LD_LIBRARY_PATH=/home/mlemsalu/ros2_ws_luke/install/rosbag2_transport/lib:/home/mlemsalu/ros2_ws_luke/install/rosbag2_compression_zstd/lib:/home/mlemsalu/ros2_ws_luke/install/rosbag2_compression/lib:/home/mlemsalu/ros2_ws_luke/install/rosbag2_cpp/lib:/home/mlemsalu/ros2_ws_luke/install/rosbag2_storage_default_plugins/lib:/home/mlemsalu/ros2_ws_luke/install/rosbag2_storage/lib:/home/mlemsalu/ros2_ws_luke/install/zstd_vendor/lib:${LD_LIBRARY_PATH} PYTHONPATH=/home/mlemsalu/ros2_ws_luke/build/ros2bag:/home/mlemsalu/ros2_ws_luke/install/ros2bag/lib/python3.8/site-packages:/home/mlemsalu/ros2_ws_luke/install/rosbag2_transport/lib/python3.8/site-packages:/home/mlemsalu/ros2_ws_luke/install/rosbag2_py/lib/python3.8/site-packages:${PYTHONPATH} /usr/bin/cmake /home/mlemsalu/ros2_ws_luke/src/message_sync -DCMAKE_BUILD_TYPE=Release -DAMENT_CMAKE_SYMLINK_INSTALL=1 -DCMAKE_INSTALL_PREFIX=/home/mlemsalu/ros2_ws_luke/install/message_sync
[0.075s] -- The C compiler identification is GNU 9.4.0
[0.130s] -- The CXX compiler identification is GNU 9.4.0
[0.134s] -- Check for working C compiler: /usr/bin/cc
[0.201s] -- Check for working C compiler: /usr/bin/cc -- works
[0.202s] -- Detecting C compiler ABI info
[0.267s] -- Detecting C compiler ABI info - done
[0.276s] -- Detecting C compile features
[0.277s] -- Detecting C compile features - done
[0.279s] -- Check for working CXX compiler: /usr/bin/c++
[0.354s] -- Check for working CXX compiler: /usr/bin/c++ -- works
[0.355s] -- Detecting CXX compiler ABI info
[0.437s] -- Detecting CXX compiler ABI info - done
[0.451s] -- Detecting CXX compile features
[0.452s] -- Detecting CXX compile features - done
[0.454s] -- Found ament_cmake: 0.9.11 (/opt/ros/foxy/share/ament_cmake/cmake)
[0.479s] -- Found PythonInterp: /usr/bin/python3 (found suitable version "3.8.10", minimum required is "3") 
[0.479s] -- Using PYTHON_EXECUTABLE: /usr/bin/python3
[0.615s] -- Override CMake install command with custom implementation using symlinks instead of copying resources
[0.653s] -- Found rclcpp: 2.4.2 (/opt/ros/foxy/share/rclcpp/cmake)
[0.694s] -- Using all available rosidl_typesupport_c: rosidl_typesupport_fastrtps_c;rosidl_typesupport_introspection_c
[0.701s] -- Found rosidl_adapter: 1.3.0 (/opt/ros/foxy/share/rosidl_adapter/cmake)
[0.770s] -- Found OpenSSL: /usr/lib/x86_64-linux-gnu/libcrypto.so (found version "1.1.1f")  
[0.788s] -- Found FastRTPS: /opt/ros/foxy/include  
[0.848s] -- Using all available rosidl_typesupport_cpp: rosidl_typesupport_fastrtps_cpp;rosidl_typesupport_introspection_cpp
[0.916s] -- Found rmw_implementation_cmake: 1.0.4 (/opt/ros/foxy/share/rmw_implementation_cmake/cmake)
[0.918s] -- Using RMW implementation 'rmw_fastrtps_cpp' as default
[0.919s] -- Looking for pthread.h
[0.983s] -- Looking for pthread.h - found
[0.983s] -- Performing Test CMAKE_HAVE_LIBC_PTHREAD
[1.048s] -- Performing Test CMAKE_HAVE_LIBC_PTHREAD - Failed
[1.048s] -- Looking for pthread_create in pthreads
[1.101s] -- Looking for pthread_create in pthreads - not found
[1.101s] -- Looking for pthread_create in pthread
[1.163s] -- Looking for pthread_create in pthread - found
[1.165s] -- Found Threads: TRUE  
[1.310s] -- Found rosbag2: 0.7.0 (/home/mlemsalu/ros2_ws_luke/install/rosbag2/share/rosbag2/cmake)
[1.311s] -- Found sensor_msgs: 2.0.5 (/opt/ros/foxy/share/sensor_msgs/cmake)
[1.413s] -- Found message_filters: 3.2.5 (/opt/ros/foxy/share/message_filters/cmake)
[1.417s] -- Found ament_lint_auto: 0.9.8 (/opt/ros/foxy/share/ament_lint_auto/cmake)
[1.492s] -- Added test 'copyright' to check source files copyright and LICENSE
[1.493s] -- Added test 'cppcheck' to perform static code analysis on C / C++ code
[1.494s] -- Configured cppcheck include dirs: 
[1.494s] -- Configured cppcheck exclude dirs and/or files: 
[1.494s] -- Added test 'cpplint' to check C / C++ code against the Google style
[1.494s] -- Configured cpplint exclude dirs and/or files: 
[1.495s] -- Added test 'lint_cmake' to check CMake code style
[1.496s] -- Added test 'uncrustify' to check C / C++ code style
[1.496s] -- Configured uncrustify additional arguments: 
[1.497s] -- Added test 'xmllint' to check XML markup files
[1.500s] -- Configuring done
[1.506s] -- Generating done
[1.508s] -- Build files have been written to: /home/mlemsalu/ros2_ws_luke/build/message_sync
[1.515s] Invoked command in '/home/mlemsalu/ros2_ws_luke/build/message_sync' returned '0': AMENT_PREFIX_PATH=/home/mlemsalu/ros2_ws_luke/install/rosbag2:/home/mlemsalu/ros2_ws_luke/install/ros2bag:/home/mlemsalu/ros2_ws_luke/install/rosbag2_transport:/home/mlemsalu/ros2_ws_luke/install/rosbag2_py:/home/mlemsalu/ros2_ws_luke/install/rosbag2_compression_zstd:/home/mlemsalu/ros2_ws_luke/install/rosbag2_compression:/home/mlemsalu/ros2_ws_luke/install/rosbag2_cpp:/home/mlemsalu/ros2_ws_luke/install/rosbag2_storage_default_plugins:/home/mlemsalu/ros2_ws_luke/install/rosbag2_storage:/home/mlemsalu/ros2_ws_luke/install/zstd_vendor:/home/mlemsalu/ros2_ws_luke/install/sqlite3_vendor:/home/mlemsalu/ros2_ws_luke/install/shared_queues_vendor:${AMENT_PREFIX_PATH} CMAKE_PREFIX_PATH=/home/mlemsalu/ros2_ws_luke/install/rosbag2:/home/mlemsalu/ros2_ws_luke/install/rosbag2_transport:/home/mlemsalu/ros2_ws_luke/install/rosbag2_py:/home/mlemsalu/ros2_ws_luke/install/rosbag2_compression_zstd:/home/mlemsalu/ros2_ws_luke/install/rosbag2_compression:/home/mlemsalu/ros2_ws_luke/install/rosbag2_cpp:/home/mlemsalu/ros2_ws_luke/install/rosbag2_storage_default_plugins:/home/mlemsalu/ros2_ws_luke/install/rosbag2_storage:/home/mlemsalu/ros2_ws_luke/install/zstd_vendor:/home/mlemsalu/ros2_ws_luke/install/sqlite3_vendor:/home/mlemsalu/ros2_ws_luke/install/shared_queues_vendor:/opt/ros/foxy LD_LIBRARY_PATH=/home/mlemsalu/ros2_ws_luke/install/rosbag2_transport/lib:/home/mlemsalu/ros2_ws_luke/install/rosbag2_compression_zstd/lib:/home/mlemsalu/ros2_ws_luke/install/rosbag2_compression/lib:/home/mlemsalu/ros2_ws_luke/install/rosbag2_cpp/lib:/home/mlemsalu/ros2_ws_luke/install/rosbag2_storage_default_plugins/lib:/home/mlemsalu/ros2_ws_luke/install/rosbag2_storage/lib:/home/mlemsalu/ros2_ws_luke/install/zstd_vendor/lib:${LD_LIBRARY_PATH} PYTHONPATH=/home/mlemsalu/ros2_ws_luke/build/ros2bag:/home/mlemsalu/ros2_ws_luke/install/ros2bag/lib/python3.8/site-packages:/home/mlemsalu/ros2_ws_luke/install/rosbag2_transport/lib/python3.8/site-packages:/home/mlemsalu/ros2_ws_luke/install/rosbag2_py/lib/python3.8/site-packages:${PYTHONPATH} /usr/bin/cmake /home/mlemsalu/ros2_ws_luke/src/message_sync -DCMAKE_BUILD_TYPE=Release -DAMENT_CMAKE_SYMLINK_INSTALL=1 -DCMAKE_INSTALL_PREFIX=/home/mlemsalu/ros2_ws_luke/install/message_sync
[1.515s] Invoking command in '/home/mlemsalu/ros2_ws_luke/build/message_sync': AMENT_PREFIX_PATH=/home/mlemsalu/ros2_ws_luke/install/rosbag2:/home/mlemsalu/ros2_ws_luke/install/ros2bag:/home/mlemsalu/ros2_ws_luke/install/rosbag2_transport:/home/mlemsalu/ros2_ws_luke/install/rosbag2_py:/home/mlemsalu/ros2_ws_luke/install/rosbag2_compression_zstd:/home/mlemsalu/ros2_ws_luke/install/rosbag2_compression:/home/mlemsalu/ros2_ws_luke/install/rosbag2_cpp:/home/mlemsalu/ros2_ws_luke/install/rosbag2_storage_default_plugins:/home/mlemsalu/ros2_ws_luke/install/rosbag2_storage:/home/mlemsalu/ros2_ws_luke/install/zstd_vendor:/home/mlemsalu/ros2_ws_luke/install/sqlite3_vendor:/home/mlemsalu/ros2_ws_luke/install/shared_queues_vendor:${AMENT_PREFIX_PATH} CMAKE_PREFIX_PATH=/home/mlemsalu/ros2_ws_luke/install/rosbag2:/home/mlemsalu/ros2_ws_luke/install/rosbag2_transport:/home/mlemsalu/ros2_ws_luke/install/rosbag2_py:/home/mlemsalu/ros2_ws_luke/install/rosbag2_compression_zstd:/home/mlemsalu/ros2_ws_luke/install/rosbag2_compression:/home/mlemsalu/ros2_ws_luke/install/rosbag2_cpp:/home/mlemsalu/ros2_ws_luke/install/rosbag2_storage_default_plugins:/home/mlemsalu/ros2_ws_luke/install/rosbag2_storage:/home/mlemsalu/ros2_ws_luke/install/zstd_vendor:/home/mlemsalu/ros2_ws_luke/install/sqlite3_vendor:/home/mlemsalu/ros2_ws_luke/install/shared_queues_vendor:/opt/ros/foxy LD_LIBRARY_PATH=/home/mlemsalu/ros2_ws_luke/install/rosbag2_transport/lib:/home/mlemsalu/ros2_ws_luke/install/rosbag2_compression_zstd/lib:/home/mlemsalu/ros2_ws_luke/install/rosbag2_compression/lib:/home/mlemsalu/ros2_ws_luke/install/rosbag2_cpp/lib:/home/mlemsalu/ros2_ws_luke/install/rosbag2_storage_default_plugins/lib:/home/mlemsalu/ros2_ws_luke/install/rosbag2_storage/lib:/home/mlemsalu/ros2_ws_luke/install/zstd_vendor/lib:${LD_LIBRARY_PATH} PYTHONPATH=/home/mlemsalu/ros2_ws_luke/build/ros2bag:/home/mlemsalu/ros2_ws_luke/install/ros2bag/lib/python3.8/site-packages:/home/mlemsalu/ros2_ws_luke/install/rosbag2_transport/lib/python3.8/site-packages:/home/mlemsalu/ros2_ws_luke/install/rosbag2_py/lib/python3.8/site-packages:${PYTHONPATH} /usr/bin/cmake --build /home/mlemsalu/ros2_ws_luke/build/message_sync -- -j12 -l12
[1.553s] [35m[1mScanning dependencies of target sync_node[0m
[1.586s] [ 50%] [32mBuilding CXX object CMakeFiles/sync_node.dir/src/sync_node.cpp.o[0m
[11.085s] [100%] [32m[1mLinking CXX executable sync_node[0m
[11.216s] [100%] Built target sync_node
[11.227s] Invoked command in '/home/mlemsalu/ros2_ws_luke/build/message_sync' returned '0': AMENT_PREFIX_PATH=/home/mlemsalu/ros2_ws_luke/install/rosbag2:/home/mlemsalu/ros2_ws_luke/install/ros2bag:/home/mlemsalu/ros2_ws_luke/install/rosbag2_transport:/home/mlemsalu/ros2_ws_luke/install/rosbag2_py:/home/mlemsalu/ros2_ws_luke/install/rosbag2_compression_zstd:/home/mlemsalu/ros2_ws_luke/install/rosbag2_compression:/home/mlemsalu/ros2_ws_luke/install/rosbag2_cpp:/home/mlemsalu/ros2_ws_luke/install/rosbag2_storage_default_plugins:/home/mlemsalu/ros2_ws_luke/install/rosbag2_storage:/home/mlemsalu/ros2_ws_luke/install/zstd_vendor:/home/mlemsalu/ros2_ws_luke/install/sqlite3_vendor:/home/mlemsalu/ros2_ws_luke/install/shared_queues_vendor:${AMENT_PREFIX_PATH} CMAKE_PREFIX_PATH=/home/mlemsalu/ros2_ws_luke/install/rosbag2:/home/mlemsalu/ros2_ws_luke/install/rosbag2_transport:/home/mlemsalu/ros2_ws_luke/install/rosbag2_py:/home/mlemsalu/ros2_ws_luke/install/rosbag2_compression_zstd:/home/mlemsalu/ros2_ws_luke/install/rosbag2_compression:/home/mlemsalu/ros2_ws_luke/install/rosbag2_cpp:/home/mlemsalu/ros2_ws_luke/install/rosbag2_storage_default_plugins:/home/mlemsalu/ros2_ws_luke/install/rosbag2_storage:/home/mlemsalu/ros2_ws_luke/install/zstd_vendor:/home/mlemsalu/ros2_ws_luke/install/sqlite3_vendor:/home/mlemsalu/ros2_ws_luke/install/shared_queues_vendor:/opt/ros/foxy LD_LIBRARY_PATH=/home/mlemsalu/ros2_ws_luke/install/rosbag2_transport/lib:/home/mlemsalu/ros2_ws_luke/install/rosbag2_compression_zstd/lib:/home/mlemsalu/ros2_ws_luke/install/rosbag2_compression/lib:/home/mlemsalu/ros2_ws_luke/install/rosbag2_cpp/lib:/home/mlemsalu/ros2_ws_luke/install/rosbag2_storage_default_plugins/lib:/home/mlemsalu/ros2_ws_luke/install/rosbag2_storage/lib:/home/mlemsalu/ros2_ws_luke/install/zstd_vendor/lib:${LD_LIBRARY_PATH} PYTHONPATH=/home/mlemsalu/ros2_ws_luke/build/ros2bag:/home/mlemsalu/ros2_ws_luke/install/ros2bag/lib/python3.8/site-packages:/home/mlemsalu/ros2_ws_luke/install/rosbag2_transport/lib/python3.8/site-packages:/home/mlemsalu/ros2_ws_luke/install/rosbag2_py/lib/python3.8/site-packages:${PYTHONPATH} /usr/bin/cmake --build /home/mlemsalu/ros2_ws_luke/build/message_sync -- -j12 -l12
[11.249s] Invoking command in '/home/mlemsalu/ros2_ws_luke/build/message_sync': AMENT_PREFIX_PATH=/home/mlemsalu/ros2_ws_luke/install/rosbag2:/home/mlemsalu/ros2_ws_luke/install/ros2bag:/home/mlemsalu/ros2_ws_luke/install/rosbag2_transport:/home/mlemsalu/ros2_ws_luke/install/rosbag2_py:/home/mlemsalu/ros2_ws_luke/install/rosbag2_compression_zstd:/home/mlemsalu/ros2_ws_luke/install/rosbag2_compression:/home/mlemsalu/ros2_ws_luke/install/rosbag2_cpp:/home/mlemsalu/ros2_ws_luke/install/rosbag2_storage_default_plugins:/home/mlemsalu/ros2_ws_luke/install/rosbag2_storage:/home/mlemsalu/ros2_ws_luke/install/zstd_vendor:/home/mlemsalu/ros2_ws_luke/install/sqlite3_vendor:/home/mlemsalu/ros2_ws_luke/install/shared_queues_vendor:${AMENT_PREFIX_PATH} CMAKE_PREFIX_PATH=/home/mlemsalu/ros2_ws_luke/install/rosbag2:/home/mlemsalu/ros2_ws_luke/install/rosbag2_transport:/home/mlemsalu/ros2_ws_luke/install/rosbag2_py:/home/mlemsalu/ros2_ws_luke/install/rosbag2_compression_zstd:/home/mlemsalu/ros2_ws_luke/install/rosbag2_compression:/home/mlemsalu/ros2_ws_luke/install/rosbag2_cpp:/home/mlemsalu/ros2_ws_luke/install/rosbag2_storage_default_plugins:/home/mlemsalu/ros2_ws_luke/install/rosbag2_storage:/home/mlemsalu/ros2_ws_luke/install/zstd_vendor:/home/mlemsalu/ros2_ws_luke/install/sqlite3_vendor:/home/mlemsalu/ros2_ws_luke/install/shared_queues_vendor:/opt/ros/foxy LD_LIBRARY_PATH=/home/mlemsalu/ros2_ws_luke/install/rosbag2_transport/lib:/home/mlemsalu/ros2_ws_luke/install/rosbag2_compression_zstd/lib:/home/mlemsalu/ros2_ws_luke/install/rosbag2_compression/lib:/home/mlemsalu/ros2_ws_luke/install/rosbag2_cpp/lib:/home/mlemsalu/ros2_ws_luke/install/rosbag2_storage_default_plugins/lib:/home/mlemsalu/ros2_ws_luke/install/rosbag2_storage/lib:/home/mlemsalu/ros2_ws_luke/install/zstd_vendor/lib:${LD_LIBRARY_PATH} PYTHONPATH=/home/mlemsalu/ros2_ws_luke/build/ros2bag:/home/mlemsalu/ros2_ws_luke/install/ros2bag/lib/python3.8/site-packages:/home/mlemsalu/ros2_ws_luke/install/rosbag2_transport/lib/python3.8/site-packages:/home/mlemsalu/ros2_ws_luke/install/rosbag2_py/lib/python3.8/site-packages:${PYTHONPATH} /usr/bin/cmake --install /home/mlemsalu/ros2_ws_luke/build/message_sync
[11.259s] -- Install configuration: "Release"
[11.259s] -- Execute custom install script
[11.260s] -- Symlinking: /home/mlemsalu/ros2_ws_luke/install/message_sync/lib/message_sync/sync_node
[11.269s] -- Symlinking: /home/mlemsalu/ros2_ws_luke/install/message_sync/share/ament_index/resource_index/package_run_dependencies/message_sync
[11.277s] -- Symlinking: /home/mlemsalu/ros2_ws_luke/install/message_sync/share/ament_index/resource_index/parent_prefix_path/message_sync
[11.287s] -- Symlinking: /home/mlemsalu/ros2_ws_luke/install/message_sync/share/message_sync/environment/ament_prefix_path.sh
[11.295s] -- Symlinking: /home/mlemsalu/ros2_ws_luke/install/message_sync/share/message_sync/environment/ament_prefix_path.dsv
[11.304s] -- Symlinking: /home/mlemsalu/ros2_ws_luke/install/message_sync/share/message_sync/environment/path.sh
[11.313s] -- Symlinking: /home/mlemsalu/ros2_ws_luke/install/message_sync/share/message_sync/environment/path.dsv
[11.321s] -- Symlinking: /home/mlemsalu/ros2_ws_luke/install/message_sync/share/message_sync/local_setup.bash
[11.330s] -- Symlinking: /home/mlemsalu/ros2_ws_luke/install/message_sync/share/message_sync/local_setup.sh
[11.339s] -- Symlinking: /home/mlemsalu/ros2_ws_luke/install/message_sync/share/message_sync/local_setup.zsh
[11.348s] -- Symlinking: /home/mlemsalu/ros2_ws_luke/install/message_sync/share/message_sync/local_setup.dsv
[11.356s] -- Symlinking: /home/mlemsalu/ros2_ws_luke/install/message_sync/share/message_sync/package.dsv
[11.365s] -- Symlinking: /home/mlemsalu/ros2_ws_luke/install/message_sync/share/ament_index/resource_index/packages/message_sync
[11.374s] -- Symlinking: /home/mlemsalu/ros2_ws_luke/install/message_sync/share/message_sync/cmake/message_syncConfig.cmake
[11.383s] -- Symlinking: /home/mlemsalu/ros2_ws_luke/install/message_sync/share/message_sync/cmake/message_syncConfig-version.cmake
[11.392s] -- Symlinking: /home/mlemsalu/ros2_ws_luke/install/message_sync/share/message_sync/package.xml
[11.402s] Invoked command in '/home/mlemsalu/ros2_ws_luke/build/message_sync' returned '0': AMENT_PREFIX_PATH=/home/mlemsalu/ros2_ws_luke/install/rosbag2:/home/mlemsalu/ros2_ws_luke/install/ros2bag:/home/mlemsalu/ros2_ws_luke/install/rosbag2_transport:/home/mlemsalu/ros2_ws_luke/install/rosbag2_py:/home/mlemsalu/ros2_ws_luke/install/rosbag2_compression_zstd:/home/mlemsalu/ros2_ws_luke/install/rosbag2_compression:/home/mlemsalu/ros2_ws_luke/install/rosbag2_cpp:/home/mlemsalu/ros2_ws_luke/install/rosbag2_storage_default_plugins:/home/mlemsalu/ros2_ws_luke/install/rosbag2_storage:/home/mlemsalu/ros2_ws_luke/install/zstd_vendor:/home/mlemsalu/ros2_ws_luke/install/sqlite3_vendor:/home/mlemsalu/ros2_ws_luke/install/shared_queues_vendor:${AMENT_PREFIX_PATH} CMAKE_PREFIX_PATH=/home/mlemsalu/ros2_ws_luke/install/rosbag2:/home/mlemsalu/ros2_ws_luke/install/rosbag2_transport:/home/mlemsalu/ros2_ws_luke/install/rosbag2_py:/home/mlemsalu/ros2_ws_luke/install/rosbag2_compression_zstd:/home/mlemsalu/ros2_ws_luke/install/rosbag2_compression:/home/mlemsalu/ros2_ws_luke/install/rosbag2_cpp:/home/mlemsalu/ros2_ws_luke/install/rosbag2_storage_default_plugins:/home/mlemsalu/ros2_ws_luke/install/rosbag2_storage:/home/mlemsalu/ros2_ws_luke/install/zstd_vendor:/home/mlemsalu/ros2_ws_luke/install/sqlite3_vendor:/home/mlemsalu/ros2_ws_luke/install/shared_queues_vendor:/opt/ros/foxy LD_LIBRARY_PATH=/home/mlemsalu/ros2_ws_luke/install/rosbag2_transport/lib:/home/mlemsalu/ros2_ws_luke/install/rosbag2_compression_zstd/lib:/home/mlemsalu/ros2_ws_luke/install/rosbag2_compression/lib:/home/mlemsalu/ros2_ws_luke/install/rosbag2_cpp/lib:/home/mlemsalu/ros2_ws_luke/install/rosbag2_storage_default_plugins/lib:/home/mlemsalu/ros2_ws_luke/install/rosbag2_storage/lib:/home/mlemsalu/ros2_ws_luke/install/zstd_vendor/lib:${LD_LIBRARY_PATH} PYTHONPATH=/home/mlemsalu/ros2_ws_luke/build/ros2bag:/home/mlemsalu/ros2_ws_luke/install/ros2bag/lib/python3.8/site-packages:/home/mlemsalu/ros2_ws_luke/install/rosbag2_transport/lib/python3.8/site-packages:/home/mlemsalu/ros2_ws_luke/install/rosbag2_py/lib/python3.8/site-packages:${PYTHONPATH} /usr/bin/cmake --install /home/mlemsalu/ros2_ws_luke/build/message_sync
