[0.011s] Invoking command in '/home/mlemsalu/ros2_ws_luke/build/velodyne': AMENT_PREFIX_PATH=/home/mlemsalu/ros2_ws_luke/install/velodyne_pointcloud:/home/mlemsalu/ros2_ws_luke/install/velodyne_driver:/home/mlemsalu/ros2_ws_luke/install/velodyne_msgs:/home/mlemsalu/ros2_ws_luke/install/velodyne_laserscan:${AMENT_PREFIX_PATH} CMAKE_PREFIX_PATH=/home/mlemsalu/ros2_ws_luke/install/velodyne_pointcloud:/home/mlemsalu/ros2_ws_luke/install/velodyne_driver:/home/mlemsalu/ros2_ws_luke/install/velodyne_msgs:/home/mlemsalu/ros2_ws_luke/install/velodyne_laserscan:/opt/ros/foxy LD_LIBRARY_PATH=/home/mlemsalu/ros2_ws_luke/install/velodyne_pointcloud/lib:/home/mlemsalu/ros2_ws_luke/install/velodyne_driver/lib:/home/mlemsalu/ros2_ws_luke/install/velodyne_msgs/lib:/home/mlemsalu/ros2_ws_luke/install/velodyne_laserscan/lib:${LD_LIBRARY_PATH} PYTHONPATH=/home/mlemsalu/ros2_ws_luke/install/velodyne_msgs/lib/python3.8/site-packages:${PYTHONPATH} /usr/bin/cmake /home/mlemsalu/ros2_ws_luke/src/velodyne-foxy-devel/velodyne -DCMAKE_INSTALL_PREFIX=/home/mlemsalu/ros2_ws_luke/install/velodyne
[0.022s] -- Found ament_cmake: 0.9.11 (/opt/ros/foxy/share/ament_cmake/cmake)
[0.039s] -- Using PYTHON_EXECUTABLE: /usr/bin/python3
[0.166s] -- Override CMake install command with custom implementation using symlinks instead of copying resources
[0.217s] -- Configuring done
[0.219s] -- Generating done
[0.219s] -- Build files have been written to: /home/mlemsalu/ros2_ws_luke/build/velodyne
[0.223s] Invoked command in '/home/mlemsalu/ros2_ws_luke/build/velodyne' returned '0': AMENT_PREFIX_PATH=/home/mlemsalu/ros2_ws_luke/install/velodyne_pointcloud:/home/mlemsalu/ros2_ws_luke/install/velodyne_driver:/home/mlemsalu/ros2_ws_luke/install/velodyne_msgs:/home/mlemsalu/ros2_ws_luke/install/velodyne_laserscan:${AMENT_PREFIX_PATH} CMAKE_PREFIX_PATH=/home/mlemsalu/ros2_ws_luke/install/velodyne_pointcloud:/home/mlemsalu/ros2_ws_luke/install/velodyne_driver:/home/mlemsalu/ros2_ws_luke/install/velodyne_msgs:/home/mlemsalu/ros2_ws_luke/install/velodyne_laserscan:/opt/ros/foxy LD_LIBRARY_PATH=/home/mlemsalu/ros2_ws_luke/install/velodyne_pointcloud/lib:/home/mlemsalu/ros2_ws_luke/install/velodyne_driver/lib:/home/mlemsalu/ros2_ws_luke/install/velodyne_msgs/lib:/home/mlemsalu/ros2_ws_luke/install/velodyne_laserscan/lib:${LD_LIBRARY_PATH} PYTHONPATH=/home/mlemsalu/ros2_ws_luke/install/velodyne_msgs/lib/python3.8/site-packages:${PYTHONPATH} /usr/bin/cmake /home/mlemsalu/ros2_ws_luke/src/velodyne-foxy-devel/velodyne -DCMAKE_INSTALL_PREFIX=/home/mlemsalu/ros2_ws_luke/install/velodyne
[0.223s] Invoking command in '/home/mlemsalu/ros2_ws_luke/build/velodyne': AMENT_PREFIX_PATH=/home/mlemsalu/ros2_ws_luke/install/velodyne_pointcloud:/home/mlemsalu/ros2_ws_luke/install/velodyne_driver:/home/mlemsalu/ros2_ws_luke/install/velodyne_msgs:/home/mlemsalu/ros2_ws_luke/install/velodyne_laserscan:${AMENT_PREFIX_PATH} CMAKE_PREFIX_PATH=/home/mlemsalu/ros2_ws_luke/install/velodyne_pointcloud:/home/mlemsalu/ros2_ws_luke/install/velodyne_driver:/home/mlemsalu/ros2_ws_luke/install/velodyne_msgs:/home/mlemsalu/ros2_ws_luke/install/velodyne_laserscan:/opt/ros/foxy LD_LIBRARY_PATH=/home/mlemsalu/ros2_ws_luke/install/velodyne_pointcloud/lib:/home/mlemsalu/ros2_ws_luke/install/velodyne_driver/lib:/home/mlemsalu/ros2_ws_luke/install/velodyne_msgs/lib:/home/mlemsalu/ros2_ws_luke/install/velodyne_laserscan/lib:${LD_LIBRARY_PATH} PYTHONPATH=/home/mlemsalu/ros2_ws_luke/install/velodyne_msgs/lib/python3.8/site-packages:${PYTHONPATH} /usr/bin/cmake --build /home/mlemsalu/ros2_ws_luke/build/velodyne -- -j12 -l12
[0.254s] Invoked command in '/home/mlemsalu/ros2_ws_luke/build/velodyne' returned '0': AMENT_PREFIX_PATH=/home/mlemsalu/ros2_ws_luke/install/velodyne_pointcloud:/home/mlemsalu/ros2_ws_luke/install/velodyne_driver:/home/mlemsalu/ros2_ws_luke/install/velodyne_msgs:/home/mlemsalu/ros2_ws_luke/install/velodyne_laserscan:${AMENT_PREFIX_PATH} CMAKE_PREFIX_PATH=/home/mlemsalu/ros2_ws_luke/install/velodyne_pointcloud:/home/mlemsalu/ros2_ws_luke/install/velodyne_driver:/home/mlemsalu/ros2_ws_luke/install/velodyne_msgs:/home/mlemsalu/ros2_ws_luke/install/velodyne_laserscan:/opt/ros/foxy LD_LIBRARY_PATH=/home/mlemsalu/ros2_ws_luke/install/velodyne_pointcloud/lib:/home/mlemsalu/ros2_ws_luke/install/velodyne_driver/lib:/home/mlemsalu/ros2_ws_luke/install/velodyne_msgs/lib:/home/mlemsalu/ros2_ws_luke/install/velodyne_laserscan/lib:${LD_LIBRARY_PATH} PYTHONPATH=/home/mlemsalu/ros2_ws_luke/install/velodyne_msgs/lib/python3.8/site-packages:${PYTHONPATH} /usr/bin/cmake --build /home/mlemsalu/ros2_ws_luke/build/velodyne -- -j12 -l12
[0.273s] Invoking command in '/home/mlemsalu/ros2_ws_luke/build/velodyne': AMENT_PREFIX_PATH=/home/mlemsalu/ros2_ws_luke/install/velodyne_pointcloud:/home/mlemsalu/ros2_ws_luke/install/velodyne_driver:/home/mlemsalu/ros2_ws_luke/install/velodyne_msgs:/home/mlemsalu/ros2_ws_luke/install/velodyne_laserscan:${AMENT_PREFIX_PATH} CMAKE_PREFIX_PATH=/home/mlemsalu/ros2_ws_luke/install/velodyne_pointcloud:/home/mlemsalu/ros2_ws_luke/install/velodyne_driver:/home/mlemsalu/ros2_ws_luke/install/velodyne_msgs:/home/mlemsalu/ros2_ws_luke/install/velodyne_laserscan:/opt/ros/foxy LD_LIBRARY_PATH=/home/mlemsalu/ros2_ws_luke/install/velodyne_pointcloud/lib:/home/mlemsalu/ros2_ws_luke/install/velodyne_driver/lib:/home/mlemsalu/ros2_ws_luke/install/velodyne_msgs/lib:/home/mlemsalu/ros2_ws_luke/install/velodyne_laserscan/lib:${LD_LIBRARY_PATH} PYTHONPATH=/home/mlemsalu/ros2_ws_luke/install/velodyne_msgs/lib/python3.8/site-packages:${PYTHONPATH} /usr/bin/cmake --install /home/mlemsalu/ros2_ws_luke/build/velodyne
[0.282s] -- Install configuration: "Release"
[0.282s] -- Execute custom install script
[0.283s] -- Up-to-date symlink: /home/mlemsalu/ros2_ws_luke/install/velodyne/share/velodyne/launch/launch.py
[0.283s] -- Up-to-date symlink: /home/mlemsalu/ros2_ws_luke/install/velodyne/share/velodyne/launch/launch_two_VLP16.launch.py
[0.283s] -- Up-to-date symlink: /home/mlemsalu/ros2_ws_luke/install/velodyne/share/velodyne/launch/velodyne-all-nodes-VLP16-composed-launch.py
[0.284s] -- Up-to-date symlink: /home/mlemsalu/ros2_ws_luke/install/velodyne/share/velodyne/launch/velodyne-all-nodes-VLP16-launch.py
[0.284s] -- Up-to-date symlink: /home/mlemsalu/ros2_ws_luke/install/velodyne/share/velodyne/launch/velodyne-all-nodes-VLP32C-composed-launch.py
[0.284s] -- Up-to-date symlink: /home/mlemsalu/ros2_ws_luke/install/velodyne/share/velodyne/launch/velodyne-all-nodes-VLP32C-launch.py
[0.284s] -- Up-to-date symlink: /home/mlemsalu/ros2_ws_luke/install/velodyne/share/ament_index/resource_index/package_run_dependencies/velodyne
[0.285s] -- Up-to-date symlink: /home/mlemsalu/ros2_ws_luke/install/velodyne/share/ament_index/resource_index/parent_prefix_path/velodyne
[0.285s] -- Up-to-date symlink: /home/mlemsalu/ros2_ws_luke/install/velodyne/share/velodyne/environment/ament_prefix_path.sh
[0.285s] -- Up-to-date symlink: /home/mlemsalu/ros2_ws_luke/install/velodyne/share/velodyne/environment/ament_prefix_path.dsv
[0.286s] -- Up-to-date symlink: /home/mlemsalu/ros2_ws_luke/install/velodyne/share/velodyne/environment/path.sh
[0.286s] -- Up-to-date symlink: /home/mlemsalu/ros2_ws_luke/install/velodyne/share/velodyne/environment/path.dsv
[0.286s] -- Up-to-date symlink: /home/mlemsalu/ros2_ws_luke/install/velodyne/share/velodyne/local_setup.bash
[0.286s] -- Up-to-date symlink: /home/mlemsalu/ros2_ws_luke/install/velodyne/share/velodyne/local_setup.sh
[0.287s] -- Up-to-date symlink: /home/mlemsalu/ros2_ws_luke/install/velodyne/share/velodyne/local_setup.zsh
[0.287s] -- Up-to-date symlink: /home/mlemsalu/ros2_ws_luke/install/velodyne/share/velodyne/local_setup.dsv
[0.287s] -- Symlinking: /home/mlemsalu/ros2_ws_luke/install/velodyne/share/velodyne/package.dsv
[0.297s] -- Up-to-date symlink: /home/mlemsalu/ros2_ws_luke/install/velodyne/share/ament_index/resource_index/packages/velodyne
[0.297s] -- Up-to-date symlink: /home/mlemsalu/ros2_ws_luke/install/velodyne/share/velodyne/cmake/velodyneConfig.cmake
[0.297s] -- Up-to-date symlink: /home/mlemsalu/ros2_ws_luke/install/velodyne/share/velodyne/cmake/velodyneConfig-version.cmake
[0.298s] -- Up-to-date symlink: /home/mlemsalu/ros2_ws_luke/install/velodyne/share/velodyne/package.xml
[0.300s] Invoked command in '/home/mlemsalu/ros2_ws_luke/build/velodyne' returned '0': AMENT_PREFIX_PATH=/home/mlemsalu/ros2_ws_luke/install/velodyne_pointcloud:/home/mlemsalu/ros2_ws_luke/install/velodyne_driver:/home/mlemsalu/ros2_ws_luke/install/velodyne_msgs:/home/mlemsalu/ros2_ws_luke/install/velodyne_laserscan:${AMENT_PREFIX_PATH} CMAKE_PREFIX_PATH=/home/mlemsalu/ros2_ws_luke/install/velodyne_pointcloud:/home/mlemsalu/ros2_ws_luke/install/velodyne_driver:/home/mlemsalu/ros2_ws_luke/install/velodyne_msgs:/home/mlemsalu/ros2_ws_luke/install/velodyne_laserscan:/opt/ros/foxy LD_LIBRARY_PATH=/home/mlemsalu/ros2_ws_luke/install/velodyne_pointcloud/lib:/home/mlemsalu/ros2_ws_luke/install/velodyne_driver/lib:/home/mlemsalu/ros2_ws_luke/install/velodyne_msgs/lib:/home/mlemsalu/ros2_ws_luke/install/velodyne_laserscan/lib:${LD_LIBRARY_PATH} PYTHONPATH=/home/mlemsalu/ros2_ws_luke/install/velodyne_msgs/lib/python3.8/site-packages:${PYTHONPATH} /usr/bin/cmake --install /home/mlemsalu/ros2_ws_luke/build/velodyne
