running develop
running egg_info
creating ros2bag.egg-info
writing ros2bag.egg-info/PKG-INFO
writing dependency_links to ros2bag.egg-info/dependency_links.txt
writing entry points to ros2bag.egg-info/entry_points.txt
writing requirements to ros2bag.egg-info/requires.txt
writing top-level names to ros2bag.egg-info/top_level.txt
writing manifest file 'ros2bag.egg-info/SOURCES.txt'
reading manifest file 'ros2bag.egg-info/SOURCES.txt'
writing manifest file 'ros2bag.egg-info/SOURCES.txt'
running build_ext
Creating /home/mlemsalu/ros2_ws_luke/install/ros2bag/lib/python3.8/site-packages/site.py
Creating /home/mlemsalu/ros2_ws_luke/install/ros2bag/lib/python3.8/site-packages/ros2bag.egg-link (link to .)

Installed /home/mlemsalu/ros2_ws_luke/build/ros2bag
running install_data
copying package.xml -> /home/mlemsalu/ros2_ws_luke/install/ros2bag/share/ros2bag
creating /home/mlemsalu/ros2_ws_luke/install/ros2bag/share/ament_index
creating /home/mlemsalu/ros2_ws_luke/install/ros2bag/share/ament_index/resource_index
creating /home/mlemsalu/ros2_ws_luke/install/ros2bag/share/ament_index/resource_index/packages
copying resource/ros2bag -> /home/mlemsalu/ros2_ws_luke/install/ros2bag/share/ament_index/resource_index/packages
