[0.500s] Invoking command in '/home/mlemsalu/ros2_ws_luke/build/ros2bag': AMENT_PREFIX_PATH=/home/mlemsalu/ros2_ws_luke/install/rosbag2_transport:/home/mlemsalu/ros2_ws_luke/install/rosbag2_py:/home/mlemsalu/ros2_ws_luke/install/rosbag2_compression:/home/mlemsalu/ros2_ws_luke/install/rosbag2_cpp:/home/mlemsalu/ros2_ws_luke/install/rosbag2_storage_default_plugins:/home/mlemsalu/ros2_ws_luke/install/rosbag2_storage:/home/mlemsalu/ros2_ws_luke/install/sqlite3_vendor:/home/mlemsalu/ros2_ws_luke/install/shared_queues_vendor:${AMENT_PREFIX_PATH} CMAKE_PREFIX_PATH=/home/mlemsalu/ros2_ws_luke/install/rosbag2_transport:/home/mlemsalu/ros2_ws_luke/install/rosbag2_py:/home/mlemsalu/ros2_ws_luke/install/rosbag2_compression:/home/mlemsalu/ros2_ws_luke/install/rosbag2_cpp:/home/mlemsalu/ros2_ws_luke/install/rosbag2_storage_default_plugins:/home/mlemsalu/ros2_ws_luke/install/rosbag2_storage:/home/mlemsalu/ros2_ws_luke/install/sqlite3_vendor:/home/mlemsalu/ros2_ws_luke/install/shared_queues_vendor LD_LIBRARY_PATH=/home/mlemsalu/ros2_ws_luke/install/rosbag2_transport/lib:/home/mlemsalu/ros2_ws_luke/install/rosbag2_compression/lib:/home/mlemsalu/ros2_ws_luke/install/rosbag2_cpp/lib:/home/mlemsalu/ros2_ws_luke/install/rosbag2_storage_default_plugins/lib:/home/mlemsalu/ros2_ws_luke/install/rosbag2_storage/lib:${LD_LIBRARY_PATH} PYTHONPATH=/home/mlemsalu/ros2_ws_luke/build/ros2bag/prefix_override:/home/mlemsalu/ros2_ws_luke/install/ros2bag/lib/python3.8/site-packages:/home/mlemsalu/ros2_ws_luke/install/rosbag2_transport/lib/python3.8/site-packages:/home/mlemsalu/ros2_ws_luke/install/rosbag2_py/lib/python3.8/site-packages:${PYTHONPATH} /usr/bin/python3 setup.py develop --editable --build-directory /home/mlemsalu/ros2_ws_luke/build/ros2bag/build --no-deps install_data
[0.665s] running develop
[0.756s] running egg_info
[0.757s] creating ros2bag.egg-info
[0.757s] writing ros2bag.egg-info/PKG-INFO
[0.757s] writing dependency_links to ros2bag.egg-info/dependency_links.txt
[0.757s] writing entry points to ros2bag.egg-info/entry_points.txt
[0.757s] writing requirements to ros2bag.egg-info/requires.txt
[0.757s] writing top-level names to ros2bag.egg-info/top_level.txt
[0.762s] writing manifest file 'ros2bag.egg-info/SOURCES.txt'
[0.785s] reading manifest file 'ros2bag.egg-info/SOURCES.txt'
[0.785s] writing manifest file 'ros2bag.egg-info/SOURCES.txt'
[0.810s] running build_ext
[0.810s] Creating /home/mlemsalu/ros2_ws_luke/install/ros2bag/lib/python3.8/site-packages/site.py
[0.812s] Creating /home/mlemsalu/ros2_ws_luke/install/ros2bag/lib/python3.8/site-packages/ros2bag.egg-link (link to .)
[0.813s] 
[0.813s] Installed /home/mlemsalu/ros2_ws_luke/build/ros2bag
[0.813s] running install_data
[0.813s] copying package.xml -> /home/mlemsalu/ros2_ws_luke/install/ros2bag/share/ros2bag
[0.813s] creating /home/mlemsalu/ros2_ws_luke/install/ros2bag/share/ament_index
[0.813s] creating /home/mlemsalu/ros2_ws_luke/install/ros2bag/share/ament_index/resource_index
[0.813s] creating /home/mlemsalu/ros2_ws_luke/install/ros2bag/share/ament_index/resource_index/packages
[0.813s] copying resource/ros2bag -> /home/mlemsalu/ros2_ws_luke/install/ros2bag/share/ament_index/resource_index/packages
[0.831s] Invoked command in '/home/mlemsalu/ros2_ws_luke/build/ros2bag' returned '0': AMENT_PREFIX_PATH=/home/mlemsalu/ros2_ws_luke/install/rosbag2_transport:/home/mlemsalu/ros2_ws_luke/install/rosbag2_py:/home/mlemsalu/ros2_ws_luke/install/rosbag2_compression:/home/mlemsalu/ros2_ws_luke/install/rosbag2_cpp:/home/mlemsalu/ros2_ws_luke/install/rosbag2_storage_default_plugins:/home/mlemsalu/ros2_ws_luke/install/rosbag2_storage:/home/mlemsalu/ros2_ws_luke/install/sqlite3_vendor:/home/mlemsalu/ros2_ws_luke/install/shared_queues_vendor:${AMENT_PREFIX_PATH} CMAKE_PREFIX_PATH=/home/mlemsalu/ros2_ws_luke/install/rosbag2_transport:/home/mlemsalu/ros2_ws_luke/install/rosbag2_py:/home/mlemsalu/ros2_ws_luke/install/rosbag2_compression:/home/mlemsalu/ros2_ws_luke/install/rosbag2_cpp:/home/mlemsalu/ros2_ws_luke/install/rosbag2_storage_default_plugins:/home/mlemsalu/ros2_ws_luke/install/rosbag2_storage:/home/mlemsalu/ros2_ws_luke/install/sqlite3_vendor:/home/mlemsalu/ros2_ws_luke/install/shared_queues_vendor LD_LIBRARY_PATH=/home/mlemsalu/ros2_ws_luke/install/rosbag2_transport/lib:/home/mlemsalu/ros2_ws_luke/install/rosbag2_compression/lib:/home/mlemsalu/ros2_ws_luke/install/rosbag2_cpp/lib:/home/mlemsalu/ros2_ws_luke/install/rosbag2_storage_default_plugins/lib:/home/mlemsalu/ros2_ws_luke/install/rosbag2_storage/lib:${LD_LIBRARY_PATH} PYTHONPATH=/home/mlemsalu/ros2_ws_luke/build/ros2bag/prefix_override:/home/mlemsalu/ros2_ws_luke/install/ros2bag/lib/python3.8/site-packages:/home/mlemsalu/ros2_ws_luke/install/rosbag2_transport/lib/python3.8/site-packages:/home/mlemsalu/ros2_ws_luke/install/rosbag2_py/lib/python3.8/site-packages:${PYTHONPATH} /usr/bin/python3 setup.py develop --editable --build-directory /home/mlemsalu/ros2_ws_luke/build/ros2bag/build --no-deps install_data
