[0.036s] Invoking command in '/home/mlemsalu/ros2_ws_luke/build/velodyne_laserscan': CMAKE_PREFIX_PATH=/opt/ros/foxy /usr/bin/cmake /home/mlemsalu/ros2_ws_luke/src/velodyne-foxy-devel/velodyne_laserscan -DCMAKE_INSTALL_PREFIX=/home/mlemsalu/ros2_ws_luke/install/velodyne_laserscan
[0.050s] -- Found ament_cmake_ros: 0.9.2 (/opt/ros/foxy/share/ament_cmake_ros/cmake)
[0.075s] -- Using PYTHON_EXECUTABLE: /usr/bin/python3
[0.232s] -- Override CMake install command with custom implementation using symlinks instead of copying resources
[0.245s] -- Found rclcpp: 2.4.2 (/opt/ros/foxy/share/rclcpp/cmake)
[0.287s] -- Using all available rosidl_typesupport_c: rosidl_typesupport_fastrtps_c;rosidl_typesupport_introspection_c
[0.292s] -- Found rosidl_adapter: 1.3.0 (/opt/ros/foxy/share/rosidl_adapter/cmake)
[0.396s] -- Using all available rosidl_typesupport_cpp: rosidl_typesupport_fastrtps_cpp;rosidl_typesupport_introspection_cpp
[0.472s] -- Found rmw_implementation_cmake: 1.0.4 (/opt/ros/foxy/share/rmw_implementation_cmake/cmake)
[0.473s] -- Using RMW implementation 'rmw_fastrtps_cpp' as default
[0.613s] -- Found rclcpp_components: 2.4.2 (/opt/ros/foxy/share/rclcpp_components/cmake)
[0.662s] -- Found sensor_msgs: 2.0.5 (/opt/ros/foxy/share/sensor_msgs/cmake)
[0.773s] -- Found ament_lint_auto: 0.9.8 (/opt/ros/foxy/share/ament_lint_auto/cmake)
[0.827s] -- Added test 'copyright' to check source files copyright and LICENSE
[0.828s] -- Added test 'cppcheck' to perform static code analysis on C / C++ code
[0.829s] -- Configured cppcheck include dirs: /home/mlemsalu/ros2_ws_luke/src/velodyne-foxy-devel/velodyne_laserscan/include
[0.829s] -- Configured cppcheck exclude dirs and/or files: 
[0.830s] -- Added test 'cpplint' to check C / C++ code against the Google style
[0.830s] -- Configured cpplint exclude dirs and/or files: 
[0.830s] -- Added test 'flake8' to check Python code syntax and style conventions
[0.831s] -- Added test 'lint_cmake' to check CMake code style
[0.831s] -- Added test 'pep257' to check Python code against some of the style conventions in PEP 257
[0.832s] -- Added test 'uncrustify' to check C / C++ code style
[0.832s] -- Configured uncrustify additional arguments: 
[0.832s] -- Added test 'xmllint' to check XML markup files
[0.835s] -- Configuring done
[0.846s] -- Generating done
[0.848s] -- Build files have been written to: /home/mlemsalu/ros2_ws_luke/build/velodyne_laserscan
[0.853s] Invoked command in '/home/mlemsalu/ros2_ws_luke/build/velodyne_laserscan' returned '0': CMAKE_PREFIX_PATH=/opt/ros/foxy /usr/bin/cmake /home/mlemsalu/ros2_ws_luke/src/velodyne-foxy-devel/velodyne_laserscan -DCMAKE_INSTALL_PREFIX=/home/mlemsalu/ros2_ws_luke/install/velodyne_laserscan
[0.855s] Invoking command in '/home/mlemsalu/ros2_ws_luke/build/velodyne_laserscan': CMAKE_PREFIX_PATH=/opt/ros/foxy /usr/bin/cmake --build /home/mlemsalu/ros2_ws_luke/build/velodyne_laserscan -- -j12 -l12
[0.914s] [ 50%] Built target velodyne_laserscan
[0.941s] [100%] Built target velodyne_laserscan_node
[0.952s] Invoked command in '/home/mlemsalu/ros2_ws_luke/build/velodyne_laserscan' returned '0': CMAKE_PREFIX_PATH=/opt/ros/foxy /usr/bin/cmake --build /home/mlemsalu/ros2_ws_luke/build/velodyne_laserscan -- -j12 -l12
[0.977s] Invoking command in '/home/mlemsalu/ros2_ws_luke/build/velodyne_laserscan': CMAKE_PREFIX_PATH=/opt/ros/foxy /usr/bin/cmake --install /home/mlemsalu/ros2_ws_luke/build/velodyne_laserscan
[0.983s] -- Install configuration: "Release"
[0.983s] -- Execute custom install script
[0.984s] -- Up-to-date symlink: /home/mlemsalu/ros2_ws_luke/install/velodyne_laserscan/lib/libvelodyne_laserscan.so
[0.984s] -- Up-to-date symlink: /home/mlemsalu/ros2_ws_luke/install/velodyne_laserscan/lib/velodyne_laserscan/velodyne_laserscan_node
[0.985s] -- Up-to-date symlink: /home/mlemsalu/ros2_ws_luke/install/velodyne_laserscan/include/velodyne_laserscan/velodyne_laserscan.hpp
[0.985s] -- Up-to-date symlink: /home/mlemsalu/ros2_ws_luke/install/velodyne_laserscan/share/velodyne_laserscan/config/default-velodyne_laserscan_node-params.yaml
[0.985s] -- Up-to-date symlink: /home/mlemsalu/ros2_ws_luke/install/velodyne_laserscan/share/velodyne_laserscan/launch/velodyne_laserscan_node-composed-launch.py
[0.985s] -- Up-to-date symlink: /home/mlemsalu/ros2_ws_luke/install/velodyne_laserscan/share/velodyne_laserscan/launch/velodyne_laserscan_node-launch.py
[0.986s] -- Up-to-date symlink: /home/mlemsalu/ros2_ws_luke/install/velodyne_laserscan/share/ament_index/resource_index/package_run_dependencies/velodyne_laserscan
[0.986s] -- Up-to-date symlink: /home/mlemsalu/ros2_ws_luke/install/velodyne_laserscan/share/ament_index/resource_index/parent_prefix_path/velodyne_laserscan
[0.986s] -- Up-to-date symlink: /home/mlemsalu/ros2_ws_luke/install/velodyne_laserscan/share/velodyne_laserscan/environment/ament_prefix_path.sh
[0.986s] -- Up-to-date symlink: /home/mlemsalu/ros2_ws_luke/install/velodyne_laserscan/share/velodyne_laserscan/environment/ament_prefix_path.dsv
[0.987s] -- Up-to-date symlink: /home/mlemsalu/ros2_ws_luke/install/velodyne_laserscan/share/velodyne_laserscan/environment/path.sh
[0.987s] -- Up-to-date symlink: /home/mlemsalu/ros2_ws_luke/install/velodyne_laserscan/share/velodyne_laserscan/environment/path.dsv
[0.987s] -- Up-to-date symlink: /home/mlemsalu/ros2_ws_luke/install/velodyne_laserscan/share/velodyne_laserscan/local_setup.bash
[0.987s] -- Up-to-date symlink: /home/mlemsalu/ros2_ws_luke/install/velodyne_laserscan/share/velodyne_laserscan/local_setup.sh
[0.988s] -- Up-to-date symlink: /home/mlemsalu/ros2_ws_luke/install/velodyne_laserscan/share/velodyne_laserscan/local_setup.zsh
[0.988s] -- Up-to-date symlink: /home/mlemsalu/ros2_ws_luke/install/velodyne_laserscan/share/velodyne_laserscan/local_setup.dsv
[0.988s] -- Symlinking: /home/mlemsalu/ros2_ws_luke/install/velodyne_laserscan/share/velodyne_laserscan/package.dsv
[0.996s] -- Up-to-date symlink: /home/mlemsalu/ros2_ws_luke/install/velodyne_laserscan/share/ament_index/resource_index/packages/velodyne_laserscan
[0.996s] -- Up-to-date symlink: /home/mlemsalu/ros2_ws_luke/install/velodyne_laserscan/share/ament_index/resource_index/rclcpp_components/velodyne_laserscan
[0.996s] -- Up-to-date symlink: /home/mlemsalu/ros2_ws_luke/install/velodyne_laserscan/share/velodyne_laserscan/cmake/velodyne_laserscanConfig.cmake
[0.996s] -- Up-to-date symlink: /home/mlemsalu/ros2_ws_luke/install/velodyne_laserscan/share/velodyne_laserscan/cmake/velodyne_laserscanConfig-version.cmake
[0.997s] -- Up-to-date symlink: /home/mlemsalu/ros2_ws_luke/install/velodyne_laserscan/share/velodyne_laserscan/package.xml
[1.003s] Invoked command in '/home/mlemsalu/ros2_ws_luke/build/velodyne_laserscan' returned '0': CMAKE_PREFIX_PATH=/opt/ros/foxy /usr/bin/cmake --install /home/mlemsalu/ros2_ws_luke/build/velodyne_laserscan
