-- Found ament_cmake: 0.9.11 (/opt/ros/foxy/share/ament_cmake/cmake)
-- Using PYTHON_EXECUTABLE: /usr/bin/python3
-- Override CMake install command with custom implementation using symlinks instead of copying resources
-- Found pluginlib: 2.5.4 (/opt/ros/foxy/share/pluginlib/cmake)
-- Found yaml_cpp_vendor: 7.0.3 (/opt/ros/foxy/share/yaml_cpp_vendor/cmake)
-- Setting yaml-cpp_DIR to: '/opt/ros/foxy/share/yaml_cpp_vendor/cmake/../../../opt/yaml_cpp_vendor/lib/cmake/yaml-cpp'
-- Found ament_lint_auto: 0.9.8 (/opt/ros/foxy/share/ament_lint_auto/cmake)
-- Found ament_cmake_gmock: 0.9.11 (/opt/ros/foxy/share/ament_cmake_gmock/cmake)
-- Found rosbag2_test_common: 0.7.0 (/home/mlemsalu/ros2_ws_luke/install/rosbag2_test_common/share/rosbag2_test_common/cmake)
-- Using all available rosidl_typesupport_c: rosidl_typesupport_fastrtps_c;rosidl_typesupport_introspection_c
-- Found rosidl_adapter: 1.3.0 (/opt/ros/foxy/share/rosidl_adapter/cmake)
-- Using all available rosidl_typesupport_cpp: rosidl_typesupport_fastrtps_cpp;rosidl_typesupport_introspection_cpp
-- Found rmw_implementation_cmake: 1.0.4 (/opt/ros/foxy/share/rmw_implementation_cmake/cmake)
-- Using RMW implementation 'rmw_fastrtps_cpp' as default
-- Found gmock sources under '/opt/ros/foxy/src/gmock_vendor': C++ tests using 'Google Mock' will be built
-- Found gtest sources under '/opt/ros/foxy/src/gtest_vendor': C++ tests using 'Google Test' will be built
-- Added test 'copyright' to check source files copyright and LICENSE
-- Added test 'cppcheck' to perform static code analysis on C / C++ code
-- Configured cppcheck include dirs: $<BUILD_INTERFACE:/home/mlemsalu/ros2_ws_luke/src/rosbag2-foxy-future/rosbag2_storage/include>;/home/mlemsalu/ros2_ws_luke/src/rosbag2-foxy-future/rosbag2_storage/include
-- Configured cppcheck exclude dirs and/or files: 
-- Added test 'cpplint' to check C / C++ code against the Google style
-- Configured cpplint exclude dirs and/or files: 
-- Added test 'lint_cmake' to check CMake code style
-- Added test 'uncrustify' to check C / C++ code style
-- Configured uncrustify additional arguments: 
-- Added test 'xmllint' to check XML markup files
-- Configuring done
-- Generating done
-- Build files have been written to: /home/mlemsalu/ros2_ws_luke/build/rosbag2_storage
[ 10%] Built target gmock_main
[ 26%] Built target gmock
[ 52%] Built target rosbag2_storage
[ 68%] Built target test_plugin
[ 78%] Built target test_storage_factory
[ 89%] Built target test_metadata_serialization
[100%] Built target test_ros_helper
-- Install configuration: "Release"
-- Execute custom install script
-- Up-to-date symlink: /home/mlemsalu/ros2_ws_luke/install/rosbag2_storage/include/rosbag2_storage/bag_metadata.hpp
-- Up-to-date symlink: /home/mlemsalu/ros2_ws_luke/install/rosbag2_storage/include/rosbag2_storage/logging.hpp
-- Up-to-date symlink: /home/mlemsalu/ros2_ws_luke/install/rosbag2_storage/include/rosbag2_storage/metadata_io.hpp
-- Up-to-date symlink: /home/mlemsalu/ros2_ws_luke/install/rosbag2_storage/include/rosbag2_storage/ros_helper.hpp
-- Up-to-date symlink: /home/mlemsalu/ros2_ws_luke/install/rosbag2_storage/include/rosbag2_storage/serialized_bag_message.hpp
-- Up-to-date symlink: /home/mlemsalu/ros2_ws_luke/install/rosbag2_storage/include/rosbag2_storage/storage_factory.hpp
-- Up-to-date symlink: /home/mlemsalu/ros2_ws_luke/install/rosbag2_storage/include/rosbag2_storage/storage_factory_interface.hpp
-- Up-to-date symlink: /home/mlemsalu/ros2_ws_luke/install/rosbag2_storage/include/rosbag2_storage/storage_filter.hpp
-- Up-to-date symlink: /home/mlemsalu/ros2_ws_luke/install/rosbag2_storage/include/rosbag2_storage/storage_interfaces/base_info_interface.hpp
-- Up-to-date symlink: /home/mlemsalu/ros2_ws_luke/install/rosbag2_storage/include/rosbag2_storage/storage_interfaces/base_io_interface.hpp
-- Up-to-date symlink: /home/mlemsalu/ros2_ws_luke/install/rosbag2_storage/include/rosbag2_storage/storage_interfaces/base_read_interface.hpp
-- Up-to-date symlink: /home/mlemsalu/ros2_ws_luke/install/rosbag2_storage/include/rosbag2_storage/storage_interfaces/base_write_interface.hpp
-- Up-to-date symlink: /home/mlemsalu/ros2_ws_luke/install/rosbag2_storage/include/rosbag2_storage/storage_interfaces/read_only_interface.hpp
-- Up-to-date symlink: /home/mlemsalu/ros2_ws_luke/install/rosbag2_storage/include/rosbag2_storage/storage_interfaces/read_write_interface.hpp
-- Up-to-date symlink: /home/mlemsalu/ros2_ws_luke/install/rosbag2_storage/include/rosbag2_storage/storage_options.hpp
-- Up-to-date symlink: /home/mlemsalu/ros2_ws_luke/install/rosbag2_storage/include/rosbag2_storage/storage_traits.hpp
-- Up-to-date symlink: /home/mlemsalu/ros2_ws_luke/install/rosbag2_storage/include/rosbag2_storage/topic_metadata.hpp
-- Up-to-date symlink: /home/mlemsalu/ros2_ws_luke/install/rosbag2_storage/include/rosbag2_storage/visibility_control.hpp
-- Up-to-date symlink: /home/mlemsalu/ros2_ws_luke/install/rosbag2_storage/share/rosbag2_storage/environment/library_path.sh
-- Up-to-date symlink: /home/mlemsalu/ros2_ws_luke/install/rosbag2_storage/share/rosbag2_storage/environment/library_path.dsv
-- Up-to-date symlink: /home/mlemsalu/ros2_ws_luke/install/rosbag2_storage/lib/libtest_plugin.so
-- Up-to-date symlink: /home/mlemsalu/ros2_ws_luke/install/rosbag2_storage/share/rosbag2_storage/test/rosbag2_storage/test_plugin.xml
-- Up-to-date symlink: /home/mlemsalu/ros2_ws_luke/install/rosbag2_storage/share/ament_index/resource_index/package_run_dependencies/rosbag2_storage
-- Up-to-date symlink: /home/mlemsalu/ros2_ws_luke/install/rosbag2_storage/share/ament_index/resource_index/parent_prefix_path/rosbag2_storage
-- Up-to-date symlink: /home/mlemsalu/ros2_ws_luke/install/rosbag2_storage/share/rosbag2_storage/environment/ament_prefix_path.sh
-- Up-to-date symlink: /home/mlemsalu/ros2_ws_luke/install/rosbag2_storage/share/rosbag2_storage/environment/ament_prefix_path.dsv
-- Up-to-date symlink: /home/mlemsalu/ros2_ws_luke/install/rosbag2_storage/share/rosbag2_storage/environment/path.sh
-- Up-to-date symlink: /home/mlemsalu/ros2_ws_luke/install/rosbag2_storage/share/rosbag2_storage/environment/path.dsv
-- Up-to-date symlink: /home/mlemsalu/ros2_ws_luke/install/rosbag2_storage/share/rosbag2_storage/local_setup.bash
-- Up-to-date symlink: /home/mlemsalu/ros2_ws_luke/install/rosbag2_storage/share/rosbag2_storage/local_setup.sh
-- Up-to-date symlink: /home/mlemsalu/ros2_ws_luke/install/rosbag2_storage/share/rosbag2_storage/local_setup.zsh
-- Up-to-date symlink: /home/mlemsalu/ros2_ws_luke/install/rosbag2_storage/share/rosbag2_storage/local_setup.dsv
-- Symlinking: /home/mlemsalu/ros2_ws_luke/install/rosbag2_storage/share/rosbag2_storage/package.dsv
-- Up-to-date symlink: /home/mlemsalu/ros2_ws_luke/install/rosbag2_storage/share/ament_index/resource_index/packages/rosbag2_storage
-- Up-to-date symlink: /home/mlemsalu/ros2_ws_luke/install/rosbag2_storage/share/ament_index/resource_index/rosbag2_storage__pluginlib__plugin/rosbag2_storage
-- Up-to-date symlink: /home/mlemsalu/ros2_ws_luke/install/rosbag2_storage/share/rosbag2_storage/cmake/ament_cmake_export_include_directories-extras.cmake
-- Up-to-date symlink: /home/mlemsalu/ros2_ws_luke/install/rosbag2_storage/share/rosbag2_storage/cmake/ament_cmake_export_libraries-extras.cmake
-- Up-to-date symlink: /home/mlemsalu/ros2_ws_luke/install/rosbag2_storage/share/rosbag2_storage/cmake/ament_cmake_export_targets-extras.cmake
-- Up-to-date symlink: /home/mlemsalu/ros2_ws_luke/install/rosbag2_storage/share/rosbag2_storage/cmake/ament_cmake_export_dependencies-extras.cmake
-- Up-to-date symlink: /home/mlemsalu/ros2_ws_luke/install/rosbag2_storage/share/rosbag2_storage/cmake/rosbag2_storageConfig.cmake
-- Up-to-date symlink: /home/mlemsalu/ros2_ws_luke/install/rosbag2_storage/share/rosbag2_storage/cmake/rosbag2_storageConfig-version.cmake
-- Up-to-date symlink: /home/mlemsalu/ros2_ws_luke/install/rosbag2_storage/share/rosbag2_storage/package.xml
-- Up-to-date: /home/mlemsalu/ros2_ws_luke/install/rosbag2_storage/lib/librosbag2_storage.so
-- Up-to-date: /home/mlemsalu/ros2_ws_luke/install/rosbag2_storage/share/rosbag2_storage/cmake/export_rosbag2_storageExport.cmake
-- Installing: /home/mlemsalu/ros2_ws_luke/install/rosbag2_storage/share/rosbag2_storage/cmake/export_rosbag2_storageExport-release.cmake
