[0.008s] Invoking command in '/home/mlemsalu/ros2_ws_luke/build/rosbag2_storage': AMENT_PREFIX_PATH=/home/mlemsalu/ros2_ws_luke/install/rosbag2_test_common:${AMENT_PREFIX_PATH} CMAKE_PREFIX_PATH=/home/mlemsalu/ros2_ws_luke/install/rosbag2_test_common:/opt/ros/foxy /usr/bin/cmake /home/mlemsalu/ros2_ws_luke/src/rosbag2-foxy-future/rosbag2_storage -DCMAKE_INSTALL_PREFIX=/home/mlemsalu/ros2_ws_luke/install/rosbag2_storage
[0.020s] -- Found ament_cmake: 0.9.11 (/opt/ros/foxy/share/ament_cmake/cmake)
[0.037s] -- Using PYTHON_EXECUTABLE: /usr/bin/python3
[0.190s] -- Override CMake install command with custom implementation using symlinks instead of copying resources
[0.194s] -- Found pluginlib: 2.5.4 (/opt/ros/foxy/share/pluginlib/cmake)
[0.224s] -- Found yaml_cpp_vendor: 7.0.3 (/opt/ros/foxy/share/yaml_cpp_vendor/cmake)
[0.224s] -- Setting yaml-cpp_DIR to: '/opt/ros/foxy/share/yaml_cpp_vendor/cmake/../../../opt/yaml_cpp_vendor/lib/cmake/yaml-cpp'
[0.226s] -- Found ament_lint_auto: 0.9.8 (/opt/ros/foxy/share/ament_lint_auto/cmake)
[0.227s] -- Found ament_cmake_gmock: 0.9.11 (/opt/ros/foxy/share/ament_cmake_gmock/cmake)
[0.227s] -- Found rosbag2_test_common: 0.7.0 (/home/mlemsalu/ros2_ws_luke/install/rosbag2_test_common/share/rosbag2_test_common/cmake)
[0.250s] -- Using all available rosidl_typesupport_c: rosidl_typesupport_fastrtps_c;rosidl_typesupport_introspection_c
[0.254s] -- Found rosidl_adapter: 1.3.0 (/opt/ros/foxy/share/rosidl_adapter/cmake)
[0.348s] -- Using all available rosidl_typesupport_cpp: rosidl_typesupport_fastrtps_cpp;rosidl_typesupport_introspection_cpp
[0.391s] -- Found rmw_implementation_cmake: 1.0.4 (/opt/ros/foxy/share/rmw_implementation_cmake/cmake)
[0.392s] -- Using RMW implementation 'rmw_fastrtps_cpp' as default
[0.586s] -- Found gmock sources under '/opt/ros/foxy/src/gmock_vendor': C++ tests using 'Google Mock' will be built
[0.588s] -- Found gtest sources under '/opt/ros/foxy/src/gtest_vendor': C++ tests using 'Google Test' will be built
[0.596s] -- Added test 'copyright' to check source files copyright and LICENSE
[0.597s] -- Added test 'cppcheck' to perform static code analysis on C / C++ code
[0.598s] -- Configured cppcheck include dirs: $<BUILD_INTERFACE:/home/mlemsalu/ros2_ws_luke/src/rosbag2-foxy-future/rosbag2_storage/include>;/home/mlemsalu/ros2_ws_luke/src/rosbag2-foxy-future/rosbag2_storage/include
[0.598s] -- Configured cppcheck exclude dirs and/or files: 
[0.600s] -- Added test 'cpplint' to check C / C++ code against the Google style
[0.600s] -- Configured cpplint exclude dirs and/or files: 
[0.601s] -- Added test 'lint_cmake' to check CMake code style
[0.603s] -- Added test 'uncrustify' to check C / C++ code style
[0.603s] -- Configured uncrustify additional arguments: 
[0.604s] -- Added test 'xmllint' to check XML markup files
[0.608s] -- Configuring done
[0.627s] -- Generating done
[0.630s] -- Build files have been written to: /home/mlemsalu/ros2_ws_luke/build/rosbag2_storage
[0.659s] Invoked command in '/home/mlemsalu/ros2_ws_luke/build/rosbag2_storage' returned '0': AMENT_PREFIX_PATH=/home/mlemsalu/ros2_ws_luke/install/rosbag2_test_common:${AMENT_PREFIX_PATH} CMAKE_PREFIX_PATH=/home/mlemsalu/ros2_ws_luke/install/rosbag2_test_common:/opt/ros/foxy /usr/bin/cmake /home/mlemsalu/ros2_ws_luke/src/rosbag2-foxy-future/rosbag2_storage -DCMAKE_INSTALL_PREFIX=/home/mlemsalu/ros2_ws_luke/install/rosbag2_storage
[0.662s] Invoking command in '/home/mlemsalu/ros2_ws_luke/build/rosbag2_storage': AMENT_PREFIX_PATH=/home/mlemsalu/ros2_ws_luke/install/rosbag2_test_common:${AMENT_PREFIX_PATH} CMAKE_PREFIX_PATH=/home/mlemsalu/ros2_ws_luke/install/rosbag2_test_common:/opt/ros/foxy /usr/bin/cmake --build /home/mlemsalu/ros2_ws_luke/build/rosbag2_storage -- -j12 -l12
[0.709s] [ 10%] Built target gmock_main
[0.710s] [ 26%] Built target gmock
[0.716s] [ 52%] Built target rosbag2_storage
[0.741s] [ 68%] Built target test_plugin
[0.742s] [ 78%] Built target test_storage_factory
[0.743s] [ 89%] Built target test_metadata_serialization
[0.751s] [100%] Built target test_ros_helper
[0.764s] Invoked command in '/home/mlemsalu/ros2_ws_luke/build/rosbag2_storage' returned '0': AMENT_PREFIX_PATH=/home/mlemsalu/ros2_ws_luke/install/rosbag2_test_common:${AMENT_PREFIX_PATH} CMAKE_PREFIX_PATH=/home/mlemsalu/ros2_ws_luke/install/rosbag2_test_common:/opt/ros/foxy /usr/bin/cmake --build /home/mlemsalu/ros2_ws_luke/build/rosbag2_storage -- -j12 -l12
[0.805s] Invoking command in '/home/mlemsalu/ros2_ws_luke/build/rosbag2_storage': AMENT_PREFIX_PATH=/home/mlemsalu/ros2_ws_luke/install/rosbag2_test_common:${AMENT_PREFIX_PATH} CMAKE_PREFIX_PATH=/home/mlemsalu/ros2_ws_luke/install/rosbag2_test_common:/opt/ros/foxy /usr/bin/cmake --install /home/mlemsalu/ros2_ws_luke/build/rosbag2_storage
[0.812s] -- Install configuration: "Release"
[0.812s] -- Execute custom install script
[0.813s] -- Up-to-date symlink: /home/mlemsalu/ros2_ws_luke/install/rosbag2_storage/include/rosbag2_storage/bag_metadata.hpp
[0.814s] -- Up-to-date symlink: /home/mlemsalu/ros2_ws_luke/install/rosbag2_storage/include/rosbag2_storage/logging.hpp
[0.814s] -- Up-to-date symlink: /home/mlemsalu/ros2_ws_luke/install/rosbag2_storage/include/rosbag2_storage/metadata_io.hpp
[0.814s] -- Up-to-date symlink: /home/mlemsalu/ros2_ws_luke/install/rosbag2_storage/include/rosbag2_storage/ros_helper.hpp
[0.814s] -- Up-to-date symlink: /home/mlemsalu/ros2_ws_luke/install/rosbag2_storage/include/rosbag2_storage/serialized_bag_message.hpp
[0.814s] -- Up-to-date symlink: /home/mlemsalu/ros2_ws_luke/install/rosbag2_storage/include/rosbag2_storage/storage_factory.hpp
[0.814s] -- Up-to-date symlink: /home/mlemsalu/ros2_ws_luke/install/rosbag2_storage/include/rosbag2_storage/storage_factory_interface.hpp
[0.815s] -- Up-to-date symlink: /home/mlemsalu/ros2_ws_luke/install/rosbag2_storage/include/rosbag2_storage/storage_filter.hpp
[0.815s] -- Up-to-date symlink: /home/mlemsalu/ros2_ws_luke/install/rosbag2_storage/include/rosbag2_storage/storage_interfaces/base_info_interface.hpp
[0.815s] -- Up-to-date symlink: /home/mlemsalu/ros2_ws_luke/install/rosbag2_storage/include/rosbag2_storage/storage_interfaces/base_io_interface.hpp
[0.815s] -- Up-to-date symlink: /home/mlemsalu/ros2_ws_luke/install/rosbag2_storage/include/rosbag2_storage/storage_interfaces/base_read_interface.hpp
[0.815s] -- Up-to-date symlink: /home/mlemsalu/ros2_ws_luke/install/rosbag2_storage/include/rosbag2_storage/storage_interfaces/base_write_interface.hpp
[0.815s] -- Up-to-date symlink: /home/mlemsalu/ros2_ws_luke/install/rosbag2_storage/include/rosbag2_storage/storage_interfaces/read_only_interface.hpp
[0.816s] -- Up-to-date symlink: /home/mlemsalu/ros2_ws_luke/install/rosbag2_storage/include/rosbag2_storage/storage_interfaces/read_write_interface.hpp
[0.816s] -- Up-to-date symlink: /home/mlemsalu/ros2_ws_luke/install/rosbag2_storage/include/rosbag2_storage/storage_options.hpp
[0.816s] -- Up-to-date symlink: /home/mlemsalu/ros2_ws_luke/install/rosbag2_storage/include/rosbag2_storage/storage_traits.hpp
[0.816s] -- Up-to-date symlink: /home/mlemsalu/ros2_ws_luke/install/rosbag2_storage/include/rosbag2_storage/topic_metadata.hpp
[0.816s] -- Up-to-date symlink: /home/mlemsalu/ros2_ws_luke/install/rosbag2_storage/include/rosbag2_storage/visibility_control.hpp
[0.817s] -- Up-to-date symlink: /home/mlemsalu/ros2_ws_luke/install/rosbag2_storage/share/rosbag2_storage/environment/library_path.sh
[0.817s] -- Up-to-date symlink: /home/mlemsalu/ros2_ws_luke/install/rosbag2_storage/share/rosbag2_storage/environment/library_path.dsv
[0.817s] -- Up-to-date symlink: /home/mlemsalu/ros2_ws_luke/install/rosbag2_storage/lib/libtest_plugin.so
[0.818s] -- Up-to-date symlink: /home/mlemsalu/ros2_ws_luke/install/rosbag2_storage/share/rosbag2_storage/test/rosbag2_storage/test_plugin.xml
[0.818s] -- Up-to-date symlink: /home/mlemsalu/ros2_ws_luke/install/rosbag2_storage/share/ament_index/resource_index/package_run_dependencies/rosbag2_storage
[0.818s] -- Up-to-date symlink: /home/mlemsalu/ros2_ws_luke/install/rosbag2_storage/share/ament_index/resource_index/parent_prefix_path/rosbag2_storage
[0.818s] -- Up-to-date symlink: /home/mlemsalu/ros2_ws_luke/install/rosbag2_storage/share/rosbag2_storage/environment/ament_prefix_path.sh
[0.819s] -- Up-to-date symlink: /home/mlemsalu/ros2_ws_luke/install/rosbag2_storage/share/rosbag2_storage/environment/ament_prefix_path.dsv
[0.819s] -- Up-to-date symlink: /home/mlemsalu/ros2_ws_luke/install/rosbag2_storage/share/rosbag2_storage/environment/path.sh
[0.819s] -- Up-to-date symlink: /home/mlemsalu/ros2_ws_luke/install/rosbag2_storage/share/rosbag2_storage/environment/path.dsv
[0.819s] -- Up-to-date symlink: /home/mlemsalu/ros2_ws_luke/install/rosbag2_storage/share/rosbag2_storage/local_setup.bash
[0.820s] -- Up-to-date symlink: /home/mlemsalu/ros2_ws_luke/install/rosbag2_storage/share/rosbag2_storage/local_setup.sh
[0.820s] -- Up-to-date symlink: /home/mlemsalu/ros2_ws_luke/install/rosbag2_storage/share/rosbag2_storage/local_setup.zsh
[0.820s] -- Up-to-date symlink: /home/mlemsalu/ros2_ws_luke/install/rosbag2_storage/share/rosbag2_storage/local_setup.dsv
[0.820s] -- Symlinking: /home/mlemsalu/ros2_ws_luke/install/rosbag2_storage/share/rosbag2_storage/package.dsv
[0.831s] -- Up-to-date symlink: /home/mlemsalu/ros2_ws_luke/install/rosbag2_storage/share/ament_index/resource_index/packages/rosbag2_storage
[0.831s] -- Up-to-date symlink: /home/mlemsalu/ros2_ws_luke/install/rosbag2_storage/share/ament_index/resource_index/rosbag2_storage__pluginlib__plugin/rosbag2_storage
[0.831s] -- Up-to-date symlink: /home/mlemsalu/ros2_ws_luke/install/rosbag2_storage/share/rosbag2_storage/cmake/ament_cmake_export_include_directories-extras.cmake
[0.831s] -- Up-to-date symlink: /home/mlemsalu/ros2_ws_luke/install/rosbag2_storage/share/rosbag2_storage/cmake/ament_cmake_export_libraries-extras.cmake
[0.832s] -- Up-to-date symlink: /home/mlemsalu/ros2_ws_luke/install/rosbag2_storage/share/rosbag2_storage/cmake/ament_cmake_export_targets-extras.cmake
[0.832s] -- Up-to-date symlink: /home/mlemsalu/ros2_ws_luke/install/rosbag2_storage/share/rosbag2_storage/cmake/ament_cmake_export_dependencies-extras.cmake
[0.832s] -- Up-to-date symlink: /home/mlemsalu/ros2_ws_luke/install/rosbag2_storage/share/rosbag2_storage/cmake/rosbag2_storageConfig.cmake
[0.832s] -- Up-to-date symlink: /home/mlemsalu/ros2_ws_luke/install/rosbag2_storage/share/rosbag2_storage/cmake/rosbag2_storageConfig-version.cmake
[0.832s] -- Up-to-date symlink: /home/mlemsalu/ros2_ws_luke/install/rosbag2_storage/share/rosbag2_storage/package.xml
[0.833s] -- Up-to-date: /home/mlemsalu/ros2_ws_luke/install/rosbag2_storage/lib/librosbag2_storage.so
[0.833s] -- Up-to-date: /home/mlemsalu/ros2_ws_luke/install/rosbag2_storage/share/rosbag2_storage/cmake/export_rosbag2_storageExport.cmake
[0.833s] -- Installing: /home/mlemsalu/ros2_ws_luke/install/rosbag2_storage/share/rosbag2_storage/cmake/export_rosbag2_storageExport-release.cmake
[0.837s] Invoked command in '/home/mlemsalu/ros2_ws_luke/build/rosbag2_storage' returned '0': AMENT_PREFIX_PATH=/home/mlemsalu/ros2_ws_luke/install/rosbag2_test_common:${AMENT_PREFIX_PATH} CMAKE_PREFIX_PATH=/home/mlemsalu/ros2_ws_luke/install/rosbag2_test_common:/opt/ros/foxy /usr/bin/cmake --install /home/mlemsalu/ros2_ws_luke/build/rosbag2_storage
