-- Found ament_cmake: 0.9.11 (/opt/ros/foxy/share/ament_cmake/cmake)
-- Using PYTHON_EXECUTABLE: /usr/bin/python3
-- Override CMake install command with custom implementation using symlinks instead of copying resources
-- Found angles: 1.12.6 (/opt/ros/foxy/share/angles/cmake)
-- Found diagnostic_updater: 3.1.0 (/opt/ros/foxy/share/diagnostic_updater/cmake)
-- Using all available rosidl_typesupport_c: rosidl_typesupport_fastrtps_c;rosidl_typesupport_introspection_c
-- Found rosidl_adapter: 1.3.0 (/opt/ros/foxy/share/rosidl_adapter/cmake)
-- Using all available rosidl_typesupport_cpp: rosidl_typesupport_fastrtps_cpp;rosidl_typesupport_introspection_cpp
-- Found rmw_implementation_cmake: 1.0.4 (/opt/ros/foxy/share/rmw_implementation_cmake/cmake)
-- Using RMW implementation 'rmw_fastrtps_cpp' as default
-- Found geometry_msgs: 2.0.5 (/opt/ros/foxy/share/geometry_msgs/cmake)
-- Found message_filters: 3.2.5 (/opt/ros/foxy/share/message_filters/cmake)
-- Eigen found (include: /usr/include/eigen3, version: 3.3.7)
-- looking for PCL_COMMON
-- Found rclcpp_components: 2.4.2 (/opt/ros/foxy/share/rclcpp_components/cmake)
-- Found sensor_msgs: 2.0.5 (/opt/ros/foxy/share/sensor_msgs/cmake)
-- Found tf2: 0.13.14 (/opt/ros/foxy/share/tf2/cmake)
-- Found tf2_ros: 0.13.14 (/opt/ros/foxy/share/tf2_ros/cmake)
-- Found velodyne_msgs: 2.1.1 (/home/mlemsalu/ros2_ws_luke/install/velodyne_msgs/share/velodyne_msgs/cmake)
-- Found ament_lint_auto: 0.9.8 (/opt/ros/foxy/share/ament_lint_auto/cmake)
-- Found gtest sources under '/opt/ros/foxy/src/gtest_vendor': C++ tests using 'Google Test' will be built
-- Added test 'copyright' to check source files copyright and LICENSE
-- Added test 'cppcheck' to perform static code analysis on C / C++ code
-- Configured cppcheck include dirs: /home/mlemsalu/ros2_ws_luke/src/velodyne-foxy-devel/velodyne_pointcloud/include
-- Configured cppcheck exclude dirs and/or files: 
-- Added test 'cpplint' to check C / C++ code against the Google style
-- Configured cpplint exclude dirs and/or files: 
-- Added test 'flake8' to check Python code syntax and style conventions
-- Added test 'lint_cmake' to check CMake code style
-- Added test 'pep257' to check Python code against some of the style conventions in PEP 257
-- Added test 'uncrustify' to check C / C++ code style
-- Configured uncrustify additional arguments: 
-- Configuring done
-- Generating done
-- Build files have been written to: /home/mlemsalu/ros2_ws_luke/build/velodyne_pointcloud
[ 10%] Built target gtest
[ 20%] Built target gtest_main
[ 30%] [32mBuilding CXX object src/lib/CMakeFiles/velodyne_cloud_types.dir/organized_cloudXYZIR.cpp.o[0m
[ 30%] [32mBuilding CXX object src/lib/CMakeFiles/velodyne_cloud_types.dir/pointcloudXYZIR.cpp.o[0m
[ 40%] [32mBuilding CXX object src/lib/CMakeFiles/velodyne_rawdata.dir/calibration.cpp.o[0m
[ 40%] [32mBuilding CXX object src/lib/CMakeFiles/velodyne_rawdata.dir/rawdata.cpp.o[0m
[ 45%] [32mBuilding CXX object tests/CMakeFiles/test_row_step.dir/test_row_step.cpp.o[0m
[ 50%] [32m[1mLinking CXX executable test_row_step[0m
[ 50%] Built target test_row_step
[ 55%] [32m[1mLinking CXX shared library libvelodyne_cloud_types.so[0m
[ 55%] Built target velodyne_cloud_types
[ 60%] [32m[1mLinking CXX shared library libvelodyne_rawdata.so[0m
[ 60%] Built target velodyne_rawdata
[ 65%] [32mBuilding CXX object CMakeFiles/transform.dir/src/conversions/transform.cpp.o[0m
[ 70%] [32mBuilding CXX object CMakeFiles/convert.dir/src/conversions/convert.cpp.o[0m
[ 75%] [32m[1mLinking CXX shared library libconvert.so[0m
[ 75%] Built target convert
[ 80%] [32mBuilding CXX object CMakeFiles/velodyne_convert_node.dir/src/conversions/convert_node.cpp.o[0m
[ 85%] [32m[1mLinking CXX shared library libtransform.so[0m
[ 85%] Built target transform
[ 90%] [32mBuilding CXX object CMakeFiles/velodyne_transform_node.dir/src/conversions/transform_node.cpp.o[0m
[ 95%] [32m[1mLinking CXX executable velodyne_convert_node[0m
[ 95%] Built target velodyne_convert_node
[100%] [32m[1mLinking CXX executable velodyne_transform_node[0m
[100%] Built target velodyne_transform_node
-- Install configuration: "Release"
-- Execute custom install script
-- Up-to-date symlink: /home/mlemsalu/ros2_ws_luke/install/velodyne_pointcloud/lib/libvelodyne_cloud_types.so
-- Up-to-date symlink: /home/mlemsalu/ros2_ws_luke/install/velodyne_pointcloud/lib/libvelodyne_rawdata.so
-- Up-to-date symlink: /home/mlemsalu/ros2_ws_luke/install/velodyne_pointcloud/lib/libconvert.so
-- Up-to-date symlink: /home/mlemsalu/ros2_ws_luke/install/velodyne_pointcloud/lib/velodyne_pointcloud/velodyne_convert_node
-- Up-to-date symlink: /home/mlemsalu/ros2_ws_luke/install/velodyne_pointcloud/lib/libtransform.so
-- Up-to-date symlink: /home/mlemsalu/ros2_ws_luke/install/velodyne_pointcloud/lib/velodyne_pointcloud/velodyne_transform_node
-- Up-to-date symlink: /home/mlemsalu/ros2_ws_luke/install/velodyne_pointcloud/include/velodyne_pointcloud/calibration.hpp
-- Up-to-date symlink: /home/mlemsalu/ros2_ws_luke/install/velodyne_pointcloud/include/velodyne_pointcloud/convert.hpp
-- Up-to-date symlink: /home/mlemsalu/ros2_ws_luke/install/velodyne_pointcloud/include/velodyne_pointcloud/datacontainerbase.hpp
-- Up-to-date symlink: /home/mlemsalu/ros2_ws_luke/install/velodyne_pointcloud/include/velodyne_pointcloud/organized_cloudXYZIR.hpp
-- Up-to-date symlink: /home/mlemsalu/ros2_ws_luke/install/velodyne_pointcloud/include/velodyne_pointcloud/pointcloudXYZIR.hpp
-- Up-to-date symlink: /home/mlemsalu/ros2_ws_luke/install/velodyne_pointcloud/include/velodyne_pointcloud/rawdata.hpp
-- Up-to-date symlink: /home/mlemsalu/ros2_ws_luke/install/velodyne_pointcloud/include/velodyne_pointcloud/transform.hpp
-- Up-to-date symlink: /home/mlemsalu/ros2_ws_luke/install/velodyne_pointcloud/share/velodyne_pointcloud/config/VLP16-velodyne_convert_node-params.yaml
-- Up-to-date symlink: /home/mlemsalu/ros2_ws_luke/install/velodyne_pointcloud/share/velodyne_pointcloud/config/VLP16-velodyne_transform_node-params.yaml
-- Up-to-date symlink: /home/mlemsalu/ros2_ws_luke/install/velodyne_pointcloud/share/velodyne_pointcloud/config/VLP32C-velodyne_convert_node-params.yaml
-- Up-to-date symlink: /home/mlemsalu/ros2_ws_luke/install/velodyne_pointcloud/share/velodyne_pointcloud/config/VLP32C-velodyne_transform_node-params.yaml
-- Up-to-date symlink: /home/mlemsalu/ros2_ws_luke/install/velodyne_pointcloud/share/velodyne_pointcloud/launch/velodyne_convert_node-VLP16-composed-launch.py
-- Up-to-date symlink: /home/mlemsalu/ros2_ws_luke/install/velodyne_pointcloud/share/velodyne_pointcloud/launch/velodyne_convert_node-VLP16-launch.py
-- Up-to-date symlink: /home/mlemsalu/ros2_ws_luke/install/velodyne_pointcloud/share/velodyne_pointcloud/launch/velodyne_convert_node-VLP32C-composed-launch.py
-- Up-to-date symlink: /home/mlemsalu/ros2_ws_luke/install/velodyne_pointcloud/share/velodyne_pointcloud/launch/velodyne_convert_node-VLP32C-launch.py
-- Up-to-date symlink: /home/mlemsalu/ros2_ws_luke/install/velodyne_pointcloud/share/velodyne_pointcloud/launch/velodyne_transform_node-VLP16-composed-launch.py
-- Up-to-date symlink: /home/mlemsalu/ros2_ws_luke/install/velodyne_pointcloud/share/velodyne_pointcloud/launch/velodyne_transform_node-VLP16-launch.py
-- Up-to-date symlink: /home/mlemsalu/ros2_ws_luke/install/velodyne_pointcloud/share/velodyne_pointcloud/launch/velodyne_transform_node-VLP32C-composed-launch.py
-- Up-to-date symlink: /home/mlemsalu/ros2_ws_luke/install/velodyne_pointcloud/share/velodyne_pointcloud/launch/velodyne_transform_node-VLP32C-launch.py
-- Up-to-date symlink: /home/mlemsalu/ros2_ws_luke/install/velodyne_pointcloud/share/velodyne_pointcloud/params/32db.yaml
-- Up-to-date symlink: /home/mlemsalu/ros2_ws_luke/install/velodyne_pointcloud/share/velodyne_pointcloud/params/64e_s2.1-sztaki.yaml
-- Up-to-date symlink: /home/mlemsalu/ros2_ws_luke/install/velodyne_pointcloud/share/velodyne_pointcloud/params/64e_s3-xiesc.yaml
-- Up-to-date symlink: /home/mlemsalu/ros2_ws_luke/install/velodyne_pointcloud/share/velodyne_pointcloud/params/64e_utexas.yaml
-- Up-to-date symlink: /home/mlemsalu/ros2_ws_luke/install/velodyne_pointcloud/share/velodyne_pointcloud/params/VLP16_hires_db.yaml
-- Up-to-date symlink: /home/mlemsalu/ros2_ws_luke/install/velodyne_pointcloud/share/velodyne_pointcloud/params/VLP16db.yaml
-- Up-to-date symlink: /home/mlemsalu/ros2_ws_luke/install/velodyne_pointcloud/share/velodyne_pointcloud/params/VeloView-VLP-32C.yaml
-- Up-to-date symlink: /home/mlemsalu/ros2_ws_luke/install/velodyne_pointcloud/share/velodyne_pointcloud/params/rviz_points.vcg
-- Up-to-date symlink: /home/mlemsalu/ros2_ws_luke/install/velodyne_pointcloud/share/ament_index/resource_index/package_run_dependencies/velodyne_pointcloud
-- Up-to-date symlink: /home/mlemsalu/ros2_ws_luke/install/velodyne_pointcloud/share/ament_index/resource_index/parent_prefix_path/velodyne_pointcloud
-- Up-to-date symlink: /home/mlemsalu/ros2_ws_luke/install/velodyne_pointcloud/share/velodyne_pointcloud/environment/ament_prefix_path.sh
-- Up-to-date symlink: /home/mlemsalu/ros2_ws_luke/install/velodyne_pointcloud/share/velodyne_pointcloud/environment/ament_prefix_path.dsv
-- Up-to-date symlink: /home/mlemsalu/ros2_ws_luke/install/velodyne_pointcloud/share/velodyne_pointcloud/environment/path.sh
-- Up-to-date symlink: /home/mlemsalu/ros2_ws_luke/install/velodyne_pointcloud/share/velodyne_pointcloud/environment/path.dsv
-- Up-to-date symlink: /home/mlemsalu/ros2_ws_luke/install/velodyne_pointcloud/share/velodyne_pointcloud/local_setup.bash
-- Up-to-date symlink: /home/mlemsalu/ros2_ws_luke/install/velodyne_pointcloud/share/velodyne_pointcloud/local_setup.sh
-- Up-to-date symlink: /home/mlemsalu/ros2_ws_luke/install/velodyne_pointcloud/share/velodyne_pointcloud/local_setup.zsh
-- Up-to-date symlink: /home/mlemsalu/ros2_ws_luke/install/velodyne_pointcloud/share/velodyne_pointcloud/local_setup.dsv
-- Symlinking: /home/mlemsalu/ros2_ws_luke/install/velodyne_pointcloud/share/velodyne_pointcloud/package.dsv
-- Up-to-date symlink: /home/mlemsalu/ros2_ws_luke/install/velodyne_pointcloud/share/ament_index/resource_index/packages/velodyne_pointcloud
-- Up-to-date symlink: /home/mlemsalu/ros2_ws_luke/install/velodyne_pointcloud/share/ament_index/resource_index/rclcpp_components/velodyne_pointcloud
-- Up-to-date symlink: /home/mlemsalu/ros2_ws_luke/install/velodyne_pointcloud/share/velodyne_pointcloud/cmake/velodyne_pointcloudConfig.cmake
-- Up-to-date symlink: /home/mlemsalu/ros2_ws_luke/install/velodyne_pointcloud/share/velodyne_pointcloud/cmake/velodyne_pointcloudConfig-version.cmake
-- Up-to-date symlink: /home/mlemsalu/ros2_ws_luke/install/velodyne_pointcloud/share/velodyne_pointcloud/package.xml
