[0.021s] Invoking command in '/home/mlemsalu/ros2_ws_luke/build/velodyne_pointcloud': AMENT_PREFIX_PATH=/home/mlemsalu/ros2_ws_luke/install/velodyne_msgs:${AMENT_PREFIX_PATH} CMAKE_PREFIX_PATH=/home/mlemsalu/ros2_ws_luke/install/velodyne_msgs:/opt/ros/foxy LD_LIBRARY_PATH=/home/mlemsalu/ros2_ws_luke/install/velodyne_msgs/lib:${LD_LIBRARY_PATH} PYTHONPATH=/home/mlemsalu/ros2_ws_luke/install/velodyne_msgs/lib/python3.8/site-packages:${PYTHONPATH} /usr/bin/cmake /home/mlemsalu/ros2_ws_luke/src/velodyne-foxy-devel/velodyne_pointcloud -DCMAKE_INSTALL_PREFIX=/home/mlemsalu/ros2_ws_luke/install/velodyne_pointcloud
[0.035s] -- Found ament_cmake: 0.9.11 (/opt/ros/foxy/share/ament_cmake/cmake)
[0.060s] -- Using PYTHON_EXECUTABLE: /usr/bin/python3
[0.232s] -- Override CMake install command with custom implementation using symlinks instead of copying resources
[0.240s] -- Found angles: 1.12.6 (/opt/ros/foxy/share/angles/cmake)
[0.240s] -- Found diagnostic_updater: 3.1.0 (/opt/ros/foxy/share/diagnostic_updater/cmake)
[0.266s] -- Using all available rosidl_typesupport_c: rosidl_typesupport_fastrtps_c;rosidl_typesupport_introspection_c
[0.267s] -- Found rosidl_adapter: 1.3.0 (/opt/ros/foxy/share/rosidl_adapter/cmake)
[0.356s] -- Using all available rosidl_typesupport_cpp: rosidl_typesupport_fastrtps_cpp;rosidl_typesupport_introspection_cpp
[0.479s] -- Found rmw_implementation_cmake: 1.0.4 (/opt/ros/foxy/share/rmw_implementation_cmake/cmake)
[0.480s] -- Using RMW implementation 'rmw_fastrtps_cpp' as default
[0.618s] -- Found geometry_msgs: 2.0.5 (/opt/ros/foxy/share/geometry_msgs/cmake)
[0.648s] -- Found message_filters: 3.2.5 (/opt/ros/foxy/share/message_filters/cmake)
[0.658s] -- Eigen found (include: /usr/include/eigen3, version: 3.3.7)
[0.671s] -- looking for PCL_COMMON
[0.671s] -- Found rclcpp_components: 2.4.2 (/opt/ros/foxy/share/rclcpp_components/cmake)
[0.722s] -- Found sensor_msgs: 2.0.5 (/opt/ros/foxy/share/sensor_msgs/cmake)
[0.791s] -- Found tf2: 0.13.14 (/opt/ros/foxy/share/tf2/cmake)
[0.800s] -- Found tf2_ros: 0.13.14 (/opt/ros/foxy/share/tf2_ros/cmake)
[1.072s] -- Found velodyne_msgs: 2.1.1 (/home/mlemsalu/ros2_ws_luke/install/velodyne_msgs/share/velodyne_msgs/cmake)
[1.120s] -- Found ament_lint_auto: 0.9.8 (/opt/ros/foxy/share/ament_lint_auto/cmake)
[1.197s] -- Found gtest sources under '/opt/ros/foxy/src/gtest_vendor': C++ tests using 'Google Test' will be built
[1.205s] -- Added test 'copyright' to check source files copyright and LICENSE
[1.208s] -- Added test 'cppcheck' to perform static code analysis on C / C++ code
[1.208s] -- Configured cppcheck include dirs: /home/mlemsalu/ros2_ws_luke/src/velodyne-foxy-devel/velodyne_pointcloud/include
[1.208s] -- Configured cppcheck exclude dirs and/or files: 
[1.211s] -- Added test 'cpplint' to check C / C++ code against the Google style
[1.211s] -- Configured cpplint exclude dirs and/or files: 
[1.212s] -- Added test 'flake8' to check Python code syntax and style conventions
[1.212s] -- Added test 'lint_cmake' to check CMake code style
[1.213s] -- Added test 'pep257' to check Python code against some of the style conventions in PEP 257
[1.215s] -- Added test 'uncrustify' to check C / C++ code style
[1.216s] -- Configured uncrustify additional arguments: 
[1.219s] -- Configuring done
[1.271s] -- Generating done
[1.274s] -- Build files have been written to: /home/mlemsalu/ros2_ws_luke/build/velodyne_pointcloud
[1.280s] Invoked command in '/home/mlemsalu/ros2_ws_luke/build/velodyne_pointcloud' returned '0': AMENT_PREFIX_PATH=/home/mlemsalu/ros2_ws_luke/install/velodyne_msgs:${AMENT_PREFIX_PATH} CMAKE_PREFIX_PATH=/home/mlemsalu/ros2_ws_luke/install/velodyne_msgs:/opt/ros/foxy LD_LIBRARY_PATH=/home/mlemsalu/ros2_ws_luke/install/velodyne_msgs/lib:${LD_LIBRARY_PATH} PYTHONPATH=/home/mlemsalu/ros2_ws_luke/install/velodyne_msgs/lib/python3.8/site-packages:${PYTHONPATH} /usr/bin/cmake /home/mlemsalu/ros2_ws_luke/src/velodyne-foxy-devel/velodyne_pointcloud -DCMAKE_INSTALL_PREFIX=/home/mlemsalu/ros2_ws_luke/install/velodyne_pointcloud
[1.283s] Invoking command in '/home/mlemsalu/ros2_ws_luke/build/velodyne_pointcloud': AMENT_PREFIX_PATH=/home/mlemsalu/ros2_ws_luke/install/velodyne_msgs:${AMENT_PREFIX_PATH} CMAKE_PREFIX_PATH=/home/mlemsalu/ros2_ws_luke/install/velodyne_msgs:/opt/ros/foxy LD_LIBRARY_PATH=/home/mlemsalu/ros2_ws_luke/install/velodyne_msgs/lib:${LD_LIBRARY_PATH} PYTHONPATH=/home/mlemsalu/ros2_ws_luke/install/velodyne_msgs/lib/python3.8/site-packages:${PYTHONPATH} /usr/bin/cmake --build /home/mlemsalu/ros2_ws_luke/build/velodyne_pointcloud -- -j12 -l12
[1.332s] [ 10%] Built target gtest
[1.335s] [ 20%] Built target gtest_main
[1.341s] [ 30%] [32mBuilding CXX object src/lib/CMakeFiles/velodyne_cloud_types.dir/organized_cloudXYZIR.cpp.o[0m
[1.341s] [ 30%] [32mBuilding CXX object src/lib/CMakeFiles/velodyne_cloud_types.dir/pointcloudXYZIR.cpp.o[0m
[1.347s] [ 40%] [32mBuilding CXX object src/lib/CMakeFiles/velodyne_rawdata.dir/calibration.cpp.o[0m
[1.347s] [ 40%] [32mBuilding CXX object src/lib/CMakeFiles/velodyne_rawdata.dir/rawdata.cpp.o[0m
[1.376s] [ 45%] [32mBuilding CXX object tests/CMakeFiles/test_row_step.dir/test_row_step.cpp.o[0m
[4.003s] [ 50%] [32m[1mLinking CXX executable test_row_step[0m
[4.207s] [ 50%] Built target test_row_step
[4.249s] [ 55%] [32m[1mLinking CXX shared library libvelodyne_cloud_types.so[0m
[4.407s] [ 55%] Built target velodyne_cloud_types
[4.611s] [ 60%] [32m[1mLinking CXX shared library libvelodyne_rawdata.so[0m
[4.776s] [ 60%] Built target velodyne_rawdata
[4.818s] [ 65%] [32mBuilding CXX object CMakeFiles/transform.dir/src/conversions/transform.cpp.o[0m
[4.819s] [ 70%] [32mBuilding CXX object CMakeFiles/convert.dir/src/conversions/convert.cpp.o[0m
[15.749s] [ 75%] [32m[1mLinking CXX shared library libconvert.so[0m
[15.882s] [ 75%] Built target convert
[15.909s] [ 80%] [32mBuilding CXX object CMakeFiles/velodyne_convert_node.dir/src/conversions/convert_node.cpp.o[0m
[16.784s] [ 85%] [32m[1mLinking CXX shared library libtransform.so[0m
[16.932s] [ 85%] Built target transform
[16.960s] [ 90%] [32mBuilding CXX object CMakeFiles/velodyne_transform_node.dir/src/conversions/transform_node.cpp.o[0m
[19.625s] [ 95%] [32m[1mLinking CXX executable velodyne_convert_node[0m
[19.740s] [ 95%] Built target velodyne_convert_node
[23.506s] [100%] [32m[1mLinking CXX executable velodyne_transform_node[0m
[23.632s] [100%] Built target velodyne_transform_node
[23.642s] Invoked command in '/home/mlemsalu/ros2_ws_luke/build/velodyne_pointcloud' returned '0': AMENT_PREFIX_PATH=/home/mlemsalu/ros2_ws_luke/install/velodyne_msgs:${AMENT_PREFIX_PATH} CMAKE_PREFIX_PATH=/home/mlemsalu/ros2_ws_luke/install/velodyne_msgs:/opt/ros/foxy LD_LIBRARY_PATH=/home/mlemsalu/ros2_ws_luke/install/velodyne_msgs/lib:${LD_LIBRARY_PATH} PYTHONPATH=/home/mlemsalu/ros2_ws_luke/install/velodyne_msgs/lib/python3.8/site-packages:${PYTHONPATH} /usr/bin/cmake --build /home/mlemsalu/ros2_ws_luke/build/velodyne_pointcloud -- -j12 -l12
[23.668s] Invoking command in '/home/mlemsalu/ros2_ws_luke/build/velodyne_pointcloud': AMENT_PREFIX_PATH=/home/mlemsalu/ros2_ws_luke/install/velodyne_msgs:${AMENT_PREFIX_PATH} CMAKE_PREFIX_PATH=/home/mlemsalu/ros2_ws_luke/install/velodyne_msgs:/opt/ros/foxy LD_LIBRARY_PATH=/home/mlemsalu/ros2_ws_luke/install/velodyne_msgs/lib:${LD_LIBRARY_PATH} PYTHONPATH=/home/mlemsalu/ros2_ws_luke/install/velodyne_msgs/lib/python3.8/site-packages:${PYTHONPATH} /usr/bin/cmake --install /home/mlemsalu/ros2_ws_luke/build/velodyne_pointcloud
[23.675s] -- Install configuration: "Release"
[23.675s] -- Execute custom install script
[23.676s] -- Up-to-date symlink: /home/mlemsalu/ros2_ws_luke/install/velodyne_pointcloud/lib/libvelodyne_cloud_types.so
[23.676s] -- Up-to-date symlink: /home/mlemsalu/ros2_ws_luke/install/velodyne_pointcloud/lib/libvelodyne_rawdata.so
[23.676s] -- Up-to-date symlink: /home/mlemsalu/ros2_ws_luke/install/velodyne_pointcloud/lib/libconvert.so
[23.677s] -- Up-to-date symlink: /home/mlemsalu/ros2_ws_luke/install/velodyne_pointcloud/lib/velodyne_pointcloud/velodyne_convert_node
[23.677s] -- Up-to-date symlink: /home/mlemsalu/ros2_ws_luke/install/velodyne_pointcloud/lib/libtransform.so
[23.678s] -- Up-to-date symlink: /home/mlemsalu/ros2_ws_luke/install/velodyne_pointcloud/lib/velodyne_pointcloud/velodyne_transform_node
[23.678s] -- Up-to-date symlink: /home/mlemsalu/ros2_ws_luke/install/velodyne_pointcloud/include/velodyne_pointcloud/calibration.hpp
[23.678s] -- Up-to-date symlink: /home/mlemsalu/ros2_ws_luke/install/velodyne_pointcloud/include/velodyne_pointcloud/convert.hpp
[23.678s] -- Up-to-date symlink: /home/mlemsalu/ros2_ws_luke/install/velodyne_pointcloud/include/velodyne_pointcloud/datacontainerbase.hpp
[23.679s] -- Up-to-date symlink: /home/mlemsalu/ros2_ws_luke/install/velodyne_pointcloud/include/velodyne_pointcloud/organized_cloudXYZIR.hpp
[23.679s] -- Up-to-date symlink: /home/mlemsalu/ros2_ws_luke/install/velodyne_pointcloud/include/velodyne_pointcloud/pointcloudXYZIR.hpp
[23.679s] -- Up-to-date symlink: /home/mlemsalu/ros2_ws_luke/install/velodyne_pointcloud/include/velodyne_pointcloud/rawdata.hpp
[23.679s] -- Up-to-date symlink: /home/mlemsalu/ros2_ws_luke/install/velodyne_pointcloud/include/velodyne_pointcloud/transform.hpp
[23.680s] -- Up-to-date symlink: /home/mlemsalu/ros2_ws_luke/install/velodyne_pointcloud/share/velodyne_pointcloud/config/VLP16-velodyne_convert_node-params.yaml
[23.680s] -- Up-to-date symlink: /home/mlemsalu/ros2_ws_luke/install/velodyne_pointcloud/share/velodyne_pointcloud/config/VLP16-velodyne_transform_node-params.yaml
[23.680s] -- Up-to-date symlink: /home/mlemsalu/ros2_ws_luke/install/velodyne_pointcloud/share/velodyne_pointcloud/config/VLP32C-velodyne_convert_node-params.yaml
[23.680s] -- Up-to-date symlink: /home/mlemsalu/ros2_ws_luke/install/velodyne_pointcloud/share/velodyne_pointcloud/config/VLP32C-velodyne_transform_node-params.yaml
[23.681s] -- Up-to-date symlink: /home/mlemsalu/ros2_ws_luke/install/velodyne_pointcloud/share/velodyne_pointcloud/launch/velodyne_convert_node-VLP16-composed-launch.py
[23.681s] -- Up-to-date symlink: /home/mlemsalu/ros2_ws_luke/install/velodyne_pointcloud/share/velodyne_pointcloud/launch/velodyne_convert_node-VLP16-launch.py
[23.681s] -- Up-to-date symlink: /home/mlemsalu/ros2_ws_luke/install/velodyne_pointcloud/share/velodyne_pointcloud/launch/velodyne_convert_node-VLP32C-composed-launch.py
[23.681s] -- Up-to-date symlink: /home/mlemsalu/ros2_ws_luke/install/velodyne_pointcloud/share/velodyne_pointcloud/launch/velodyne_convert_node-VLP32C-launch.py
[23.681s] -- Up-to-date symlink: /home/mlemsalu/ros2_ws_luke/install/velodyne_pointcloud/share/velodyne_pointcloud/launch/velodyne_transform_node-VLP16-composed-launch.py
[23.682s] -- Up-to-date symlink: /home/mlemsalu/ros2_ws_luke/install/velodyne_pointcloud/share/velodyne_pointcloud/launch/velodyne_transform_node-VLP16-launch.py
[23.682s] -- Up-to-date symlink: /home/mlemsalu/ros2_ws_luke/install/velodyne_pointcloud/share/velodyne_pointcloud/launch/velodyne_transform_node-VLP32C-composed-launch.py
[23.682s] -- Up-to-date symlink: /home/mlemsalu/ros2_ws_luke/install/velodyne_pointcloud/share/velodyne_pointcloud/launch/velodyne_transform_node-VLP32C-launch.py
[23.682s] -- Up-to-date symlink: /home/mlemsalu/ros2_ws_luke/install/velodyne_pointcloud/share/velodyne_pointcloud/params/32db.yaml
[23.683s] -- Up-to-date symlink: /home/mlemsalu/ros2_ws_luke/install/velodyne_pointcloud/share/velodyne_pointcloud/params/64e_s2.1-sztaki.yaml
[23.683s] -- Up-to-date symlink: /home/mlemsalu/ros2_ws_luke/install/velodyne_pointcloud/share/velodyne_pointcloud/params/64e_s3-xiesc.yaml
[23.683s] -- Up-to-date symlink: /home/mlemsalu/ros2_ws_luke/install/velodyne_pointcloud/share/velodyne_pointcloud/params/64e_utexas.yaml
[23.683s] -- Up-to-date symlink: /home/mlemsalu/ros2_ws_luke/install/velodyne_pointcloud/share/velodyne_pointcloud/params/VLP16_hires_db.yaml
[23.683s] -- Up-to-date symlink: /home/mlemsalu/ros2_ws_luke/install/velodyne_pointcloud/share/velodyne_pointcloud/params/VLP16db.yaml
[23.683s] -- Up-to-date symlink: /home/mlemsalu/ros2_ws_luke/install/velodyne_pointcloud/share/velodyne_pointcloud/params/VeloView-VLP-32C.yaml
[23.684s] -- Up-to-date symlink: /home/mlemsalu/ros2_ws_luke/install/velodyne_pointcloud/share/velodyne_pointcloud/params/rviz_points.vcg
[23.684s] -- Up-to-date symlink: /home/mlemsalu/ros2_ws_luke/install/velodyne_pointcloud/share/ament_index/resource_index/package_run_dependencies/velodyne_pointcloud
[23.684s] -- Up-to-date symlink: /home/mlemsalu/ros2_ws_luke/install/velodyne_pointcloud/share/ament_index/resource_index/parent_prefix_path/velodyne_pointcloud
[23.684s] -- Up-to-date symlink: /home/mlemsalu/ros2_ws_luke/install/velodyne_pointcloud/share/velodyne_pointcloud/environment/ament_prefix_path.sh
[23.685s] -- Up-to-date symlink: /home/mlemsalu/ros2_ws_luke/install/velodyne_pointcloud/share/velodyne_pointcloud/environment/ament_prefix_path.dsv
[23.685s] -- Up-to-date symlink: /home/mlemsalu/ros2_ws_luke/install/velodyne_pointcloud/share/velodyne_pointcloud/environment/path.sh
[23.685s] -- Up-to-date symlink: /home/mlemsalu/ros2_ws_luke/install/velodyne_pointcloud/share/velodyne_pointcloud/environment/path.dsv
[23.685s] -- Up-to-date symlink: /home/mlemsalu/ros2_ws_luke/install/velodyne_pointcloud/share/velodyne_pointcloud/local_setup.bash
[23.686s] -- Up-to-date symlink: /home/mlemsalu/ros2_ws_luke/install/velodyne_pointcloud/share/velodyne_pointcloud/local_setup.sh
[23.686s] -- Up-to-date symlink: /home/mlemsalu/ros2_ws_luke/install/velodyne_pointcloud/share/velodyne_pointcloud/local_setup.zsh
[23.686s] -- Up-to-date symlink: /home/mlemsalu/ros2_ws_luke/install/velodyne_pointcloud/share/velodyne_pointcloud/local_setup.dsv
[23.686s] -- Symlinking: /home/mlemsalu/ros2_ws_luke/install/velodyne_pointcloud/share/velodyne_pointcloud/package.dsv
[23.693s] -- Up-to-date symlink: /home/mlemsalu/ros2_ws_luke/install/velodyne_pointcloud/share/ament_index/resource_index/packages/velodyne_pointcloud
[23.693s] -- Up-to-date symlink: /home/mlemsalu/ros2_ws_luke/install/velodyne_pointcloud/share/ament_index/resource_index/rclcpp_components/velodyne_pointcloud
[23.694s] -- Up-to-date symlink: /home/mlemsalu/ros2_ws_luke/install/velodyne_pointcloud/share/velodyne_pointcloud/cmake/velodyne_pointcloudConfig.cmake
[23.694s] -- Up-to-date symlink: /home/mlemsalu/ros2_ws_luke/install/velodyne_pointcloud/share/velodyne_pointcloud/cmake/velodyne_pointcloudConfig-version.cmake
[23.694s] -- Up-to-date symlink: /home/mlemsalu/ros2_ws_luke/install/velodyne_pointcloud/share/velodyne_pointcloud/package.xml
[23.698s] Invoked command in '/home/mlemsalu/ros2_ws_luke/build/velodyne_pointcloud' returned '0': AMENT_PREFIX_PATH=/home/mlemsalu/ros2_ws_luke/install/velodyne_msgs:${AMENT_PREFIX_PATH} CMAKE_PREFIX_PATH=/home/mlemsalu/ros2_ws_luke/install/velodyne_msgs:/opt/ros/foxy LD_LIBRARY_PATH=/home/mlemsalu/ros2_ws_luke/install/velodyne_msgs/lib:${LD_LIBRARY_PATH} PYTHONPATH=/home/mlemsalu/ros2_ws_luke/install/velodyne_msgs/lib/python3.8/site-packages:${PYTHONPATH} /usr/bin/cmake --install /home/mlemsalu/ros2_ws_luke/build/velodyne_pointcloud
