[0.037s] Invoking command in '/home/mlemsalu/ros2_ws_luke/build/shared_queues_vendor': CMAKE_PREFIX_PATH=/opt/ros/foxy /usr/bin/cmake /home/mlemsalu/ros2_ws_luke/src/rosbag2-foxy-future/shared_queues_vendor -DCMAKE_BUILD_TYPE=Release -DAMENT_CMAKE_SYMLINK_INSTALL=1 -DCMAKE_INSTALL_PREFIX=/home/mlemsalu/ros2_ws_luke/install/shared_queues_vendor
[0.193s] -- The C compiler identification is GNU 9.4.0
[0.303s] -- The CXX compiler identification is GNU 9.4.0
[0.307s] -- Check for working C compiler: /usr/bin/cc
[0.378s] -- Check for working C compiler: /usr/bin/cc -- works
[0.380s] -- Detecting C compiler ABI info
[0.453s] -- Detecting C compiler ABI info - done
[0.469s] -- Detecting C compile features
[0.469s] -- Detecting C compile features - done
[0.472s] -- Check for working CXX compiler: /usr/bin/c++
[0.551s] -- Check for working CXX compiler: /usr/bin/c++ -- works
[0.552s] -- Detecting CXX compiler ABI info
[0.641s] -- Detecting CXX compiler ABI info - done
[0.652s] -- Detecting CXX compile features
[0.653s] -- Detecting CXX compile features - done
[0.658s] -- Found ament_cmake: 0.9.11 (/opt/ros/foxy/share/ament_cmake/cmake)
[0.683s] -- Found PythonInterp: /usr/bin/python3 (found suitable version "3.8.10", minimum required is "3") 
[0.684s] -- Using PYTHON_EXECUTABLE: /usr/bin/python3
[0.901s] -- Override CMake install command with custom implementation using symlinks instead of copying resources
[1.020s] -- Configuring done
[1.028s] -- Generating done
[1.029s] -- Build files have been written to: /home/mlemsalu/ros2_ws_luke/build/shared_queues_vendor
[1.036s] Invoked command in '/home/mlemsalu/ros2_ws_luke/build/shared_queues_vendor' returned '0': CMAKE_PREFIX_PATH=/opt/ros/foxy /usr/bin/cmake /home/mlemsalu/ros2_ws_luke/src/rosbag2-foxy-future/shared_queues_vendor -DCMAKE_BUILD_TYPE=Release -DAMENT_CMAKE_SYMLINK_INSTALL=1 -DCMAKE_INSTALL_PREFIX=/home/mlemsalu/ros2_ws_luke/install/shared_queues_vendor
[1.038s] Invoking command in '/home/mlemsalu/ros2_ws_luke/build/shared_queues_vendor': CMAKE_PREFIX_PATH=/opt/ros/foxy /usr/bin/cmake --build /home/mlemsalu/ros2_ws_luke/build/shared_queues_vendor -- -j12 -l12
[1.079s] [35m[1mScanning dependencies of target ext-concurrentqueue[0m
[1.082s] [35m[1mScanning dependencies of target ext-singleproducerconsumer[0m
[1.087s] [  6%] [34m[1mCreating directories for 'ext-concurrentqueue'[0m
[1.092s] [ 12%] [34m[1mCreating directories for 'ext-singleproducerconsumer'[0m
[1.158s] [ 18%] [34m[1mPerforming download step (download, verify and extract) for 'ext-concurrentqueue'[0m
[1.168s] [ 25%] [34m[1mPerforming download step (download, verify and extract) for 'ext-singleproducerconsumer'[0m
[1.170s] -- Downloading...
[1.170s]    dst='/home/mlemsalu/ros2_ws_luke/build/shared_queues_vendor/download/8f65a8734d77c3cc00d74c0532efca872931d3ce.zip'
[1.170s]    timeout='60 seconds'
[1.170s] -- Using src='https://github.com/cameron314/concurrentqueue/archive/8f65a8734d77c3cc00d74c0532efca872931d3ce.zip'
[1.176s] -- Downloading...
[1.176s]    dst='/home/mlemsalu/ros2_ws_luke/build/shared_queues_vendor/download/ef7dfbf553288064347d51b8ac335f1ca489032a.zip'
[1.176s]    timeout='60 seconds'
[1.176s] -- Using src='https://github.com/cameron314/readerwriterqueue/archive/ef7dfbf553288064347d51b8ac335f1ca489032a.zip'
[1.681s] -- [download 1% complete]
[1.682s] -- [download 12% complete]
[1.710s] -- [download 50% complete]
[1.710s] -- [download 52% complete]
[1.736s] -- [download 55% complete]
[1.737s] -- [download 85% complete]
[1.739s] -- [download 100% complete]
[1.741s] -- verifying file...
[1.741s]        file='/home/mlemsalu/ros2_ws_luke/build/shared_queues_vendor/download/ef7dfbf553288064347d51b8ac335f1ca489032a.zip'
[1.741s] -- Downloading... done
[1.760s] -- extracting...
[1.760s]      src='/home/mlemsalu/ros2_ws_luke/build/shared_queues_vendor/download/ef7dfbf553288064347d51b8ac335f1ca489032a.zip'
[1.760s]      dst='/home/mlemsalu/ros2_ws_luke/build/shared_queues_vendor/singleproducerconsumer/src/ext-singleproducerconsumer'
[1.760s] -- extracting... [tar xfz]
[1.774s] -- extracting... [analysis]
[1.774s] -- extracting... [rename]
[1.774s] -- extracting... [clean up]
[1.774s] -- extracting... done
[1.790s] [ 31%] [34m[1mNo patch step for 'ext-singleproducerconsumer'[0m
[1.791s] [ 37%] [34m[1mNo update step for 'ext-singleproducerconsumer'[0m
[1.815s] [ 43%] [34m[1mNo configure step for 'ext-singleproducerconsumer'[0m
[1.841s] [ 50%] [34m[1mNo build step for 'ext-singleproducerconsumer'[0m
[1.867s] [ 56%] [34m[1mNo install step for 'ext-singleproducerconsumer'[0m
[1.894s] [ 62%] [34m[1mCompleted 'ext-singleproducerconsumer'[0m
[1.928s] [ 62%] Built target ext-singleproducerconsumer
[2.386s] -- verifying file...
[2.386s]        file='/home/mlemsalu/ros2_ws_luke/build/shared_queues_vendor/download/8f65a8734d77c3cc00d74c0532efca872931d3ce.zip'
[2.390s] -- Downloading... done
[2.419s] -- extracting...
[2.419s]      src='/home/mlemsalu/ros2_ws_luke/build/shared_queues_vendor/download/8f65a8734d77c3cc00d74c0532efca872931d3ce.zip'
[2.420s]      dst='/home/mlemsalu/ros2_ws_luke/build/shared_queues_vendor/concurrentqueue/src/ext-concurrentqueue'
[2.420s] -- extracting... [tar xfz]
[2.568s] -- extracting... [analysis]
[2.568s] -- extracting... [rename]
[2.568s] -- extracting... [clean up]
[2.568s] -- extracting... done
[2.596s] [ 68%] [34m[1mNo patch step for 'ext-concurrentqueue'[0m
[2.602s] [ 75%] [34m[1mNo update step for 'ext-concurrentqueue'[0m
[2.639s] [ 81%] [34m[1mNo configure step for 'ext-concurrentqueue'[0m
[2.677s] [ 87%] [34m[1mNo build step for 'ext-concurrentqueue'[0m
[2.715s] [ 93%] [34m[1mNo install step for 'ext-concurrentqueue'[0m
[2.784s] [100%] [34m[1mCompleted 'ext-concurrentqueue'[0m
[2.881s] [100%] Built target ext-concurrentqueue
[2.902s] Invoked command in '/home/mlemsalu/ros2_ws_luke/build/shared_queues_vendor' returned '0': CMAKE_PREFIX_PATH=/opt/ros/foxy /usr/bin/cmake --build /home/mlemsalu/ros2_ws_luke/build/shared_queues_vendor -- -j12 -l12
[3.070s] Invoking command in '/home/mlemsalu/ros2_ws_luke/build/shared_queues_vendor': CMAKE_PREFIX_PATH=/opt/ros/foxy /usr/bin/cmake --install /home/mlemsalu/ros2_ws_luke/build/shared_queues_vendor
[3.088s] -- Install configuration: "Release"
[3.088s] -- Execute custom install script
[3.089s] -- Symlinking: /home/mlemsalu/ros2_ws_luke/install/shared_queues_vendor/include/moodycamel/atomicops.h
[3.110s] -- Symlinking: /home/mlemsalu/ros2_ws_luke/install/shared_queues_vendor/include/moodycamel/readerwriterqueue.h
[3.137s] -- Symlinking: /home/mlemsalu/ros2_ws_luke/install/shared_queues_vendor/include/moodycamel/concurrentqueue.h
[3.149s] -- Symlinking: /home/mlemsalu/ros2_ws_luke/install/shared_queues_vendor/include/moodycamel/blockingconcurrentqueue.h
[3.162s] -- Symlinking: /home/mlemsalu/ros2_ws_luke/install/shared_queues_vendor/share/ament_index/resource_index/package_run_dependencies/shared_queues_vendor
[3.175s] -- Symlinking: /home/mlemsalu/ros2_ws_luke/install/shared_queues_vendor/share/ament_index/resource_index/parent_prefix_path/shared_queues_vendor
[3.187s] -- Symlinking: /home/mlemsalu/ros2_ws_luke/install/shared_queues_vendor/share/shared_queues_vendor/environment/ament_prefix_path.sh
[3.198s] -- Symlinking: /home/mlemsalu/ros2_ws_luke/install/shared_queues_vendor/share/shared_queues_vendor/environment/ament_prefix_path.dsv
[3.210s] -- Symlinking: /home/mlemsalu/ros2_ws_luke/install/shared_queues_vendor/share/shared_queues_vendor/environment/path.sh
[3.224s] -- Symlinking: /home/mlemsalu/ros2_ws_luke/install/shared_queues_vendor/share/shared_queues_vendor/environment/path.dsv
[3.235s] -- Symlinking: /home/mlemsalu/ros2_ws_luke/install/shared_queues_vendor/share/shared_queues_vendor/local_setup.bash
[3.246s] -- Symlinking: /home/mlemsalu/ros2_ws_luke/install/shared_queues_vendor/share/shared_queues_vendor/local_setup.sh
[3.257s] -- Symlinking: /home/mlemsalu/ros2_ws_luke/install/shared_queues_vendor/share/shared_queues_vendor/local_setup.zsh
[3.269s] -- Symlinking: /home/mlemsalu/ros2_ws_luke/install/shared_queues_vendor/share/shared_queues_vendor/local_setup.dsv
[3.278s] -- Symlinking: /home/mlemsalu/ros2_ws_luke/install/shared_queues_vendor/share/shared_queues_vendor/package.dsv
[3.287s] -- Symlinking: /home/mlemsalu/ros2_ws_luke/install/shared_queues_vendor/share/ament_index/resource_index/packages/shared_queues_vendor
[3.297s] -- Symlinking: /home/mlemsalu/ros2_ws_luke/install/shared_queues_vendor/share/shared_queues_vendor/cmake/ament_cmake_export_include_directories-extras.cmake
[3.307s] -- Symlinking: /home/mlemsalu/ros2_ws_luke/install/shared_queues_vendor/share/shared_queues_vendor/cmake/ament_cmake_export_targets-extras.cmake
[3.318s] -- Symlinking: /home/mlemsalu/ros2_ws_luke/install/shared_queues_vendor/share/shared_queues_vendor/cmake/shared_queues_vendorConfig.cmake
[3.330s] -- Symlinking: /home/mlemsalu/ros2_ws_luke/install/shared_queues_vendor/share/shared_queues_vendor/cmake/shared_queues_vendorConfig-version.cmake
[3.339s] -- Symlinking: /home/mlemsalu/ros2_ws_luke/install/shared_queues_vendor/share/shared_queues_vendor/package.xml
[3.348s] -- Installing: /home/mlemsalu/ros2_ws_luke/install/shared_queues_vendor/share/shared_queues_vendor/cmake/export_shared_queues_vendorExport.cmake
[3.354s] Invoked command in '/home/mlemsalu/ros2_ws_luke/build/shared_queues_vendor' returned '0': CMAKE_PREFIX_PATH=/opt/ros/foxy /usr/bin/cmake --install /home/mlemsalu/ros2_ws_luke/build/shared_queues_vendor
