-- The C compiler identification is GNU 9.4.0
-- The CXX compiler identification is GNU 9.4.0
-- Check for working C compiler: /usr/bin/cc
-- Check for working C compiler: /usr/bin/cc -- works
-- Detecting C compiler ABI info
-- Detecting C compiler ABI info - done
-- Detecting C compile features
-- Detecting C compile features - done
-- Check for working CXX compiler: /usr/bin/c++
-- Check for working CXX compiler: /usr/bin/c++ -- works
-- Detecting CXX compiler ABI info
-- Detecting CXX compiler ABI info - done
-- Detecting CXX compile features
-- Detecting CXX compile features - done
-- Found ament_cmake: 0.9.11 (/opt/ros/foxy/share/ament_cmake/cmake)
-- Found PythonInterp: /usr/bin/python3 (found suitable version "3.8.10", minimum required is "3") 
-- Using PYTHON_EXECUTABLE: /usr/bin/python3
-- Override CMake install command with custom implementation using symlinks instead of copying resources
-- Found pluginlib: 2.5.4 (/opt/ros/foxy/share/pluginlib/cmake)
-- Found rosbag2_compression: 0.7.0 (/home/mlemsalu/ros2_ws_luke/install/rosbag2_compression/share/rosbag2_compression/cmake)
-- Using all available rosidl_typesupport_c: rosidl_typesupport_fastrtps_c;rosidl_typesupport_introspection_c
-- Found rosidl_adapter: 1.3.0 (/opt/ros/foxy/share/rosidl_adapter/cmake)
-- Found OpenSSL: /usr/lib/x86_64-linux-gnu/libcrypto.so (found version "1.1.1f")  
-- Found FastRTPS: /opt/ros/foxy/include  
-- Using all available rosidl_typesupport_cpp: rosidl_typesupport_fastrtps_cpp;rosidl_typesupport_introspection_cpp
-- Found rmw_implementation_cmake: 1.0.4 (/opt/ros/foxy/share/rmw_implementation_cmake/cmake)
-- Using RMW implementation 'rmw_fastrtps_cpp' as default
-- Looking for pthread.h
-- Looking for pthread.h - found
-- Performing Test CMAKE_HAVE_LIBC_PTHREAD
-- Performing Test CMAKE_HAVE_LIBC_PTHREAD - Failed
-- Looking for pthread_create in pthreads
-- Looking for pthread_create in pthreads - not found
-- Looking for pthread_create in pthread
-- Looking for pthread_create in pthread - found
-- Found Threads: TRUE  
-- Setting yaml-cpp_DIR to: '/opt/ros/foxy/share/yaml_cpp_vendor/cmake/../../../opt/yaml_cpp_vendor/lib/cmake/yaml-cpp'
-- Found zstd_vendor: 0.7.0 (/home/mlemsalu/ros2_ws_luke/install/zstd_vendor/share/zstd_vendor/cmake)
-- Found zstd: /home/mlemsalu/ros2_ws_luke/install/zstd_vendor/lib/libzstd.so  
-- Found ament_cmake_gmock: 0.9.11 (/opt/ros/foxy/share/ament_cmake_gmock/cmake)
-- Found ament_lint_auto: 0.9.8 (/opt/ros/foxy/share/ament_lint_auto/cmake)
-- Found rosbag2_test_common: 0.7.0 (/home/mlemsalu/ros2_ws_luke/install/rosbag2_test_common/share/rosbag2_test_common/cmake)
-- Found gmock sources under '/opt/ros/foxy/src/gmock_vendor': C++ tests using 'Google Mock' will be built
-- Found ament_cmake_gtest: 0.9.11 (/opt/ros/foxy/share/ament_cmake_gtest/cmake)
-- Found gtest sources under '/opt/ros/foxy/src/gtest_vendor': C++ tests using 'Google Test' will be built
-- Added test 'copyright' to check source files copyright and LICENSE
-- Added test 'cppcheck' to perform static code analysis on C / C++ code
-- Configured cppcheck include dirs: $<BUILD_INTERFACE:/home/mlemsalu/ros2_ws_luke/src/rosbag2-foxy-future/rosbag2_compression_zstd/include>
-- Configured cppcheck exclude dirs and/or files: 
-- Added test 'cpplint' to check C / C++ code against the Google style
-- Configured cpplint exclude dirs and/or files: 
-- Added test 'lint_cmake' to check CMake code style
-- Added test 'uncrustify' to check C / C++ code style
-- Configured uncrustify additional arguments: 
-- Added test 'xmllint' to check XML markup files
-- Configuring done
-- Generating done
-- Build files have been written to: /home/mlemsalu/ros2_ws_luke/build/rosbag2_compression_zstd
[35m[1mScanning dependencies of target rosbag2_compression_zstd[0m
[35m[1mScanning dependencies of target gmock[0m
[35m[1mScanning dependencies of target gmock_main[0m
[  9%] [32mBuilding CXX object CMakeFiles/rosbag2_compression_zstd.dir/src/rosbag2_compression_zstd/compression_utils.cpp.o[0m
[ 18%] [32mBuilding CXX object CMakeFiles/rosbag2_compression_zstd.dir/src/rosbag2_compression_zstd/zstd_compressor.cpp.o[0m
[ 27%] [32mBuilding CXX object CMakeFiles/rosbag2_compression_zstd.dir/src/rosbag2_compression_zstd/zstd_decompressor.cpp.o[0m
[ 36%] [32mBuilding CXX object gmock/CMakeFiles/gmock_main.dir/src/gmock_main.cc.o[0m
[ 45%] [32mBuilding CXX object gmock/CMakeFiles/gmock.dir/opt/ros/foxy/src/gtest_vendor/src/gtest-all.cc.o[0m
[ 54%] [32mBuilding CXX object gmock/CMakeFiles/gmock.dir/src/gmock-all.cc.o[0m
[ 63%] [32m[1mLinking CXX static library libgmock_main.a[0m
[ 72%] [32m[1mLinking CXX shared library librosbag2_compression_zstd.so[0m
[ 72%] Built target gmock_main
[ 72%] Built target rosbag2_compression_zstd
[ 81%] [32m[1mLinking CXX static library libgmock.a[0m
[ 81%] Built target gmock
[35m[1mScanning dependencies of target test_zstd_compressor[0m
[ 90%] [32mBuilding CXX object CMakeFiles/test_zstd_compressor.dir/test/rosbag2_compression_zstd/test_zstd_compressor.cpp.o[0m
[100%] [32m[1mLinking CXX executable test_zstd_compressor[0m
[100%] Built target test_zstd_compressor
-- Install configuration: "Release"
-- Execute custom install script
-- Symlinking: /home/mlemsalu/ros2_ws_luke/install/rosbag2_compression_zstd/share/rosbag2_compression_zstd//plugin_description.xml
-- Symlinking: /home/mlemsalu/ros2_ws_luke/install/rosbag2_compression_zstd/include/rosbag2_compression_zstd/visibility_control.hpp
-- Symlinking: /home/mlemsalu/ros2_ws_luke/install/rosbag2_compression_zstd/include/rosbag2_compression_zstd/zstd_compressor.hpp
-- Symlinking: /home/mlemsalu/ros2_ws_luke/install/rosbag2_compression_zstd/include/rosbag2_compression_zstd/zstd_decompressor.hpp
-- Symlinking: /home/mlemsalu/ros2_ws_luke/install/rosbag2_compression_zstd/share/rosbag2_compression_zstd/environment/library_path.sh
-- Symlinking: /home/mlemsalu/ros2_ws_luke/install/rosbag2_compression_zstd/share/rosbag2_compression_zstd/environment/library_path.dsv
-- Symlinking: /home/mlemsalu/ros2_ws_luke/install/rosbag2_compression_zstd/share/ament_index/resource_index/package_run_dependencies/rosbag2_compression_zstd
-- Symlinking: /home/mlemsalu/ros2_ws_luke/install/rosbag2_compression_zstd/share/ament_index/resource_index/parent_prefix_path/rosbag2_compression_zstd
-- Symlinking: /home/mlemsalu/ros2_ws_luke/install/rosbag2_compression_zstd/share/rosbag2_compression_zstd/environment/ament_prefix_path.sh
-- Symlinking: /home/mlemsalu/ros2_ws_luke/install/rosbag2_compression_zstd/share/rosbag2_compression_zstd/environment/ament_prefix_path.dsv
-- Symlinking: /home/mlemsalu/ros2_ws_luke/install/rosbag2_compression_zstd/share/rosbag2_compression_zstd/environment/path.sh
-- Symlinking: /home/mlemsalu/ros2_ws_luke/install/rosbag2_compression_zstd/share/rosbag2_compression_zstd/environment/path.dsv
-- Symlinking: /home/mlemsalu/ros2_ws_luke/install/rosbag2_compression_zstd/share/rosbag2_compression_zstd/local_setup.bash
-- Symlinking: /home/mlemsalu/ros2_ws_luke/install/rosbag2_compression_zstd/share/rosbag2_compression_zstd/local_setup.sh
-- Symlinking: /home/mlemsalu/ros2_ws_luke/install/rosbag2_compression_zstd/share/rosbag2_compression_zstd/local_setup.zsh
-- Symlinking: /home/mlemsalu/ros2_ws_luke/install/rosbag2_compression_zstd/share/rosbag2_compression_zstd/local_setup.dsv
-- Symlinking: /home/mlemsalu/ros2_ws_luke/install/rosbag2_compression_zstd/share/rosbag2_compression_zstd/package.dsv
-- Symlinking: /home/mlemsalu/ros2_ws_luke/install/rosbag2_compression_zstd/share/ament_index/resource_index/packages/rosbag2_compression_zstd
-- Symlinking: /home/mlemsalu/ros2_ws_luke/install/rosbag2_compression_zstd/share/ament_index/resource_index/rosbag2_compression__pluginlib__plugin/rosbag2_compression_zstd
-- Symlinking: /home/mlemsalu/ros2_ws_luke/install/rosbag2_compression_zstd/share/rosbag2_compression_zstd/cmake/ament_cmake_export_include_directories-extras.cmake
-- Symlinking: /home/mlemsalu/ros2_ws_luke/install/rosbag2_compression_zstd/share/rosbag2_compression_zstd/cmake/ament_cmake_export_libraries-extras.cmake
-- Symlinking: /home/mlemsalu/ros2_ws_luke/install/rosbag2_compression_zstd/share/rosbag2_compression_zstd/cmake/ament_cmake_export_targets-extras.cmake
-- Symlinking: /home/mlemsalu/ros2_ws_luke/install/rosbag2_compression_zstd/share/rosbag2_compression_zstd/cmake/ament_cmake_export_dependencies-extras.cmake
-- Symlinking: /home/mlemsalu/ros2_ws_luke/install/rosbag2_compression_zstd/share/rosbag2_compression_zstd/cmake/rosbag2_compression_zstdConfig.cmake
-- Symlinking: /home/mlemsalu/ros2_ws_luke/install/rosbag2_compression_zstd/share/rosbag2_compression_zstd/cmake/rosbag2_compression_zstdConfig-version.cmake
-- Symlinking: /home/mlemsalu/ros2_ws_luke/install/rosbag2_compression_zstd/share/rosbag2_compression_zstd/package.xml
-- Installing: /home/mlemsalu/ros2_ws_luke/install/rosbag2_compression_zstd/lib/librosbag2_compression_zstd.so
-- Set runtime path of "/home/mlemsalu/ros2_ws_luke/install/rosbag2_compression_zstd/lib/librosbag2_compression_zstd.so" to ""
-- Installing: /home/mlemsalu/ros2_ws_luke/install/rosbag2_compression_zstd/share/rosbag2_compression_zstd/cmake/export_rosbag2_compression_zstdExport.cmake
-- Installing: /home/mlemsalu/ros2_ws_luke/install/rosbag2_compression_zstd/share/rosbag2_compression_zstd/cmake/export_rosbag2_compression_zstdExport-release.cmake
