[0.023s] Invoking command in '/home/mlemsalu/ros2_ws_luke/build/rosbag2_compression_zstd': AMENT_PREFIX_PATH=/home/mlemsalu/ros2_ws_luke/install/rosbag2_compression:/home/mlemsalu/ros2_ws_luke/install/rosbag2_cpp:/home/mlemsalu/ros2_ws_luke/install/rosbag2_storage_default_plugins:/home/mlemsalu/ros2_ws_luke/install/rosbag2_storage:/home/mlemsalu/ros2_ws_luke/install/zstd_vendor:/home/mlemsalu/ros2_ws_luke/install/sqlite3_vendor:/home/mlemsalu/ros2_ws_luke/install/shared_queues_vendor:/home/mlemsalu/ros2_ws_luke/install/rosbag2_test_common:${AMENT_PREFIX_PATH} CMAKE_PREFIX_PATH=/home/mlemsalu/ros2_ws_luke/install/rosbag2_compression:/home/mlemsalu/ros2_ws_luke/install/rosbag2_cpp:/home/mlemsalu/ros2_ws_luke/install/rosbag2_storage_default_plugins:/home/mlemsalu/ros2_ws_luke/install/rosbag2_storage:/home/mlemsalu/ros2_ws_luke/install/zstd_vendor:/home/mlemsalu/ros2_ws_luke/install/sqlite3_vendor:/home/mlemsalu/ros2_ws_luke/install/shared_queues_vendor:/home/mlemsalu/ros2_ws_luke/install/rosbag2_test_common:/opt/ros/foxy LD_LIBRARY_PATH=/home/mlemsalu/ros2_ws_luke/install/rosbag2_compression/lib:/home/mlemsalu/ros2_ws_luke/install/rosbag2_cpp/lib:/home/mlemsalu/ros2_ws_luke/install/rosbag2_storage_default_plugins/lib:/home/mlemsalu/ros2_ws_luke/install/rosbag2_storage/lib:/home/mlemsalu/ros2_ws_luke/install/zstd_vendor/lib:${LD_LIBRARY_PATH} /usr/bin/cmake /home/mlemsalu/ros2_ws_luke/src/rosbag2-foxy-future/rosbag2_compression_zstd -DCMAKE_BUILD_TYPE=Release -DAMENT_CMAKE_SYMLINK_INSTALL=1 -DCMAKE_INSTALL_PREFIX=/home/mlemsalu/ros2_ws_luke/install/rosbag2_compression_zstd
[0.091s] -- The C compiler identification is GNU 9.4.0
[0.148s] -- The CXX compiler identification is GNU 9.4.0
[0.153s] -- Check for working C compiler: /usr/bin/cc
[0.236s] -- Check for working C compiler: /usr/bin/cc -- works
[0.237s] -- Detecting C compiler ABI info
[0.309s] -- Detecting C compiler ABI info - done
[0.321s] -- Detecting C compile features
[0.322s] -- Detecting C compile features - done
[0.326s] -- Check for working CXX compiler: /usr/bin/c++
[0.422s] -- Check for working CXX compiler: /usr/bin/c++ -- works
[0.424s] -- Detecting CXX compiler ABI info
[0.510s] -- Detecting CXX compiler ABI info - done
[0.522s] -- Detecting CXX compile features
[0.523s] -- Detecting CXX compile features - done
[0.525s] -- Found ament_cmake: 0.9.11 (/opt/ros/foxy/share/ament_cmake/cmake)
[0.549s] -- Found PythonInterp: /usr/bin/python3 (found suitable version "3.8.10", minimum required is "3") 
[0.549s] -- Using PYTHON_EXECUTABLE: /usr/bin/python3
[0.718s] -- Override CMake install command with custom implementation using symlinks instead of copying resources
[0.747s] -- Found pluginlib: 2.5.4 (/opt/ros/foxy/share/pluginlib/cmake)
[0.788s] -- Found rosbag2_compression: 0.7.0 (/home/mlemsalu/ros2_ws_luke/install/rosbag2_compression/share/rosbag2_compression/cmake)
[0.836s] -- Using all available rosidl_typesupport_c: rosidl_typesupport_fastrtps_c;rosidl_typesupport_introspection_c
[0.844s] -- Found rosidl_adapter: 1.3.0 (/opt/ros/foxy/share/rosidl_adapter/cmake)
[0.936s] -- Found OpenSSL: /usr/lib/x86_64-linux-gnu/libcrypto.so (found version "1.1.1f")  
[0.965s] -- Found FastRTPS: /opt/ros/foxy/include  
[1.043s] -- Using all available rosidl_typesupport_cpp: rosidl_typesupport_fastrtps_cpp;rosidl_typesupport_introspection_cpp
[1.109s] -- Found rmw_implementation_cmake: 1.0.4 (/opt/ros/foxy/share/rmw_implementation_cmake/cmake)
[1.119s] -- Using RMW implementation 'rmw_fastrtps_cpp' as default
[1.119s] -- Looking for pthread.h
[1.197s] -- Looking for pthread.h - found
[1.197s] -- Performing Test CMAKE_HAVE_LIBC_PTHREAD
[1.274s] -- Performing Test CMAKE_HAVE_LIBC_PTHREAD - Failed
[1.274s] -- Looking for pthread_create in pthreads
[1.341s] -- Looking for pthread_create in pthreads - not found
[1.341s] -- Looking for pthread_create in pthread
[1.414s] -- Looking for pthread_create in pthread - found
[1.415s] -- Found Threads: TRUE  
[1.610s] -- Setting yaml-cpp_DIR to: '/opt/ros/foxy/share/yaml_cpp_vendor/cmake/../../../opt/yaml_cpp_vendor/lib/cmake/yaml-cpp'
[1.618s] -- Found zstd_vendor: 0.7.0 (/home/mlemsalu/ros2_ws_luke/install/zstd_vendor/share/zstd_vendor/cmake)
[1.619s] -- Found zstd: /home/mlemsalu/ros2_ws_luke/install/zstd_vendor/lib/libzstd.so  
[1.625s] -- Found ament_cmake_gmock: 0.9.11 (/opt/ros/foxy/share/ament_cmake_gmock/cmake)
[1.627s] -- Found ament_lint_auto: 0.9.8 (/opt/ros/foxy/share/ament_lint_auto/cmake)
[1.629s] -- Found rosbag2_test_common: 0.7.0 (/home/mlemsalu/ros2_ws_luke/install/rosbag2_test_common/share/rosbag2_test_common/cmake)
[1.707s] -- Found gmock sources under '/opt/ros/foxy/src/gmock_vendor': C++ tests using 'Google Mock' will be built
[1.712s] -- Found ament_cmake_gtest: 0.9.11 (/opt/ros/foxy/share/ament_cmake_gtest/cmake)
[1.713s] -- Found gtest sources under '/opt/ros/foxy/src/gtest_vendor': C++ tests using 'Google Test' will be built
[1.722s] -- Added test 'copyright' to check source files copyright and LICENSE
[1.724s] -- Added test 'cppcheck' to perform static code analysis on C / C++ code
[1.724s] -- Configured cppcheck include dirs: $<BUILD_INTERFACE:/home/mlemsalu/ros2_ws_luke/src/rosbag2-foxy-future/rosbag2_compression_zstd/include>
[1.724s] -- Configured cppcheck exclude dirs and/or files: 
[1.726s] -- Added test 'cpplint' to check C / C++ code against the Google style
[1.726s] -- Configured cpplint exclude dirs and/or files: 
[1.727s] -- Added test 'lint_cmake' to check CMake code style
[1.728s] -- Added test 'uncrustify' to check C / C++ code style
[1.728s] -- Configured uncrustify additional arguments: 
[1.729s] -- Added test 'xmllint' to check XML markup files
[1.735s] -- Configuring done
[1.756s] -- Generating done
[1.758s] -- Build files have been written to: /home/mlemsalu/ros2_ws_luke/build/rosbag2_compression_zstd
[1.766s] Invoked command in '/home/mlemsalu/ros2_ws_luke/build/rosbag2_compression_zstd' returned '0': AMENT_PREFIX_PATH=/home/mlemsalu/ros2_ws_luke/install/rosbag2_compression:/home/mlemsalu/ros2_ws_luke/install/rosbag2_cpp:/home/mlemsalu/ros2_ws_luke/install/rosbag2_storage_default_plugins:/home/mlemsalu/ros2_ws_luke/install/rosbag2_storage:/home/mlemsalu/ros2_ws_luke/install/zstd_vendor:/home/mlemsalu/ros2_ws_luke/install/sqlite3_vendor:/home/mlemsalu/ros2_ws_luke/install/shared_queues_vendor:/home/mlemsalu/ros2_ws_luke/install/rosbag2_test_common:${AMENT_PREFIX_PATH} CMAKE_PREFIX_PATH=/home/mlemsalu/ros2_ws_luke/install/rosbag2_compression:/home/mlemsalu/ros2_ws_luke/install/rosbag2_cpp:/home/mlemsalu/ros2_ws_luke/install/rosbag2_storage_default_plugins:/home/mlemsalu/ros2_ws_luke/install/rosbag2_storage:/home/mlemsalu/ros2_ws_luke/install/zstd_vendor:/home/mlemsalu/ros2_ws_luke/install/sqlite3_vendor:/home/mlemsalu/ros2_ws_luke/install/shared_queues_vendor:/home/mlemsalu/ros2_ws_luke/install/rosbag2_test_common:/opt/ros/foxy LD_LIBRARY_PATH=/home/mlemsalu/ros2_ws_luke/install/rosbag2_compression/lib:/home/mlemsalu/ros2_ws_luke/install/rosbag2_cpp/lib:/home/mlemsalu/ros2_ws_luke/install/rosbag2_storage_default_plugins/lib:/home/mlemsalu/ros2_ws_luke/install/rosbag2_storage/lib:/home/mlemsalu/ros2_ws_luke/install/zstd_vendor/lib:${LD_LIBRARY_PATH} /usr/bin/cmake /home/mlemsalu/ros2_ws_luke/src/rosbag2-foxy-future/rosbag2_compression_zstd -DCMAKE_BUILD_TYPE=Release -DAMENT_CMAKE_SYMLINK_INSTALL=1 -DCMAKE_INSTALL_PREFIX=/home/mlemsalu/ros2_ws_luke/install/rosbag2_compression_zstd
[1.767s] Invoking command in '/home/mlemsalu/ros2_ws_luke/build/rosbag2_compression_zstd': AMENT_PREFIX_PATH=/home/mlemsalu/ros2_ws_luke/install/rosbag2_compression:/home/mlemsalu/ros2_ws_luke/install/rosbag2_cpp:/home/mlemsalu/ros2_ws_luke/install/rosbag2_storage_default_plugins:/home/mlemsalu/ros2_ws_luke/install/rosbag2_storage:/home/mlemsalu/ros2_ws_luke/install/zstd_vendor:/home/mlemsalu/ros2_ws_luke/install/sqlite3_vendor:/home/mlemsalu/ros2_ws_luke/install/shared_queues_vendor:/home/mlemsalu/ros2_ws_luke/install/rosbag2_test_common:${AMENT_PREFIX_PATH} CMAKE_PREFIX_PATH=/home/mlemsalu/ros2_ws_luke/install/rosbag2_compression:/home/mlemsalu/ros2_ws_luke/install/rosbag2_cpp:/home/mlemsalu/ros2_ws_luke/install/rosbag2_storage_default_plugins:/home/mlemsalu/ros2_ws_luke/install/rosbag2_storage:/home/mlemsalu/ros2_ws_luke/install/zstd_vendor:/home/mlemsalu/ros2_ws_luke/install/sqlite3_vendor:/home/mlemsalu/ros2_ws_luke/install/shared_queues_vendor:/home/mlemsalu/ros2_ws_luke/install/rosbag2_test_common:/opt/ros/foxy LD_LIBRARY_PATH=/home/mlemsalu/ros2_ws_luke/install/rosbag2_compression/lib:/home/mlemsalu/ros2_ws_luke/install/rosbag2_cpp/lib:/home/mlemsalu/ros2_ws_luke/install/rosbag2_storage_default_plugins/lib:/home/mlemsalu/ros2_ws_luke/install/rosbag2_storage/lib:/home/mlemsalu/ros2_ws_luke/install/zstd_vendor/lib:${LD_LIBRARY_PATH} /usr/bin/cmake --build /home/mlemsalu/ros2_ws_luke/build/rosbag2_compression_zstd -- -j12 -l12
[1.812s] [35m[1mScanning dependencies of target rosbag2_compression_zstd[0m
[1.815s] [35m[1mScanning dependencies of target gmock[0m
[1.815s] [35m[1mScanning dependencies of target gmock_main[0m
[1.830s] [  9%] [32mBuilding CXX object CMakeFiles/rosbag2_compression_zstd.dir/src/rosbag2_compression_zstd/compression_utils.cpp.o[0m
[1.830s] [ 18%] [32mBuilding CXX object CMakeFiles/rosbag2_compression_zstd.dir/src/rosbag2_compression_zstd/zstd_compressor.cpp.o[0m
[1.840s] [ 27%] [32mBuilding CXX object CMakeFiles/rosbag2_compression_zstd.dir/src/rosbag2_compression_zstd/zstd_decompressor.cpp.o[0m
[1.841s] [ 36%] [32mBuilding CXX object gmock/CMakeFiles/gmock_main.dir/src/gmock_main.cc.o[0m
[1.852s] [ 45%] [32mBuilding CXX object gmock/CMakeFiles/gmock.dir/opt/ros/foxy/src/gtest_vendor/src/gtest-all.cc.o[0m
[1.852s] [ 54%] [32mBuilding CXX object gmock/CMakeFiles/gmock.dir/src/gmock-all.cc.o[0m
[3.687s] [ 63%] [32m[1mLinking CXX static library libgmock_main.a[0m
[3.844s] [ 72%] [32m[1mLinking CXX shared library librosbag2_compression_zstd.so[0m
[3.872s] [ 72%] Built target gmock_main
[4.275s] [ 72%] Built target rosbag2_compression_zstd
[14.866s] [ 81%] [32m[1mLinking CXX static library libgmock.a[0m
[15.094s] [ 81%] Built target gmock
[15.197s] [35m[1mScanning dependencies of target test_zstd_compressor[0m
[15.444s] [ 90%] [32mBuilding CXX object CMakeFiles/test_zstd_compressor.dir/test/rosbag2_compression_zstd/test_zstd_compressor.cpp.o[0m
[24.560s] [100%] [32m[1mLinking CXX executable test_zstd_compressor[0m
[24.843s] [100%] Built target test_zstd_compressor
[24.867s] Invoked command in '/home/mlemsalu/ros2_ws_luke/build/rosbag2_compression_zstd' returned '0': AMENT_PREFIX_PATH=/home/mlemsalu/ros2_ws_luke/install/rosbag2_compression:/home/mlemsalu/ros2_ws_luke/install/rosbag2_cpp:/home/mlemsalu/ros2_ws_luke/install/rosbag2_storage_default_plugins:/home/mlemsalu/ros2_ws_luke/install/rosbag2_storage:/home/mlemsalu/ros2_ws_luke/install/zstd_vendor:/home/mlemsalu/ros2_ws_luke/install/sqlite3_vendor:/home/mlemsalu/ros2_ws_luke/install/shared_queues_vendor:/home/mlemsalu/ros2_ws_luke/install/rosbag2_test_common:${AMENT_PREFIX_PATH} CMAKE_PREFIX_PATH=/home/mlemsalu/ros2_ws_luke/install/rosbag2_compression:/home/mlemsalu/ros2_ws_luke/install/rosbag2_cpp:/home/mlemsalu/ros2_ws_luke/install/rosbag2_storage_default_plugins:/home/mlemsalu/ros2_ws_luke/install/rosbag2_storage:/home/mlemsalu/ros2_ws_luke/install/zstd_vendor:/home/mlemsalu/ros2_ws_luke/install/sqlite3_vendor:/home/mlemsalu/ros2_ws_luke/install/shared_queues_vendor:/home/mlemsalu/ros2_ws_luke/install/rosbag2_test_common:/opt/ros/foxy LD_LIBRARY_PATH=/home/mlemsalu/ros2_ws_luke/install/rosbag2_compression/lib:/home/mlemsalu/ros2_ws_luke/install/rosbag2_cpp/lib:/home/mlemsalu/ros2_ws_luke/install/rosbag2_storage_default_plugins/lib:/home/mlemsalu/ros2_ws_luke/install/rosbag2_storage/lib:/home/mlemsalu/ros2_ws_luke/install/zstd_vendor/lib:${LD_LIBRARY_PATH} /usr/bin/cmake --build /home/mlemsalu/ros2_ws_luke/build/rosbag2_compression_zstd -- -j12 -l12
[24.935s] Invoking command in '/home/mlemsalu/ros2_ws_luke/build/rosbag2_compression_zstd': AMENT_PREFIX_PATH=/home/mlemsalu/ros2_ws_luke/install/rosbag2_compression:/home/mlemsalu/ros2_ws_luke/install/rosbag2_cpp:/home/mlemsalu/ros2_ws_luke/install/rosbag2_storage_default_plugins:/home/mlemsalu/ros2_ws_luke/install/rosbag2_storage:/home/mlemsalu/ros2_ws_luke/install/zstd_vendor:/home/mlemsalu/ros2_ws_luke/install/sqlite3_vendor:/home/mlemsalu/ros2_ws_luke/install/shared_queues_vendor:/home/mlemsalu/ros2_ws_luke/install/rosbag2_test_common:${AMENT_PREFIX_PATH} CMAKE_PREFIX_PATH=/home/mlemsalu/ros2_ws_luke/install/rosbag2_compression:/home/mlemsalu/ros2_ws_luke/install/rosbag2_cpp:/home/mlemsalu/ros2_ws_luke/install/rosbag2_storage_default_plugins:/home/mlemsalu/ros2_ws_luke/install/rosbag2_storage:/home/mlemsalu/ros2_ws_luke/install/zstd_vendor:/home/mlemsalu/ros2_ws_luke/install/sqlite3_vendor:/home/mlemsalu/ros2_ws_luke/install/shared_queues_vendor:/home/mlemsalu/ros2_ws_luke/install/rosbag2_test_common:/opt/ros/foxy LD_LIBRARY_PATH=/home/mlemsalu/ros2_ws_luke/install/rosbag2_compression/lib:/home/mlemsalu/ros2_ws_luke/install/rosbag2_cpp/lib:/home/mlemsalu/ros2_ws_luke/install/rosbag2_storage_default_plugins/lib:/home/mlemsalu/ros2_ws_luke/install/rosbag2_storage/lib:/home/mlemsalu/ros2_ws_luke/install/zstd_vendor/lib:${LD_LIBRARY_PATH} /usr/bin/cmake --install /home/mlemsalu/ros2_ws_luke/build/rosbag2_compression_zstd
[24.956s] -- Install configuration: "Release"
[24.957s] -- Execute custom install script
[24.959s] -- Symlinking: /home/mlemsalu/ros2_ws_luke/install/rosbag2_compression_zstd/share/rosbag2_compression_zstd//plugin_description.xml
[24.981s] -- Symlinking: /home/mlemsalu/ros2_ws_luke/install/rosbag2_compression_zstd/include/rosbag2_compression_zstd/visibility_control.hpp
[24.997s] -- Symlinking: /home/mlemsalu/ros2_ws_luke/install/rosbag2_compression_zstd/include/rosbag2_compression_zstd/zstd_compressor.hpp
[25.013s] -- Symlinking: /home/mlemsalu/ros2_ws_luke/install/rosbag2_compression_zstd/include/rosbag2_compression_zstd/zstd_decompressor.hpp
[25.030s] -- Symlinking: /home/mlemsalu/ros2_ws_luke/install/rosbag2_compression_zstd/share/rosbag2_compression_zstd/environment/library_path.sh
[25.047s] -- Symlinking: /home/mlemsalu/ros2_ws_luke/install/rosbag2_compression_zstd/share/rosbag2_compression_zstd/environment/library_path.dsv
[25.065s] -- Symlinking: /home/mlemsalu/ros2_ws_luke/install/rosbag2_compression_zstd/share/ament_index/resource_index/package_run_dependencies/rosbag2_compression_zstd
[25.083s] -- Symlinking: /home/mlemsalu/ros2_ws_luke/install/rosbag2_compression_zstd/share/ament_index/resource_index/parent_prefix_path/rosbag2_compression_zstd
[25.101s] -- Symlinking: /home/mlemsalu/ros2_ws_luke/install/rosbag2_compression_zstd/share/rosbag2_compression_zstd/environment/ament_prefix_path.sh
[25.117s] -- Symlinking: /home/mlemsalu/ros2_ws_luke/install/rosbag2_compression_zstd/share/rosbag2_compression_zstd/environment/ament_prefix_path.dsv
[25.134s] -- Symlinking: /home/mlemsalu/ros2_ws_luke/install/rosbag2_compression_zstd/share/rosbag2_compression_zstd/environment/path.sh
[25.152s] -- Symlinking: /home/mlemsalu/ros2_ws_luke/install/rosbag2_compression_zstd/share/rosbag2_compression_zstd/environment/path.dsv
[25.168s] -- Symlinking: /home/mlemsalu/ros2_ws_luke/install/rosbag2_compression_zstd/share/rosbag2_compression_zstd/local_setup.bash
[25.186s] -- Symlinking: /home/mlemsalu/ros2_ws_luke/install/rosbag2_compression_zstd/share/rosbag2_compression_zstd/local_setup.sh
[25.203s] -- Symlinking: /home/mlemsalu/ros2_ws_luke/install/rosbag2_compression_zstd/share/rosbag2_compression_zstd/local_setup.zsh
[25.220s] -- Symlinking: /home/mlemsalu/ros2_ws_luke/install/rosbag2_compression_zstd/share/rosbag2_compression_zstd/local_setup.dsv
[25.241s] -- Symlinking: /home/mlemsalu/ros2_ws_luke/install/rosbag2_compression_zstd/share/rosbag2_compression_zstd/package.dsv
[25.257s] -- Symlinking: /home/mlemsalu/ros2_ws_luke/install/rosbag2_compression_zstd/share/ament_index/resource_index/packages/rosbag2_compression_zstd
[25.273s] -- Symlinking: /home/mlemsalu/ros2_ws_luke/install/rosbag2_compression_zstd/share/ament_index/resource_index/rosbag2_compression__pluginlib__plugin/rosbag2_compression_zstd
[25.290s] -- Symlinking: /home/mlemsalu/ros2_ws_luke/install/rosbag2_compression_zstd/share/rosbag2_compression_zstd/cmake/ament_cmake_export_include_directories-extras.cmake
[25.307s] -- Symlinking: /home/mlemsalu/ros2_ws_luke/install/rosbag2_compression_zstd/share/rosbag2_compression_zstd/cmake/ament_cmake_export_libraries-extras.cmake
[25.323s] -- Symlinking: /home/mlemsalu/ros2_ws_luke/install/rosbag2_compression_zstd/share/rosbag2_compression_zstd/cmake/ament_cmake_export_targets-extras.cmake
[25.340s] -- Symlinking: /home/mlemsalu/ros2_ws_luke/install/rosbag2_compression_zstd/share/rosbag2_compression_zstd/cmake/ament_cmake_export_dependencies-extras.cmake
[25.357s] -- Symlinking: /home/mlemsalu/ros2_ws_luke/install/rosbag2_compression_zstd/share/rosbag2_compression_zstd/cmake/rosbag2_compression_zstdConfig.cmake
[25.374s] -- Symlinking: /home/mlemsalu/ros2_ws_luke/install/rosbag2_compression_zstd/share/rosbag2_compression_zstd/cmake/rosbag2_compression_zstdConfig-version.cmake
[25.391s] -- Symlinking: /home/mlemsalu/ros2_ws_luke/install/rosbag2_compression_zstd/share/rosbag2_compression_zstd/package.xml
[25.407s] -- Installing: /home/mlemsalu/ros2_ws_luke/install/rosbag2_compression_zstd/lib/librosbag2_compression_zstd.so
[25.408s] -- Set runtime path of "/home/mlemsalu/ros2_ws_luke/install/rosbag2_compression_zstd/lib/librosbag2_compression_zstd.so" to ""
[25.408s] -- Installing: /home/mlemsalu/ros2_ws_luke/install/rosbag2_compression_zstd/share/rosbag2_compression_zstd/cmake/export_rosbag2_compression_zstdExport.cmake
[25.409s] -- Installing: /home/mlemsalu/ros2_ws_luke/install/rosbag2_compression_zstd/share/rosbag2_compression_zstd/cmake/export_rosbag2_compression_zstdExport-release.cmake
[25.417s] Invoked command in '/home/mlemsalu/ros2_ws_luke/build/rosbag2_compression_zstd' returned '0': AMENT_PREFIX_PATH=/home/mlemsalu/ros2_ws_luke/install/rosbag2_compression:/home/mlemsalu/ros2_ws_luke/install/rosbag2_cpp:/home/mlemsalu/ros2_ws_luke/install/rosbag2_storage_default_plugins:/home/mlemsalu/ros2_ws_luke/install/rosbag2_storage:/home/mlemsalu/ros2_ws_luke/install/zstd_vendor:/home/mlemsalu/ros2_ws_luke/install/sqlite3_vendor:/home/mlemsalu/ros2_ws_luke/install/shared_queues_vendor:/home/mlemsalu/ros2_ws_luke/install/rosbag2_test_common:${AMENT_PREFIX_PATH} CMAKE_PREFIX_PATH=/home/mlemsalu/ros2_ws_luke/install/rosbag2_compression:/home/mlemsalu/ros2_ws_luke/install/rosbag2_cpp:/home/mlemsalu/ros2_ws_luke/install/rosbag2_storage_default_plugins:/home/mlemsalu/ros2_ws_luke/install/rosbag2_storage:/home/mlemsalu/ros2_ws_luke/install/zstd_vendor:/home/mlemsalu/ros2_ws_luke/install/sqlite3_vendor:/home/mlemsalu/ros2_ws_luke/install/shared_queues_vendor:/home/mlemsalu/ros2_ws_luke/install/rosbag2_test_common:/opt/ros/foxy LD_LIBRARY_PATH=/home/mlemsalu/ros2_ws_luke/install/rosbag2_compression/lib:/home/mlemsalu/ros2_ws_luke/install/rosbag2_cpp/lib:/home/mlemsalu/ros2_ws_luke/install/rosbag2_storage_default_plugins/lib:/home/mlemsalu/ros2_ws_luke/install/rosbag2_storage/lib:/home/mlemsalu/ros2_ws_luke/install/zstd_vendor/lib:${LD_LIBRARY_PATH} /usr/bin/cmake --install /home/mlemsalu/ros2_ws_luke/build/rosbag2_compression_zstd
