[0.009s] Invoking command in '/home/mlemsalu/ros2_ws_luke/build/rosbag2_storage': AMENT_PREFIX_PATH=/home/mlemsalu/ros2_ws_luke/install/rosbag2_test_common:${AMENT_PREFIX_PATH} CMAKE_PREFIX_PATH=/home/mlemsalu/ros2_ws_luke/install/rosbag2_test_common:/opt/ros/foxy /usr/bin/cmake /home/mlemsalu/ros2_ws_luke/src/rosbag2-foxy-future/rosbag2_storage -DCMAKE_BUILD_TYPE=Release -DAMENT_CMAKE_SYMLINK_INSTALL=1 -DCMAKE_INSTALL_PREFIX=/home/mlemsalu/ros2_ws_luke/install/rosbag2_storage
[0.065s] -- The C compiler identification is GNU 9.4.0
[0.123s] -- The CXX compiler identification is GNU 9.4.0
[0.129s] -- Check for working C compiler: /usr/bin/cc
[0.221s] -- Check for working C compiler: /usr/bin/cc -- works
[0.222s] -- Detecting C compiler ABI info
[0.305s] -- Detecting C compiler ABI info - done
[0.326s] -- Detecting C compile features
[0.327s] -- Detecting C compile features - done
[0.331s] -- Check for working CXX compiler: /usr/bin/c++
[0.443s] -- Check for working CXX compiler: /usr/bin/c++ -- works
[0.445s] -- Detecting CXX compiler ABI info
[0.554s] -- Detecting CXX compiler ABI info - done
[0.572s] -- Detecting CXX compile features
[0.573s] -- Detecting CXX compile features - done
[0.577s] -- Found ament_cmake: 0.9.11 (/opt/ros/foxy/share/ament_cmake/cmake)
[0.608s] -- Found PythonInterp: /usr/bin/python3 (found suitable version "3.8.10", minimum required is "3") 
[0.608s] -- Using PYTHON_EXECUTABLE: /usr/bin/python3
[0.868s] -- Override CMake install command with custom implementation using symlinks instead of copying resources
[0.902s] -- Found pluginlib: 2.5.4 (/opt/ros/foxy/share/pluginlib/cmake)
[0.962s] -- Found yaml_cpp_vendor: 7.0.3 (/opt/ros/foxy/share/yaml_cpp_vendor/cmake)
[0.963s] -- Setting yaml-cpp_DIR to: '/opt/ros/foxy/share/yaml_cpp_vendor/cmake/../../../opt/yaml_cpp_vendor/lib/cmake/yaml-cpp'
[0.972s] -- Found ament_lint_auto: 0.9.8 (/opt/ros/foxy/share/ament_lint_auto/cmake)
[0.975s] -- Found ament_cmake_gmock: 0.9.11 (/opt/ros/foxy/share/ament_cmake_gmock/cmake)
[0.976s] -- Found rosbag2_test_common: 0.7.0 (/home/mlemsalu/ros2_ws_luke/install/rosbag2_test_common/share/rosbag2_test_common/cmake)
[1.030s] -- Using all available rosidl_typesupport_c: rosidl_typesupport_fastrtps_c;rosidl_typesupport_introspection_c
[1.044s] -- Found rosidl_adapter: 1.3.0 (/opt/ros/foxy/share/rosidl_adapter/cmake)
[1.179s] -- Found OpenSSL: /usr/lib/x86_64-linux-gnu/libcrypto.so (found version "1.1.1f")  
[1.204s] -- Found FastRTPS: /opt/ros/foxy/include  
[1.291s] -- Using all available rosidl_typesupport_cpp: rosidl_typesupport_fastrtps_cpp;rosidl_typesupport_introspection_cpp
[1.374s] -- Found rmw_implementation_cmake: 1.0.4 (/opt/ros/foxy/share/rmw_implementation_cmake/cmake)
[1.378s] -- Using RMW implementation 'rmw_fastrtps_cpp' as default
[1.379s] -- Looking for pthread.h
[1.447s] -- Looking for pthread.h - found
[1.447s] -- Performing Test CMAKE_HAVE_LIBC_PTHREAD
[1.520s] -- Performing Test CMAKE_HAVE_LIBC_PTHREAD - Failed
[1.520s] -- Looking for pthread_create in pthreads
[1.581s] -- Looking for pthread_create in pthreads - not found
[1.581s] -- Looking for pthread_create in pthread
[1.657s] -- Looking for pthread_create in pthread - found
[1.658s] -- Found Threads: TRUE  
[1.981s] -- Found gmock sources under '/opt/ros/foxy/src/gmock_vendor': C++ tests using 'Google Mock' will be built
[1.986s] -- Found gtest sources under '/opt/ros/foxy/src/gtest_vendor': C++ tests using 'Google Test' will be built
[2.000s] -- Added test 'copyright' to check source files copyright and LICENSE
[2.003s] -- Added test 'cppcheck' to perform static code analysis on C / C++ code
[2.004s] -- Configured cppcheck include dirs: $<BUILD_INTERFACE:/home/mlemsalu/ros2_ws_luke/src/rosbag2-foxy-future/rosbag2_storage/include>;/home/mlemsalu/ros2_ws_luke/src/rosbag2-foxy-future/rosbag2_storage/include
[2.004s] -- Configured cppcheck exclude dirs and/or files: 
[2.007s] -- Added test 'cpplint' to check C / C++ code against the Google style
[2.007s] -- Configured cpplint exclude dirs and/or files: 
[2.009s] -- Added test 'lint_cmake' to check CMake code style
[2.012s] -- Added test 'uncrustify' to check C / C++ code style
[2.012s] -- Configured uncrustify additional arguments: 
[2.013s] -- Added test 'xmllint' to check XML markup files
[2.021s] -- Configuring done
[2.052s] -- Generating done
[2.055s] -- Build files have been written to: /home/mlemsalu/ros2_ws_luke/build/rosbag2_storage
[2.065s] Invoked command in '/home/mlemsalu/ros2_ws_luke/build/rosbag2_storage' returned '0': AMENT_PREFIX_PATH=/home/mlemsalu/ros2_ws_luke/install/rosbag2_test_common:${AMENT_PREFIX_PATH} CMAKE_PREFIX_PATH=/home/mlemsalu/ros2_ws_luke/install/rosbag2_test_common:/opt/ros/foxy /usr/bin/cmake /home/mlemsalu/ros2_ws_luke/src/rosbag2-foxy-future/rosbag2_storage -DCMAKE_BUILD_TYPE=Release -DAMENT_CMAKE_SYMLINK_INSTALL=1 -DCMAKE_INSTALL_PREFIX=/home/mlemsalu/ros2_ws_luke/install/rosbag2_storage
[2.066s] Invoking command in '/home/mlemsalu/ros2_ws_luke/build/rosbag2_storage': AMENT_PREFIX_PATH=/home/mlemsalu/ros2_ws_luke/install/rosbag2_test_common:${AMENT_PREFIX_PATH} CMAKE_PREFIX_PATH=/home/mlemsalu/ros2_ws_luke/install/rosbag2_test_common:/opt/ros/foxy /usr/bin/cmake --build /home/mlemsalu/ros2_ws_luke/build/rosbag2_storage -- -j12 -l12
[2.113s] [35m[1mScanning dependencies of target gmock[0m
[2.116s] [35m[1mScanning dependencies of target gmock_main[0m
[2.119s] [35m[1mScanning dependencies of target rosbag2_storage[0m
[2.145s] [  5%] [32mBuilding CXX object gmock/CMakeFiles/gmock_main.dir/src/gmock_main.cc.o[0m
[2.161s] [ 10%] [32mBuilding CXX object gmock/CMakeFiles/gmock.dir/src/gmock-all.cc.o[0m
[2.164s] [ 15%] [32mBuilding CXX object CMakeFiles/rosbag2_storage.dir/src/rosbag2_storage/metadata_io.cpp.o[0m
[2.165s] [ 21%] [32mBuilding CXX object gmock/CMakeFiles/gmock.dir/opt/ros/foxy/src/gtest_vendor/src/gtest-all.cc.o[0m
[2.168s] [ 26%] [32mBuilding CXX object CMakeFiles/rosbag2_storage.dir/src/rosbag2_storage/ros_helper.cpp.o[0m
[2.176s] [ 31%] [32mBuilding CXX object CMakeFiles/rosbag2_storage.dir/src/rosbag2_storage/base_io_interface.cpp.o[0m
[2.182s] [ 36%] [32mBuilding CXX object CMakeFiles/rosbag2_storage.dir/src/rosbag2_storage/storage_factory.cpp.o[0m
[3.685s] [ 42%] [32m[1mLinking CXX static library libgmock_main.a[0m
[3.977s] [ 42%] Built target gmock_main
[14.793s] [ 47%] [32m[1mLinking CXX shared library librosbag2_storage.so[0m
[14.943s] [ 47%] Built target rosbag2_storage
[14.957s] [35m[1mScanning dependencies of target test_plugin[0m
[14.982s] [ 52%] [32mBuilding CXX object CMakeFiles/test_plugin.dir/test/rosbag2_storage/test_plugin.cpp.o[0m
[15.003s] [ 57%] [32mBuilding CXX object CMakeFiles/test_plugin.dir/test/rosbag2_storage/test_read_only_plugin.cpp.o[0m
[15.096s] [ 63%] [32m[1mLinking CXX static library libgmock.a[0m
[15.238s] [ 63%] Built target gmock
[15.312s] [35m[1mScanning dependencies of target test_storage_factory[0m
[15.312s] [35m[1mScanning dependencies of target test_metadata_serialization[0m
[15.349s] [35m[1mScanning dependencies of target test_ros_helper[0m
[15.419s] [ 68%] [32mBuilding CXX object CMakeFiles/test_metadata_serialization.dir/test/rosbag2_storage/test_metadata_serialization.cpp.o[0m
[15.459s] [ 73%] [32mBuilding CXX object CMakeFiles/test_storage_factory.dir/test/rosbag2_storage/test_storage_factory.cpp.o[0m
[15.463s] [ 78%] [32mBuilding CXX object CMakeFiles/test_ros_helper.dir/test/rosbag2_storage/test_ros_helper.cpp.o[0m
[16.773s] [ 84%] [32m[1mLinking CXX shared library libtest_plugin.so[0m
[17.109s] [ 84%] Built target test_plugin
[19.039s] [ 89%] [32m[1mLinking CXX executable test_ros_helper[0m
[19.241s] [ 89%] Built target test_ros_helper
[19.339s] [ 94%] [32m[1mLinking CXX executable test_storage_factory[0m
[19.523s] [ 94%] Built target test_storage_factory
[20.701s] [100%] [32m[1mLinking CXX executable test_metadata_serialization[0m
[20.899s] [100%] Built target test_metadata_serialization
[20.919s] Invoked command in '/home/mlemsalu/ros2_ws_luke/build/rosbag2_storage' returned '0': AMENT_PREFIX_PATH=/home/mlemsalu/ros2_ws_luke/install/rosbag2_test_common:${AMENT_PREFIX_PATH} CMAKE_PREFIX_PATH=/home/mlemsalu/ros2_ws_luke/install/rosbag2_test_common:/opt/ros/foxy /usr/bin/cmake --build /home/mlemsalu/ros2_ws_luke/build/rosbag2_storage -- -j12 -l12
[21.398s] Invoking command in '/home/mlemsalu/ros2_ws_luke/build/rosbag2_storage': AMENT_PREFIX_PATH=/home/mlemsalu/ros2_ws_luke/install/rosbag2_test_common:${AMENT_PREFIX_PATH} CMAKE_PREFIX_PATH=/home/mlemsalu/ros2_ws_luke/install/rosbag2_test_common:/opt/ros/foxy /usr/bin/cmake --install /home/mlemsalu/ros2_ws_luke/build/rosbag2_storage
[21.413s] -- Install configuration: "Release"
[21.414s] -- Execute custom install script
[21.415s] -- Symlinking: /home/mlemsalu/ros2_ws_luke/install/rosbag2_storage/include/rosbag2_storage/bag_metadata.hpp
[21.431s] -- Symlinking: /home/mlemsalu/ros2_ws_luke/install/rosbag2_storage/include/rosbag2_storage/logging.hpp
[21.446s] -- Symlinking: /home/mlemsalu/ros2_ws_luke/install/rosbag2_storage/include/rosbag2_storage/metadata_io.hpp
[21.461s] -- Symlinking: /home/mlemsalu/ros2_ws_luke/install/rosbag2_storage/include/rosbag2_storage/ros_helper.hpp
[21.476s] -- Symlinking: /home/mlemsalu/ros2_ws_luke/install/rosbag2_storage/include/rosbag2_storage/serialized_bag_message.hpp
[21.490s] -- Symlinking: /home/mlemsalu/ros2_ws_luke/install/rosbag2_storage/include/rosbag2_storage/storage_factory.hpp
[21.501s] -- Symlinking: /home/mlemsalu/ros2_ws_luke/install/rosbag2_storage/include/rosbag2_storage/storage_factory_interface.hpp
[21.514s] -- Symlinking: /home/mlemsalu/ros2_ws_luke/install/rosbag2_storage/include/rosbag2_storage/storage_filter.hpp
[21.524s] -- Symlinking: /home/mlemsalu/ros2_ws_luke/install/rosbag2_storage/include/rosbag2_storage/storage_interfaces/base_info_interface.hpp
[21.535s] -- Symlinking: /home/mlemsalu/ros2_ws_luke/install/rosbag2_storage/include/rosbag2_storage/storage_interfaces/base_io_interface.hpp
[21.545s] -- Symlinking: /home/mlemsalu/ros2_ws_luke/install/rosbag2_storage/include/rosbag2_storage/storage_interfaces/base_read_interface.hpp
[21.560s] -- Symlinking: /home/mlemsalu/ros2_ws_luke/install/rosbag2_storage/include/rosbag2_storage/storage_interfaces/base_write_interface.hpp
[21.570s] -- Symlinking: /home/mlemsalu/ros2_ws_luke/install/rosbag2_storage/include/rosbag2_storage/storage_interfaces/read_only_interface.hpp
[21.580s] -- Symlinking: /home/mlemsalu/ros2_ws_luke/install/rosbag2_storage/include/rosbag2_storage/storage_interfaces/read_write_interface.hpp
[21.591s] -- Symlinking: /home/mlemsalu/ros2_ws_luke/install/rosbag2_storage/include/rosbag2_storage/storage_options.hpp
[21.601s] -- Symlinking: /home/mlemsalu/ros2_ws_luke/install/rosbag2_storage/include/rosbag2_storage/storage_traits.hpp
[21.611s] -- Symlinking: /home/mlemsalu/ros2_ws_luke/install/rosbag2_storage/include/rosbag2_storage/topic_metadata.hpp
[21.622s] -- Symlinking: /home/mlemsalu/ros2_ws_luke/install/rosbag2_storage/include/rosbag2_storage/visibility_control.hpp
[21.635s] -- Symlinking: /home/mlemsalu/ros2_ws_luke/install/rosbag2_storage/share/rosbag2_storage/environment/library_path.sh
[21.646s] -- Symlinking: /home/mlemsalu/ros2_ws_luke/install/rosbag2_storage/share/rosbag2_storage/environment/library_path.dsv
[21.657s] -- Symlinking: /home/mlemsalu/ros2_ws_luke/install/rosbag2_storage/lib/libtest_plugin.so
[21.668s] -- Symlinking: /home/mlemsalu/ros2_ws_luke/install/rosbag2_storage/share/rosbag2_storage/test/rosbag2_storage/test_plugin.xml
[21.678s] -- Symlinking: /home/mlemsalu/ros2_ws_luke/install/rosbag2_storage/share/ament_index/resource_index/package_run_dependencies/rosbag2_storage
[21.688s] -- Symlinking: /home/mlemsalu/ros2_ws_luke/install/rosbag2_storage/share/ament_index/resource_index/parent_prefix_path/rosbag2_storage
[21.699s] -- Symlinking: /home/mlemsalu/ros2_ws_luke/install/rosbag2_storage/share/rosbag2_storage/environment/ament_prefix_path.sh
[21.709s] -- Symlinking: /home/mlemsalu/ros2_ws_luke/install/rosbag2_storage/share/rosbag2_storage/environment/ament_prefix_path.dsv
[21.720s] -- Symlinking: /home/mlemsalu/ros2_ws_luke/install/rosbag2_storage/share/rosbag2_storage/environment/path.sh
[21.730s] -- Symlinking: /home/mlemsalu/ros2_ws_luke/install/rosbag2_storage/share/rosbag2_storage/environment/path.dsv
[21.741s] -- Symlinking: /home/mlemsalu/ros2_ws_luke/install/rosbag2_storage/share/rosbag2_storage/local_setup.bash
[21.751s] -- Symlinking: /home/mlemsalu/ros2_ws_luke/install/rosbag2_storage/share/rosbag2_storage/local_setup.sh
[21.762s] -- Symlinking: /home/mlemsalu/ros2_ws_luke/install/rosbag2_storage/share/rosbag2_storage/local_setup.zsh
[21.772s] -- Symlinking: /home/mlemsalu/ros2_ws_luke/install/rosbag2_storage/share/rosbag2_storage/local_setup.dsv
[21.783s] -- Symlinking: /home/mlemsalu/ros2_ws_luke/install/rosbag2_storage/share/rosbag2_storage/package.dsv
[21.798s] -- Symlinking: /home/mlemsalu/ros2_ws_luke/install/rosbag2_storage/share/ament_index/resource_index/packages/rosbag2_storage
[21.813s] -- Symlinking: /home/mlemsalu/ros2_ws_luke/install/rosbag2_storage/share/ament_index/resource_index/rosbag2_storage__pluginlib__plugin/rosbag2_storage
[21.827s] -- Symlinking: /home/mlemsalu/ros2_ws_luke/install/rosbag2_storage/share/rosbag2_storage/cmake/ament_cmake_export_include_directories-extras.cmake
[21.842s] -- Symlinking: /home/mlemsalu/ros2_ws_luke/install/rosbag2_storage/share/rosbag2_storage/cmake/ament_cmake_export_libraries-extras.cmake
[21.856s] -- Symlinking: /home/mlemsalu/ros2_ws_luke/install/rosbag2_storage/share/rosbag2_storage/cmake/ament_cmake_export_targets-extras.cmake
[21.870s] -- Symlinking: /home/mlemsalu/ros2_ws_luke/install/rosbag2_storage/share/rosbag2_storage/cmake/ament_cmake_export_dependencies-extras.cmake
[21.885s] -- Symlinking: /home/mlemsalu/ros2_ws_luke/install/rosbag2_storage/share/rosbag2_storage/cmake/rosbag2_storageConfig.cmake
[21.899s] -- Symlinking: /home/mlemsalu/ros2_ws_luke/install/rosbag2_storage/share/rosbag2_storage/cmake/rosbag2_storageConfig-version.cmake
[21.914s] -- Symlinking: /home/mlemsalu/ros2_ws_luke/install/rosbag2_storage/share/rosbag2_storage/package.xml
[21.928s] -- Installing: /home/mlemsalu/ros2_ws_luke/install/rosbag2_storage/lib/librosbag2_storage.so
[21.930s] -- Set runtime path of "/home/mlemsalu/ros2_ws_luke/install/rosbag2_storage/lib/librosbag2_storage.so" to ""
[21.930s] -- Installing: /home/mlemsalu/ros2_ws_luke/install/rosbag2_storage/share/rosbag2_storage/cmake/export_rosbag2_storageExport.cmake
[21.930s] -- Installing: /home/mlemsalu/ros2_ws_luke/install/rosbag2_storage/share/rosbag2_storage/cmake/export_rosbag2_storageExport-release.cmake
[21.933s] Invoked command in '/home/mlemsalu/ros2_ws_luke/build/rosbag2_storage' returned '0': AMENT_PREFIX_PATH=/home/mlemsalu/ros2_ws_luke/install/rosbag2_test_common:${AMENT_PREFIX_PATH} CMAKE_PREFIX_PATH=/home/mlemsalu/ros2_ws_luke/install/rosbag2_test_common:/opt/ros/foxy /usr/bin/cmake --install /home/mlemsalu/ros2_ws_luke/build/rosbag2_storage
