[0.039s] Invoking command in '/home/mlemsalu/ros2_ws_luke/build/velodyne_msgs': CMAKE_PREFIX_PATH=/opt/ros/foxy /usr/bin/cmake /home/mlemsalu/ros2_ws_luke/src/velodyne-foxy-devel/velodyne_msgs -DCMAKE_INSTALL_PREFIX=/home/mlemsalu/ros2_ws_luke/install/velodyne_msgs
[0.058s] -- Found ament_cmake: 0.9.11 (/opt/ros/foxy/share/ament_cmake/cmake)
[0.081s] -- Found PythonInterp: /usr/bin/python3 (found suitable version "3.8.10", minimum required is "3") 
[0.081s] -- Using PYTHON_EXECUTABLE: /usr/bin/python3
[0.311s] -- Override CMake install command with custom implementation using symlinks instead of copying resources
[0.322s] -- Found builtin_interfaces: 1.0.0 (/opt/ros/foxy/share/builtin_interfaces/cmake)
[0.343s] -- Using all available rosidl_typesupport_c: rosidl_typesupport_fastrtps_c;rosidl_typesupport_introspection_c
[0.350s] -- Found rosidl_adapter: 1.3.0 (/opt/ros/foxy/share/rosidl_adapter/cmake)
[0.444s] -- Using all available rosidl_typesupport_cpp: rosidl_typesupport_fastrtps_cpp;rosidl_typesupport_introspection_cpp
[0.475s] -- Found rosidl_default_generators: 1.0.1 (/opt/ros/foxy/share/rosidl_default_generators/cmake)
[0.480s] -- Found std_msgs: 2.0.5 (/opt/ros/foxy/share/std_msgs/cmake)
[0.525s] -- Found PythonInterp: /usr/bin/python3 (found version "3.8.10") 
[0.681s] -- Found ament_cmake_cppcheck: 0.9.8 (/opt/ros/foxy/share/ament_cmake_cppcheck/cmake)
[0.681s] -- Found ament_cmake_cpplint: 0.9.8 (/opt/ros/foxy/share/ament_cmake_cpplint/cmake)
[0.682s] -- Found ament_cmake_uncrustify: 0.9.8 (/opt/ros/foxy/share/ament_cmake_uncrustify/cmake)
[0.683s] -- Found ament_cmake_ros: 0.9.2 (/opt/ros/foxy/share/ament_cmake_ros/cmake)
[0.835s] -- Using all available rosidl_typesupport_c: rosidl_typesupport_fastrtps_c;rosidl_typesupport_introspection_c
[0.895s] -- Using all available rosidl_typesupport_cpp: rosidl_typesupport_fastrtps_cpp;rosidl_typesupport_introspection_cpp
[0.917s] -- Found PythonInterp: /usr/bin/python3 (found suitable version "3.8.10", minimum required is "3.5") 
[0.918s] -- Found python_cmake_module: 0.8.1 (/opt/ros/foxy/share/python_cmake_module/cmake)
[0.938s] -- Using PYTHON_EXECUTABLE: /usr/bin/python3
[0.938s] -- Using PYTHON_INCLUDE_DIRS: /usr/include/python3.8
[0.938s] -- Using PYTHON_LIBRARIES: /usr/lib/x86_64-linux-gnu/libpython3.8.so
[0.970s] -- Found ament_cmake_flake8: 0.9.8 (/opt/ros/foxy/share/ament_cmake_flake8/cmake)
[0.970s] -- Found ament_cmake_pep257: 0.9.8 (/opt/ros/foxy/share/ament_cmake_pep257/cmake)
[0.973s] -- Found ament_lint_auto: 0.9.8 (/opt/ros/foxy/share/ament_lint_auto/cmake)
[0.983s] -- Added test 'copyright' to check source files copyright and LICENSE
[0.983s] -- Added test 'lint_cmake' to check CMake code style
[0.983s] -- Added test 'xmllint' to check XML markup files
[0.989s] -- Configuring done
[1.032s] -- Generating done
[1.035s] -- Build files have been written to: /home/mlemsalu/ros2_ws_luke/build/velodyne_msgs
[1.040s] Invoked command in '/home/mlemsalu/ros2_ws_luke/build/velodyne_msgs' returned '0': CMAKE_PREFIX_PATH=/opt/ros/foxy /usr/bin/cmake /home/mlemsalu/ros2_ws_luke/src/velodyne-foxy-devel/velodyne_msgs -DCMAKE_INSTALL_PREFIX=/home/mlemsalu/ros2_ws_luke/install/velodyne_msgs
[1.042s] Invoking command in '/home/mlemsalu/ros2_ws_luke/build/velodyne_msgs': CMAKE_PREFIX_PATH=/opt/ros/foxy /usr/bin/cmake --build /home/mlemsalu/ros2_ws_luke/build/velodyne_msgs -- -j12 -l12
[1.091s] [  2%] Built target velodyne_msgs__cpp
[1.097s] [ 12%] Built target velodyne_msgs__rosidl_generator_c
[1.114s] [ 23%] Built target velodyne_msgs__rosidl_typesupport_cpp
[1.117s] [ 33%] Built target velodyne_msgs__rosidl_typesupport_introspection_cpp
[1.122s] [ 43%] Built target velodyne_msgs__rosidl_typesupport_fastrtps_cpp
[1.123s] [ 53%] Built target velodyne_msgs__rosidl_typesupport_introspection_c
[1.124s] [ 64%] Built target velodyne_msgs__rosidl_typesupport_c
[1.145s] [ 74%] Built target velodyne_msgs__rosidl_typesupport_fastrtps_c
[1.164s] [ 74%] Built target velodyne_msgs
[1.183s] [ 76%] Built target velodyne_msgs__py
[1.205s] [ 84%] Built target velodyne_msgs__python
[1.227s] [ 89%] Built target velodyne_msgs__rosidl_typesupport_introspection_c__pyext
[1.230s] [100%] Built target velodyne_msgs__rosidl_typesupport_c__pyext
[1.230s] [100%] Built target velodyne_msgs__rosidl_typesupport_fastrtps_c__pyext
[1.239s] Invoked command in '/home/mlemsalu/ros2_ws_luke/build/velodyne_msgs' returned '0': CMAKE_PREFIX_PATH=/opt/ros/foxy /usr/bin/cmake --build /home/mlemsalu/ros2_ws_luke/build/velodyne_msgs -- -j12 -l12
[1.296s] Invoking command in '/home/mlemsalu/ros2_ws_luke/build/velodyne_msgs': CMAKE_PREFIX_PATH=/opt/ros/foxy /usr/bin/cmake --install /home/mlemsalu/ros2_ws_luke/build/velodyne_msgs
[1.304s] -- Install configuration: "Release"
[1.304s] -- Execute custom install script
[1.305s] -- Up-to-date symlink: /home/mlemsalu/ros2_ws_luke/install/velodyne_msgs/share/ament_index/resource_index/rosidl_interfaces/velodyne_msgs
[1.305s] -- Up-to-date symlink: /home/mlemsalu/ros2_ws_luke/install/velodyne_msgs/include/velodyne_msgs/msg/detail/velodyne_packet__functions.h
[1.306s] -- Up-to-date symlink: /home/mlemsalu/ros2_ws_luke/install/velodyne_msgs/include/velodyne_msgs/msg/detail/velodyne_packet__struct.h
[1.306s] -- Up-to-date symlink: /home/mlemsalu/ros2_ws_luke/install/velodyne_msgs/include/velodyne_msgs/msg/detail/velodyne_packet__type_support.h
[1.306s] -- Up-to-date symlink: /home/mlemsalu/ros2_ws_luke/install/velodyne_msgs/include/velodyne_msgs/msg/detail/velodyne_scan__functions.h
[1.307s] -- Up-to-date symlink: /home/mlemsalu/ros2_ws_luke/install/velodyne_msgs/include/velodyne_msgs/msg/detail/velodyne_scan__struct.h
[1.307s] -- Up-to-date symlink: /home/mlemsalu/ros2_ws_luke/install/velodyne_msgs/include/velodyne_msgs/msg/detail/velodyne_scan__type_support.h
[1.307s] -- Up-to-date symlink: /home/mlemsalu/ros2_ws_luke/install/velodyne_msgs/include/velodyne_msgs/msg/rosidl_generator_c__visibility_control.h
[1.308s] -- Up-to-date symlink: /home/mlemsalu/ros2_ws_luke/install/velodyne_msgs/include/velodyne_msgs/msg/velodyne_packet.h
[1.308s] -- Up-to-date symlink: /home/mlemsalu/ros2_ws_luke/install/velodyne_msgs/include/velodyne_msgs/msg/velodyne_scan.h
[1.308s] -- Up-to-date symlink: /home/mlemsalu/ros2_ws_luke/install/velodyne_msgs/share/velodyne_msgs/environment/library_path.sh
[1.308s] -- Up-to-date symlink: /home/mlemsalu/ros2_ws_luke/install/velodyne_msgs/share/velodyne_msgs/environment/library_path.dsv
[1.309s] -- Up-to-date symlink: /home/mlemsalu/ros2_ws_luke/install/velodyne_msgs/include/velodyne_msgs/msg/detail/velodyne_packet__rosidl_typesupport_fastrtps_c.h
[1.309s] -- Up-to-date symlink: /home/mlemsalu/ros2_ws_luke/install/velodyne_msgs/include/velodyne_msgs/msg/detail/velodyne_scan__rosidl_typesupport_fastrtps_c.h
[1.309s] -- Up-to-date symlink: /home/mlemsalu/ros2_ws_luke/install/velodyne_msgs/include/velodyne_msgs/msg/rosidl_typesupport_fastrtps_c__visibility_control.h
[1.310s] -- Up-to-date symlink: /home/mlemsalu/ros2_ws_luke/install/velodyne_msgs/lib/libvelodyne_msgs__rosidl_typesupport_fastrtps_c.so
[1.310s] -- Up-to-date symlink: /home/mlemsalu/ros2_ws_luke/install/velodyne_msgs/include/velodyne_msgs/msg/detail/velodyne_packet__rosidl_typesupport_fastrtps_cpp.hpp
[1.311s] -- Up-to-date symlink: /home/mlemsalu/ros2_ws_luke/install/velodyne_msgs/include/velodyne_msgs/msg/detail/velodyne_scan__rosidl_typesupport_fastrtps_cpp.hpp
[1.311s] -- Up-to-date symlink: /home/mlemsalu/ros2_ws_luke/install/velodyne_msgs/include/velodyne_msgs/msg/rosidl_typesupport_fastrtps_cpp__visibility_control.h
[1.311s] -- Up-to-date symlink: /home/mlemsalu/ros2_ws_luke/install/velodyne_msgs/lib/libvelodyne_msgs__rosidl_typesupport_fastrtps_cpp.so
[1.311s] -- Up-to-date symlink: /home/mlemsalu/ros2_ws_luke/install/velodyne_msgs/include/velodyne_msgs/msg/detail/velodyne_packet__rosidl_typesupport_introspection_c.h
[1.312s] -- Up-to-date symlink: /home/mlemsalu/ros2_ws_luke/install/velodyne_msgs/include/velodyne_msgs/msg/detail/velodyne_scan__rosidl_typesupport_introspection_c.h
[1.312s] -- Up-to-date symlink: /home/mlemsalu/ros2_ws_luke/install/velodyne_msgs/include/velodyne_msgs/msg/rosidl_typesupport_introspection_c__visibility_control.h
[1.312s] -- Up-to-date symlink: /home/mlemsalu/ros2_ws_luke/install/velodyne_msgs/include/velodyne_msgs/msg/detail/velodyne_packet__builder.hpp
[1.312s] -- Up-to-date symlink: /home/mlemsalu/ros2_ws_luke/install/velodyne_msgs/include/velodyne_msgs/msg/detail/velodyne_packet__struct.hpp
[1.313s] -- Up-to-date symlink: /home/mlemsalu/ros2_ws_luke/install/velodyne_msgs/include/velodyne_msgs/msg/detail/velodyne_packet__traits.hpp
[1.313s] -- Up-to-date symlink: /home/mlemsalu/ros2_ws_luke/install/velodyne_msgs/include/velodyne_msgs/msg/detail/velodyne_scan__builder.hpp
[1.313s] -- Up-to-date symlink: /home/mlemsalu/ros2_ws_luke/install/velodyne_msgs/include/velodyne_msgs/msg/detail/velodyne_scan__struct.hpp
[1.313s] -- Up-to-date symlink: /home/mlemsalu/ros2_ws_luke/install/velodyne_msgs/include/velodyne_msgs/msg/detail/velodyne_scan__traits.hpp
[1.314s] -- Up-to-date symlink: /home/mlemsalu/ros2_ws_luke/install/velodyne_msgs/include/velodyne_msgs/msg/velodyne_packet.hpp
[1.314s] -- Up-to-date symlink: /home/mlemsalu/ros2_ws_luke/install/velodyne_msgs/include/velodyne_msgs/msg/velodyne_scan.hpp
[1.314s] -- Up-to-date symlink: /home/mlemsalu/ros2_ws_luke/install/velodyne_msgs/include/velodyne_msgs/msg/detail/velodyne_packet__rosidl_typesupport_introspection_cpp.hpp
[1.314s] -- Up-to-date symlink: /home/mlemsalu/ros2_ws_luke/install/velodyne_msgs/include/velodyne_msgs/msg/detail/velodyne_scan__rosidl_typesupport_introspection_cpp.hpp
[1.314s] -- Up-to-date symlink: /home/mlemsalu/ros2_ws_luke/install/velodyne_msgs/share/velodyne_msgs/environment/pythonpath.sh
[1.315s] -- Up-to-date symlink: /home/mlemsalu/ros2_ws_luke/install/velodyne_msgs/share/velodyne_msgs/environment/pythonpath.dsv
[1.315s] -- Up-to-date symlink: /home/mlemsalu/ros2_ws_luke/install/velodyne_msgs/lib/python3.8/site-packages/velodyne_msgs/__init__.py
[1.315s] -- Up-to-date symlink: /home/mlemsalu/ros2_ws_luke/install/velodyne_msgs/lib/python3.8/site-packages/velodyne_msgs/msg/__init__.py
[1.315s] -- Up-to-date symlink: /home/mlemsalu/ros2_ws_luke/install/velodyne_msgs/lib/python3.8/site-packages/velodyne_msgs/msg/_velodyne_packet.py
[1.316s] -- Up-to-date symlink: /home/mlemsalu/ros2_ws_luke/install/velodyne_msgs/lib/python3.8/site-packages/velodyne_msgs/msg/_velodyne_scan.py
[1.316s] -- Up-to-date symlink: /home/mlemsalu/ros2_ws_luke/install/velodyne_msgs/lib/python3.8/site-packages/velodyne_msgs/velodyne_msgs_s__rosidl_typesupport_fastrtps_c.cpython-38-x86_64-linux-gnu.so
[1.316s] -- Up-to-date symlink: /home/mlemsalu/ros2_ws_luke/install/velodyne_msgs/lib/python3.8/site-packages/velodyne_msgs/velodyne_msgs_s__rosidl_typesupport_introspection_c.cpython-38-x86_64-linux-gnu.so
[1.317s] -- Up-to-date symlink: /home/mlemsalu/ros2_ws_luke/install/velodyne_msgs/lib/python3.8/site-packages/velodyne_msgs/velodyne_msgs_s__rosidl_typesupport_c.cpython-38-x86_64-linux-gnu.so
[1.317s] -- Up-to-date symlink: /home/mlemsalu/ros2_ws_luke/install/velodyne_msgs/lib/libvelodyne_msgs__python.so
[1.317s] -- Up-to-date symlink: /home/mlemsalu/ros2_ws_luke/install/velodyne_msgs/share/velodyne_msgs/msg/VelodynePacket.idl
[1.318s] -- Up-to-date symlink: /home/mlemsalu/ros2_ws_luke/install/velodyne_msgs/share/velodyne_msgs/msg/VelodyneScan.idl
[1.318s] -- Up-to-date symlink: /home/mlemsalu/ros2_ws_luke/install/velodyne_msgs/share/velodyne_msgs/msg/VelodynePacket.msg
[1.318s] -- Up-to-date symlink: /home/mlemsalu/ros2_ws_luke/install/velodyne_msgs/share/velodyne_msgs/msg/VelodyneScan.msg
[1.318s] -- Up-to-date symlink: /home/mlemsalu/ros2_ws_luke/install/velodyne_msgs/share/ament_index/resource_index/package_run_dependencies/velodyne_msgs
[1.318s] -- Up-to-date symlink: /home/mlemsalu/ros2_ws_luke/install/velodyne_msgs/share/ament_index/resource_index/parent_prefix_path/velodyne_msgs
[1.319s] -- Up-to-date symlink: /home/mlemsalu/ros2_ws_luke/install/velodyne_msgs/share/velodyne_msgs/environment/ament_prefix_path.sh
[1.319s] -- Up-to-date symlink: /home/mlemsalu/ros2_ws_luke/install/velodyne_msgs/share/velodyne_msgs/environment/ament_prefix_path.dsv
[1.319s] -- Up-to-date symlink: /home/mlemsalu/ros2_ws_luke/install/velodyne_msgs/share/velodyne_msgs/environment/path.sh
[1.319s] -- Up-to-date symlink: /home/mlemsalu/ros2_ws_luke/install/velodyne_msgs/share/velodyne_msgs/environment/path.dsv
[1.320s] -- Up-to-date symlink: /home/mlemsalu/ros2_ws_luke/install/velodyne_msgs/share/velodyne_msgs/local_setup.bash
[1.320s] -- Up-to-date symlink: /home/mlemsalu/ros2_ws_luke/install/velodyne_msgs/share/velodyne_msgs/local_setup.sh
[1.320s] -- Up-to-date symlink: /home/mlemsalu/ros2_ws_luke/install/velodyne_msgs/share/velodyne_msgs/local_setup.zsh
[1.320s] -- Up-to-date symlink: /home/mlemsalu/ros2_ws_luke/install/velodyne_msgs/share/velodyne_msgs/local_setup.dsv
[1.320s] -- Symlinking: /home/mlemsalu/ros2_ws_luke/install/velodyne_msgs/share/velodyne_msgs/package.dsv
[1.328s] -- Up-to-date symlink: /home/mlemsalu/ros2_ws_luke/install/velodyne_msgs/share/ament_index/resource_index/packages/velodyne_msgs
[1.328s] -- Up-to-date symlink: /home/mlemsalu/ros2_ws_luke/install/velodyne_msgs/share/velodyne_msgs/cmake/rosidl_cmake-extras.cmake
[1.328s] -- Up-to-date symlink: /home/mlemsalu/ros2_ws_luke/install/velodyne_msgs/share/velodyne_msgs/cmake/ament_cmake_export_dependencies-extras.cmake
[1.329s] -- Up-to-date symlink: /home/mlemsalu/ros2_ws_luke/install/velodyne_msgs/share/velodyne_msgs/cmake/ament_cmake_export_libraries-extras.cmake
[1.329s] -- Up-to-date symlink: /home/mlemsalu/ros2_ws_luke/install/velodyne_msgs/share/velodyne_msgs/cmake/ament_cmake_export_targets-extras.cmake
[1.329s] -- Up-to-date symlink: /home/mlemsalu/ros2_ws_luke/install/velodyne_msgs/share/velodyne_msgs/cmake/ament_cmake_export_include_directories-extras.cmake
[1.329s] -- Up-to-date symlink: /home/mlemsalu/ros2_ws_luke/install/velodyne_msgs/share/velodyne_msgs/cmake/rosidl_cmake_export_typesupport_libraries-extras.cmake
[1.330s] -- Up-to-date symlink: /home/mlemsalu/ros2_ws_luke/install/velodyne_msgs/share/velodyne_msgs/cmake/rosidl_cmake_export_typesupport_targets-extras.cmake
[1.330s] -- Up-to-date symlink: /home/mlemsalu/ros2_ws_luke/install/velodyne_msgs/share/velodyne_msgs/cmake/velodyne_msgsConfig.cmake
[1.330s] -- Up-to-date symlink: /home/mlemsalu/ros2_ws_luke/install/velodyne_msgs/share/velodyne_msgs/cmake/velodyne_msgsConfig-version.cmake
[1.330s] -- Up-to-date symlink: /home/mlemsalu/ros2_ws_luke/install/velodyne_msgs/share/velodyne_msgs/package.xml
[1.330s] -- Up-to-date: /home/mlemsalu/ros2_ws_luke/install/velodyne_msgs/lib/libvelodyne_msgs__rosidl_generator_c.so
[1.331s] -- Up-to-date: /home/mlemsalu/ros2_ws_luke/install/velodyne_msgs/lib/libvelodyne_msgs__rosidl_typesupport_introspection_c.so
[1.331s] -- Up-to-date: /home/mlemsalu/ros2_ws_luke/install/velodyne_msgs/lib/libvelodyne_msgs__rosidl_typesupport_c.so
[1.331s] -- Up-to-date: /home/mlemsalu/ros2_ws_luke/install/velodyne_msgs/lib/libvelodyne_msgs__rosidl_typesupport_introspection_cpp.so
[1.332s] -- Up-to-date: /home/mlemsalu/ros2_ws_luke/install/velodyne_msgs/lib/libvelodyne_msgs__rosidl_typesupport_cpp.so
[1.356s] Compiling '/home/mlemsalu/ros2_ws_luke/install/velodyne_msgs/lib/python3.8/site-packages/velodyne_msgs/__init__.py'...
[1.359s] -- Up-to-date: /home/mlemsalu/ros2_ws_luke/install/velodyne_msgs/share/velodyne_msgs/cmake/velodyne_msgs__rosidl_generator_cExport.cmake
[1.359s] -- Installing: /home/mlemsalu/ros2_ws_luke/install/velodyne_msgs/share/velodyne_msgs/cmake/velodyne_msgs__rosidl_generator_cExport-release.cmake
[1.359s] -- Up-to-date: /home/mlemsalu/ros2_ws_luke/install/velodyne_msgs/share/velodyne_msgs/cmake/velodyne_msgs__rosidl_typesupport_introspection_cExport.cmake
[1.359s] -- Installing: /home/mlemsalu/ros2_ws_luke/install/velodyne_msgs/share/velodyne_msgs/cmake/velodyne_msgs__rosidl_typesupport_introspection_cExport-release.cmake
[1.360s] -- Up-to-date: /home/mlemsalu/ros2_ws_luke/install/velodyne_msgs/share/velodyne_msgs/cmake/velodyne_msgs__rosidl_typesupport_cExport.cmake
[1.360s] -- Installing: /home/mlemsalu/ros2_ws_luke/install/velodyne_msgs/share/velodyne_msgs/cmake/velodyne_msgs__rosidl_typesupport_cExport-release.cmake
[1.360s] -- Up-to-date: /home/mlemsalu/ros2_ws_luke/install/velodyne_msgs/share/velodyne_msgs/cmake/velodyne_msgs__rosidl_generator_cppExport.cmake
[1.360s] -- Up-to-date: /home/mlemsalu/ros2_ws_luke/install/velodyne_msgs/share/velodyne_msgs/cmake/velodyne_msgs__rosidl_typesupport_introspection_cppExport.cmake
[1.360s] -- Installing: /home/mlemsalu/ros2_ws_luke/install/velodyne_msgs/share/velodyne_msgs/cmake/velodyne_msgs__rosidl_typesupport_introspection_cppExport-release.cmake
[1.360s] -- Up-to-date: /home/mlemsalu/ros2_ws_luke/install/velodyne_msgs/share/velodyne_msgs/cmake/velodyne_msgs__rosidl_typesupport_cppExport.cmake
[1.361s] -- Installing: /home/mlemsalu/ros2_ws_luke/install/velodyne_msgs/share/velodyne_msgs/cmake/velodyne_msgs__rosidl_typesupport_cppExport-release.cmake
[1.365s] Invoked command in '/home/mlemsalu/ros2_ws_luke/build/velodyne_msgs' returned '0': CMAKE_PREFIX_PATH=/opt/ros/foxy /usr/bin/cmake --install /home/mlemsalu/ros2_ws_luke/build/velodyne_msgs
