-- Found ament_cmake: 0.9.11 (/opt/ros/foxy/share/ament_cmake/cmake)
-- Using PYTHON_EXECUTABLE: /usr/bin/python3
-- Override CMake install command with custom implementation using symlinks instead of copying resources
-- Found SQLite3. Using SQLite3 from system.
-- Configuring done
-- Generating done
-- Build files have been written to: /home/mlemsalu/ros2_ws_luke/build/sqlite3_vendor
-- Install configuration: "Release"
-- Execute custom install script
-- Up-to-date symlink: /home/mlemsalu/ros2_ws_luke/install/sqlite3_vendor/share/sqlite3_vendor/cmake/Modules/FindSQLite3.cmake
-- Up-to-date symlink: /home/mlemsalu/ros2_ws_luke/install/sqlite3_vendor/share/ament_index/resource_index/package_run_dependencies/sqlite3_vendor
-- Up-to-date symlink: /home/mlemsalu/ros2_ws_luke/install/sqlite3_vendor/share/ament_index/resource_index/parent_prefix_path/sqlite3_vendor
-- Up-to-date symlink: /home/mlemsalu/ros2_ws_luke/install/sqlite3_vendor/share/sqlite3_vendor/environment/ament_prefix_path.sh
-- Up-to-date symlink: /home/mlemsalu/ros2_ws_luke/install/sqlite3_vendor/share/sqlite3_vendor/environment/ament_prefix_path.dsv
-- Up-to-date symlink: /home/mlemsalu/ros2_ws_luke/install/sqlite3_vendor/share/sqlite3_vendor/environment/path.sh
-- Up-to-date symlink: /home/mlemsalu/ros2_ws_luke/install/sqlite3_vendor/share/sqlite3_vendor/environment/path.dsv
-- Up-to-date symlink: /home/mlemsalu/ros2_ws_luke/install/sqlite3_vendor/share/sqlite3_vendor/local_setup.bash
-- Up-to-date symlink: /home/mlemsalu/ros2_ws_luke/install/sqlite3_vendor/share/sqlite3_vendor/local_setup.sh
-- Up-to-date symlink: /home/mlemsalu/ros2_ws_luke/install/sqlite3_vendor/share/sqlite3_vendor/local_setup.zsh
-- Up-to-date symlink: /home/mlemsalu/ros2_ws_luke/install/sqlite3_vendor/share/sqlite3_vendor/local_setup.dsv
-- Symlinking: /home/mlemsalu/ros2_ws_luke/install/sqlite3_vendor/share/sqlite3_vendor/package.dsv
-- Up-to-date symlink: /home/mlemsalu/ros2_ws_luke/install/sqlite3_vendor/share/ament_index/resource_index/packages/sqlite3_vendor
-- Up-to-date symlink: /home/mlemsalu/ros2_ws_luke/install/sqlite3_vendor/share/sqlite3_vendor/cmake/sqlite3_vendor-extras.cmake
-- Up-to-date symlink: /home/mlemsalu/ros2_ws_luke/install/sqlite3_vendor/share/sqlite3_vendor/cmake/sqlite3_vendorConfig.cmake
-- Up-to-date symlink: /home/mlemsalu/ros2_ws_luke/install/sqlite3_vendor/share/sqlite3_vendor/cmake/sqlite3_vendorConfig-version.cmake
-- Up-to-date symlink: /home/mlemsalu/ros2_ws_luke/install/sqlite3_vendor/share/sqlite3_vendor/package.xml
