[0.042s] Invoking command in '/home/mlemsalu/ros2_ws_luke/build/sqlite3_vendor': CMAKE_PREFIX_PATH=/opt/ros/foxy /usr/bin/cmake /home/mlemsalu/ros2_ws_luke/src/rosbag2-foxy-future/sqlite3_vendor -DCMAKE_INSTALL_PREFIX=/home/mlemsalu/ros2_ws_luke/install/sqlite3_vendor
[0.075s] -- Found ament_cmake: 0.9.11 (/opt/ros/foxy/share/ament_cmake/cmake)
[0.078s] -- Using PYTHON_EXECUTABLE: /usr/bin/python3
[0.264s] -- Override CMake install command with custom implementation using symlinks instead of copying resources
[0.276s] -- Found SQLite3. Using SQLite3 from system.
[0.337s] -- Configuring done
[0.339s] -- Generating done
[0.339s] -- Build files have been written to: /home/mlemsalu/ros2_ws_luke/build/sqlite3_vendor
[0.342s] Invoked command in '/home/mlemsalu/ros2_ws_luke/build/sqlite3_vendor' returned '0': CMAKE_PREFIX_PATH=/opt/ros/foxy /usr/bin/cmake /home/mlemsalu/ros2_ws_luke/src/rosbag2-foxy-future/sqlite3_vendor -DCMAKE_INSTALL_PREFIX=/home/mlemsalu/ros2_ws_luke/install/sqlite3_vendor
[0.344s] Invoking command in '/home/mlemsalu/ros2_ws_luke/build/sqlite3_vendor': CMAKE_PREFIX_PATH=/opt/ros/foxy /usr/bin/cmake --build /home/mlemsalu/ros2_ws_luke/build/sqlite3_vendor -- -j12 -l12
[0.389s] Invoked command in '/home/mlemsalu/ros2_ws_luke/build/sqlite3_vendor' returned '0': CMAKE_PREFIX_PATH=/opt/ros/foxy /usr/bin/cmake --build /home/mlemsalu/ros2_ws_luke/build/sqlite3_vendor -- -j12 -l12
[0.426s] Invoking command in '/home/mlemsalu/ros2_ws_luke/build/sqlite3_vendor': CMAKE_PREFIX_PATH=/opt/ros/foxy /usr/bin/cmake --install /home/mlemsalu/ros2_ws_luke/build/sqlite3_vendor
[0.433s] -- Install configuration: "Release"
[0.434s] -- Execute custom install script
[0.434s] -- Up-to-date symlink: /home/mlemsalu/ros2_ws_luke/install/sqlite3_vendor/share/sqlite3_vendor/cmake/Modules/FindSQLite3.cmake
[0.435s] -- Up-to-date symlink: /home/mlemsalu/ros2_ws_luke/install/sqlite3_vendor/share/ament_index/resource_index/package_run_dependencies/sqlite3_vendor
[0.435s] -- Up-to-date symlink: /home/mlemsalu/ros2_ws_luke/install/sqlite3_vendor/share/ament_index/resource_index/parent_prefix_path/sqlite3_vendor
[0.435s] -- Up-to-date symlink: /home/mlemsalu/ros2_ws_luke/install/sqlite3_vendor/share/sqlite3_vendor/environment/ament_prefix_path.sh
[0.435s] -- Up-to-date symlink: /home/mlemsalu/ros2_ws_luke/install/sqlite3_vendor/share/sqlite3_vendor/environment/ament_prefix_path.dsv
[0.436s] -- Up-to-date symlink: /home/mlemsalu/ros2_ws_luke/install/sqlite3_vendor/share/sqlite3_vendor/environment/path.sh
[0.436s] -- Up-to-date symlink: /home/mlemsalu/ros2_ws_luke/install/sqlite3_vendor/share/sqlite3_vendor/environment/path.dsv
[0.436s] -- Up-to-date symlink: /home/mlemsalu/ros2_ws_luke/install/sqlite3_vendor/share/sqlite3_vendor/local_setup.bash
[0.437s] -- Up-to-date symlink: /home/mlemsalu/ros2_ws_luke/install/sqlite3_vendor/share/sqlite3_vendor/local_setup.sh
[0.437s] -- Up-to-date symlink: /home/mlemsalu/ros2_ws_luke/install/sqlite3_vendor/share/sqlite3_vendor/local_setup.zsh
[0.440s] -- Up-to-date symlink: /home/mlemsalu/ros2_ws_luke/install/sqlite3_vendor/share/sqlite3_vendor/local_setup.dsv
[0.440s] -- Symlinking: /home/mlemsalu/ros2_ws_luke/install/sqlite3_vendor/share/sqlite3_vendor/package.dsv
[0.448s] -- Up-to-date symlink: /home/mlemsalu/ros2_ws_luke/install/sqlite3_vendor/share/ament_index/resource_index/packages/sqlite3_vendor
[0.448s] -- Up-to-date symlink: /home/mlemsalu/ros2_ws_luke/install/sqlite3_vendor/share/sqlite3_vendor/cmake/sqlite3_vendor-extras.cmake
[0.449s] -- Up-to-date symlink: /home/mlemsalu/ros2_ws_luke/install/sqlite3_vendor/share/sqlite3_vendor/cmake/sqlite3_vendorConfig.cmake
[0.449s] -- Up-to-date symlink: /home/mlemsalu/ros2_ws_luke/install/sqlite3_vendor/share/sqlite3_vendor/cmake/sqlite3_vendorConfig-version.cmake
[0.449s] -- Up-to-date symlink: /home/mlemsalu/ros2_ws_luke/install/sqlite3_vendor/share/sqlite3_vendor/package.xml
[0.452s] Invoked command in '/home/mlemsalu/ros2_ws_luke/build/sqlite3_vendor' returned '0': CMAKE_PREFIX_PATH=/opt/ros/foxy /usr/bin/cmake --install /home/mlemsalu/ros2_ws_luke/build/sqlite3_vendor
