[0.021s] Invoking command in '/home/mlemsalu/ros2_ws_luke/build/velodyne_pointcloud': AMENT_PREFIX_PATH=/home/mlemsalu/ros2_ws_luke/install/velodyne_msgs:${AMENT_PREFIX_PATH} CMAKE_PREFIX_PATH=/home/mlemsalu/ros2_ws_luke/install/velodyne_msgs:/opt/ros/foxy LD_LIBRARY_PATH=/home/mlemsalu/ros2_ws_luke/install/velodyne_msgs/lib:${LD_LIBRARY_PATH} PYTHONPATH=/home/mlemsalu/ros2_ws_luke/install/velodyne_msgs/lib/python3.8/site-packages:${PYTHONPATH} /usr/bin/cmake /home/mlemsalu/ros2_ws_luke/src/velodyne-foxy-devel/velodyne_pointcloud -DCMAKE_BUILD_TYPE=Release -DAMENT_CMAKE_SYMLINK_INSTALL=1 -DCMAKE_INSTALL_PREFIX=/home/mlemsalu/ros2_ws_luke/install/velodyne_pointcloud
[0.083s] -- The C compiler identification is GNU 9.4.0
[0.146s] -- The CXX compiler identification is GNU 9.4.0
[0.152s] -- Check for working C compiler: /usr/bin/cc
[0.240s] -- Check for working C compiler: /usr/bin/cc -- works
[0.241s] -- Detecting C compiler ABI info
[0.328s] -- Detecting C compiler ABI info - done
[0.347s] -- Detecting C compile features
[0.347s] -- Detecting C compile features - done
[0.351s] -- Check for working CXX compiler: /usr/bin/c++
[0.438s] -- Check for working CXX compiler: /usr/bin/c++ -- works
[0.439s] -- Detecting CXX compiler ABI info
[0.538s] -- Detecting CXX compiler ABI info - done
[0.558s] -- Detecting CXX compile features
[0.558s] -- Detecting CXX compile features - done
[0.561s] -- Found ament_cmake: 0.9.11 (/opt/ros/foxy/share/ament_cmake/cmake)
[0.589s] -- Found PythonInterp: /usr/bin/python3 (found suitable version "3.8.10", minimum required is "3") 
[0.589s] -- Using PYTHON_EXECUTABLE: /usr/bin/python3
[0.744s] -- Override CMake install command with custom implementation using symlinks instead of copying resources
[0.773s] -- Found angles: 1.12.6 (/opt/ros/foxy/share/angles/cmake)
[0.776s] -- Found diagnostic_updater: 3.1.0 (/opt/ros/foxy/share/diagnostic_updater/cmake)
[0.820s] -- Using all available rosidl_typesupport_c: rosidl_typesupport_fastrtps_c;rosidl_typesupport_introspection_c
[0.829s] -- Found rosidl_adapter: 1.3.0 (/opt/ros/foxy/share/rosidl_adapter/cmake)
[0.914s] -- Found OpenSSL: /usr/lib/x86_64-linux-gnu/libcrypto.so (found version "1.1.1f")  
[0.941s] -- Found FastRTPS: /opt/ros/foxy/include  
[1.037s] -- Using all available rosidl_typesupport_cpp: rosidl_typesupport_fastrtps_cpp;rosidl_typesupport_introspection_cpp
[1.166s] -- Found rmw_implementation_cmake: 1.0.4 (/opt/ros/foxy/share/rmw_implementation_cmake/cmake)
[1.168s] -- Using RMW implementation 'rmw_fastrtps_cpp' as default
[1.168s] -- Looking for pthread.h
[1.255s] -- Looking for pthread.h - found
[1.255s] -- Performing Test CMAKE_HAVE_LIBC_PTHREAD
[1.337s] -- Performing Test CMAKE_HAVE_LIBC_PTHREAD - Failed
[1.337s] -- Looking for pthread_create in pthreads
[1.405s] -- Looking for pthread_create in pthreads - not found
[1.405s] -- Looking for pthread_create in pthread
[1.482s] -- Looking for pthread_create in pthread - found
[1.483s] -- Found Threads: TRUE  
[1.778s] -- Found geometry_msgs: 2.0.5 (/opt/ros/foxy/share/geometry_msgs/cmake)
[1.846s] -- Found message_filters: 3.2.5 (/opt/ros/foxy/share/message_filters/cmake)
[1.863s] -- Checking for module 'eigen3'
[1.881s] --   Found eigen3, version 3.3.7
[1.939s] -- Found Eigen: /usr/include/eigen3 (Required is at least version "3.1") 
[1.940s] -- Eigen found (include: /usr/include/eigen3, version: 3.3.7)
[2.069s] -- Found Boost: /usr/include (found suitable version "1.71.0", minimum required is "1.55.0") found components: system filesystem date_time iostreams regex 
[2.071s] -- looking for PCL_COMMON
[2.073s] -- Found PCL_COMMON: /usr/lib/x86_64-linux-gnu/libpcl_common.so  
[2.079s] -- Found PCL: pcl_common;/usr/lib/x86_64-linux-gnu/libboost_system.so;/usr/lib/x86_64-linux-gnu/libboost_filesystem.so;/usr/lib/x86_64-linux-gnu/libboost_date_time.so;/usr/lib/x86_64-linux-gnu/libboost_iostreams.so;/usr/lib/x86_64-linux-gnu/libboost_regex.so  
[2.081s] -- Found rclcpp_components: 2.4.2 (/opt/ros/foxy/share/rclcpp_components/cmake)
[2.278s] -- Found sensor_msgs: 2.0.5 (/opt/ros/foxy/share/sensor_msgs/cmake)
[2.459s] -- Found tf2: 0.13.14 (/opt/ros/foxy/share/tf2/cmake)
[2.477s] -- Found tf2_ros: 0.13.14 (/opt/ros/foxy/share/tf2_ros/cmake)
[3.139s] -- Found velodyne_msgs: 2.1.1 (/home/mlemsalu/ros2_ws_luke/install/velodyne_msgs/share/velodyne_msgs/cmake)
[3.201s] -- Found PkgConfig: /usr/bin/pkg-config (found version "0.29.1") 
[3.203s] -- Checking for module 'yaml-cpp'
[3.226s] --   Found yaml-cpp, version 0.6.2
[3.304s] -- Found ament_lint_auto: 0.9.8 (/opt/ros/foxy/share/ament_lint_auto/cmake)
[3.386s] -- Found gtest sources under '/opt/ros/foxy/src/gtest_vendor': C++ tests using 'Google Test' will be built
[3.389s] -- Check if compiler accepts -pthread
[3.477s] -- Check if compiler accepts -pthread - yes
[3.485s] -- Added test 'copyright' to check source files copyright and LICENSE
[3.489s] -- Added test 'cppcheck' to perform static code analysis on C / C++ code
[3.489s] -- Configured cppcheck include dirs: /home/mlemsalu/ros2_ws_luke/src/velodyne-foxy-devel/velodyne_pointcloud/include
[3.489s] -- Configured cppcheck exclude dirs and/or files: 
[3.492s] -- Added test 'cpplint' to check C / C++ code against the Google style
[3.492s] -- Configured cpplint exclude dirs and/or files: 
[3.493s] -- Added test 'flake8' to check Python code syntax and style conventions
[3.494s] -- Added test 'lint_cmake' to check CMake code style
[3.495s] -- Added test 'pep257' to check Python code against some of the style conventions in PEP 257
[3.498s] -- Added test 'uncrustify' to check C / C++ code style
[3.498s] -- Configured uncrustify additional arguments: 
[3.503s] -- Configuring done
[3.567s] -- Generating done
[3.570s] -- Build files have been written to: /home/mlemsalu/ros2_ws_luke/build/velodyne_pointcloud
[3.582s] Invoked command in '/home/mlemsalu/ros2_ws_luke/build/velodyne_pointcloud' returned '0': AMENT_PREFIX_PATH=/home/mlemsalu/ros2_ws_luke/install/velodyne_msgs:${AMENT_PREFIX_PATH} CMAKE_PREFIX_PATH=/home/mlemsalu/ros2_ws_luke/install/velodyne_msgs:/opt/ros/foxy LD_LIBRARY_PATH=/home/mlemsalu/ros2_ws_luke/install/velodyne_msgs/lib:${LD_LIBRARY_PATH} PYTHONPATH=/home/mlemsalu/ros2_ws_luke/install/velodyne_msgs/lib/python3.8/site-packages:${PYTHONPATH} /usr/bin/cmake /home/mlemsalu/ros2_ws_luke/src/velodyne-foxy-devel/velodyne_pointcloud -DCMAKE_BUILD_TYPE=Release -DAMENT_CMAKE_SYMLINK_INSTALL=1 -DCMAKE_INSTALL_PREFIX=/home/mlemsalu/ros2_ws_luke/install/velodyne_pointcloud
[3.585s] Invoking command in '/home/mlemsalu/ros2_ws_luke/build/velodyne_pointcloud': AMENT_PREFIX_PATH=/home/mlemsalu/ros2_ws_luke/install/velodyne_msgs:${AMENT_PREFIX_PATH} CMAKE_PREFIX_PATH=/home/mlemsalu/ros2_ws_luke/install/velodyne_msgs:/opt/ros/foxy LD_LIBRARY_PATH=/home/mlemsalu/ros2_ws_luke/install/velodyne_msgs/lib:${LD_LIBRARY_PATH} PYTHONPATH=/home/mlemsalu/ros2_ws_luke/install/velodyne_msgs/lib/python3.8/site-packages:${PYTHONPATH} /usr/bin/cmake --build /home/mlemsalu/ros2_ws_luke/build/velodyne_pointcloud -- -j12 -l12
[3.636s] [35m[1mScanning dependencies of target gtest[0m
[3.636s] [35m[1mScanning dependencies of target velodyne_cloud_types[0m
[3.637s] [35m[1mScanning dependencies of target velodyne_rawdata[0m
[3.637s] [35m[1mScanning dependencies of target gtest_main[0m
[3.660s] [  5%] [32mBuilding CXX object gtest/CMakeFiles/gtest_main.dir/src/gtest_main.cc.o[0m
[3.662s] [ 10%] [32mBuilding CXX object gtest/CMakeFiles/gtest.dir/src/gtest-all.cc.o[0m
[3.757s] [ 15%] [32mBuilding CXX object src/lib/CMakeFiles/velodyne_cloud_types.dir/pointcloudXYZIR.cpp.o[0m
[3.770s] [ 20%] [32mBuilding CXX object src/lib/CMakeFiles/velodyne_rawdata.dir/calibration.cpp.o[0m
[3.771s] [ 25%] [32mBuilding CXX object src/lib/CMakeFiles/velodyne_cloud_types.dir/organized_cloudXYZIR.cpp.o[0m
[3.780s] [ 30%] [32mBuilding CXX object src/lib/CMakeFiles/velodyne_rawdata.dir/rawdata.cpp.o[0m
[5.403s] [ 35%] [32m[1mLinking CXX static library libgtest_main.a[0m
[5.629s] [ 35%] Built target gtest_main
[8.134s] [ 40%] [32m[1mLinking CXX shared library libvelodyne_cloud_types.so[0m
[8.315s] [ 40%] Built target velodyne_cloud_types
[10.342s] [ 45%] [32m[1mLinking CXX shared library libvelodyne_rawdata.so[0m
[10.592s] [ 45%] Built target velodyne_rawdata
[10.606s] [35m[1mScanning dependencies of target convert[0m
[10.608s] [35m[1mScanning dependencies of target transform[0m
[10.700s] [ 50%] [32mBuilding CXX object CMakeFiles/convert.dir/src/conversions/convert.cpp.o[0m
[10.740s] [ 55%] [32mBuilding CXX object CMakeFiles/transform.dir/src/conversions/transform.cpp.o[0m
[15.966s] [ 60%] [32m[1mLinking CXX static library libgtest.a[0m
[16.023s] [ 60%] Built target gtest
[16.035s] [35m[1mScanning dependencies of target test_row_step[0m
[16.105s] [ 65%] [32mBuilding CXX object tests/CMakeFiles/test_row_step.dir/test_row_step.cpp.o[0m
[19.226s] [ 70%] [32m[1mLinking CXX executable test_row_step[0m
[19.397s] [ 70%] Built target test_row_step
[24.792s] [ 75%] [32m[1mLinking CXX shared library libconvert.so[0m
[24.978s] [ 75%] Built target convert
[24.989s] [35m[1mScanning dependencies of target velodyne_convert_node[0m
[25.061s] [ 80%] [32mBuilding CXX object CMakeFiles/velodyne_convert_node.dir/src/conversions/convert_node.cpp.o[0m
[25.748s] [ 85%] [32m[1mLinking CXX shared library libtransform.so[0m
[25.949s] [ 85%] Built target transform
[25.959s] [35m[1mScanning dependencies of target velodyne_transform_node[0m
[26.033s] [ 90%] [32mBuilding CXX object CMakeFiles/velodyne_transform_node.dir/src/conversions/transform_node.cpp.o[0m
[29.859s] [ 95%] [32m[1mLinking CXX executable velodyne_convert_node[0m
[30.012s] [ 95%] Built target velodyne_convert_node
[35.902s] [100%] [32m[1mLinking CXX executable velodyne_transform_node[0m
[36.121s] [100%] Built target velodyne_transform_node
[36.134s] Invoked command in '/home/mlemsalu/ros2_ws_luke/build/velodyne_pointcloud' returned '0': AMENT_PREFIX_PATH=/home/mlemsalu/ros2_ws_luke/install/velodyne_msgs:${AMENT_PREFIX_PATH} CMAKE_PREFIX_PATH=/home/mlemsalu/ros2_ws_luke/install/velodyne_msgs:/opt/ros/foxy LD_LIBRARY_PATH=/home/mlemsalu/ros2_ws_luke/install/velodyne_msgs/lib:${LD_LIBRARY_PATH} PYTHONPATH=/home/mlemsalu/ros2_ws_luke/install/velodyne_msgs/lib/python3.8/site-packages:${PYTHONPATH} /usr/bin/cmake --build /home/mlemsalu/ros2_ws_luke/build/velodyne_pointcloud -- -j12 -l12
[36.174s] Invoking command in '/home/mlemsalu/ros2_ws_luke/build/velodyne_pointcloud': AMENT_PREFIX_PATH=/home/mlemsalu/ros2_ws_luke/install/velodyne_msgs:${AMENT_PREFIX_PATH} CMAKE_PREFIX_PATH=/home/mlemsalu/ros2_ws_luke/install/velodyne_msgs:/opt/ros/foxy LD_LIBRARY_PATH=/home/mlemsalu/ros2_ws_luke/install/velodyne_msgs/lib:${LD_LIBRARY_PATH} PYTHONPATH=/home/mlemsalu/ros2_ws_luke/install/velodyne_msgs/lib/python3.8/site-packages:${PYTHONPATH} /usr/bin/cmake --install /home/mlemsalu/ros2_ws_luke/build/velodyne_pointcloud
[36.184s] -- Install configuration: "Release"
[36.184s] -- Execute custom install script
[36.185s] -- Symlinking: /home/mlemsalu/ros2_ws_luke/install/velodyne_pointcloud/lib/libvelodyne_cloud_types.so
[36.198s] -- Symlinking: /home/mlemsalu/ros2_ws_luke/install/velodyne_pointcloud/lib/libvelodyne_rawdata.so
[36.211s] -- Symlinking: /home/mlemsalu/ros2_ws_luke/install/velodyne_pointcloud/lib/libconvert.so
[36.220s] -- Symlinking: /home/mlemsalu/ros2_ws_luke/install/velodyne_pointcloud/lib/velodyne_pointcloud/velodyne_convert_node
[36.229s] -- Symlinking: /home/mlemsalu/ros2_ws_luke/install/velodyne_pointcloud/lib/libtransform.so
[36.239s] -- Symlinking: /home/mlemsalu/ros2_ws_luke/install/velodyne_pointcloud/lib/velodyne_pointcloud/velodyne_transform_node
[36.248s] -- Symlinking: /home/mlemsalu/ros2_ws_luke/install/velodyne_pointcloud/include/velodyne_pointcloud/calibration.hpp
[36.257s] -- Symlinking: /home/mlemsalu/ros2_ws_luke/install/velodyne_pointcloud/include/velodyne_pointcloud/convert.hpp
[36.267s] -- Symlinking: /home/mlemsalu/ros2_ws_luke/install/velodyne_pointcloud/include/velodyne_pointcloud/datacontainerbase.hpp
[36.276s] -- Symlinking: /home/mlemsalu/ros2_ws_luke/install/velodyne_pointcloud/include/velodyne_pointcloud/organized_cloudXYZIR.hpp
[36.285s] -- Symlinking: /home/mlemsalu/ros2_ws_luke/install/velodyne_pointcloud/include/velodyne_pointcloud/pointcloudXYZIR.hpp
[36.294s] -- Symlinking: /home/mlemsalu/ros2_ws_luke/install/velodyne_pointcloud/include/velodyne_pointcloud/rawdata.hpp
[36.303s] -- Symlinking: /home/mlemsalu/ros2_ws_luke/install/velodyne_pointcloud/include/velodyne_pointcloud/transform.hpp
[36.313s] -- Symlinking: /home/mlemsalu/ros2_ws_luke/install/velodyne_pointcloud/share/velodyne_pointcloud/config/VLP16-velodyne_convert_node-params.yaml
[36.322s] -- Symlinking: /home/mlemsalu/ros2_ws_luke/install/velodyne_pointcloud/share/velodyne_pointcloud/config/VLP16-velodyne_transform_node-params.yaml
[36.331s] -- Symlinking: /home/mlemsalu/ros2_ws_luke/install/velodyne_pointcloud/share/velodyne_pointcloud/config/VLP32C-velodyne_convert_node-params.yaml
[36.340s] -- Symlinking: /home/mlemsalu/ros2_ws_luke/install/velodyne_pointcloud/share/velodyne_pointcloud/config/VLP32C-velodyne_transform_node-params.yaml
[36.349s] -- Symlinking: /home/mlemsalu/ros2_ws_luke/install/velodyne_pointcloud/share/velodyne_pointcloud/launch/velodyne_convert_node-VLP16-composed-launch.py
[36.358s] -- Symlinking: /home/mlemsalu/ros2_ws_luke/install/velodyne_pointcloud/share/velodyne_pointcloud/launch/velodyne_convert_node-VLP16-launch.py
[36.367s] -- Symlinking: /home/mlemsalu/ros2_ws_luke/install/velodyne_pointcloud/share/velodyne_pointcloud/launch/velodyne_convert_node-VLP32C-composed-launch.py
[36.376s] -- Symlinking: /home/mlemsalu/ros2_ws_luke/install/velodyne_pointcloud/share/velodyne_pointcloud/launch/velodyne_convert_node-VLP32C-launch.py
[36.385s] -- Symlinking: /home/mlemsalu/ros2_ws_luke/install/velodyne_pointcloud/share/velodyne_pointcloud/launch/velodyne_transform_node-VLP16-composed-launch.py
[36.394s] -- Symlinking: /home/mlemsalu/ros2_ws_luke/install/velodyne_pointcloud/share/velodyne_pointcloud/launch/velodyne_transform_node-VLP16-launch.py
[36.403s] -- Symlinking: /home/mlemsalu/ros2_ws_luke/install/velodyne_pointcloud/share/velodyne_pointcloud/launch/velodyne_transform_node-VLP32C-composed-launch.py
[36.412s] -- Symlinking: /home/mlemsalu/ros2_ws_luke/install/velodyne_pointcloud/share/velodyne_pointcloud/launch/velodyne_transform_node-VLP32C-launch.py
[36.421s] -- Symlinking: /home/mlemsalu/ros2_ws_luke/install/velodyne_pointcloud/share/velodyne_pointcloud/params/32db.yaml
[36.430s] -- Symlinking: /home/mlemsalu/ros2_ws_luke/install/velodyne_pointcloud/share/velodyne_pointcloud/params/64e_s2.1-sztaki.yaml
[36.438s] -- Symlinking: /home/mlemsalu/ros2_ws_luke/install/velodyne_pointcloud/share/velodyne_pointcloud/params/64e_s3-xiesc.yaml
[36.447s] -- Symlinking: /home/mlemsalu/ros2_ws_luke/install/velodyne_pointcloud/share/velodyne_pointcloud/params/64e_utexas.yaml
[36.456s] -- Symlinking: /home/mlemsalu/ros2_ws_luke/install/velodyne_pointcloud/share/velodyne_pointcloud/params/VLP16_hires_db.yaml
[36.465s] -- Symlinking: /home/mlemsalu/ros2_ws_luke/install/velodyne_pointcloud/share/velodyne_pointcloud/params/VLP16db.yaml
[36.474s] -- Symlinking: /home/mlemsalu/ros2_ws_luke/install/velodyne_pointcloud/share/velodyne_pointcloud/params/VeloView-VLP-32C.yaml
[36.483s] -- Symlinking: /home/mlemsalu/ros2_ws_luke/install/velodyne_pointcloud/share/velodyne_pointcloud/params/rviz_points.vcg
[36.492s] -- Symlinking: /home/mlemsalu/ros2_ws_luke/install/velodyne_pointcloud/share/ament_index/resource_index/package_run_dependencies/velodyne_pointcloud
[36.501s] -- Symlinking: /home/mlemsalu/ros2_ws_luke/install/velodyne_pointcloud/share/ament_index/resource_index/parent_prefix_path/velodyne_pointcloud
[36.510s] -- Symlinking: /home/mlemsalu/ros2_ws_luke/install/velodyne_pointcloud/share/velodyne_pointcloud/environment/ament_prefix_path.sh
[36.519s] -- Symlinking: /home/mlemsalu/ros2_ws_luke/install/velodyne_pointcloud/share/velodyne_pointcloud/environment/ament_prefix_path.dsv
[36.527s] -- Symlinking: /home/mlemsalu/ros2_ws_luke/install/velodyne_pointcloud/share/velodyne_pointcloud/environment/path.sh
[36.536s] -- Symlinking: /home/mlemsalu/ros2_ws_luke/install/velodyne_pointcloud/share/velodyne_pointcloud/environment/path.dsv
[36.545s] -- Symlinking: /home/mlemsalu/ros2_ws_luke/install/velodyne_pointcloud/share/velodyne_pointcloud/local_setup.bash
[36.554s] -- Symlinking: /home/mlemsalu/ros2_ws_luke/install/velodyne_pointcloud/share/velodyne_pointcloud/local_setup.sh
[36.562s] -- Symlinking: /home/mlemsalu/ros2_ws_luke/install/velodyne_pointcloud/share/velodyne_pointcloud/local_setup.zsh
[36.571s] -- Symlinking: /home/mlemsalu/ros2_ws_luke/install/velodyne_pointcloud/share/velodyne_pointcloud/local_setup.dsv
[36.580s] -- Symlinking: /home/mlemsalu/ros2_ws_luke/install/velodyne_pointcloud/share/velodyne_pointcloud/package.dsv
[36.589s] -- Symlinking: /home/mlemsalu/ros2_ws_luke/install/velodyne_pointcloud/share/ament_index/resource_index/packages/velodyne_pointcloud
[36.598s] -- Symlinking: /home/mlemsalu/ros2_ws_luke/install/velodyne_pointcloud/share/ament_index/resource_index/rclcpp_components/velodyne_pointcloud
[36.607s] -- Symlinking: /home/mlemsalu/ros2_ws_luke/install/velodyne_pointcloud/share/velodyne_pointcloud/cmake/velodyne_pointcloudConfig.cmake
[36.615s] -- Symlinking: /home/mlemsalu/ros2_ws_luke/install/velodyne_pointcloud/share/velodyne_pointcloud/cmake/velodyne_pointcloudConfig-version.cmake
[36.624s] -- Symlinking: /home/mlemsalu/ros2_ws_luke/install/velodyne_pointcloud/share/velodyne_pointcloud/package.xml
[36.637s] Invoked command in '/home/mlemsalu/ros2_ws_luke/build/velodyne_pointcloud' returned '0': AMENT_PREFIX_PATH=/home/mlemsalu/ros2_ws_luke/install/velodyne_msgs:${AMENT_PREFIX_PATH} CMAKE_PREFIX_PATH=/home/mlemsalu/ros2_ws_luke/install/velodyne_msgs:/opt/ros/foxy LD_LIBRARY_PATH=/home/mlemsalu/ros2_ws_luke/install/velodyne_msgs/lib:${LD_LIBRARY_PATH} PYTHONPATH=/home/mlemsalu/ros2_ws_luke/install/velodyne_msgs/lib/python3.8/site-packages:${PYTHONPATH} /usr/bin/cmake --install /home/mlemsalu/ros2_ws_luke/build/velodyne_pointcloud
