/home/mlemsalu/ros2_ws_luke/install/ros2bag/lib/python3.8/site-packages/ros2bag/__init__.py
/home/mlemsalu/ros2_ws_luke/install/ros2bag/lib/python3.8/site-packages/ros2bag/command/bag.py
/home/mlemsalu/ros2_ws_luke/install/ros2bag/lib/python3.8/site-packages/ros2bag/command/__init__.py
/home/mlemsalu/ros2_ws_luke/install/ros2bag/lib/python3.8/site-packages/ros2bag/verb/list.py
/home/mlemsalu/ros2_ws_luke/install/ros2bag/lib/python3.8/site-packages/ros2bag/verb/record.py
/home/mlemsalu/ros2_ws_luke/install/ros2bag/lib/python3.8/site-packages/ros2bag/verb/__init__.py
/home/mlemsalu/ros2_ws_luke/install/ros2bag/lib/python3.8/site-packages/ros2bag/verb/info.py
/home/mlemsalu/ros2_ws_luke/install/ros2bag/lib/python3.8/site-packages/ros2bag/verb/play.py
/home/mlemsalu/ros2_ws_luke/install/ros2bag/lib/python3.8/site-packages/ros2bag/api/__init__.py
/home/mlemsalu/ros2_ws_luke/install/ros2bag/lib/python3.8/site-packages/ros2bag/__pycache__/__init__.cpython-38.pyc
/home/mlemsalu/ros2_ws_luke/install/ros2bag/lib/python3.8/site-packages/ros2bag/command/__pycache__/bag.cpython-38.pyc
/home/mlemsalu/ros2_ws_luke/install/ros2bag/lib/python3.8/site-packages/ros2bag/command/__pycache__/__init__.cpython-38.pyc
/home/mlemsalu/ros2_ws_luke/install/ros2bag/lib/python3.8/site-packages/ros2bag/verb/__pycache__/list.cpython-38.pyc
/home/mlemsalu/ros2_ws_luke/install/ros2bag/lib/python3.8/site-packages/ros2bag/verb/__pycache__/record.cpython-38.pyc
/home/mlemsalu/ros2_ws_luke/install/ros2bag/lib/python3.8/site-packages/ros2bag/verb/__pycache__/__init__.cpython-38.pyc
/home/mlemsalu/ros2_ws_luke/install/ros2bag/lib/python3.8/site-packages/ros2bag/verb/__pycache__/info.cpython-38.pyc
/home/mlemsalu/ros2_ws_luke/install/ros2bag/lib/python3.8/site-packages/ros2bag/verb/__pycache__/play.cpython-38.pyc
/home/mlemsalu/ros2_ws_luke/install/ros2bag/lib/python3.8/site-packages/ros2bag/api/__pycache__/__init__.cpython-38.pyc
/home/mlemsalu/ros2_ws_luke/install/ros2bag/share/ros2bag/package.xml
/home/mlemsalu/ros2_ws_luke/install/ros2bag/share/ament_index/resource_index/packages/ros2bag
/home/mlemsalu/ros2_ws_luke/install/ros2bag/lib/python3.8/site-packages/ros2bag-0.7.0-py3.8.egg-info/PKG-INFO
/home/mlemsalu/ros2_ws_luke/install/ros2bag/lib/python3.8/site-packages/ros2bag-0.7.0-py3.8.egg-info/entry_points.txt
/home/mlemsalu/ros2_ws_luke/install/ros2bag/lib/python3.8/site-packages/ros2bag-0.7.0-py3.8.egg-info/zip-safe
/home/mlemsalu/ros2_ws_luke/install/ros2bag/lib/python3.8/site-packages/ros2bag-0.7.0-py3.8.egg-info/requires.txt
/home/mlemsalu/ros2_ws_luke/install/ros2bag/lib/python3.8/site-packages/ros2bag-0.7.0-py3.8.egg-info/SOURCES.txt
/home/mlemsalu/ros2_ws_luke/install/ros2bag/lib/python3.8/site-packages/ros2bag-0.7.0-py3.8.egg-info/dependency_links.txt
/home/mlemsalu/ros2_ws_luke/install/ros2bag/lib/python3.8/site-packages/ros2bag-0.7.0-py3.8.egg-info/top_level.txt
