[0.031s] Invoking command in '/home/mlemsalu/ros2_ws_luke/build/velodyne_laserscan': CMAKE_PREFIX_PATH=/opt/ros/foxy /usr/bin/cmake /home/mlemsalu/ros2_ws_luke/src/velodyne-foxy-devel/velodyne_laserscan -DCMAKE_BUILD_TYPE=Release -DAMENT_CMAKE_SYMLINK_INSTALL=1 -DCMAKE_INSTALL_PREFIX=/home/mlemsalu/ros2_ws_luke/install/velodyne_laserscan
[0.170s] -- The C compiler identification is GNU 9.4.0
[0.267s] -- The CXX compiler identification is GNU 9.4.0
[0.274s] -- Check for working C compiler: /usr/bin/cc
[0.350s] -- Check for working C compiler: /usr/bin/cc -- works
[0.352s] -- Detecting C compiler ABI info
[0.428s] -- Detecting C compiler ABI info - done
[0.447s] -- Detecting C compile features
[0.447s] -- Detecting C compile features - done
[0.450s] -- Check for working CXX compiler: /usr/bin/c++
[0.526s] -- Check for working CXX compiler: /usr/bin/c++ -- works
[0.527s] -- Detecting CXX compiler ABI info
[0.605s] -- Detecting CXX compiler ABI info - done
[0.616s] -- Detecting CXX compile features
[0.616s] -- Detecting CXX compile features - done
[0.619s] -- Found ament_cmake_ros: 0.9.2 (/opt/ros/foxy/share/ament_cmake_ros/cmake)
[0.654s] -- Found PythonInterp: /usr/bin/python3 (found suitable version "3.8.10", minimum required is "3") 
[0.654s] -- Using PYTHON_EXECUTABLE: /usr/bin/python3
[0.807s] -- Override CMake install command with custom implementation using symlinks instead of copying resources
[0.832s] -- Found rclcpp: 2.4.2 (/opt/ros/foxy/share/rclcpp/cmake)
[0.874s] -- Using all available rosidl_typesupport_c: rosidl_typesupport_fastrtps_c;rosidl_typesupport_introspection_c
[0.881s] -- Found rosidl_adapter: 1.3.0 (/opt/ros/foxy/share/rosidl_adapter/cmake)
[0.974s] -- Found OpenSSL: /usr/lib/x86_64-linux-gnu/libcrypto.so (found version "1.1.1f")  
[0.997s] -- Found FastRTPS: /opt/ros/foxy/include  
[1.097s] -- Using all available rosidl_typesupport_cpp: rosidl_typesupport_fastrtps_cpp;rosidl_typesupport_introspection_cpp
[1.185s] -- Found rmw_implementation_cmake: 1.0.4 (/opt/ros/foxy/share/rmw_implementation_cmake/cmake)
[1.187s] -- Using RMW implementation 'rmw_fastrtps_cpp' as default
[1.188s] -- Looking for pthread.h
[1.263s] -- Looking for pthread.h - found
[1.263s] -- Performing Test CMAKE_HAVE_LIBC_PTHREAD
[1.326s] -- Performing Test CMAKE_HAVE_LIBC_PTHREAD - Failed
[1.326s] -- Looking for pthread_create in pthreads
[1.377s] -- Looking for pthread_create in pthreads - not found
[1.378s] -- Looking for pthread_create in pthread
[1.447s] -- Looking for pthread_create in pthread - found
[1.448s] -- Found Threads: TRUE  
[1.579s] -- Found rclcpp_components: 2.4.2 (/opt/ros/foxy/share/rclcpp_components/cmake)
[1.639s] -- Found sensor_msgs: 2.0.5 (/opt/ros/foxy/share/sensor_msgs/cmake)
[1.758s] -- Found ament_lint_auto: 0.9.8 (/opt/ros/foxy/share/ament_lint_auto/cmake)
[1.838s] -- Added test 'copyright' to check source files copyright and LICENSE
[1.839s] -- Added test 'cppcheck' to perform static code analysis on C / C++ code
[1.839s] -- Configured cppcheck include dirs: /home/mlemsalu/ros2_ws_luke/src/velodyne-foxy-devel/velodyne_laserscan/include
[1.839s] -- Configured cppcheck exclude dirs and/or files: 
[1.841s] -- Added test 'cpplint' to check C / C++ code against the Google style
[1.841s] -- Configured cpplint exclude dirs and/or files: 
[1.841s] -- Added test 'flake8' to check Python code syntax and style conventions
[1.842s] -- Added test 'lint_cmake' to check CMake code style
[1.843s] -- Added test 'pep257' to check Python code against some of the style conventions in PEP 257
[1.845s] -- Added test 'uncrustify' to check C / C++ code style
[1.845s] -- Configured uncrustify additional arguments: 
[1.846s] -- Added test 'xmllint' to check XML markup files
[1.851s] -- Configuring done
[1.863s] -- Generating done
[1.865s] -- Build files have been written to: /home/mlemsalu/ros2_ws_luke/build/velodyne_laserscan
[1.873s] Invoked command in '/home/mlemsalu/ros2_ws_luke/build/velodyne_laserscan' returned '0': CMAKE_PREFIX_PATH=/opt/ros/foxy /usr/bin/cmake /home/mlemsalu/ros2_ws_luke/src/velodyne-foxy-devel/velodyne_laserscan -DCMAKE_BUILD_TYPE=Release -DAMENT_CMAKE_SYMLINK_INSTALL=1 -DCMAKE_INSTALL_PREFIX=/home/mlemsalu/ros2_ws_luke/install/velodyne_laserscan
[1.873s] Invoking command in '/home/mlemsalu/ros2_ws_luke/build/velodyne_laserscan': CMAKE_PREFIX_PATH=/opt/ros/foxy /usr/bin/cmake --build /home/mlemsalu/ros2_ws_luke/build/velodyne_laserscan -- -j12 -l12
[1.912s] [35m[1mScanning dependencies of target velodyne_laserscan[0m
[1.988s] [ 25%] [32mBuilding CXX object CMakeFiles/velodyne_laserscan.dir/src/velodyne_laserscan.cpp.o[0m
[14.450s] [ 50%] [32m[1mLinking CXX shared library libvelodyne_laserscan.so[0m
[14.614s] [ 50%] Built target velodyne_laserscan
[14.624s] [35m[1mScanning dependencies of target velodyne_laserscan_node[0m
[14.668s] [ 75%] [32mBuilding CXX object CMakeFiles/velodyne_laserscan_node.dir/src/node.cpp.o[0m
[17.842s] [100%] [32m[1mLinking CXX executable velodyne_laserscan_node[0m
[18.212s] [100%] Built target velodyne_laserscan_node
[18.246s] Invoked command in '/home/mlemsalu/ros2_ws_luke/build/velodyne_laserscan' returned '0': CMAKE_PREFIX_PATH=/opt/ros/foxy /usr/bin/cmake --build /home/mlemsalu/ros2_ws_luke/build/velodyne_laserscan -- -j12 -l12
[18.703s] Invoking command in '/home/mlemsalu/ros2_ws_luke/build/velodyne_laserscan': CMAKE_PREFIX_PATH=/opt/ros/foxy /usr/bin/cmake --install /home/mlemsalu/ros2_ws_luke/build/velodyne_laserscan
[18.768s] -- Install configuration: "Release"
[18.769s] -- Execute custom install script
[18.770s] -- Symlinking: /home/mlemsalu/ros2_ws_luke/install/velodyne_laserscan/lib/libvelodyne_laserscan.so
[18.810s] -- Symlinking: /home/mlemsalu/ros2_ws_luke/install/velodyne_laserscan/lib/velodyne_laserscan/velodyne_laserscan_node
[18.860s] -- Symlinking: /home/mlemsalu/ros2_ws_luke/install/velodyne_laserscan/include/velodyne_laserscan/velodyne_laserscan.hpp
[18.900s] -- Symlinking: /home/mlemsalu/ros2_ws_luke/install/velodyne_laserscan/share/velodyne_laserscan/config/default-velodyne_laserscan_node-params.yaml
[18.932s] -- Symlinking: /home/mlemsalu/ros2_ws_luke/install/velodyne_laserscan/share/velodyne_laserscan/launch/velodyne_laserscan_node-composed-launch.py
[18.963s] -- Symlinking: /home/mlemsalu/ros2_ws_luke/install/velodyne_laserscan/share/velodyne_laserscan/launch/velodyne_laserscan_node-launch.py
[19.007s] -- Symlinking: /home/mlemsalu/ros2_ws_luke/install/velodyne_laserscan/share/ament_index/resource_index/package_run_dependencies/velodyne_laserscan
[19.035s] -- Symlinking: /home/mlemsalu/ros2_ws_luke/install/velodyne_laserscan/share/ament_index/resource_index/parent_prefix_path/velodyne_laserscan
[19.072s] -- Symlinking: /home/mlemsalu/ros2_ws_luke/install/velodyne_laserscan/share/velodyne_laserscan/environment/ament_prefix_path.sh
[19.111s] -- Symlinking: /home/mlemsalu/ros2_ws_luke/install/velodyne_laserscan/share/velodyne_laserscan/environment/ament_prefix_path.dsv
[19.143s] -- Symlinking: /home/mlemsalu/ros2_ws_luke/install/velodyne_laserscan/share/velodyne_laserscan/environment/path.sh
[19.172s] -- Symlinking: /home/mlemsalu/ros2_ws_luke/install/velodyne_laserscan/share/velodyne_laserscan/environment/path.dsv
[19.199s] -- Symlinking: /home/mlemsalu/ros2_ws_luke/install/velodyne_laserscan/share/velodyne_laserscan/local_setup.bash
[19.243s] -- Symlinking: /home/mlemsalu/ros2_ws_luke/install/velodyne_laserscan/share/velodyne_laserscan/local_setup.sh
[19.271s] -- Symlinking: /home/mlemsalu/ros2_ws_luke/install/velodyne_laserscan/share/velodyne_laserscan/local_setup.zsh
[19.327s] -- Symlinking: /home/mlemsalu/ros2_ws_luke/install/velodyne_laserscan/share/velodyne_laserscan/local_setup.dsv
[19.365s] -- Symlinking: /home/mlemsalu/ros2_ws_luke/install/velodyne_laserscan/share/velodyne_laserscan/package.dsv
[19.408s] -- Symlinking: /home/mlemsalu/ros2_ws_luke/install/velodyne_laserscan/share/ament_index/resource_index/packages/velodyne_laserscan
[19.443s] -- Symlinking: /home/mlemsalu/ros2_ws_luke/install/velodyne_laserscan/share/ament_index/resource_index/rclcpp_components/velodyne_laserscan
[19.487s] -- Symlinking: /home/mlemsalu/ros2_ws_luke/install/velodyne_laserscan/share/velodyne_laserscan/cmake/velodyne_laserscanConfig.cmake
[19.504s] -- Symlinking: /home/mlemsalu/ros2_ws_luke/install/velodyne_laserscan/share/velodyne_laserscan/cmake/velodyne_laserscanConfig-version.cmake
[19.520s] -- Symlinking: /home/mlemsalu/ros2_ws_luke/install/velodyne_laserscan/share/velodyne_laserscan/package.xml
[19.544s] Invoked command in '/home/mlemsalu/ros2_ws_luke/build/velodyne_laserscan' returned '0': CMAKE_PREFIX_PATH=/opt/ros/foxy /usr/bin/cmake --install /home/mlemsalu/ros2_ws_luke/build/velodyne_laserscan
