-- The C compiler identification is GNU 9.4.0
-- The CXX compiler identification is GNU 9.4.0
-- Check for working C compiler: /usr/bin/cc
-- Check for working C compiler: /usr/bin/cc -- works
-- Detecting C compiler ABI info
-- Detecting C compiler ABI info - done
-- Detecting C compile features
-- Detecting C compile features - done
-- Check for working CXX compiler: /usr/bin/c++
-- Check for working CXX compiler: /usr/bin/c++ -- works
-- Detecting CXX compiler ABI info
-- Detecting CXX compiler ABI info - done
-- Detecting CXX compile features
-- Detecting CXX compile features - done
-- Found ament_cmake: 0.9.11 (/opt/ros/foxy/share/ament_cmake/cmake)
-- Found PythonInterp: /usr/bin/python3 (found suitable version "3.8.10", minimum required is "3") 
-- Using PYTHON_EXECUTABLE: /usr/bin/python3
-- Override CMake install command with custom implementation using symlinks instead of copying resources
-- Found SQLite3. Using SQLite3 from system.
-- Configuring done
-- Generating done
-- Build files have been written to: /home/mlemsalu/ros2_ws_luke/build/sqlite3_vendor
-- Install configuration: "Release"
-- Execute custom install script
-- Symlinking: /home/mlemsalu/ros2_ws_luke/install/sqlite3_vendor/share/sqlite3_vendor/cmake/Modules/FindSQLite3.cmake
-- Symlinking: /home/mlemsalu/ros2_ws_luke/install/sqlite3_vendor/share/ament_index/resource_index/package_run_dependencies/sqlite3_vendor
-- Symlinking: /home/mlemsalu/ros2_ws_luke/install/sqlite3_vendor/share/ament_index/resource_index/parent_prefix_path/sqlite3_vendor
-- Symlinking: /home/mlemsalu/ros2_ws_luke/install/sqlite3_vendor/share/sqlite3_vendor/environment/ament_prefix_path.sh
-- Symlinking: /home/mlemsalu/ros2_ws_luke/install/sqlite3_vendor/share/sqlite3_vendor/environment/ament_prefix_path.dsv
-- Symlinking: /home/mlemsalu/ros2_ws_luke/install/sqlite3_vendor/share/sqlite3_vendor/environment/path.sh
-- Symlinking: /home/mlemsalu/ros2_ws_luke/install/sqlite3_vendor/share/sqlite3_vendor/environment/path.dsv
-- Symlinking: /home/mlemsalu/ros2_ws_luke/install/sqlite3_vendor/share/sqlite3_vendor/local_setup.bash
-- Symlinking: /home/mlemsalu/ros2_ws_luke/install/sqlite3_vendor/share/sqlite3_vendor/local_setup.sh
-- Symlinking: /home/mlemsalu/ros2_ws_luke/install/sqlite3_vendor/share/sqlite3_vendor/local_setup.zsh
-- Symlinking: /home/mlemsalu/ros2_ws_luke/install/sqlite3_vendor/share/sqlite3_vendor/local_setup.dsv
-- Symlinking: /home/mlemsalu/ros2_ws_luke/install/sqlite3_vendor/share/sqlite3_vendor/package.dsv
-- Symlinking: /home/mlemsalu/ros2_ws_luke/install/sqlite3_vendor/share/ament_index/resource_index/packages/sqlite3_vendor
-- Symlinking: /home/mlemsalu/ros2_ws_luke/install/sqlite3_vendor/share/sqlite3_vendor/cmake/sqlite3_vendor-extras.cmake
-- Symlinking: /home/mlemsalu/ros2_ws_luke/install/sqlite3_vendor/share/sqlite3_vendor/cmake/sqlite3_vendorConfig.cmake
-- Symlinking: /home/mlemsalu/ros2_ws_luke/install/sqlite3_vendor/share/sqlite3_vendor/cmake/sqlite3_vendorConfig-version.cmake
-- Symlinking: /home/mlemsalu/ros2_ws_luke/install/sqlite3_vendor/share/sqlite3_vendor/package.xml
