[0.015s] Invoking command in '/home/mlemsalu/ros2_ws_luke/build/rosbag2_cpp': AMENT_PREFIX_PATH=/home/mlemsalu/ros2_ws_luke/install/rosbag2_storage_default_plugins:/home/mlemsalu/ros2_ws_luke/install/rosbag2_storage:/home/mlemsalu/ros2_ws_luke/install/sqlite3_vendor:/home/mlemsalu/ros2_ws_luke/install/shared_queues_vendor:/home/mlemsalu/ros2_ws_luke/install/rosbag2_test_common:${AMENT_PREFIX_PATH} CMAKE_PREFIX_PATH=/home/mlemsalu/ros2_ws_luke/install/rosbag2_storage_default_plugins:/home/mlemsalu/ros2_ws_luke/install/rosbag2_storage:/home/mlemsalu/ros2_ws_luke/install/sqlite3_vendor:/home/mlemsalu/ros2_ws_luke/install/shared_queues_vendor:/home/mlemsalu/ros2_ws_luke/install/rosbag2_test_common:/opt/ros/foxy LD_LIBRARY_PATH=/home/mlemsalu/ros2_ws_luke/install/rosbag2_storage_default_plugins/lib:/home/mlemsalu/ros2_ws_luke/install/rosbag2_storage/lib:${LD_LIBRARY_PATH} /usr/bin/cmake /home/mlemsalu/ros2_ws_luke/src/rosbag2-foxy-future/rosbag2_cpp -DCMAKE_INSTALL_PREFIX=/home/mlemsalu/ros2_ws_luke/install/rosbag2_cpp
[0.027s] -- Found ament_cmake: 0.9.11 (/opt/ros/foxy/share/ament_cmake/cmake)
[0.049s] -- Using PYTHON_EXECUTABLE: /usr/bin/python3
[0.198s] -- Override CMake install command with custom implementation using symlinks instead of copying resources
[0.207s] -- Found ament_index_cpp: 1.1.0 (/opt/ros/foxy/share/ament_index_cpp/cmake)
[0.212s] -- Found pluginlib: 2.5.4 (/opt/ros/foxy/share/pluginlib/cmake)
[0.247s] -- Found rclcpp: 2.4.2 (/opt/ros/foxy/share/rclcpp/cmake)
[0.286s] -- Using all available rosidl_typesupport_c: rosidl_typesupport_fastrtps_c;rosidl_typesupport_introspection_c
[0.292s] -- Found rosidl_adapter: 1.3.0 (/opt/ros/foxy/share/rosidl_adapter/cmake)
[0.442s] -- Using all available rosidl_typesupport_cpp: rosidl_typesupport_fastrtps_cpp;rosidl_typesupport_introspection_cpp
[0.526s] -- Found rmw_implementation_cmake: 1.0.4 (/opt/ros/foxy/share/rmw_implementation_cmake/cmake)
[0.529s] -- Using RMW implementation 'rmw_fastrtps_cpp' as default
[0.786s] -- Found rosbag2_storage: 0.7.0 (/home/mlemsalu/ros2_ws_luke/install/rosbag2_storage/share/rosbag2_storage/cmake)
[0.791s] -- Setting yaml-cpp_DIR to: '/opt/ros/foxy/share/yaml_cpp_vendor/cmake/../../../opt/yaml_cpp_vendor/lib/cmake/yaml-cpp'
[0.801s] -- Found ament_cmake_gmock: 0.9.11 (/opt/ros/foxy/share/ament_cmake_gmock/cmake)
[0.801s] -- Found ament_lint_auto: 0.9.8 (/opt/ros/foxy/share/ament_lint_auto/cmake)
[0.802s] -- Found test_msgs: 1.0.0 (/opt/ros/foxy/share/test_msgs/cmake)
[1.092s] -- Found gmock sources under '/opt/ros/foxy/src/gmock_vendor': C++ tests using 'Google Mock' will be built
[1.095s] -- Found ament_cmake_gtest: 0.9.11 (/opt/ros/foxy/share/ament_cmake_gtest/cmake)
[1.096s] -- Found gtest sources under '/opt/ros/foxy/src/gtest_vendor': C++ tests using 'Google Test' will be built
[1.122s] -- Added test 'copyright' to check source files copyright and LICENSE
[1.127s] -- Added test 'cppcheck' to perform static code analysis on C / C++ code
[1.128s] -- Configured cppcheck include dirs: $<BUILD_INTERFACE:/home/mlemsalu/ros2_ws_luke/src/rosbag2-foxy-future/rosbag2_cpp/include>
[1.128s] -- Configured cppcheck exclude dirs and/or files: 
[1.134s] -- Added test 'cpplint' to check C / C++ code against the Google style
[1.134s] -- Configured cpplint exclude dirs and/or files: 
[1.136s] -- Added test 'lint_cmake' to check CMake code style
[1.142s] -- Added test 'uncrustify' to check C / C++ code style
[1.142s] -- Configured uncrustify additional arguments: 
[1.143s] -- Added test 'xmllint' to check XML markup files
[1.150s] -- Configuring done
[1.239s] -- Generating done
[1.243s] -- Build files have been written to: /home/mlemsalu/ros2_ws_luke/build/rosbag2_cpp
[1.253s] Invoked command in '/home/mlemsalu/ros2_ws_luke/build/rosbag2_cpp' returned '0': AMENT_PREFIX_PATH=/home/mlemsalu/ros2_ws_luke/install/rosbag2_storage_default_plugins:/home/mlemsalu/ros2_ws_luke/install/rosbag2_storage:/home/mlemsalu/ros2_ws_luke/install/sqlite3_vendor:/home/mlemsalu/ros2_ws_luke/install/shared_queues_vendor:/home/mlemsalu/ros2_ws_luke/install/rosbag2_test_common:${AMENT_PREFIX_PATH} CMAKE_PREFIX_PATH=/home/mlemsalu/ros2_ws_luke/install/rosbag2_storage_default_plugins:/home/mlemsalu/ros2_ws_luke/install/rosbag2_storage:/home/mlemsalu/ros2_ws_luke/install/sqlite3_vendor:/home/mlemsalu/ros2_ws_luke/install/shared_queues_vendor:/home/mlemsalu/ros2_ws_luke/install/rosbag2_test_common:/opt/ros/foxy LD_LIBRARY_PATH=/home/mlemsalu/ros2_ws_luke/install/rosbag2_storage_default_plugins/lib:/home/mlemsalu/ros2_ws_luke/install/rosbag2_storage/lib:${LD_LIBRARY_PATH} /usr/bin/cmake /home/mlemsalu/ros2_ws_luke/src/rosbag2-foxy-future/rosbag2_cpp -DCMAKE_INSTALL_PREFIX=/home/mlemsalu/ros2_ws_luke/install/rosbag2_cpp
[1.256s] Invoking command in '/home/mlemsalu/ros2_ws_luke/build/rosbag2_cpp': AMENT_PREFIX_PATH=/home/mlemsalu/ros2_ws_luke/install/rosbag2_storage_default_plugins:/home/mlemsalu/ros2_ws_luke/install/rosbag2_storage:/home/mlemsalu/ros2_ws_luke/install/sqlite3_vendor:/home/mlemsalu/ros2_ws_luke/install/shared_queues_vendor:/home/mlemsalu/ros2_ws_luke/install/rosbag2_test_common:${AMENT_PREFIX_PATH} CMAKE_PREFIX_PATH=/home/mlemsalu/ros2_ws_luke/install/rosbag2_storage_default_plugins:/home/mlemsalu/ros2_ws_luke/install/rosbag2_storage:/home/mlemsalu/ros2_ws_luke/install/sqlite3_vendor:/home/mlemsalu/ros2_ws_luke/install/shared_queues_vendor:/home/mlemsalu/ros2_ws_luke/install/rosbag2_test_common:/opt/ros/foxy LD_LIBRARY_PATH=/home/mlemsalu/ros2_ws_luke/install/rosbag2_storage_default_plugins/lib:/home/mlemsalu/ros2_ws_luke/install/rosbag2_storage/lib:${LD_LIBRARY_PATH} /usr/bin/cmake --build /home/mlemsalu/ros2_ws_luke/build/rosbag2_cpp -- -j12 -l12
[1.327s] [ 11%] Built target gmock_main
[1.328s] [ 11%] Built target gmock
[1.343s] [ 45%] Built target rosbag2_cpp
[1.377s] [ 54%] Built target test_ros2_message
[1.393s] [ 59%] Built target test_info
[1.393s] [ 66%] Built target converter_test_plugins
[1.394s] [ 71%] Built target test_sequential_writer
[1.399s] [ 80%] Built target test_sequential_reader
[1.399s] [ 80%] Built target test_storage_without_metadata_file
[1.406s] [ 85%] Built target test_typesupport_helpers
[1.408s] [ 90%] Built target test_converter_factory
[1.425s] [ 95%] Built target test_message_cache
[1.432s] [100%] Built target test_multifile_reader
[1.446s] Invoked command in '/home/mlemsalu/ros2_ws_luke/build/rosbag2_cpp' returned '0': AMENT_PREFIX_PATH=/home/mlemsalu/ros2_ws_luke/install/rosbag2_storage_default_plugins:/home/mlemsalu/ros2_ws_luke/install/rosbag2_storage:/home/mlemsalu/ros2_ws_luke/install/sqlite3_vendor:/home/mlemsalu/ros2_ws_luke/install/shared_queues_vendor:/home/mlemsalu/ros2_ws_luke/install/rosbag2_test_common:${AMENT_PREFIX_PATH} CMAKE_PREFIX_PATH=/home/mlemsalu/ros2_ws_luke/install/rosbag2_storage_default_plugins:/home/mlemsalu/ros2_ws_luke/install/rosbag2_storage:/home/mlemsalu/ros2_ws_luke/install/sqlite3_vendor:/home/mlemsalu/ros2_ws_luke/install/shared_queues_vendor:/home/mlemsalu/ros2_ws_luke/install/rosbag2_test_common:/opt/ros/foxy LD_LIBRARY_PATH=/home/mlemsalu/ros2_ws_luke/install/rosbag2_storage_default_plugins/lib:/home/mlemsalu/ros2_ws_luke/install/rosbag2_storage/lib:${LD_LIBRARY_PATH} /usr/bin/cmake --build /home/mlemsalu/ros2_ws_luke/build/rosbag2_cpp -- -j12 -l12
[1.531s] Invoking command in '/home/mlemsalu/ros2_ws_luke/build/rosbag2_cpp': AMENT_PREFIX_PATH=/home/mlemsalu/ros2_ws_luke/install/rosbag2_storage_default_plugins:/home/mlemsalu/ros2_ws_luke/install/rosbag2_storage:/home/mlemsalu/ros2_ws_luke/install/sqlite3_vendor:/home/mlemsalu/ros2_ws_luke/install/shared_queues_vendor:/home/mlemsalu/ros2_ws_luke/install/rosbag2_test_common:${AMENT_PREFIX_PATH} CMAKE_PREFIX_PATH=/home/mlemsalu/ros2_ws_luke/install/rosbag2_storage_default_plugins:/home/mlemsalu/ros2_ws_luke/install/rosbag2_storage:/home/mlemsalu/ros2_ws_luke/install/sqlite3_vendor:/home/mlemsalu/ros2_ws_luke/install/shared_queues_vendor:/home/mlemsalu/ros2_ws_luke/install/rosbag2_test_common:/opt/ros/foxy LD_LIBRARY_PATH=/home/mlemsalu/ros2_ws_luke/install/rosbag2_storage_default_plugins/lib:/home/mlemsalu/ros2_ws_luke/install/rosbag2_storage/lib:${LD_LIBRARY_PATH} /usr/bin/cmake --install /home/mlemsalu/ros2_ws_luke/build/rosbag2_cpp
[1.543s] -- Install configuration: "Release"
[1.544s] -- Execute custom install script
[1.545s] -- Up-to-date symlink: /home/mlemsalu/ros2_ws_luke/install/rosbag2_cpp/include/rosbag2_cpp/cache/cache_consumer.hpp
[1.545s] -- Up-to-date symlink: /home/mlemsalu/ros2_ws_luke/install/rosbag2_cpp/include/rosbag2_cpp/cache/message_cache.hpp
[1.546s] -- Up-to-date symlink: /home/mlemsalu/ros2_ws_luke/install/rosbag2_cpp/include/rosbag2_cpp/cache/message_cache_buffer.hpp
[1.546s] -- Up-to-date symlink: /home/mlemsalu/ros2_ws_luke/install/rosbag2_cpp/include/rosbag2_cpp/converter.hpp
[1.546s] -- Up-to-date symlink: /home/mlemsalu/ros2_ws_luke/install/rosbag2_cpp/include/rosbag2_cpp/converter_interfaces/serialization_format_converter.hpp
[1.547s] -- Up-to-date symlink: /home/mlemsalu/ros2_ws_luke/install/rosbag2_cpp/include/rosbag2_cpp/converter_interfaces/serialization_format_deserializer.hpp
[1.547s] -- Up-to-date symlink: /home/mlemsalu/ros2_ws_luke/install/rosbag2_cpp/include/rosbag2_cpp/converter_interfaces/serialization_format_serializer.hpp
[1.547s] -- Up-to-date symlink: /home/mlemsalu/ros2_ws_luke/install/rosbag2_cpp/include/rosbag2_cpp/converter_options.hpp
[1.547s] -- Up-to-date symlink: /home/mlemsalu/ros2_ws_luke/install/rosbag2_cpp/include/rosbag2_cpp/info.hpp
[1.548s] -- Up-to-date symlink: /home/mlemsalu/ros2_ws_luke/install/rosbag2_cpp/include/rosbag2_cpp/logging.hpp
[1.548s] -- Up-to-date symlink: /home/mlemsalu/ros2_ws_luke/install/rosbag2_cpp/include/rosbag2_cpp/reader.hpp
[1.548s] -- Up-to-date symlink: /home/mlemsalu/ros2_ws_luke/install/rosbag2_cpp/include/rosbag2_cpp/reader_interfaces/base_reader_interface.hpp
[1.548s] -- Up-to-date symlink: /home/mlemsalu/ros2_ws_luke/install/rosbag2_cpp/include/rosbag2_cpp/readers/sequential_reader.hpp
[1.549s] -- Up-to-date symlink: /home/mlemsalu/ros2_ws_luke/install/rosbag2_cpp/include/rosbag2_cpp/serialization_format_converter_factory.hpp
[1.549s] -- Up-to-date symlink: /home/mlemsalu/ros2_ws_luke/install/rosbag2_cpp/include/rosbag2_cpp/serialization_format_converter_factory_interface.hpp
[1.549s] -- Up-to-date symlink: /home/mlemsalu/ros2_ws_luke/install/rosbag2_cpp/include/rosbag2_cpp/storage_options.hpp
[1.549s] -- Up-to-date symlink: /home/mlemsalu/ros2_ws_luke/install/rosbag2_cpp/include/rosbag2_cpp/types.hpp
[1.550s] -- Up-to-date symlink: /home/mlemsalu/ros2_ws_luke/install/rosbag2_cpp/include/rosbag2_cpp/types/introspection_message.hpp
[1.550s] -- Up-to-date symlink: /home/mlemsalu/ros2_ws_luke/install/rosbag2_cpp/include/rosbag2_cpp/typesupport_helpers.hpp
[1.550s] -- Up-to-date symlink: /home/mlemsalu/ros2_ws_luke/install/rosbag2_cpp/include/rosbag2_cpp/visibility_control.hpp
[1.550s] -- Up-to-date symlink: /home/mlemsalu/ros2_ws_luke/install/rosbag2_cpp/include/rosbag2_cpp/writer.hpp
[1.551s] -- Up-to-date symlink: /home/mlemsalu/ros2_ws_luke/install/rosbag2_cpp/include/rosbag2_cpp/writer_interfaces/base_writer_interface.hpp
[1.551s] -- Up-to-date symlink: /home/mlemsalu/ros2_ws_luke/install/rosbag2_cpp/include/rosbag2_cpp/writers/sequential_writer.hpp
[1.551s] -- Up-to-date symlink: /home/mlemsalu/ros2_ws_luke/install/rosbag2_cpp/share/rosbag2_cpp/environment/library_path.sh
[1.552s] -- Up-to-date symlink: /home/mlemsalu/ros2_ws_luke/install/rosbag2_cpp/share/rosbag2_cpp/environment/library_path.dsv
[1.553s] -- Up-to-date symlink: /home/mlemsalu/ros2_ws_luke/install/rosbag2_cpp/lib/libconverter_test_plugins.so
[1.553s] -- Up-to-date symlink: /home/mlemsalu/ros2_ws_luke/install/rosbag2_cpp/share/rosbag2_cpp/test/rosbag2_cpp/converter_test_plugin.xml
[1.553s] -- Up-to-date symlink: /home/mlemsalu/ros2_ws_luke/install/rosbag2_cpp/share/ament_index/resource_index/package_run_dependencies/rosbag2_cpp
[1.554s] -- Up-to-date symlink: /home/mlemsalu/ros2_ws_luke/install/rosbag2_cpp/share/ament_index/resource_index/parent_prefix_path/rosbag2_cpp
[1.554s] -- Up-to-date symlink: /home/mlemsalu/ros2_ws_luke/install/rosbag2_cpp/share/rosbag2_cpp/environment/ament_prefix_path.sh
[1.555s] -- Up-to-date symlink: /home/mlemsalu/ros2_ws_luke/install/rosbag2_cpp/share/rosbag2_cpp/environment/ament_prefix_path.dsv
[1.555s] -- Up-to-date symlink: /home/mlemsalu/ros2_ws_luke/install/rosbag2_cpp/share/rosbag2_cpp/environment/path.sh
[1.555s] -- Up-to-date symlink: /home/mlemsalu/ros2_ws_luke/install/rosbag2_cpp/share/rosbag2_cpp/environment/path.dsv
[1.556s] -- Up-to-date symlink: /home/mlemsalu/ros2_ws_luke/install/rosbag2_cpp/share/rosbag2_cpp/local_setup.bash
[1.556s] -- Up-to-date symlink: /home/mlemsalu/ros2_ws_luke/install/rosbag2_cpp/share/rosbag2_cpp/local_setup.sh
[1.557s] -- Up-to-date symlink: /home/mlemsalu/ros2_ws_luke/install/rosbag2_cpp/share/rosbag2_cpp/local_setup.zsh
[1.557s] -- Up-to-date symlink: /home/mlemsalu/ros2_ws_luke/install/rosbag2_cpp/share/rosbag2_cpp/local_setup.dsv
[1.557s] -- Symlinking: /home/mlemsalu/ros2_ws_luke/install/rosbag2_cpp/share/rosbag2_cpp/package.dsv
[1.569s] -- Up-to-date symlink: /home/mlemsalu/ros2_ws_luke/install/rosbag2_cpp/share/ament_index/resource_index/packages/rosbag2_cpp
[1.570s] -- Up-to-date symlink: /home/mlemsalu/ros2_ws_luke/install/rosbag2_cpp/share/ament_index/resource_index/rosbag2_cpp__pluginlib__plugin/rosbag2_cpp
[1.570s] -- Up-to-date symlink: /home/mlemsalu/ros2_ws_luke/install/rosbag2_cpp/share/rosbag2_cpp/cmake/ament_cmake_export_include_directories-extras.cmake
[1.570s] -- Up-to-date symlink: /home/mlemsalu/ros2_ws_luke/install/rosbag2_cpp/share/rosbag2_cpp/cmake/ament_cmake_export_libraries-extras.cmake
[1.571s] -- Up-to-date symlink: /home/mlemsalu/ros2_ws_luke/install/rosbag2_cpp/share/rosbag2_cpp/cmake/ament_cmake_export_targets-extras.cmake
[1.571s] -- Up-to-date symlink: /home/mlemsalu/ros2_ws_luke/install/rosbag2_cpp/share/rosbag2_cpp/cmake/ament_cmake_export_dependencies-extras.cmake
[1.572s] -- Up-to-date symlink: /home/mlemsalu/ros2_ws_luke/install/rosbag2_cpp/share/rosbag2_cpp/cmake/rosbag2_cppConfig.cmake
[1.572s] -- Up-to-date symlink: /home/mlemsalu/ros2_ws_luke/install/rosbag2_cpp/share/rosbag2_cpp/cmake/rosbag2_cppConfig-version.cmake
[1.572s] -- Up-to-date symlink: /home/mlemsalu/ros2_ws_luke/install/rosbag2_cpp/share/rosbag2_cpp/package.xml
[1.573s] -- Up-to-date: /home/mlemsalu/ros2_ws_luke/install/rosbag2_cpp/lib/librosbag2_cpp.so
[1.573s] -- Up-to-date: /home/mlemsalu/ros2_ws_luke/install/rosbag2_cpp/share/rosbag2_cpp/cmake/export_rosbag2_cppExport.cmake
[1.573s] -- Installing: /home/mlemsalu/ros2_ws_luke/install/rosbag2_cpp/share/rosbag2_cpp/cmake/export_rosbag2_cppExport-release.cmake
[1.580s] Invoked command in '/home/mlemsalu/ros2_ws_luke/build/rosbag2_cpp' returned '0': AMENT_PREFIX_PATH=/home/mlemsalu/ros2_ws_luke/install/rosbag2_storage_default_plugins:/home/mlemsalu/ros2_ws_luke/install/rosbag2_storage:/home/mlemsalu/ros2_ws_luke/install/sqlite3_vendor:/home/mlemsalu/ros2_ws_luke/install/shared_queues_vendor:/home/mlemsalu/ros2_ws_luke/install/rosbag2_test_common:${AMENT_PREFIX_PATH} CMAKE_PREFIX_PATH=/home/mlemsalu/ros2_ws_luke/install/rosbag2_storage_default_plugins:/home/mlemsalu/ros2_ws_luke/install/rosbag2_storage:/home/mlemsalu/ros2_ws_luke/install/sqlite3_vendor:/home/mlemsalu/ros2_ws_luke/install/shared_queues_vendor:/home/mlemsalu/ros2_ws_luke/install/rosbag2_test_common:/opt/ros/foxy LD_LIBRARY_PATH=/home/mlemsalu/ros2_ws_luke/install/rosbag2_storage_default_plugins/lib:/home/mlemsalu/ros2_ws_luke/install/rosbag2_storage/lib:${LD_LIBRARY_PATH} /usr/bin/cmake --install /home/mlemsalu/ros2_ws_luke/build/rosbag2_cpp
