[0.037s] Invoking command in '/home/mlemsalu/ros2_ws_luke/build/zed_interfaces': CMAKE_PREFIX_PATH=/opt/ros/foxy /usr/bin/cmake /home/mlemsalu/ros2_ws_luke/src/zed-ros2-wrapper/zed-ros2-interfaces -DCMAKE_INSTALL_PREFIX=/home/mlemsalu/ros2_ws_luke/install/zed_interfaces
[0.057s] -- Found ament_cmake_auto: 0.9.11 (/opt/ros/foxy/share/ament_cmake_auto/cmake)
[0.085s] -- Found PythonInterp: /usr/bin/python3 (found suitable version "3.8.10", minimum required is "3") 
[0.085s] -- Using PYTHON_EXECUTABLE: /usr/bin/python3
[0.261s] -- Override CMake install command with custom implementation using symlinks instead of copying resources
[0.350s] -- Using all available rosidl_typesupport_c: rosidl_typesupport_fastrtps_c;rosidl_typesupport_introspection_c
[0.354s] -- Found rosidl_adapter: 1.3.0 (/opt/ros/foxy/share/rosidl_adapter/cmake)
[0.481s] -- Using all available rosidl_typesupport_cpp: rosidl_typesupport_fastrtps_cpp;rosidl_typesupport_introspection_cpp
[0.647s] -- Found ament_lint_auto: 0.9.8 (/opt/ros/foxy/share/ament_lint_auto/cmake)
[0.674s] -- Found PythonInterp: /usr/bin/python3 (found version "3.8.10") 
[0.888s] -- Found ament_cmake_ros: 0.9.2 (/opt/ros/foxy/share/ament_cmake_ros/cmake)
[1.122s] -- Using all available rosidl_typesupport_c: rosidl_typesupport_fastrtps_c;rosidl_typesupport_introspection_c
[1.240s] -- Using all available rosidl_typesupport_cpp: rosidl_typesupport_fastrtps_cpp;rosidl_typesupport_introspection_cpp
[1.261s] -- Found PythonInterp: /usr/bin/python3 (found suitable version "3.8.10", minimum required is "3.5") 
[1.261s] -- Found python_cmake_module: 0.8.1 (/opt/ros/foxy/share/python_cmake_module/cmake)
[1.281s] -- Using PYTHON_EXECUTABLE: /usr/bin/python3
[1.281s] -- Using PYTHON_INCLUDE_DIRS: /usr/include/python3.8
[1.281s] -- Using PYTHON_LIBRARIES: /usr/lib/x86_64-linux-gnu/libpython3.8.so
[1.342s] -- Added test 'copyright' to check source files copyright and LICENSE
[1.344s] -- Added test 'lint_cmake' to check CMake code style
[1.346s] -- Added test 'xmllint' to check XML markup files
[1.352s] -- Configuring done
[1.447s] -- Generating done
[1.449s] -- Build files have been written to: /home/mlemsalu/ros2_ws_luke/build/zed_interfaces
[1.467s] Invoked command in '/home/mlemsalu/ros2_ws_luke/build/zed_interfaces' returned '0': CMAKE_PREFIX_PATH=/opt/ros/foxy /usr/bin/cmake /home/mlemsalu/ros2_ws_luke/src/zed-ros2-wrapper/zed-ros2-interfaces -DCMAKE_INSTALL_PREFIX=/home/mlemsalu/ros2_ws_luke/install/zed_interfaces
[1.470s] Invoking command in '/home/mlemsalu/ros2_ws_luke/build/zed_interfaces': CMAKE_PREFIX_PATH=/opt/ros/foxy /usr/bin/cmake --build /home/mlemsalu/ros2_ws_luke/build/zed_interfaces -- -j12 -l12
[1.534s] [  0%] Built target zed_interfaces__cpp
[1.535s] [ 12%] Built target zed_interfaces__rosidl_generator_c
[1.563s] [ 24%] Built target zed_interfaces__rosidl_typesupport_c
[1.565s] [ 36%] Built target zed_interfaces__rosidl_typesupport_cpp
[1.568s] [ 48%] Built target zed_interfaces__rosidl_typesupport_introspection_c
[1.570s] [ 60%] Built target zed_interfaces__rosidl_typesupport_introspection_cpp
[1.573s] [ 72%] Built target zed_interfaces__rosidl_typesupport_fastrtps_cpp
[1.609s] [ 84%] Built target zed_interfaces__rosidl_typesupport_fastrtps_c
[1.631s] [ 84%] Built target zed_interfaces
[1.652s] [ 85%] Built target zed_interfaces__py
[1.692s] [ 96%] Built target zed_interfaces__python
[1.718s] [ 97%] Built target zed_interfaces__rosidl_typesupport_fastrtps_c__pyext
[1.718s] [ 99%] Built target zed_interfaces__rosidl_typesupport_introspection_c__pyext
[1.725s] [100%] Built target zed_interfaces__rosidl_typesupport_c__pyext
[1.738s] Invoked command in '/home/mlemsalu/ros2_ws_luke/build/zed_interfaces' returned '0': CMAKE_PREFIX_PATH=/opt/ros/foxy /usr/bin/cmake --build /home/mlemsalu/ros2_ws_luke/build/zed_interfaces -- -j12 -l12
[1.982s] Invoking command in '/home/mlemsalu/ros2_ws_luke/build/zed_interfaces': CMAKE_PREFIX_PATH=/opt/ros/foxy /usr/bin/cmake --install /home/mlemsalu/ros2_ws_luke/build/zed_interfaces
[1.989s] -- Install configuration: "Release"
[1.990s] -- Execute custom install script
[1.990s] -- Up-to-date symlink: /home/mlemsalu/ros2_ws_luke/install/zed_interfaces/share/ament_index/resource_index/rosidl_interfaces/zed_interfaces
[1.991s] -- Up-to-date symlink: /home/mlemsalu/ros2_ws_luke/install/zed_interfaces/include/zed_interfaces/msg/bounding_box2_df.h
[1.992s] -- Up-to-date symlink: /home/mlemsalu/ros2_ws_luke/install/zed_interfaces/include/zed_interfaces/msg/bounding_box2_di.h
[1.992s] -- Up-to-date symlink: /home/mlemsalu/ros2_ws_luke/install/zed_interfaces/include/zed_interfaces/msg/bounding_box3_d.h
[1.992s] -- Up-to-date symlink: /home/mlemsalu/ros2_ws_luke/install/zed_interfaces/include/zed_interfaces/msg/depth_info_stamped.h
[1.992s] -- Up-to-date symlink: /home/mlemsalu/ros2_ws_luke/install/zed_interfaces/include/zed_interfaces/msg/detail/bounding_box2_df__functions.h
[1.993s] -- Up-to-date symlink: /home/mlemsalu/ros2_ws_luke/install/zed_interfaces/include/zed_interfaces/msg/detail/bounding_box2_df__struct.h
[1.993s] -- Up-to-date symlink: /home/mlemsalu/ros2_ws_luke/install/zed_interfaces/include/zed_interfaces/msg/detail/bounding_box2_df__type_support.h
[1.993s] -- Up-to-date symlink: /home/mlemsalu/ros2_ws_luke/install/zed_interfaces/include/zed_interfaces/msg/detail/bounding_box2_di__functions.h
[1.993s] -- Up-to-date symlink: /home/mlemsalu/ros2_ws_luke/install/zed_interfaces/include/zed_interfaces/msg/detail/bounding_box2_di__struct.h
[1.994s] -- Up-to-date symlink: /home/mlemsalu/ros2_ws_luke/install/zed_interfaces/include/zed_interfaces/msg/detail/bounding_box2_di__type_support.h
[1.994s] -- Up-to-date symlink: /home/mlemsalu/ros2_ws_luke/install/zed_interfaces/include/zed_interfaces/msg/detail/bounding_box3_d__functions.h
[1.994s] -- Up-to-date symlink: /home/mlemsalu/ros2_ws_luke/install/zed_interfaces/include/zed_interfaces/msg/detail/bounding_box3_d__struct.h
[1.994s] -- Up-to-date symlink: /home/mlemsalu/ros2_ws_luke/install/zed_interfaces/include/zed_interfaces/msg/detail/bounding_box3_d__type_support.h
[1.995s] -- Up-to-date symlink: /home/mlemsalu/ros2_ws_luke/install/zed_interfaces/include/zed_interfaces/msg/detail/depth_info_stamped__functions.h
[1.995s] -- Up-to-date symlink: /home/mlemsalu/ros2_ws_luke/install/zed_interfaces/include/zed_interfaces/msg/detail/depth_info_stamped__struct.h
[1.995s] -- Up-to-date symlink: /home/mlemsalu/ros2_ws_luke/install/zed_interfaces/include/zed_interfaces/msg/detail/depth_info_stamped__type_support.h
[1.995s] -- Up-to-date symlink: /home/mlemsalu/ros2_ws_luke/install/zed_interfaces/include/zed_interfaces/msg/detail/keypoint2_df__functions.h
[1.996s] -- Up-to-date symlink: /home/mlemsalu/ros2_ws_luke/install/zed_interfaces/include/zed_interfaces/msg/detail/keypoint2_df__struct.h
[1.996s] -- Up-to-date symlink: /home/mlemsalu/ros2_ws_luke/install/zed_interfaces/include/zed_interfaces/msg/detail/keypoint2_df__type_support.h
[1.996s] -- Up-to-date symlink: /home/mlemsalu/ros2_ws_luke/install/zed_interfaces/include/zed_interfaces/msg/detail/keypoint2_di__functions.h
[1.996s] -- Up-to-date symlink: /home/mlemsalu/ros2_ws_luke/install/zed_interfaces/include/zed_interfaces/msg/detail/keypoint2_di__struct.h
[1.997s] -- Up-to-date symlink: /home/mlemsalu/ros2_ws_luke/install/zed_interfaces/include/zed_interfaces/msg/detail/keypoint2_di__type_support.h
[1.997s] -- Up-to-date symlink: /home/mlemsalu/ros2_ws_luke/install/zed_interfaces/include/zed_interfaces/msg/detail/keypoint3_d__functions.h
[1.997s] -- Up-to-date symlink: /home/mlemsalu/ros2_ws_luke/install/zed_interfaces/include/zed_interfaces/msg/detail/keypoint3_d__struct.h
[1.997s] -- Up-to-date symlink: /home/mlemsalu/ros2_ws_luke/install/zed_interfaces/include/zed_interfaces/msg/detail/keypoint3_d__type_support.h
[1.998s] -- Up-to-date symlink: /home/mlemsalu/ros2_ws_luke/install/zed_interfaces/include/zed_interfaces/msg/detail/object__functions.h
[1.998s] -- Up-to-date symlink: /home/mlemsalu/ros2_ws_luke/install/zed_interfaces/include/zed_interfaces/msg/detail/object__struct.h
[1.998s] -- Up-to-date symlink: /home/mlemsalu/ros2_ws_luke/install/zed_interfaces/include/zed_interfaces/msg/detail/object__type_support.h
[1.998s] -- Up-to-date symlink: /home/mlemsalu/ros2_ws_luke/install/zed_interfaces/include/zed_interfaces/msg/detail/objects_stamped__functions.h
[1.999s] -- Up-to-date symlink: /home/mlemsalu/ros2_ws_luke/install/zed_interfaces/include/zed_interfaces/msg/detail/objects_stamped__struct.h
[1.999s] -- Up-to-date symlink: /home/mlemsalu/ros2_ws_luke/install/zed_interfaces/include/zed_interfaces/msg/detail/objects_stamped__type_support.h
[1.999s] -- Up-to-date symlink: /home/mlemsalu/ros2_ws_luke/install/zed_interfaces/include/zed_interfaces/msg/detail/plane_stamped__functions.h
[1.999s] -- Up-to-date symlink: /home/mlemsalu/ros2_ws_luke/install/zed_interfaces/include/zed_interfaces/msg/detail/plane_stamped__struct.h
[2.000s] -- Up-to-date symlink: /home/mlemsalu/ros2_ws_luke/install/zed_interfaces/include/zed_interfaces/msg/detail/plane_stamped__type_support.h
[2.000s] -- Up-to-date symlink: /home/mlemsalu/ros2_ws_luke/install/zed_interfaces/include/zed_interfaces/msg/detail/pos_track_status__functions.h
[2.000s] -- Up-to-date symlink: /home/mlemsalu/ros2_ws_luke/install/zed_interfaces/include/zed_interfaces/msg/detail/pos_track_status__struct.h
[2.000s] -- Up-to-date symlink: /home/mlemsalu/ros2_ws_luke/install/zed_interfaces/include/zed_interfaces/msg/detail/pos_track_status__type_support.h
[2.001s] -- Up-to-date symlink: /home/mlemsalu/ros2_ws_luke/install/zed_interfaces/include/zed_interfaces/msg/detail/skeleton2_d__functions.h
[2.001s] -- Up-to-date symlink: /home/mlemsalu/ros2_ws_luke/install/zed_interfaces/include/zed_interfaces/msg/detail/skeleton2_d__struct.h
[2.001s] -- Up-to-date symlink: /home/mlemsalu/ros2_ws_luke/install/zed_interfaces/include/zed_interfaces/msg/detail/skeleton2_d__type_support.h
[2.002s] -- Up-to-date symlink: /home/mlemsalu/ros2_ws_luke/install/zed_interfaces/include/zed_interfaces/msg/detail/skeleton3_d__functions.h
[2.002s] -- Up-to-date symlink: /home/mlemsalu/ros2_ws_luke/install/zed_interfaces/include/zed_interfaces/msg/detail/skeleton3_d__struct.h
[2.002s] -- Up-to-date symlink: /home/mlemsalu/ros2_ws_luke/install/zed_interfaces/include/zed_interfaces/msg/detail/skeleton3_d__type_support.h
[2.002s] -- Up-to-date symlink: /home/mlemsalu/ros2_ws_luke/install/zed_interfaces/include/zed_interfaces/msg/keypoint2_df.h
[2.003s] -- Up-to-date symlink: /home/mlemsalu/ros2_ws_luke/install/zed_interfaces/include/zed_interfaces/msg/keypoint2_di.h
[2.003s] -- Up-to-date symlink: /home/mlemsalu/ros2_ws_luke/install/zed_interfaces/include/zed_interfaces/msg/keypoint3_d.h
[2.003s] -- Up-to-date symlink: /home/mlemsalu/ros2_ws_luke/install/zed_interfaces/include/zed_interfaces/msg/object.h
[2.003s] -- Up-to-date symlink: /home/mlemsalu/ros2_ws_luke/install/zed_interfaces/include/zed_interfaces/msg/objects_stamped.h
[2.004s] -- Up-to-date symlink: /home/mlemsalu/ros2_ws_luke/install/zed_interfaces/include/zed_interfaces/msg/plane_stamped.h
[2.004s] -- Up-to-date symlink: /home/mlemsalu/ros2_ws_luke/install/zed_interfaces/include/zed_interfaces/msg/pos_track_status.h
[2.004s] -- Up-to-date symlink: /home/mlemsalu/ros2_ws_luke/install/zed_interfaces/include/zed_interfaces/msg/rosidl_generator_c__visibility_control.h
[2.004s] -- Up-to-date symlink: /home/mlemsalu/ros2_ws_luke/install/zed_interfaces/include/zed_interfaces/msg/skeleton2_d.h
[2.004s] -- Up-to-date symlink: /home/mlemsalu/ros2_ws_luke/install/zed_interfaces/include/zed_interfaces/msg/skeleton3_d.h
[2.005s] -- Up-to-date symlink: /home/mlemsalu/ros2_ws_luke/install/zed_interfaces/include/zed_interfaces/srv/detail/set_pose__functions.h
[2.005s] -- Up-to-date symlink: /home/mlemsalu/ros2_ws_luke/install/zed_interfaces/include/zed_interfaces/srv/detail/set_pose__struct.h
[2.005s] -- Up-to-date symlink: /home/mlemsalu/ros2_ws_luke/install/zed_interfaces/include/zed_interfaces/srv/detail/set_pose__type_support.h
[2.005s] -- Up-to-date symlink: /home/mlemsalu/ros2_ws_luke/install/zed_interfaces/include/zed_interfaces/srv/detail/set_roi__functions.h
[2.006s] -- Up-to-date symlink: /home/mlemsalu/ros2_ws_luke/install/zed_interfaces/include/zed_interfaces/srv/detail/set_roi__struct.h
[2.006s] -- Up-to-date symlink: /home/mlemsalu/ros2_ws_luke/install/zed_interfaces/include/zed_interfaces/srv/detail/set_roi__type_support.h
[2.006s] -- Up-to-date symlink: /home/mlemsalu/ros2_ws_luke/install/zed_interfaces/include/zed_interfaces/srv/detail/start_svo_rec__functions.h
[2.006s] -- Up-to-date symlink: /home/mlemsalu/ros2_ws_luke/install/zed_interfaces/include/zed_interfaces/srv/detail/start_svo_rec__struct.h
[2.007s] -- Up-to-date symlink: /home/mlemsalu/ros2_ws_luke/install/zed_interfaces/include/zed_interfaces/srv/detail/start_svo_rec__type_support.h
[2.007s] -- Up-to-date symlink: /home/mlemsalu/ros2_ws_luke/install/zed_interfaces/include/zed_interfaces/srv/set_pose.h
[2.007s] -- Up-to-date symlink: /home/mlemsalu/ros2_ws_luke/install/zed_interfaces/include/zed_interfaces/srv/set_roi.h
[2.007s] -- Up-to-date symlink: /home/mlemsalu/ros2_ws_luke/install/zed_interfaces/include/zed_interfaces/srv/start_svo_rec.h
[2.008s] -- Up-to-date symlink: /home/mlemsalu/ros2_ws_luke/install/zed_interfaces/share/zed_interfaces/environment/library_path.sh
[2.008s] -- Up-to-date symlink: /home/mlemsalu/ros2_ws_luke/install/zed_interfaces/share/zed_interfaces/environment/library_path.dsv
[2.009s] -- Up-to-date symlink: /home/mlemsalu/ros2_ws_luke/install/zed_interfaces/include/zed_interfaces/msg/detail/bounding_box2_df__rosidl_typesupport_fastrtps_c.h
[2.010s] -- Up-to-date symlink: /home/mlemsalu/ros2_ws_luke/install/zed_interfaces/include/zed_interfaces/msg/detail/bounding_box2_di__rosidl_typesupport_fastrtps_c.h
[2.010s] -- Up-to-date symlink: /home/mlemsalu/ros2_ws_luke/install/zed_interfaces/include/zed_interfaces/msg/detail/bounding_box3_d__rosidl_typesupport_fastrtps_c.h
[2.010s] -- Up-to-date symlink: /home/mlemsalu/ros2_ws_luke/install/zed_interfaces/include/zed_interfaces/msg/detail/depth_info_stamped__rosidl_typesupport_fastrtps_c.h
[2.010s] -- Up-to-date symlink: /home/mlemsalu/ros2_ws_luke/install/zed_interfaces/include/zed_interfaces/msg/detail/keypoint2_df__rosidl_typesupport_fastrtps_c.h
[2.011s] -- Up-to-date symlink: /home/mlemsalu/ros2_ws_luke/install/zed_interfaces/include/zed_interfaces/msg/detail/keypoint2_di__rosidl_typesupport_fastrtps_c.h
[2.011s] -- Up-to-date symlink: /home/mlemsalu/ros2_ws_luke/install/zed_interfaces/include/zed_interfaces/msg/detail/keypoint3_d__rosidl_typesupport_fastrtps_c.h
[2.011s] -- Up-to-date symlink: /home/mlemsalu/ros2_ws_luke/install/zed_interfaces/include/zed_interfaces/msg/detail/object__rosidl_typesupport_fastrtps_c.h
[2.011s] -- Up-to-date symlink: /home/mlemsalu/ros2_ws_luke/install/zed_interfaces/include/zed_interfaces/msg/detail/objects_stamped__rosidl_typesupport_fastrtps_c.h
[2.011s] -- Up-to-date symlink: /home/mlemsalu/ros2_ws_luke/install/zed_interfaces/include/zed_interfaces/msg/detail/plane_stamped__rosidl_typesupport_fastrtps_c.h
[2.012s] -- Up-to-date symlink: /home/mlemsalu/ros2_ws_luke/install/zed_interfaces/include/zed_interfaces/msg/detail/pos_track_status__rosidl_typesupport_fastrtps_c.h
[2.012s] -- Up-to-date symlink: /home/mlemsalu/ros2_ws_luke/install/zed_interfaces/include/zed_interfaces/msg/detail/skeleton2_d__rosidl_typesupport_fastrtps_c.h
[2.012s] -- Up-to-date symlink: /home/mlemsalu/ros2_ws_luke/install/zed_interfaces/include/zed_interfaces/msg/detail/skeleton3_d__rosidl_typesupport_fastrtps_c.h
[2.012s] -- Up-to-date symlink: /home/mlemsalu/ros2_ws_luke/install/zed_interfaces/include/zed_interfaces/msg/rosidl_typesupport_fastrtps_c__visibility_control.h
[2.013s] -- Up-to-date symlink: /home/mlemsalu/ros2_ws_luke/install/zed_interfaces/include/zed_interfaces/srv/detail/set_pose__rosidl_typesupport_fastrtps_c.h
[2.013s] -- Up-to-date symlink: /home/mlemsalu/ros2_ws_luke/install/zed_interfaces/include/zed_interfaces/srv/detail/set_roi__rosidl_typesupport_fastrtps_c.h
[2.013s] -- Up-to-date symlink: /home/mlemsalu/ros2_ws_luke/install/zed_interfaces/include/zed_interfaces/srv/detail/start_svo_rec__rosidl_typesupport_fastrtps_c.h
[2.014s] -- Up-to-date symlink: /home/mlemsalu/ros2_ws_luke/install/zed_interfaces/lib/libzed_interfaces__rosidl_typesupport_fastrtps_c.so
[2.015s] -- Up-to-date symlink: /home/mlemsalu/ros2_ws_luke/install/zed_interfaces/include/zed_interfaces/msg/detail/bounding_box2_df__rosidl_typesupport_fastrtps_cpp.hpp
[2.015s] -- Up-to-date symlink: /home/mlemsalu/ros2_ws_luke/install/zed_interfaces/include/zed_interfaces/msg/detail/bounding_box2_di__rosidl_typesupport_fastrtps_cpp.hpp
[2.016s] -- Up-to-date symlink: /home/mlemsalu/ros2_ws_luke/install/zed_interfaces/include/zed_interfaces/msg/detail/bounding_box3_d__rosidl_typesupport_fastrtps_cpp.hpp
[2.016s] -- Up-to-date symlink: /home/mlemsalu/ros2_ws_luke/install/zed_interfaces/include/zed_interfaces/msg/detail/depth_info_stamped__rosidl_typesupport_fastrtps_cpp.hpp
[2.016s] -- Up-to-date symlink: /home/mlemsalu/ros2_ws_luke/install/zed_interfaces/include/zed_interfaces/msg/detail/keypoint2_df__rosidl_typesupport_fastrtps_cpp.hpp
[2.016s] -- Up-to-date symlink: /home/mlemsalu/ros2_ws_luke/install/zed_interfaces/include/zed_interfaces/msg/detail/keypoint2_di__rosidl_typesupport_fastrtps_cpp.hpp
[2.016s] -- Up-to-date symlink: /home/mlemsalu/ros2_ws_luke/install/zed_interfaces/include/zed_interfaces/msg/detail/keypoint3_d__rosidl_typesupport_fastrtps_cpp.hpp
[2.017s] -- Up-to-date symlink: /home/mlemsalu/ros2_ws_luke/install/zed_interfaces/include/zed_interfaces/msg/detail/object__rosidl_typesupport_fastrtps_cpp.hpp
[2.017s] -- Up-to-date symlink: /home/mlemsalu/ros2_ws_luke/install/zed_interfaces/include/zed_interfaces/msg/detail/objects_stamped__rosidl_typesupport_fastrtps_cpp.hpp
[2.017s] -- Up-to-date symlink: /home/mlemsalu/ros2_ws_luke/install/zed_interfaces/include/zed_interfaces/msg/detail/plane_stamped__rosidl_typesupport_fastrtps_cpp.hpp
[2.017s] -- Up-to-date symlink: /home/mlemsalu/ros2_ws_luke/install/zed_interfaces/include/zed_interfaces/msg/detail/pos_track_status__rosidl_typesupport_fastrtps_cpp.hpp
[2.018s] -- Up-to-date symlink: /home/mlemsalu/ros2_ws_luke/install/zed_interfaces/include/zed_interfaces/msg/detail/skeleton2_d__rosidl_typesupport_fastrtps_cpp.hpp
[2.018s] -- Up-to-date symlink: /home/mlemsalu/ros2_ws_luke/install/zed_interfaces/include/zed_interfaces/msg/detail/skeleton3_d__rosidl_typesupport_fastrtps_cpp.hpp
[2.018s] -- Up-to-date symlink: /home/mlemsalu/ros2_ws_luke/install/zed_interfaces/include/zed_interfaces/msg/rosidl_typesupport_fastrtps_cpp__visibility_control.h
[2.018s] -- Up-to-date symlink: /home/mlemsalu/ros2_ws_luke/install/zed_interfaces/include/zed_interfaces/srv/detail/set_pose__rosidl_typesupport_fastrtps_cpp.hpp
[2.019s] -- Up-to-date symlink: /home/mlemsalu/ros2_ws_luke/install/zed_interfaces/include/zed_interfaces/srv/detail/set_roi__rosidl_typesupport_fastrtps_cpp.hpp
[2.019s] -- Up-to-date symlink: /home/mlemsalu/ros2_ws_luke/install/zed_interfaces/include/zed_interfaces/srv/detail/start_svo_rec__rosidl_typesupport_fastrtps_cpp.hpp
[2.019s] -- Up-to-date symlink: /home/mlemsalu/ros2_ws_luke/install/zed_interfaces/lib/libzed_interfaces__rosidl_typesupport_fastrtps_cpp.so
[2.020s] -- Up-to-date symlink: /home/mlemsalu/ros2_ws_luke/install/zed_interfaces/include/zed_interfaces/msg/detail/bounding_box2_df__rosidl_typesupport_introspection_c.h
[2.020s] -- Up-to-date symlink: /home/mlemsalu/ros2_ws_luke/install/zed_interfaces/include/zed_interfaces/msg/detail/bounding_box2_di__rosidl_typesupport_introspection_c.h
[2.020s] -- Up-to-date symlink: /home/mlemsalu/ros2_ws_luke/install/zed_interfaces/include/zed_interfaces/msg/detail/bounding_box3_d__rosidl_typesupport_introspection_c.h
[2.021s] -- Up-to-date symlink: /home/mlemsalu/ros2_ws_luke/install/zed_interfaces/include/zed_interfaces/msg/detail/depth_info_stamped__rosidl_typesupport_introspection_c.h
[2.021s] -- Up-to-date symlink: /home/mlemsalu/ros2_ws_luke/install/zed_interfaces/include/zed_interfaces/msg/detail/keypoint2_df__rosidl_typesupport_introspection_c.h
[2.021s] -- Up-to-date symlink: /home/mlemsalu/ros2_ws_luke/install/zed_interfaces/include/zed_interfaces/msg/detail/keypoint2_di__rosidl_typesupport_introspection_c.h
[2.021s] -- Up-to-date symlink: /home/mlemsalu/ros2_ws_luke/install/zed_interfaces/include/zed_interfaces/msg/detail/keypoint3_d__rosidl_typesupport_introspection_c.h
[2.022s] -- Up-to-date symlink: /home/mlemsalu/ros2_ws_luke/install/zed_interfaces/include/zed_interfaces/msg/detail/object__rosidl_typesupport_introspection_c.h
[2.022s] -- Up-to-date symlink: /home/mlemsalu/ros2_ws_luke/install/zed_interfaces/include/zed_interfaces/msg/detail/objects_stamped__rosidl_typesupport_introspection_c.h
[2.022s] -- Up-to-date symlink: /home/mlemsalu/ros2_ws_luke/install/zed_interfaces/include/zed_interfaces/msg/detail/plane_stamped__rosidl_typesupport_introspection_c.h
[2.022s] -- Up-to-date symlink: /home/mlemsalu/ros2_ws_luke/install/zed_interfaces/include/zed_interfaces/msg/detail/pos_track_status__rosidl_typesupport_introspection_c.h
[2.022s] -- Up-to-date symlink: /home/mlemsalu/ros2_ws_luke/install/zed_interfaces/include/zed_interfaces/msg/detail/skeleton2_d__rosidl_typesupport_introspection_c.h
[2.023s] -- Up-to-date symlink: /home/mlemsalu/ros2_ws_luke/install/zed_interfaces/include/zed_interfaces/msg/detail/skeleton3_d__rosidl_typesupport_introspection_c.h
[2.023s] -- Up-to-date symlink: /home/mlemsalu/ros2_ws_luke/install/zed_interfaces/include/zed_interfaces/msg/rosidl_typesupport_introspection_c__visibility_control.h
[2.023s] -- Up-to-date symlink: /home/mlemsalu/ros2_ws_luke/install/zed_interfaces/include/zed_interfaces/srv/detail/set_pose__rosidl_typesupport_introspection_c.h
[2.023s] -- Up-to-date symlink: /home/mlemsalu/ros2_ws_luke/install/zed_interfaces/include/zed_interfaces/srv/detail/set_roi__rosidl_typesupport_introspection_c.h
[2.024s] -- Up-to-date symlink: /home/mlemsalu/ros2_ws_luke/install/zed_interfaces/include/zed_interfaces/srv/detail/start_svo_rec__rosidl_typesupport_introspection_c.h
[2.025s] -- Up-to-date symlink: /home/mlemsalu/ros2_ws_luke/install/zed_interfaces/include/zed_interfaces/msg/bounding_box2_df.hpp
[2.025s] -- Up-to-date symlink: /home/mlemsalu/ros2_ws_luke/install/zed_interfaces/include/zed_interfaces/msg/bounding_box2_di.hpp
[2.026s] -- Up-to-date symlink: /home/mlemsalu/ros2_ws_luke/install/zed_interfaces/include/zed_interfaces/msg/bounding_box3_d.hpp
[2.026s] -- Up-to-date symlink: /home/mlemsalu/ros2_ws_luke/install/zed_interfaces/include/zed_interfaces/msg/depth_info_stamped.hpp
[2.026s] -- Up-to-date symlink: /home/mlemsalu/ros2_ws_luke/install/zed_interfaces/include/zed_interfaces/msg/detail/bounding_box2_df__builder.hpp
[2.026s] -- Up-to-date symlink: /home/mlemsalu/ros2_ws_luke/install/zed_interfaces/include/zed_interfaces/msg/detail/bounding_box2_df__struct.hpp
[2.026s] -- Up-to-date symlink: /home/mlemsalu/ros2_ws_luke/install/zed_interfaces/include/zed_interfaces/msg/detail/bounding_box2_df__traits.hpp
[2.027s] -- Up-to-date symlink: /home/mlemsalu/ros2_ws_luke/install/zed_interfaces/include/zed_interfaces/msg/detail/bounding_box2_di__builder.hpp
[2.027s] -- Up-to-date symlink: /home/mlemsalu/ros2_ws_luke/install/zed_interfaces/include/zed_interfaces/msg/detail/bounding_box2_di__struct.hpp
[2.027s] -- Up-to-date symlink: /home/mlemsalu/ros2_ws_luke/install/zed_interfaces/include/zed_interfaces/msg/detail/bounding_box2_di__traits.hpp
[2.027s] -- Up-to-date symlink: /home/mlemsalu/ros2_ws_luke/install/zed_interfaces/include/zed_interfaces/msg/detail/bounding_box3_d__builder.hpp
[2.028s] -- Up-to-date symlink: /home/mlemsalu/ros2_ws_luke/install/zed_interfaces/include/zed_interfaces/msg/detail/bounding_box3_d__struct.hpp
[2.028s] -- Up-to-date symlink: /home/mlemsalu/ros2_ws_luke/install/zed_interfaces/include/zed_interfaces/msg/detail/bounding_box3_d__traits.hpp
[2.028s] -- Up-to-date symlink: /home/mlemsalu/ros2_ws_luke/install/zed_interfaces/include/zed_interfaces/msg/detail/depth_info_stamped__builder.hpp
[2.028s] -- Up-to-date symlink: /home/mlemsalu/ros2_ws_luke/install/zed_interfaces/include/zed_interfaces/msg/detail/depth_info_stamped__struct.hpp
[2.029s] -- Up-to-date symlink: /home/mlemsalu/ros2_ws_luke/install/zed_interfaces/include/zed_interfaces/msg/detail/depth_info_stamped__traits.hpp
[2.029s] -- Up-to-date symlink: /home/mlemsalu/ros2_ws_luke/install/zed_interfaces/include/zed_interfaces/msg/detail/keypoint2_df__builder.hpp
[2.029s] -- Up-to-date symlink: /home/mlemsalu/ros2_ws_luke/install/zed_interfaces/include/zed_interfaces/msg/detail/keypoint2_df__struct.hpp
[2.029s] -- Up-to-date symlink: /home/mlemsalu/ros2_ws_luke/install/zed_interfaces/include/zed_interfaces/msg/detail/keypoint2_df__traits.hpp
[2.030s] -- Up-to-date symlink: /home/mlemsalu/ros2_ws_luke/install/zed_interfaces/include/zed_interfaces/msg/detail/keypoint2_di__builder.hpp
[2.030s] -- Up-to-date symlink: /home/mlemsalu/ros2_ws_luke/install/zed_interfaces/include/zed_interfaces/msg/detail/keypoint2_di__struct.hpp
[2.030s] -- Up-to-date symlink: /home/mlemsalu/ros2_ws_luke/install/zed_interfaces/include/zed_interfaces/msg/detail/keypoint2_di__traits.hpp
[2.030s] -- Up-to-date symlink: /home/mlemsalu/ros2_ws_luke/install/zed_interfaces/include/zed_interfaces/msg/detail/keypoint3_d__builder.hpp
[2.031s] -- Up-to-date symlink: /home/mlemsalu/ros2_ws_luke/install/zed_interfaces/include/zed_interfaces/msg/detail/keypoint3_d__struct.hpp
[2.031s] -- Up-to-date symlink: /home/mlemsalu/ros2_ws_luke/install/zed_interfaces/include/zed_interfaces/msg/detail/keypoint3_d__traits.hpp
[2.031s] -- Up-to-date symlink: /home/mlemsalu/ros2_ws_luke/install/zed_interfaces/include/zed_interfaces/msg/detail/object__builder.hpp
[2.031s] -- Up-to-date symlink: /home/mlemsalu/ros2_ws_luke/install/zed_interfaces/include/zed_interfaces/msg/detail/object__struct.hpp
[2.032s] -- Up-to-date symlink: /home/mlemsalu/ros2_ws_luke/install/zed_interfaces/include/zed_interfaces/msg/detail/object__traits.hpp
[2.032s] -- Up-to-date symlink: /home/mlemsalu/ros2_ws_luke/install/zed_interfaces/include/zed_interfaces/msg/detail/objects_stamped__builder.hpp
[2.032s] -- Up-to-date symlink: /home/mlemsalu/ros2_ws_luke/install/zed_interfaces/include/zed_interfaces/msg/detail/objects_stamped__struct.hpp
[2.032s] -- Up-to-date symlink: /home/mlemsalu/ros2_ws_luke/install/zed_interfaces/include/zed_interfaces/msg/detail/objects_stamped__traits.hpp
[2.032s] -- Up-to-date symlink: /home/mlemsalu/ros2_ws_luke/install/zed_interfaces/include/zed_interfaces/msg/detail/plane_stamped__builder.hpp
[2.033s] -- Up-to-date symlink: /home/mlemsalu/ros2_ws_luke/install/zed_interfaces/include/zed_interfaces/msg/detail/plane_stamped__struct.hpp
[2.033s] -- Up-to-date symlink: /home/mlemsalu/ros2_ws_luke/install/zed_interfaces/include/zed_interfaces/msg/detail/plane_stamped__traits.hpp
[2.033s] -- Up-to-date symlink: /home/mlemsalu/ros2_ws_luke/install/zed_interfaces/include/zed_interfaces/msg/detail/pos_track_status__builder.hpp
[2.033s] -- Up-to-date symlink: /home/mlemsalu/ros2_ws_luke/install/zed_interfaces/include/zed_interfaces/msg/detail/pos_track_status__struct.hpp
[2.034s] -- Up-to-date symlink: /home/mlemsalu/ros2_ws_luke/install/zed_interfaces/include/zed_interfaces/msg/detail/pos_track_status__traits.hpp
[2.034s] -- Up-to-date symlink: /home/mlemsalu/ros2_ws_luke/install/zed_interfaces/include/zed_interfaces/msg/detail/skeleton2_d__builder.hpp
[2.034s] -- Up-to-date symlink: /home/mlemsalu/ros2_ws_luke/install/zed_interfaces/include/zed_interfaces/msg/detail/skeleton2_d__struct.hpp
[2.034s] -- Up-to-date symlink: /home/mlemsalu/ros2_ws_luke/install/zed_interfaces/include/zed_interfaces/msg/detail/skeleton2_d__traits.hpp
[2.035s] -- Up-to-date symlink: /home/mlemsalu/ros2_ws_luke/install/zed_interfaces/include/zed_interfaces/msg/detail/skeleton3_d__builder.hpp
[2.035s] -- Up-to-date symlink: /home/mlemsalu/ros2_ws_luke/install/zed_interfaces/include/zed_interfaces/msg/detail/skeleton3_d__struct.hpp
[2.035s] -- Up-to-date symlink: /home/mlemsalu/ros2_ws_luke/install/zed_interfaces/include/zed_interfaces/msg/detail/skeleton3_d__traits.hpp
[2.035s] -- Up-to-date symlink: /home/mlemsalu/ros2_ws_luke/install/zed_interfaces/include/zed_interfaces/msg/keypoint2_df.hpp
[2.036s] -- Up-to-date symlink: /home/mlemsalu/ros2_ws_luke/install/zed_interfaces/include/zed_interfaces/msg/keypoint2_di.hpp
[2.036s] -- Up-to-date symlink: /home/mlemsalu/ros2_ws_luke/install/zed_interfaces/include/zed_interfaces/msg/keypoint3_d.hpp
[2.036s] -- Up-to-date symlink: /home/mlemsalu/ros2_ws_luke/install/zed_interfaces/include/zed_interfaces/msg/object.hpp
[2.036s] -- Up-to-date symlink: /home/mlemsalu/ros2_ws_luke/install/zed_interfaces/include/zed_interfaces/msg/objects_stamped.hpp
[2.036s] -- Up-to-date symlink: /home/mlemsalu/ros2_ws_luke/install/zed_interfaces/include/zed_interfaces/msg/plane_stamped.hpp
[2.037s] -- Up-to-date symlink: /home/mlemsalu/ros2_ws_luke/install/zed_interfaces/include/zed_interfaces/msg/pos_track_status.hpp
[2.037s] -- Up-to-date symlink: /home/mlemsalu/ros2_ws_luke/install/zed_interfaces/include/zed_interfaces/msg/skeleton2_d.hpp
[2.037s] -- Up-to-date symlink: /home/mlemsalu/ros2_ws_luke/install/zed_interfaces/include/zed_interfaces/msg/skeleton3_d.hpp
[2.037s] -- Up-to-date symlink: /home/mlemsalu/ros2_ws_luke/install/zed_interfaces/include/zed_interfaces/srv/detail/set_pose__builder.hpp
[2.038s] -- Up-to-date symlink: /home/mlemsalu/ros2_ws_luke/install/zed_interfaces/include/zed_interfaces/srv/detail/set_pose__struct.hpp
[2.038s] -- Up-to-date symlink: /home/mlemsalu/ros2_ws_luke/install/zed_interfaces/include/zed_interfaces/srv/detail/set_pose__traits.hpp
[2.038s] -- Up-to-date symlink: /home/mlemsalu/ros2_ws_luke/install/zed_interfaces/include/zed_interfaces/srv/detail/set_roi__builder.hpp
[2.038s] -- Up-to-date symlink: /home/mlemsalu/ros2_ws_luke/install/zed_interfaces/include/zed_interfaces/srv/detail/set_roi__struct.hpp
[2.039s] -- Up-to-date symlink: /home/mlemsalu/ros2_ws_luke/install/zed_interfaces/include/zed_interfaces/srv/detail/set_roi__traits.hpp
[2.039s] -- Up-to-date symlink: /home/mlemsalu/ros2_ws_luke/install/zed_interfaces/include/zed_interfaces/srv/detail/start_svo_rec__builder.hpp
[2.039s] -- Up-to-date symlink: /home/mlemsalu/ros2_ws_luke/install/zed_interfaces/include/zed_interfaces/srv/detail/start_svo_rec__struct.hpp
[2.039s] -- Up-to-date symlink: /home/mlemsalu/ros2_ws_luke/install/zed_interfaces/include/zed_interfaces/srv/detail/start_svo_rec__traits.hpp
[2.040s] -- Up-to-date symlink: /home/mlemsalu/ros2_ws_luke/install/zed_interfaces/include/zed_interfaces/srv/set_pose.hpp
[2.040s] -- Up-to-date symlink: /home/mlemsalu/ros2_ws_luke/install/zed_interfaces/include/zed_interfaces/srv/set_roi.hpp
[2.040s] -- Up-to-date symlink: /home/mlemsalu/ros2_ws_luke/install/zed_interfaces/include/zed_interfaces/srv/start_svo_rec.hpp
[2.041s] -- Up-to-date symlink: /home/mlemsalu/ros2_ws_luke/install/zed_interfaces/include/zed_interfaces/msg/detail/bounding_box2_df__rosidl_typesupport_introspection_cpp.hpp
[2.041s] -- Up-to-date symlink: /home/mlemsalu/ros2_ws_luke/install/zed_interfaces/include/zed_interfaces/msg/detail/bounding_box2_di__rosidl_typesupport_introspection_cpp.hpp
[2.041s] -- Up-to-date symlink: /home/mlemsalu/ros2_ws_luke/install/zed_interfaces/include/zed_interfaces/msg/detail/bounding_box3_d__rosidl_typesupport_introspection_cpp.hpp
[2.042s] -- Up-to-date symlink: /home/mlemsalu/ros2_ws_luke/install/zed_interfaces/include/zed_interfaces/msg/detail/depth_info_stamped__rosidl_typesupport_introspection_cpp.hpp
[2.042s] -- Up-to-date symlink: /home/mlemsalu/ros2_ws_luke/install/zed_interfaces/include/zed_interfaces/msg/detail/keypoint2_df__rosidl_typesupport_introspection_cpp.hpp
[2.042s] -- Up-to-date symlink: /home/mlemsalu/ros2_ws_luke/install/zed_interfaces/include/zed_interfaces/msg/detail/keypoint2_di__rosidl_typesupport_introspection_cpp.hpp
[2.042s] -- Up-to-date symlink: /home/mlemsalu/ros2_ws_luke/install/zed_interfaces/include/zed_interfaces/msg/detail/keypoint3_d__rosidl_typesupport_introspection_cpp.hpp
[2.043s] -- Up-to-date symlink: /home/mlemsalu/ros2_ws_luke/install/zed_interfaces/include/zed_interfaces/msg/detail/object__rosidl_typesupport_introspection_cpp.hpp
[2.043s] -- Up-to-date symlink: /home/mlemsalu/ros2_ws_luke/install/zed_interfaces/include/zed_interfaces/msg/detail/objects_stamped__rosidl_typesupport_introspection_cpp.hpp
[2.043s] -- Up-to-date symlink: /home/mlemsalu/ros2_ws_luke/install/zed_interfaces/include/zed_interfaces/msg/detail/plane_stamped__rosidl_typesupport_introspection_cpp.hpp
[2.043s] -- Up-to-date symlink: /home/mlemsalu/ros2_ws_luke/install/zed_interfaces/include/zed_interfaces/msg/detail/pos_track_status__rosidl_typesupport_introspection_cpp.hpp
[2.044s] -- Up-to-date symlink: /home/mlemsalu/ros2_ws_luke/install/zed_interfaces/include/zed_interfaces/msg/detail/skeleton2_d__rosidl_typesupport_introspection_cpp.hpp
[2.044s] -- Up-to-date symlink: /home/mlemsalu/ros2_ws_luke/install/zed_interfaces/include/zed_interfaces/msg/detail/skeleton3_d__rosidl_typesupport_introspection_cpp.hpp
[2.044s] -- Up-to-date symlink: /home/mlemsalu/ros2_ws_luke/install/zed_interfaces/include/zed_interfaces/srv/detail/set_pose__rosidl_typesupport_introspection_cpp.hpp
[2.044s] -- Up-to-date symlink: /home/mlemsalu/ros2_ws_luke/install/zed_interfaces/include/zed_interfaces/srv/detail/set_roi__rosidl_typesupport_introspection_cpp.hpp
[2.044s] -- Up-to-date symlink: /home/mlemsalu/ros2_ws_luke/install/zed_interfaces/include/zed_interfaces/srv/detail/start_svo_rec__rosidl_typesupport_introspection_cpp.hpp
[2.045s] -- Up-to-date symlink: /home/mlemsalu/ros2_ws_luke/install/zed_interfaces/share/zed_interfaces/environment/pythonpath.sh
[2.045s] -- Up-to-date symlink: /home/mlemsalu/ros2_ws_luke/install/zed_interfaces/share/zed_interfaces/environment/pythonpath.dsv
[2.045s] -- Up-to-date symlink: /home/mlemsalu/ros2_ws_luke/install/zed_interfaces/lib/python3.8/site-packages/zed_interfaces/__init__.py
[2.046s] -- Up-to-date symlink: /home/mlemsalu/ros2_ws_luke/install/zed_interfaces/lib/python3.8/site-packages/zed_interfaces/msg/__init__.py
[2.046s] -- Up-to-date symlink: /home/mlemsalu/ros2_ws_luke/install/zed_interfaces/lib/python3.8/site-packages/zed_interfaces/msg/_bounding_box2_df.py
[2.046s] -- Up-to-date symlink: /home/mlemsalu/ros2_ws_luke/install/zed_interfaces/lib/python3.8/site-packages/zed_interfaces/msg/_bounding_box2_di.py
[2.047s] -- Up-to-date symlink: /home/mlemsalu/ros2_ws_luke/install/zed_interfaces/lib/python3.8/site-packages/zed_interfaces/msg/_bounding_box3_d.py
[2.047s] -- Up-to-date symlink: /home/mlemsalu/ros2_ws_luke/install/zed_interfaces/lib/python3.8/site-packages/zed_interfaces/msg/_depth_info_stamped.py
[2.047s] -- Up-to-date symlink: /home/mlemsalu/ros2_ws_luke/install/zed_interfaces/lib/python3.8/site-packages/zed_interfaces/msg/_keypoint2_df.py
[2.047s] -- Up-to-date symlink: /home/mlemsalu/ros2_ws_luke/install/zed_interfaces/lib/python3.8/site-packages/zed_interfaces/msg/_keypoint2_di.py
[2.048s] -- Up-to-date symlink: /home/mlemsalu/ros2_ws_luke/install/zed_interfaces/lib/python3.8/site-packages/zed_interfaces/msg/_keypoint3_d.py
[2.048s] -- Up-to-date symlink: /home/mlemsalu/ros2_ws_luke/install/zed_interfaces/lib/python3.8/site-packages/zed_interfaces/msg/_object.py
[2.048s] -- Up-to-date symlink: /home/mlemsalu/ros2_ws_luke/install/zed_interfaces/lib/python3.8/site-packages/zed_interfaces/msg/_objects_stamped.py
[2.048s] -- Up-to-date symlink: /home/mlemsalu/ros2_ws_luke/install/zed_interfaces/lib/python3.8/site-packages/zed_interfaces/msg/_plane_stamped.py
[2.049s] -- Up-to-date symlink: /home/mlemsalu/ros2_ws_luke/install/zed_interfaces/lib/python3.8/site-packages/zed_interfaces/msg/_pos_track_status.py
[2.049s] -- Up-to-date symlink: /home/mlemsalu/ros2_ws_luke/install/zed_interfaces/lib/python3.8/site-packages/zed_interfaces/msg/_skeleton2_d.py
[2.049s] -- Up-to-date symlink: /home/mlemsalu/ros2_ws_luke/install/zed_interfaces/lib/python3.8/site-packages/zed_interfaces/msg/_skeleton3_d.py
[2.050s] -- Up-to-date symlink: /home/mlemsalu/ros2_ws_luke/install/zed_interfaces/lib/python3.8/site-packages/zed_interfaces/srv/__init__.py
[2.050s] -- Up-to-date symlink: /home/mlemsalu/ros2_ws_luke/install/zed_interfaces/lib/python3.8/site-packages/zed_interfaces/srv/_set_pose.py
[2.050s] -- Up-to-date symlink: /home/mlemsalu/ros2_ws_luke/install/zed_interfaces/lib/python3.8/site-packages/zed_interfaces/srv/_set_roi.py
[2.050s] -- Up-to-date symlink: /home/mlemsalu/ros2_ws_luke/install/zed_interfaces/lib/python3.8/site-packages/zed_interfaces/srv/_start_svo_rec.py
[2.051s] -- Up-to-date symlink: /home/mlemsalu/ros2_ws_luke/install/zed_interfaces/lib/python3.8/site-packages/zed_interfaces/zed_interfaces_s__rosidl_typesupport_fastrtps_c.cpython-38-x86_64-linux-gnu.so
[2.051s] -- Up-to-date symlink: /home/mlemsalu/ros2_ws_luke/install/zed_interfaces/lib/python3.8/site-packages/zed_interfaces/zed_interfaces_s__rosidl_typesupport_introspection_c.cpython-38-x86_64-linux-gnu.so
[2.051s] -- Up-to-date symlink: /home/mlemsalu/ros2_ws_luke/install/zed_interfaces/lib/python3.8/site-packages/zed_interfaces/zed_interfaces_s__rosidl_typesupport_c.cpython-38-x86_64-linux-gnu.so
[2.052s] -- Up-to-date symlink: /home/mlemsalu/ros2_ws_luke/install/zed_interfaces/lib/libzed_interfaces__python.so
[2.052s] -- Up-to-date symlink: /home/mlemsalu/ros2_ws_luke/install/zed_interfaces/share/zed_interfaces/msg/Object.idl
[2.052s] -- Up-to-date symlink: /home/mlemsalu/ros2_ws_luke/install/zed_interfaces/share/zed_interfaces/msg/ObjectsStamped.idl
[2.053s] -- Up-to-date symlink: /home/mlemsalu/ros2_ws_luke/install/zed_interfaces/share/zed_interfaces/msg/Keypoint2Di.idl
[2.053s] -- Up-to-date symlink: /home/mlemsalu/ros2_ws_luke/install/zed_interfaces/share/zed_interfaces/msg/Keypoint2Df.idl
[2.053s] -- Up-to-date symlink: /home/mlemsalu/ros2_ws_luke/install/zed_interfaces/share/zed_interfaces/msg/Keypoint3D.idl
[2.054s] -- Up-to-date symlink: /home/mlemsalu/ros2_ws_luke/install/zed_interfaces/share/zed_interfaces/msg/BoundingBox2Di.idl
[2.054s] -- Up-to-date symlink: /home/mlemsalu/ros2_ws_luke/install/zed_interfaces/share/zed_interfaces/msg/BoundingBox2Df.idl
[2.054s] -- Up-to-date symlink: /home/mlemsalu/ros2_ws_luke/install/zed_interfaces/share/zed_interfaces/msg/BoundingBox3D.idl
[2.055s] -- Up-to-date symlink: /home/mlemsalu/ros2_ws_luke/install/zed_interfaces/share/zed_interfaces/msg/Skeleton2D.idl
[2.055s] -- Up-to-date symlink: /home/mlemsalu/ros2_ws_luke/install/zed_interfaces/share/zed_interfaces/msg/Skeleton3D.idl
[2.055s] -- Up-to-date symlink: /home/mlemsalu/ros2_ws_luke/install/zed_interfaces/share/zed_interfaces/msg/DepthInfoStamped.idl
[2.056s] -- Up-to-date symlink: /home/mlemsalu/ros2_ws_luke/install/zed_interfaces/share/zed_interfaces/msg/PlaneStamped.idl
[2.056s] -- Up-to-date symlink: /home/mlemsalu/ros2_ws_luke/install/zed_interfaces/share/zed_interfaces/msg/PosTrackStatus.idl
[2.056s] -- Up-to-date symlink: /home/mlemsalu/ros2_ws_luke/install/zed_interfaces/share/zed_interfaces/srv/SetPose.idl
[2.057s] -- Up-to-date symlink: /home/mlemsalu/ros2_ws_luke/install/zed_interfaces/share/zed_interfaces/srv/StartSvoRec.idl
[2.057s] -- Up-to-date symlink: /home/mlemsalu/ros2_ws_luke/install/zed_interfaces/share/zed_interfaces/srv/SetROI.idl
[2.057s] -- Up-to-date symlink: /home/mlemsalu/ros2_ws_luke/install/zed_interfaces/share/zed_interfaces/msg/Object.msg
[2.058s] -- Up-to-date symlink: /home/mlemsalu/ros2_ws_luke/install/zed_interfaces/share/zed_interfaces/msg/ObjectsStamped.msg
[2.058s] -- Up-to-date symlink: /home/mlemsalu/ros2_ws_luke/install/zed_interfaces/share/zed_interfaces/msg/Keypoint2Di.msg
[2.058s] -- Up-to-date symlink: /home/mlemsalu/ros2_ws_luke/install/zed_interfaces/share/zed_interfaces/msg/Keypoint2Df.msg
[2.059s] -- Up-to-date symlink: /home/mlemsalu/ros2_ws_luke/install/zed_interfaces/share/zed_interfaces/msg/Keypoint3D.msg
[2.059s] -- Up-to-date symlink: /home/mlemsalu/ros2_ws_luke/install/zed_interfaces/share/zed_interfaces/msg/BoundingBox2Di.msg
[2.059s] -- Up-to-date symlink: /home/mlemsalu/ros2_ws_luke/install/zed_interfaces/share/zed_interfaces/msg/BoundingBox2Df.msg
[2.059s] -- Up-to-date symlink: /home/mlemsalu/ros2_ws_luke/install/zed_interfaces/share/zed_interfaces/msg/BoundingBox3D.msg
[2.060s] -- Up-to-date symlink: /home/mlemsalu/ros2_ws_luke/install/zed_interfaces/share/zed_interfaces/msg/Skeleton2D.msg
[2.060s] -- Up-to-date symlink: /home/mlemsalu/ros2_ws_luke/install/zed_interfaces/share/zed_interfaces/msg/Skeleton3D.msg
[2.060s] -- Up-to-date symlink: /home/mlemsalu/ros2_ws_luke/install/zed_interfaces/share/zed_interfaces/msg/DepthInfoStamped.msg
[2.061s] -- Up-to-date symlink: /home/mlemsalu/ros2_ws_luke/install/zed_interfaces/share/zed_interfaces/msg/PlaneStamped.msg
[2.061s] -- Up-to-date symlink: /home/mlemsalu/ros2_ws_luke/install/zed_interfaces/share/zed_interfaces/msg/PosTrackStatus.msg
[2.061s] -- Up-to-date symlink: /home/mlemsalu/ros2_ws_luke/install/zed_interfaces/share/zed_interfaces/srv/SetPose.srv
[2.062s] -- Up-to-date symlink: /home/mlemsalu/ros2_ws_luke/install/zed_interfaces/share/zed_interfaces/srv/SetPose_Request.msg
[2.062s] -- Up-to-date symlink: /home/mlemsalu/ros2_ws_luke/install/zed_interfaces/share/zed_interfaces/srv/SetPose_Response.msg
[2.062s] -- Up-to-date symlink: /home/mlemsalu/ros2_ws_luke/install/zed_interfaces/share/zed_interfaces/srv/StartSvoRec.srv
[2.062s] -- Up-to-date symlink: /home/mlemsalu/ros2_ws_luke/install/zed_interfaces/share/zed_interfaces/srv/StartSvoRec_Request.msg
[2.063s] -- Up-to-date symlink: /home/mlemsalu/ros2_ws_luke/install/zed_interfaces/share/zed_interfaces/srv/StartSvoRec_Response.msg
[2.063s] -- Up-to-date symlink: /home/mlemsalu/ros2_ws_luke/install/zed_interfaces/share/zed_interfaces/srv/SetROI.srv
[2.064s] -- Up-to-date symlink: /home/mlemsalu/ros2_ws_luke/install/zed_interfaces/share/zed_interfaces/srv/SetROI_Request.msg
[2.064s] -- Up-to-date symlink: /home/mlemsalu/ros2_ws_luke/install/zed_interfaces/share/zed_interfaces/srv/SetROI_Response.msg
[2.064s] -- Up-to-date symlink: /home/mlemsalu/ros2_ws_luke/install/zed_interfaces/share/zed_interfaces/meshes/zed.stl
[2.065s] -- Up-to-date symlink: /home/mlemsalu/ros2_ws_luke/install/zed_interfaces/share/zed_interfaces/meshes/zed2.stl
[2.065s] -- Up-to-date symlink: /home/mlemsalu/ros2_ws_luke/install/zed_interfaces/share/zed_interfaces/meshes/zed2i.stl
[2.065s] -- Up-to-date symlink: /home/mlemsalu/ros2_ws_luke/install/zed_interfaces/share/zed_interfaces/meshes/zedm.stl
[2.065s] -- Up-to-date symlink: /home/mlemsalu/ros2_ws_luke/install/zed_interfaces/share/zed_interfaces/meshes/zedx.stl
[2.065s] -- Up-to-date symlink: /home/mlemsalu/ros2_ws_luke/install/zed_interfaces/share/zed_interfaces/meshes/zedxm.stl
[2.066s] -- Up-to-date symlink: /home/mlemsalu/ros2_ws_luke/install/zed_interfaces/share/ament_index/resource_index/package_run_dependencies/zed_interfaces
[2.066s] -- Up-to-date symlink: /home/mlemsalu/ros2_ws_luke/install/zed_interfaces/share/ament_index/resource_index/parent_prefix_path/zed_interfaces
[2.067s] -- Up-to-date symlink: /home/mlemsalu/ros2_ws_luke/install/zed_interfaces/share/zed_interfaces/environment/ament_prefix_path.sh
[2.067s] -- Up-to-date symlink: /home/mlemsalu/ros2_ws_luke/install/zed_interfaces/share/zed_interfaces/environment/ament_prefix_path.dsv
[2.067s] -- Up-to-date symlink: /home/mlemsalu/ros2_ws_luke/install/zed_interfaces/share/zed_interfaces/environment/path.sh
[2.068s] -- Up-to-date symlink: /home/mlemsalu/ros2_ws_luke/install/zed_interfaces/share/zed_interfaces/environment/path.dsv
[2.068s] -- Up-to-date symlink: /home/mlemsalu/ros2_ws_luke/install/zed_interfaces/share/zed_interfaces/local_setup.bash
[2.068s] -- Up-to-date symlink: /home/mlemsalu/ros2_ws_luke/install/zed_interfaces/share/zed_interfaces/local_setup.sh
[2.069s] -- Up-to-date symlink: /home/mlemsalu/ros2_ws_luke/install/zed_interfaces/share/zed_interfaces/local_setup.zsh
[2.069s] -- Up-to-date symlink: /home/mlemsalu/ros2_ws_luke/install/zed_interfaces/share/zed_interfaces/local_setup.dsv
[2.069s] -- Symlinking: /home/mlemsalu/ros2_ws_luke/install/zed_interfaces/share/zed_interfaces/package.dsv
[2.077s] -- Up-to-date symlink: /home/mlemsalu/ros2_ws_luke/install/zed_interfaces/share/ament_index/resource_index/packages/zed_interfaces
[2.077s] -- Up-to-date symlink: /home/mlemsalu/ros2_ws_luke/install/zed_interfaces/share/zed_interfaces/cmake/rosidl_cmake-extras.cmake
[2.078s] -- Up-to-date symlink: /home/mlemsalu/ros2_ws_luke/install/zed_interfaces/share/zed_interfaces/cmake/ament_cmake_export_dependencies-extras.cmake
[2.078s] -- Up-to-date symlink: /home/mlemsalu/ros2_ws_luke/install/zed_interfaces/share/zed_interfaces/cmake/ament_cmake_export_libraries-extras.cmake
[2.078s] -- Up-to-date symlink: /home/mlemsalu/ros2_ws_luke/install/zed_interfaces/share/zed_interfaces/cmake/ament_cmake_export_targets-extras.cmake
[2.078s] -- Up-to-date symlink: /home/mlemsalu/ros2_ws_luke/install/zed_interfaces/share/zed_interfaces/cmake/ament_cmake_export_include_directories-extras.cmake
[2.079s] -- Up-to-date symlink: /home/mlemsalu/ros2_ws_luke/install/zed_interfaces/share/zed_interfaces/cmake/rosidl_cmake_export_typesupport_libraries-extras.cmake
[2.079s] -- Up-to-date symlink: /home/mlemsalu/ros2_ws_luke/install/zed_interfaces/share/zed_interfaces/cmake/rosidl_cmake_export_typesupport_targets-extras.cmake
[2.079s] -- Up-to-date symlink: /home/mlemsalu/ros2_ws_luke/install/zed_interfaces/share/zed_interfaces/cmake/zed_interfacesConfig.cmake
[2.080s] -- Up-to-date symlink: /home/mlemsalu/ros2_ws_luke/install/zed_interfaces/share/zed_interfaces/cmake/zed_interfacesConfig-version.cmake
[2.080s] -- Up-to-date symlink: /home/mlemsalu/ros2_ws_luke/install/zed_interfaces/share/zed_interfaces/package.xml
[2.080s] -- Up-to-date: /home/mlemsalu/ros2_ws_luke/install/zed_interfaces/lib/libzed_interfaces__rosidl_generator_c.so
[2.081s] -- Up-to-date: /home/mlemsalu/ros2_ws_luke/install/zed_interfaces/lib/libzed_interfaces__rosidl_typesupport_introspection_c.so
[2.081s] -- Up-to-date: /home/mlemsalu/ros2_ws_luke/install/zed_interfaces/lib/libzed_interfaces__rosidl_typesupport_c.so
[2.082s] -- Up-to-date: /home/mlemsalu/ros2_ws_luke/install/zed_interfaces/lib/libzed_interfaces__rosidl_typesupport_introspection_cpp.so
[2.082s] -- Up-to-date: /home/mlemsalu/ros2_ws_luke/install/zed_interfaces/lib/libzed_interfaces__rosidl_typesupport_cpp.so
[2.106s] Compiling '/home/mlemsalu/ros2_ws_luke/install/zed_interfaces/lib/python3.8/site-packages/zed_interfaces/__init__.py'...
[2.110s] -- Up-to-date: /home/mlemsalu/ros2_ws_luke/install/zed_interfaces/share/zed_interfaces/cmake/zed_interfaces__rosidl_generator_cExport.cmake
[2.110s] -- Installing: /home/mlemsalu/ros2_ws_luke/install/zed_interfaces/share/zed_interfaces/cmake/zed_interfaces__rosidl_generator_cExport-release.cmake
[2.110s] -- Up-to-date: /home/mlemsalu/ros2_ws_luke/install/zed_interfaces/share/zed_interfaces/cmake/zed_interfaces__rosidl_typesupport_introspection_cExport.cmake
[2.110s] -- Installing: /home/mlemsalu/ros2_ws_luke/install/zed_interfaces/share/zed_interfaces/cmake/zed_interfaces__rosidl_typesupport_introspection_cExport-release.cmake
[2.110s] -- Up-to-date: /home/mlemsalu/ros2_ws_luke/install/zed_interfaces/share/zed_interfaces/cmake/zed_interfaces__rosidl_typesupport_cExport.cmake
[2.110s] -- Installing: /home/mlemsalu/ros2_ws_luke/install/zed_interfaces/share/zed_interfaces/cmake/zed_interfaces__rosidl_typesupport_cExport-release.cmake
[2.111s] -- Up-to-date: /home/mlemsalu/ros2_ws_luke/install/zed_interfaces/share/zed_interfaces/cmake/zed_interfaces__rosidl_generator_cppExport.cmake
[2.111s] -- Up-to-date: /home/mlemsalu/ros2_ws_luke/install/zed_interfaces/share/zed_interfaces/cmake/zed_interfaces__rosidl_typesupport_introspection_cppExport.cmake
[2.111s] -- Installing: /home/mlemsalu/ros2_ws_luke/install/zed_interfaces/share/zed_interfaces/cmake/zed_interfaces__rosidl_typesupport_introspection_cppExport-release.cmake
[2.111s] -- Up-to-date: /home/mlemsalu/ros2_ws_luke/install/zed_interfaces/share/zed_interfaces/cmake/zed_interfaces__rosidl_typesupport_cppExport.cmake
[2.111s] -- Installing: /home/mlemsalu/ros2_ws_luke/install/zed_interfaces/share/zed_interfaces/cmake/zed_interfaces__rosidl_typesupport_cppExport-release.cmake
[2.116s] Invoked command in '/home/mlemsalu/ros2_ws_luke/build/zed_interfaces' returned '0': CMAKE_PREFIX_PATH=/opt/ros/foxy /usr/bin/cmake --install /home/mlemsalu/ros2_ws_luke/build/zed_interfaces
