[0.035s] Invoking command in '/home/mlemsalu/ros2_ws_luke/build/zed_interfaces': CMAKE_PREFIX_PATH=/opt/ros/foxy /usr/bin/cmake /home/mlemsalu/ros2_ws_luke/src/zed-ros2-wrapper/zed-ros2-interfaces -DCMAKE_BUILD_TYPE=Release -DAMENT_CMAKE_SYMLINK_INSTALL=1 -DCMAKE_INSTALL_PREFIX=/home/mlemsalu/ros2_ws_luke/install/zed_interfaces
[0.175s] -- The C compiler identification is GNU 9.4.0
[0.287s] -- The CXX compiler identification is GNU 9.4.0
[0.292s] -- Check for working C compiler: /usr/bin/cc
[0.359s] -- Check for working C compiler: /usr/bin/cc -- works
[0.361s] -- Detecting C compiler ABI info
[0.438s] -- Detecting C compiler ABI info - done
[0.448s] -- Detecting C compile features
[0.448s] -- Detecting C compile features - done
[0.450s] -- Check for working CXX compiler: /usr/bin/c++
[0.535s] -- Check for working CXX compiler: /usr/bin/c++ -- works
[0.536s] -- Detecting CXX compiler ABI info
[0.628s] -- Detecting CXX compiler ABI info - done
[0.646s] -- Detecting CXX compile features
[0.647s] -- Detecting CXX compile features - done
[0.649s] -- Found ament_cmake_auto: 0.9.11 (/opt/ros/foxy/share/ament_cmake_auto/cmake)
[0.675s] -- Found PythonInterp: /usr/bin/python3 (found suitable version "3.8.10", minimum required is "3") 
[0.675s] -- Using PYTHON_EXECUTABLE: /usr/bin/python3
[0.825s] -- Override CMake install command with custom implementation using symlinks instead of copying resources
[0.921s] -- Using all available rosidl_typesupport_c: rosidl_typesupport_fastrtps_c;rosidl_typesupport_introspection_c
[0.926s] -- Found rosidl_adapter: 1.3.0 (/opt/ros/foxy/share/rosidl_adapter/cmake)
[1.003s] -- Found OpenSSL: /usr/lib/x86_64-linux-gnu/libcrypto.so (found version "1.1.1f")  
[1.022s] -- Found FastRTPS: /opt/ros/foxy/include  
[1.096s] -- Using all available rosidl_typesupport_cpp: rosidl_typesupport_fastrtps_cpp;rosidl_typesupport_introspection_cpp
[1.282s] -- Found ament_lint_auto: 0.9.8 (/opt/ros/foxy/share/ament_lint_auto/cmake)
[1.323s] -- Found PythonInterp: /usr/bin/python3 (found version "3.8.10") 
[1.535s] -- Found ament_cmake_ros: 0.9.2 (/opt/ros/foxy/share/ament_cmake_ros/cmake)
[1.751s] -- Using all available rosidl_typesupport_c: rosidl_typesupport_fastrtps_c;rosidl_typesupport_introspection_c
[1.888s] -- Using all available rosidl_typesupport_cpp: rosidl_typesupport_fastrtps_cpp;rosidl_typesupport_introspection_cpp
[1.916s] -- Found PythonInterp: /usr/bin/python3 (found suitable version "3.8.10", minimum required is "3.5") 
[1.918s] -- Found python_cmake_module: 0.8.1 (/opt/ros/foxy/share/python_cmake_module/cmake)
[1.947s] -- Found PythonLibs: /usr/lib/x86_64-linux-gnu/libpython3.8.so (found suitable version "3.8.10", minimum required is "3.5") 
[1.947s] -- Using PYTHON_EXECUTABLE: /usr/bin/python3
[1.947s] -- Using PYTHON_INCLUDE_DIRS: /usr/include/python3.8
[1.947s] -- Using PYTHON_LIBRARIES: /usr/lib/x86_64-linux-gnu/libpython3.8.so
[1.972s] -- Found PythonExtra: .so  
[2.076s] -- Added test 'copyright' to check source files copyright and LICENSE
[2.078s] -- Added test 'lint_cmake' to check CMake code style
[2.081s] -- Added test 'xmllint' to check XML markup files
[2.091s] -- Configuring done
[2.214s] -- Generating done
[2.217s] -- Build files have been written to: /home/mlemsalu/ros2_ws_luke/build/zed_interfaces
[2.227s] Invoked command in '/home/mlemsalu/ros2_ws_luke/build/zed_interfaces' returned '0': CMAKE_PREFIX_PATH=/opt/ros/foxy /usr/bin/cmake /home/mlemsalu/ros2_ws_luke/src/zed-ros2-wrapper/zed-ros2-interfaces -DCMAKE_BUILD_TYPE=Release -DAMENT_CMAKE_SYMLINK_INSTALL=1 -DCMAKE_INSTALL_PREFIX=/home/mlemsalu/ros2_ws_luke/install/zed_interfaces
[2.231s] Invoking command in '/home/mlemsalu/ros2_ws_luke/build/zed_interfaces': CMAKE_PREFIX_PATH=/opt/ros/foxy /usr/bin/cmake --build /home/mlemsalu/ros2_ws_luke/build/zed_interfaces -- -j12 -l12
[2.299s] [  1%] [34m[1mGenerating C code for ROS interfaces[0m
[2.299s] [35m[1mScanning dependencies of target zed_interfaces__cpp[0m
[2.314s] [  1%] [34m[1mGenerating C++ code for ROS interfaces[0m
[4.536s] [  1%] Built target zed_interfaces__cpp
[4.571s] [  2%] [34m[1mGenerating C++ type support for eProsima Fast-RTPS[0m
[4.572s] [  3%] [34m[1mGenerating C++ type support dispatch for ROS interfaces[0m
[4.594s] [  3%] [34m[1mGenerating C++ introspection for ROS interfaces[0m
[5.072s] [35m[1mScanning dependencies of target zed_interfaces__rosidl_generator_c[0m
[5.111s] [  4%] [32mBuilding C object CMakeFiles/zed_interfaces__rosidl_generator_c.dir/rosidl_generator_c/zed_interfaces/msg/detail/objects_stamped__functions.c.o[0m
[5.113s] [  5%] [32mBuilding C object CMakeFiles/zed_interfaces__rosidl_generator_c.dir/rosidl_generator_c/zed_interfaces/msg/detail/keypoint2_di__functions.c.o[0m
[5.123s] [  5%] [32mBuilding C object CMakeFiles/zed_interfaces__rosidl_generator_c.dir/rosidl_generator_c/zed_interfaces/msg/detail/object__functions.c.o[0m
[5.144s] [  5%] [32mBuilding C object CMakeFiles/zed_interfaces__rosidl_generator_c.dir/rosidl_generator_c/zed_interfaces/msg/detail/keypoint2_df__functions.c.o[0m
[5.251s] [  6%] [32mBuilding C object CMakeFiles/zed_interfaces__rosidl_generator_c.dir/rosidl_generator_c/zed_interfaces/msg/detail/bounding_box2_di__functions.c.o[0m
[5.255s] [  7%] [32mBuilding C object CMakeFiles/zed_interfaces__rosidl_generator_c.dir/rosidl_generator_c/zed_interfaces/msg/detail/keypoint3_d__functions.c.o[0m
[5.262s] [  8%] [32mBuilding C object CMakeFiles/zed_interfaces__rosidl_generator_c.dir/rosidl_generator_c/zed_interfaces/msg/detail/bounding_box3_d__functions.c.o[0m
[5.262s] [  7%] [32mBuilding C object CMakeFiles/zed_interfaces__rosidl_generator_c.dir/rosidl_generator_c/zed_interfaces/msg/detail/bounding_box2_df__functions.c.o[0m
[5.262s] [  9%] [32mBuilding C object CMakeFiles/zed_interfaces__rosidl_generator_c.dir/rosidl_generator_c/zed_interfaces/msg/detail/skeleton2_d__functions.c.o[0m
[5.411s] [  9%] [32mBuilding C object CMakeFiles/zed_interfaces__rosidl_generator_c.dir/rosidl_generator_c/zed_interfaces/msg/detail/skeleton3_d__functions.c.o[0m
[5.452s] [ 10%] [32mBuilding C object CMakeFiles/zed_interfaces__rosidl_generator_c.dir/rosidl_generator_c/zed_interfaces/msg/detail/depth_info_stamped__functions.c.o[0m
[5.485s] [ 11%] [32mBuilding C object CMakeFiles/zed_interfaces__rosidl_generator_c.dir/rosidl_generator_c/zed_interfaces/msg/detail/plane_stamped__functions.c.o[0m
[5.534s] [ 11%] [32mBuilding C object CMakeFiles/zed_interfaces__rosidl_generator_c.dir/rosidl_generator_c/zed_interfaces/msg/detail/pos_track_status__functions.c.o[0m
[5.577s] [ 12%] [32mBuilding C object CMakeFiles/zed_interfaces__rosidl_generator_c.dir/rosidl_generator_c/zed_interfaces/srv/detail/start_svo_rec__functions.c.o[0m
[5.583s] [ 13%] [32mBuilding C object CMakeFiles/zed_interfaces__rosidl_generator_c.dir/rosidl_generator_c/zed_interfaces/srv/detail/set_pose__functions.c.o[0m
[5.729s] [ 13%] [32mBuilding C object CMakeFiles/zed_interfaces__rosidl_generator_c.dir/rosidl_generator_c/zed_interfaces/srv/detail/set_roi__functions.c.o[0m
[6.178s] [ 14%] [32m[1mLinking C shared library libzed_interfaces__rosidl_generator_c.so[0m
[6.415s] [ 14%] Built target zed_interfaces__rosidl_generator_c
[6.500s] [ 15%] [34m[1mGenerating C introspection for ROS interfaces[0m
[6.504s] [ 16%] [34m[1mGenerating C type support dispatch for ROS interfaces[0m
[7.808s] [35m[1mScanning dependencies of target zed_interfaces__rosidl_typesupport_cpp[0m
[7.939s] [ 17%] [32mBuilding CXX object CMakeFiles/zed_interfaces__rosidl_typesupport_cpp.dir/rosidl_typesupport_cpp/zed_interfaces/msg/object__type_support.cpp.o[0m
[7.986s] [ 17%] [32mBuilding CXX object CMakeFiles/zed_interfaces__rosidl_typesupport_cpp.dir/rosidl_typesupport_cpp/zed_interfaces/msg/objects_stamped__type_support.cpp.o[0m
[8.059s] [ 18%] [32mBuilding CXX object CMakeFiles/zed_interfaces__rosidl_typesupport_cpp.dir/rosidl_typesupport_cpp/zed_interfaces/msg/keypoint2_di__type_support.cpp.o[0m
[8.086s] [ 19%] [32mBuilding CXX object CMakeFiles/zed_interfaces__rosidl_typesupport_cpp.dir/rosidl_typesupport_cpp/zed_interfaces/msg/keypoint2_df__type_support.cpp.o[0m
[8.090s] [ 20%] [32mBuilding CXX object CMakeFiles/zed_interfaces__rosidl_typesupport_cpp.dir/rosidl_typesupport_cpp/zed_interfaces/msg/bounding_box2_df__type_support.cpp.o[0m
[8.101s] [ 20%] [32mBuilding CXX object CMakeFiles/zed_interfaces__rosidl_typesupport_cpp.dir/rosidl_typesupport_cpp/zed_interfaces/msg/keypoint3_d__type_support.cpp.o[0m
[8.107s] [ 21%] [32mBuilding CXX object CMakeFiles/zed_interfaces__rosidl_typesupport_cpp.dir/rosidl_typesupport_cpp/zed_interfaces/msg/bounding_box2_di__type_support.cpp.o[0m
[8.292s] [ 21%] [32mBuilding CXX object CMakeFiles/zed_interfaces__rosidl_typesupport_cpp.dir/rosidl_typesupport_cpp/zed_interfaces/msg/bounding_box3_d__type_support.cpp.o[0m
[8.780s] [ 22%] [32mBuilding CXX object CMakeFiles/zed_interfaces__rosidl_typesupport_cpp.dir/rosidl_typesupport_cpp/zed_interfaces/msg/skeleton2_d__type_support.cpp.o[0m
[8.814s] [ 23%] [32mBuilding CXX object CMakeFiles/zed_interfaces__rosidl_typesupport_cpp.dir/rosidl_typesupport_cpp/zed_interfaces/msg/skeleton3_d__type_support.cpp.o[0m
[8.999s] [ 23%] [32mBuilding CXX object CMakeFiles/zed_interfaces__rosidl_typesupport_cpp.dir/rosidl_typesupport_cpp/zed_interfaces/msg/depth_info_stamped__type_support.cpp.o[0m
[9.187s] [ 24%] [32mBuilding CXX object CMakeFiles/zed_interfaces__rosidl_typesupport_cpp.dir/rosidl_typesupport_cpp/zed_interfaces/msg/plane_stamped__type_support.cpp.o[0m
[9.296s] [35m[1mScanning dependencies of target zed_interfaces__rosidl_typesupport_introspection_cpp[0m
[9.304s] [ 25%] [32mBuilding CXX object CMakeFiles/zed_interfaces__rosidl_typesupport_cpp.dir/rosidl_typesupport_cpp/zed_interfaces/msg/pos_track_status__type_support.cpp.o[0m
[9.439s] [ 25%] [32mBuilding CXX object CMakeFiles/zed_interfaces__rosidl_typesupport_cpp.dir/rosidl_typesupport_cpp/zed_interfaces/srv/set_pose__type_support.cpp.o[0m
[9.484s] [ 26%] [32mBuilding CXX object CMakeFiles/zed_interfaces__rosidl_typesupport_cpp.dir/rosidl_typesupport_cpp/zed_interfaces/srv/start_svo_rec__type_support.cpp.o[0m
[9.486s] [ 27%] [32mBuilding CXX object CMakeFiles/zed_interfaces__rosidl_typesupport_introspection_cpp.dir/rosidl_typesupport_introspection_cpp/zed_interfaces/msg/detail/object__type_support.cpp.o[0m
[9.512s] [ 28%] [32mBuilding CXX object CMakeFiles/zed_interfaces__rosidl_typesupport_cpp.dir/rosidl_typesupport_cpp/zed_interfaces/srv/set_roi__type_support.cpp.o[0m
[9.700s] [ 29%] [32mBuilding CXX object CMakeFiles/zed_interfaces__rosidl_typesupport_introspection_cpp.dir/rosidl_typesupport_introspection_cpp/zed_interfaces/msg/detail/objects_stamped__type_support.cpp.o[0m
[9.704s] [35m[1mScanning dependencies of target zed_interfaces__rosidl_typesupport_fastrtps_cpp[0m
[9.867s] [ 30%] [32mBuilding CXX object CMakeFiles/zed_interfaces__rosidl_typesupport_fastrtps_cpp.dir/rosidl_typesupport_fastrtps_cpp/zed_interfaces/msg/detail/dds_fastrtps/object__type_support.cpp.o[0m
[9.927s] [ 30%] [32mBuilding CXX object CMakeFiles/zed_interfaces__rosidl_typesupport_fastrtps_cpp.dir/rosidl_typesupport_fastrtps_cpp/zed_interfaces/msg/detail/dds_fastrtps/objects_stamped__type_support.cpp.o[0m
[9.980s] [ 30%] [32mBuilding CXX object CMakeFiles/zed_interfaces__rosidl_typesupport_introspection_cpp.dir/rosidl_typesupport_introspection_cpp/zed_interfaces/msg/detail/keypoint2_di__type_support.cpp.o[0m
[10.125s] [35m[1mScanning dependencies of target zed_interfaces__rosidl_typesupport_c[0m
[10.125s] [ 31%] [32mBuilding CXX object CMakeFiles/zed_interfaces__rosidl_typesupport_introspection_cpp.dir/rosidl_typesupport_introspection_cpp/zed_interfaces/msg/detail/keypoint2_df__type_support.cpp.o[0m
[10.195s] [ 31%] [32mBuilding CXX object CMakeFiles/zed_interfaces__rosidl_typesupport_c.dir/rosidl_typesupport_c/zed_interfaces/msg/object__type_support.cpp.o[0m
[10.216s] [ 32%] [32mBuilding CXX object CMakeFiles/zed_interfaces__rosidl_typesupport_introspection_cpp.dir/rosidl_typesupport_introspection_cpp/zed_interfaces/msg/detail/keypoint3_d__type_support.cpp.o[0m
[10.413s] [ 33%] [32mBuilding CXX object CMakeFiles/zed_interfaces__rosidl_typesupport_c.dir/rosidl_typesupport_c/zed_interfaces/msg/objects_stamped__type_support.cpp.o[0m
[10.495s] [ 34%] [32mBuilding CXX object CMakeFiles/zed_interfaces__rosidl_typesupport_c.dir/rosidl_typesupport_c/zed_interfaces/msg/keypoint2_di__type_support.cpp.o[0m
[10.539s] [ 34%] [32mBuilding CXX object CMakeFiles/zed_interfaces__rosidl_typesupport_c.dir/rosidl_typesupport_c/zed_interfaces/msg/keypoint2_df__type_support.cpp.o[0m
[10.544s] [ 34%] [32mBuilding CXX object CMakeFiles/zed_interfaces__rosidl_typesupport_introspection_cpp.dir/rosidl_typesupport_introspection_cpp/zed_interfaces/msg/detail/bounding_box2_di__type_support.cpp.o[0m
[10.575s] [ 35%] [32mBuilding CXX object CMakeFiles/zed_interfaces__rosidl_typesupport_c.dir/rosidl_typesupport_c/zed_interfaces/msg/keypoint3_d__type_support.cpp.o[0m
[10.722s] [ 35%] [32m[1mLinking CXX shared library libzed_interfaces__rosidl_typesupport_cpp.so[0m
[10.764s] [ 36%] [32mBuilding CXX object CMakeFiles/zed_interfaces__rosidl_typesupport_c.dir/rosidl_typesupport_c/zed_interfaces/msg/bounding_box2_di__type_support.cpp.o[0m
[10.764s] [ 37%] [32mBuilding CXX object CMakeFiles/zed_interfaces__rosidl_typesupport_fastrtps_cpp.dir/rosidl_typesupport_fastrtps_cpp/zed_interfaces/msg/detail/dds_fastrtps/keypoint2_di__type_support.cpp.o[0m
[10.779s] [ 37%] [32mBuilding CXX object CMakeFiles/zed_interfaces__rosidl_typesupport_c.dir/rosidl_typesupport_c/zed_interfaces/msg/bounding_box2_df__type_support.cpp.o[0m
[10.841s] [ 38%] [32mBuilding CXX object CMakeFiles/zed_interfaces__rosidl_typesupport_c.dir/rosidl_typesupport_c/zed_interfaces/msg/bounding_box3_d__type_support.cpp.o[0m
[10.847s] [ 39%] [32mBuilding CXX object CMakeFiles/zed_interfaces__rosidl_typesupport_introspection_cpp.dir/rosidl_typesupport_introspection_cpp/zed_interfaces/msg/detail/bounding_box2_df__type_support.cpp.o[0m
[10.925s] [ 40%] [32mBuilding CXX object CMakeFiles/zed_interfaces__rosidl_typesupport_introspection_cpp.dir/rosidl_typesupport_introspection_cpp/zed_interfaces/msg/detail/bounding_box3_d__type_support.cpp.o[0m
[10.925s] [ 40%] Built target zed_interfaces__rosidl_typesupport_cpp
[10.925s] [ 41%] [32mBuilding CXX object CMakeFiles/zed_interfaces__rosidl_typesupport_c.dir/rosidl_typesupport_c/zed_interfaces/msg/skeleton2_d__type_support.cpp.o[0m
[10.940s] [ 41%] [32mBuilding CXX object CMakeFiles/zed_interfaces__rosidl_typesupport_c.dir/rosidl_typesupport_c/zed_interfaces/msg/skeleton3_d__type_support.cpp.o[0m
[10.998s] [ 42%] [32mBuilding CXX object CMakeFiles/zed_interfaces__rosidl_typesupport_c.dir/rosidl_typesupport_c/zed_interfaces/msg/depth_info_stamped__type_support.cpp.o[0m
[11.043s] [ 42%] [32mBuilding CXX object CMakeFiles/zed_interfaces__rosidl_typesupport_introspection_cpp.dir/rosidl_typesupport_introspection_cpp/zed_interfaces/msg/detail/skeleton2_d__type_support.cpp.o[0m
[11.080s] [ 43%] [32mBuilding CXX object CMakeFiles/zed_interfaces__rosidl_typesupport_fastrtps_cpp.dir/rosidl_typesupport_fastrtps_cpp/zed_interfaces/msg/detail/dds_fastrtps/keypoint2_df__type_support.cpp.o[0m
[11.140s] [ 44%] [32mBuilding CXX object CMakeFiles/zed_interfaces__rosidl_typesupport_c.dir/rosidl_typesupport_c/zed_interfaces/msg/plane_stamped__type_support.cpp.o[0m
[11.186s] [ 44%] [32mBuilding CXX object CMakeFiles/zed_interfaces__rosidl_typesupport_c.dir/rosidl_typesupport_c/zed_interfaces/msg/pos_track_status__type_support.cpp.o[0m
[11.220s] [ 44%] [32mBuilding CXX object CMakeFiles/zed_interfaces__rosidl_typesupport_fastrtps_cpp.dir/rosidl_typesupport_fastrtps_cpp/zed_interfaces/msg/detail/dds_fastrtps/keypoint3_d__type_support.cpp.o[0m
[11.244s] [ 45%] [32mBuilding CXX object CMakeFiles/zed_interfaces__rosidl_typesupport_c.dir/rosidl_typesupport_c/zed_interfaces/srv/set_pose__type_support.cpp.o[0m
[11.274s] [ 46%] [32mBuilding CXX object CMakeFiles/zed_interfaces__rosidl_typesupport_c.dir/rosidl_typesupport_c/zed_interfaces/srv/start_svo_rec__type_support.cpp.o[0m
[11.311s] [ 46%] [32mBuilding CXX object CMakeFiles/zed_interfaces__rosidl_typesupport_c.dir/rosidl_typesupport_c/zed_interfaces/srv/set_roi__type_support.cpp.o[0m
[11.399s] [ 47%] [32mBuilding CXX object CMakeFiles/zed_interfaces__rosidl_typesupport_introspection_cpp.dir/rosidl_typesupport_introspection_cpp/zed_interfaces/msg/detail/skeleton3_d__type_support.cpp.o[0m
[11.468s] [ 48%] [32mBuilding CXX object CMakeFiles/zed_interfaces__rosidl_typesupport_fastrtps_cpp.dir/rosidl_typesupport_fastrtps_cpp/zed_interfaces/msg/detail/dds_fastrtps/bounding_box2_di__type_support.cpp.o[0m
[11.474s] [ 49%] [32mBuilding CXX object CMakeFiles/zed_interfaces__rosidl_typesupport_fastrtps_cpp.dir/rosidl_typesupport_fastrtps_cpp/zed_interfaces/msg/detail/dds_fastrtps/bounding_box2_df__type_support.cpp.o[0m
[11.518s] [ 50%] [32mBuilding CXX object CMakeFiles/zed_interfaces__rosidl_typesupport_introspection_cpp.dir/rosidl_typesupport_introspection_cpp/zed_interfaces/msg/detail/depth_info_stamped__type_support.cpp.o[0m
[11.519s] [ 50%] [32mBuilding CXX object CMakeFiles/zed_interfaces__rosidl_typesupport_introspection_cpp.dir/rosidl_typesupport_introspection_cpp/zed_interfaces/msg/detail/plane_stamped__type_support.cpp.o[0m
[11.530s] [ 51%] [32m[1mLinking CXX shared library libzed_interfaces__rosidl_typesupport_c.so[0m
[11.619s] [ 52%] [32mBuilding CXX object CMakeFiles/zed_interfaces__rosidl_typesupport_introspection_cpp.dir/rosidl_typesupport_introspection_cpp/zed_interfaces/srv/detail/set_pose__type_support.cpp.o[0m
[11.628s] [35m[1mScanning dependencies of target zed_interfaces__rosidl_typesupport_introspection_c[0m
[11.654s] [ 53%] [32mBuilding CXX object CMakeFiles/zed_interfaces__rosidl_typesupport_introspection_cpp.dir/rosidl_typesupport_introspection_cpp/zed_interfaces/msg/detail/pos_track_status__type_support.cpp.o[0m
[11.746s] [ 53%] [32mBuilding CXX object CMakeFiles/zed_interfaces__rosidl_typesupport_fastrtps_cpp.dir/rosidl_typesupport_fastrtps_cpp/zed_interfaces/msg/detail/dds_fastrtps/bounding_box3_d__type_support.cpp.o[0m
[11.763s] [ 54%] [32mBuilding C object CMakeFiles/zed_interfaces__rosidl_typesupport_introspection_c.dir/rosidl_typesupport_introspection_c/zed_interfaces/msg/detail/object__type_support.c.o[0m
[11.844s] [ 54%] Built target zed_interfaces__rosidl_typesupport_c
[11.876s] [ 54%] [32mBuilding CXX object CMakeFiles/zed_interfaces__rosidl_typesupport_introspection_cpp.dir/rosidl_typesupport_introspection_cpp/zed_interfaces/srv/detail/start_svo_rec__type_support.cpp.o[0m
[11.910s] [ 55%] [32mBuilding CXX object CMakeFiles/zed_interfaces__rosidl_typesupport_introspection_cpp.dir/rosidl_typesupport_introspection_cpp/zed_interfaces/srv/detail/set_roi__type_support.cpp.o[0m
[11.957s] [ 55%] [32mBuilding C object CMakeFiles/zed_interfaces__rosidl_typesupport_introspection_c.dir/rosidl_typesupport_introspection_c/zed_interfaces/msg/detail/objects_stamped__type_support.c.o[0m
[11.968s] [ 56%] [32mBuilding CXX object CMakeFiles/zed_interfaces__rosidl_typesupport_fastrtps_cpp.dir/rosidl_typesupport_fastrtps_cpp/zed_interfaces/msg/detail/dds_fastrtps/skeleton2_d__type_support.cpp.o[0m
[12.124s] [ 57%] [32mBuilding CXX object CMakeFiles/zed_interfaces__rosidl_typesupport_fastrtps_cpp.dir/rosidl_typesupport_fastrtps_cpp/zed_interfaces/msg/detail/dds_fastrtps/skeleton3_d__type_support.cpp.o[0m
[12.166s] [ 57%] [32mBuilding CXX object CMakeFiles/zed_interfaces__rosidl_typesupport_fastrtps_cpp.dir/rosidl_typesupport_fastrtps_cpp/zed_interfaces/msg/detail/dds_fastrtps/depth_info_stamped__type_support.cpp.o[0m
[12.203s] [ 58%] [32mBuilding C object CMakeFiles/zed_interfaces__rosidl_typesupport_introspection_c.dir/rosidl_typesupport_introspection_c/zed_interfaces/msg/detail/keypoint2_di__type_support.c.o[0m
[12.217s] [ 59%] [32mBuilding CXX object CMakeFiles/zed_interfaces__rosidl_typesupport_fastrtps_cpp.dir/rosidl_typesupport_fastrtps_cpp/zed_interfaces/msg/detail/dds_fastrtps/plane_stamped__type_support.cpp.o[0m
[12.331s] [ 60%] [32mBuilding CXX object CMakeFiles/zed_interfaces__rosidl_typesupport_fastrtps_cpp.dir/rosidl_typesupport_fastrtps_cpp/zed_interfaces/msg/detail/dds_fastrtps/pos_track_status__type_support.cpp.o[0m
[12.374s] [ 60%] [32mBuilding CXX object CMakeFiles/zed_interfaces__rosidl_typesupport_fastrtps_cpp.dir/rosidl_typesupport_fastrtps_cpp/zed_interfaces/srv/detail/dds_fastrtps/set_pose__type_support.cpp.o[0m
[12.383s] [ 60%] [32mBuilding C object CMakeFiles/zed_interfaces__rosidl_typesupport_introspection_c.dir/rosidl_typesupport_introspection_c/zed_interfaces/msg/detail/keypoint3_d__type_support.c.o[0m
[12.416s] [ 61%] [32mBuilding C object CMakeFiles/zed_interfaces__rosidl_typesupport_introspection_c.dir/rosidl_typesupport_introspection_c/zed_interfaces/msg/detail/keypoint2_df__type_support.c.o[0m
[12.487s] [ 62%] [32mBuilding C object CMakeFiles/zed_interfaces__rosidl_typesupport_introspection_c.dir/rosidl_typesupport_introspection_c/zed_interfaces/msg/detail/bounding_box2_di__type_support.c.o[0m
[12.515s] [ 63%] [32mBuilding CXX object CMakeFiles/zed_interfaces__rosidl_typesupport_fastrtps_cpp.dir/rosidl_typesupport_fastrtps_cpp/zed_interfaces/srv/detail/dds_fastrtps/start_svo_rec__type_support.cpp.o[0m
[12.612s] [ 63%] [32mBuilding C object CMakeFiles/zed_interfaces__rosidl_typesupport_introspection_c.dir/rosidl_typesupport_introspection_c/zed_interfaces/msg/detail/bounding_box3_d__type_support.c.o[0m
[12.612s] [ 64%] [32mBuilding C object CMakeFiles/zed_interfaces__rosidl_typesupport_introspection_c.dir/rosidl_typesupport_introspection_c/zed_interfaces/msg/detail/bounding_box2_df__type_support.c.o[0m
[12.686s] [ 65%] [32mBuilding CXX object CMakeFiles/zed_interfaces__rosidl_typesupport_fastrtps_cpp.dir/rosidl_typesupport_fastrtps_cpp/zed_interfaces/srv/detail/dds_fastrtps/set_roi__type_support.cpp.o[0m
[12.755s] [ 66%] [32mBuilding C object CMakeFiles/zed_interfaces__rosidl_typesupport_introspection_c.dir/rosidl_typesupport_introspection_c/zed_interfaces/msg/detail/skeleton2_d__type_support.c.o[0m
[12.837s] [ 67%] [32mBuilding C object CMakeFiles/zed_interfaces__rosidl_typesupport_introspection_c.dir/rosidl_typesupport_introspection_c/zed_interfaces/msg/detail/skeleton3_d__type_support.c.o[0m
[12.857s] [ 67%] [32mBuilding C object CMakeFiles/zed_interfaces__rosidl_typesupport_introspection_c.dir/rosidl_typesupport_introspection_c/zed_interfaces/msg/detail/depth_info_stamped__type_support.c.o[0m
[12.932s] [ 68%] [32m[1mLinking CXX shared library libzed_interfaces__rosidl_typesupport_introspection_cpp.so[0m
[12.951s] [ 69%] [32mBuilding C object CMakeFiles/zed_interfaces__rosidl_typesupport_introspection_c.dir/rosidl_typesupport_introspection_c/zed_interfaces/msg/detail/plane_stamped__type_support.c.o[0m
[12.965s] [ 70%] [32mBuilding C object CMakeFiles/zed_interfaces__rosidl_typesupport_introspection_c.dir/rosidl_typesupport_introspection_c/zed_interfaces/msg/detail/pos_track_status__type_support.c.o[0m
[13.023s] [ 70%] [32mBuilding C object CMakeFiles/zed_interfaces__rosidl_typesupport_introspection_c.dir/rosidl_typesupport_introspection_c/zed_interfaces/srv/detail/set_pose__type_support.c.o[0m
[13.044s] [ 71%] [32mBuilding C object CMakeFiles/zed_interfaces__rosidl_typesupport_introspection_c.dir/rosidl_typesupport_introspection_c/zed_interfaces/srv/detail/start_svo_rec__type_support.c.o[0m
[13.054s] [ 72%] [32mBuilding C object CMakeFiles/zed_interfaces__rosidl_typesupport_introspection_c.dir/rosidl_typesupport_introspection_c/zed_interfaces/srv/detail/set_roi__type_support.c.o[0m
[13.118s] [ 72%] Built target zed_interfaces__rosidl_typesupport_introspection_cpp
[13.148s] [ 72%] [32m[1mLinking C shared library libzed_interfaces__rosidl_typesupport_introspection_c.so[0m
[13.201s] [ 72%] Built target zed_interfaces__rosidl_typesupport_introspection_c
[13.427s] [ 72%] [32m[1mLinking CXX shared library libzed_interfaces__rosidl_typesupport_fastrtps_cpp.so[0m
[13.543s] [ 72%] Built target zed_interfaces__rosidl_typesupport_fastrtps_cpp
[13.555s] [ 73%] [34m[1mGenerating C type support for eProsima Fast-RTPS[0m
[15.115s] [35m[1mScanning dependencies of target zed_interfaces__rosidl_typesupport_fastrtps_c[0m
[15.169s] [ 73%] [32mBuilding CXX object CMakeFiles/zed_interfaces__rosidl_typesupport_fastrtps_c.dir/rosidl_typesupport_fastrtps_c/zed_interfaces/msg/detail/object__type_support_c.cpp.o[0m
[15.170s] [ 75%] [32mBuilding CXX object CMakeFiles/zed_interfaces__rosidl_typesupport_fastrtps_c.dir/rosidl_typesupport_fastrtps_c/zed_interfaces/msg/detail/keypoint2_di__type_support_c.cpp.o[0m
[15.170s] [ 75%] [32mBuilding CXX object CMakeFiles/zed_interfaces__rosidl_typesupport_fastrtps_c.dir/rosidl_typesupport_fastrtps_c/zed_interfaces/msg/detail/keypoint3_d__type_support_c.cpp.o[0m
[15.170s] [ 76%] [32mBuilding CXX object CMakeFiles/zed_interfaces__rosidl_typesupport_fastrtps_c.dir/rosidl_typesupport_fastrtps_c/zed_interfaces/msg/detail/objects_stamped__type_support_c.cpp.o[0m
[15.172s] [ 76%] [32mBuilding CXX object CMakeFiles/zed_interfaces__rosidl_typesupport_fastrtps_c.dir/rosidl_typesupport_fastrtps_c/zed_interfaces/msg/detail/keypoint2_df__type_support_c.cpp.o[0m
[15.173s] [ 78%] [32mBuilding CXX object CMakeFiles/zed_interfaces__rosidl_typesupport_fastrtps_c.dir/rosidl_typesupport_fastrtps_c/zed_interfaces/msg/detail/skeleton2_d__type_support_c.cpp.o[0m
[15.173s] [ 78%] [32mBuilding CXX object CMakeFiles/zed_interfaces__rosidl_typesupport_fastrtps_c.dir/rosidl_typesupport_fastrtps_c/zed_interfaces/msg/detail/bounding_box2_di__type_support_c.cpp.o[0m
[15.181s] [ 79%] [32mBuilding CXX object CMakeFiles/zed_interfaces__rosidl_typesupport_fastrtps_c.dir/rosidl_typesupport_fastrtps_c/zed_interfaces/msg/detail/bounding_box2_df__type_support_c.cpp.o[0m
[15.181s] [ 79%] [32mBuilding CXX object CMakeFiles/zed_interfaces__rosidl_typesupport_fastrtps_c.dir/rosidl_typesupport_fastrtps_c/zed_interfaces/msg/detail/bounding_box3_d__type_support_c.cpp.o[0m
[15.187s] [ 79%] [32mBuilding CXX object CMakeFiles/zed_interfaces__rosidl_typesupport_fastrtps_c.dir/rosidl_typesupport_fastrtps_c/zed_interfaces/msg/detail/skeleton3_d__type_support_c.cpp.o[0m
[15.314s] [ 80%] [32mBuilding CXX object CMakeFiles/zed_interfaces__rosidl_typesupport_fastrtps_c.dir/rosidl_typesupport_fastrtps_c/zed_interfaces/msg/detail/depth_info_stamped__type_support_c.cpp.o[0m
[15.326s] [ 81%] [32mBuilding CXX object CMakeFiles/zed_interfaces__rosidl_typesupport_fastrtps_c.dir/rosidl_typesupport_fastrtps_c/zed_interfaces/msg/detail/plane_stamped__type_support_c.cpp.o[0m
[15.712s] [ 81%] [32mBuilding CXX object CMakeFiles/zed_interfaces__rosidl_typesupport_fastrtps_c.dir/rosidl_typesupport_fastrtps_c/zed_interfaces/msg/detail/pos_track_status__type_support_c.cpp.o[0m
[15.870s] [ 82%] [32mBuilding CXX object CMakeFiles/zed_interfaces__rosidl_typesupport_fastrtps_c.dir/rosidl_typesupport_fastrtps_c/zed_interfaces/srv/detail/set_pose__type_support_c.cpp.o[0m
[15.906s] [ 83%] [32mBuilding CXX object CMakeFiles/zed_interfaces__rosidl_typesupport_fastrtps_c.dir/rosidl_typesupport_fastrtps_c/zed_interfaces/srv/detail/start_svo_rec__type_support_c.cpp.o[0m
[16.015s] [ 83%] [32mBuilding CXX object CMakeFiles/zed_interfaces__rosidl_typesupport_fastrtps_c.dir/rosidl_typesupport_fastrtps_c/zed_interfaces/srv/detail/set_roi__type_support_c.cpp.o[0m
[16.697s] [ 84%] [32m[1mLinking CXX shared library libzed_interfaces__rosidl_typesupport_fastrtps_c.so[0m
[16.843s] [ 84%] Built target zed_interfaces__rosidl_typesupport_fastrtps_c
[16.857s] [35m[1mScanning dependencies of target zed_interfaces[0m
[16.869s] [ 84%] Built target zed_interfaces
[16.884s] [35m[1mScanning dependencies of target zed_interfaces__py[0m
[16.901s] [ 85%] [34m[1mGenerating Python code for ROS interfaces[0m
[22.823s] [ 85%] Built target zed_interfaces__py
[22.838s] [35m[1mScanning dependencies of target zed_interfaces__python[0m
[22.910s] [ 85%] [32mBuilding C object CMakeFiles/zed_interfaces__python.dir/rosidl_generator_py/zed_interfaces/msg/_object_s.c.o[0m
[22.910s] [ 86%] [32mBuilding C object CMakeFiles/zed_interfaces__python.dir/rosidl_generator_py/zed_interfaces/msg/_objects_stamped_s.c.o[0m
[22.911s] [ 86%] [32mBuilding C object CMakeFiles/zed_interfaces__python.dir/rosidl_generator_py/zed_interfaces/msg/_keypoint2_df_s.c.o[0m
[22.913s] [ 87%] [32mBuilding C object CMakeFiles/zed_interfaces__python.dir/rosidl_generator_py/zed_interfaces/msg/_keypoint2_di_s.c.o[0m
[22.913s] [ 88%] [32mBuilding C object CMakeFiles/zed_interfaces__python.dir/rosidl_generator_py/zed_interfaces/msg/_keypoint3_d_s.c.o[0m
[22.914s] [ 89%] [32mBuilding C object CMakeFiles/zed_interfaces__python.dir/rosidl_generator_py/zed_interfaces/msg/_bounding_box2_di_s.c.o[0m
[22.923s] [ 89%] [32mBuilding C object CMakeFiles/zed_interfaces__python.dir/rosidl_generator_py/zed_interfaces/msg/_bounding_box2_df_s.c.o[0m
[22.928s] [ 90%] [32mBuilding C object CMakeFiles/zed_interfaces__python.dir/rosidl_generator_py/zed_interfaces/msg/_bounding_box3_d_s.c.o[0m
[23.000s] [ 91%] [32mBuilding C object CMakeFiles/zed_interfaces__python.dir/rosidl_generator_py/zed_interfaces/msg/_skeleton2_d_s.c.o[0m
[23.044s] [ 92%] [32mBuilding C object CMakeFiles/zed_interfaces__python.dir/rosidl_generator_py/zed_interfaces/msg/_depth_info_stamped_s.c.o[0m
[23.050s] [ 93%] [32mBuilding C object CMakeFiles/zed_interfaces__python.dir/rosidl_generator_py/zed_interfaces/msg/_skeleton3_d_s.c.o[0m
[23.052s] [ 93%] [32mBuilding C object CMakeFiles/zed_interfaces__python.dir/rosidl_generator_py/zed_interfaces/msg/_plane_stamped_s.c.o[0m
[23.201s] [ 94%] [32mBuilding C object CMakeFiles/zed_interfaces__python.dir/rosidl_generator_py/zed_interfaces/srv/_set_pose_s.c.o[0m
[23.204s] [ 94%] [32mBuilding C object CMakeFiles/zed_interfaces__python.dir/rosidl_generator_py/zed_interfaces/msg/_pos_track_status_s.c.o[0m
[23.236s] [ 95%] [32mBuilding C object CMakeFiles/zed_interfaces__python.dir/rosidl_generator_py/zed_interfaces/srv/_start_svo_rec_s.c.o[0m
[23.258s] [ 95%] [32mBuilding C object CMakeFiles/zed_interfaces__python.dir/rosidl_generator_py/zed_interfaces/srv/_set_roi_s.c.o[0m
[23.521s] [ 96%] [32m[1mLinking C shared library rosidl_generator_py/zed_interfaces/libzed_interfaces__python.so[0m
[23.592s] [ 96%] Built target zed_interfaces__python
[23.607s] [35m[1mScanning dependencies of target zed_interfaces__rosidl_typesupport_fastrtps_c__pyext[0m
[23.607s] [35m[1mScanning dependencies of target zed_interfaces__rosidl_typesupport_c__pyext[0m
[23.607s] [35m[1mScanning dependencies of target zed_interfaces__rosidl_typesupport_introspection_c__pyext[0m
[23.635s] [ 97%] [32mBuilding C object CMakeFiles/zed_interfaces__rosidl_typesupport_fastrtps_c__pyext.dir/rosidl_generator_py/zed_interfaces/_zed_interfaces_s.ep.rosidl_typesupport_fastrtps_c.c.o[0m
[23.644s] [ 98%] [32mBuilding C object CMakeFiles/zed_interfaces__rosidl_typesupport_introspection_c__pyext.dir/rosidl_generator_py/zed_interfaces/_zed_interfaces_s.ep.rosidl_typesupport_introspection_c.c.o[0m
[23.645s] [ 99%] [32mBuilding C object CMakeFiles/zed_interfaces__rosidl_typesupport_c__pyext.dir/rosidl_generator_py/zed_interfaces/_zed_interfaces_s.ep.rosidl_typesupport_c.c.o[0m
[24.069s] [ 99%] [32m[1mLinking CXX shared library rosidl_generator_py/zed_interfaces/zed_interfaces_s__rosidl_typesupport_fastrtps_c.cpython-38-x86_64-linux-gnu.so[0m
[24.187s] [ 99%] [32m[1mLinking C shared library rosidl_generator_py/zed_interfaces/zed_interfaces_s__rosidl_typesupport_c.cpython-38-x86_64-linux-gnu.so[0m
[24.190s] [ 99%] Built target zed_interfaces__rosidl_typesupport_fastrtps_c__pyext
[24.224s] [100%] [32m[1mLinking C shared library rosidl_generator_py/zed_interfaces/zed_interfaces_s__rosidl_typesupport_introspection_c.cpython-38-x86_64-linux-gnu.so[0m
[24.255s] [100%] Built target zed_interfaces__rosidl_typesupport_c__pyext
[24.284s] [100%] Built target zed_interfaces__rosidl_typesupport_introspection_c__pyext
[24.300s] Invoked command in '/home/mlemsalu/ros2_ws_luke/build/zed_interfaces' returned '0': CMAKE_PREFIX_PATH=/opt/ros/foxy /usr/bin/cmake --build /home/mlemsalu/ros2_ws_luke/build/zed_interfaces -- -j12 -l12
[24.666s] Invoking command in '/home/mlemsalu/ros2_ws_luke/build/zed_interfaces': CMAKE_PREFIX_PATH=/opt/ros/foxy /usr/bin/cmake --install /home/mlemsalu/ros2_ws_luke/build/zed_interfaces
[24.677s] -- Install configuration: "Release"
[24.678s] -- Execute custom install script
[24.678s] -- Symlinking: /home/mlemsalu/ros2_ws_luke/install/zed_interfaces/share/ament_index/resource_index/rosidl_interfaces/zed_interfaces
[24.694s] -- Symlinking: /home/mlemsalu/ros2_ws_luke/install/zed_interfaces/include/zed_interfaces/msg/bounding_box2_df.h
[24.707s] -- Symlinking: /home/mlemsalu/ros2_ws_luke/install/zed_interfaces/include/zed_interfaces/msg/bounding_box2_di.h
[24.721s] -- Symlinking: /home/mlemsalu/ros2_ws_luke/install/zed_interfaces/include/zed_interfaces/msg/bounding_box3_d.h
[24.734s] -- Symlinking: /home/mlemsalu/ros2_ws_luke/install/zed_interfaces/include/zed_interfaces/msg/depth_info_stamped.h
[24.748s] -- Symlinking: /home/mlemsalu/ros2_ws_luke/install/zed_interfaces/include/zed_interfaces/msg/detail/bounding_box2_df__functions.h
[24.758s] -- Symlinking: /home/mlemsalu/ros2_ws_luke/install/zed_interfaces/include/zed_interfaces/msg/detail/bounding_box2_df__struct.h
[24.773s] -- Symlinking: /home/mlemsalu/ros2_ws_luke/install/zed_interfaces/include/zed_interfaces/msg/detail/bounding_box2_df__type_support.h
[24.787s] -- Symlinking: /home/mlemsalu/ros2_ws_luke/install/zed_interfaces/include/zed_interfaces/msg/detail/bounding_box2_di__functions.h
[24.802s] -- Symlinking: /home/mlemsalu/ros2_ws_luke/install/zed_interfaces/include/zed_interfaces/msg/detail/bounding_box2_di__struct.h
[24.817s] -- Symlinking: /home/mlemsalu/ros2_ws_luke/install/zed_interfaces/include/zed_interfaces/msg/detail/bounding_box2_di__type_support.h
[24.831s] -- Symlinking: /home/mlemsalu/ros2_ws_luke/install/zed_interfaces/include/zed_interfaces/msg/detail/bounding_box3_d__functions.h
[24.845s] -- Symlinking: /home/mlemsalu/ros2_ws_luke/install/zed_interfaces/include/zed_interfaces/msg/detail/bounding_box3_d__struct.h
[24.860s] -- Symlinking: /home/mlemsalu/ros2_ws_luke/install/zed_interfaces/include/zed_interfaces/msg/detail/bounding_box3_d__type_support.h
[24.874s] -- Symlinking: /home/mlemsalu/ros2_ws_luke/install/zed_interfaces/include/zed_interfaces/msg/detail/depth_info_stamped__functions.h
[24.889s] -- Symlinking: /home/mlemsalu/ros2_ws_luke/install/zed_interfaces/include/zed_interfaces/msg/detail/depth_info_stamped__struct.h
[24.903s] -- Symlinking: /home/mlemsalu/ros2_ws_luke/install/zed_interfaces/include/zed_interfaces/msg/detail/depth_info_stamped__type_support.h
[24.917s] -- Symlinking: /home/mlemsalu/ros2_ws_luke/install/zed_interfaces/include/zed_interfaces/msg/detail/keypoint2_df__functions.h
[24.931s] -- Symlinking: /home/mlemsalu/ros2_ws_luke/install/zed_interfaces/include/zed_interfaces/msg/detail/keypoint2_df__struct.h
[24.946s] -- Symlinking: /home/mlemsalu/ros2_ws_luke/install/zed_interfaces/include/zed_interfaces/msg/detail/keypoint2_df__type_support.h
[24.960s] -- Symlinking: /home/mlemsalu/ros2_ws_luke/install/zed_interfaces/include/zed_interfaces/msg/detail/keypoint2_di__functions.h
[24.974s] -- Symlinking: /home/mlemsalu/ros2_ws_luke/install/zed_interfaces/include/zed_interfaces/msg/detail/keypoint2_di__struct.h
[24.988s] -- Symlinking: /home/mlemsalu/ros2_ws_luke/install/zed_interfaces/include/zed_interfaces/msg/detail/keypoint2_di__type_support.h
[25.003s] -- Symlinking: /home/mlemsalu/ros2_ws_luke/install/zed_interfaces/include/zed_interfaces/msg/detail/keypoint3_d__functions.h
[25.016s] -- Symlinking: /home/mlemsalu/ros2_ws_luke/install/zed_interfaces/include/zed_interfaces/msg/detail/keypoint3_d__struct.h
[25.031s] -- Symlinking: /home/mlemsalu/ros2_ws_luke/install/zed_interfaces/include/zed_interfaces/msg/detail/keypoint3_d__type_support.h
[25.045s] -- Symlinking: /home/mlemsalu/ros2_ws_luke/install/zed_interfaces/include/zed_interfaces/msg/detail/object__functions.h
[25.059s] -- Symlinking: /home/mlemsalu/ros2_ws_luke/install/zed_interfaces/include/zed_interfaces/msg/detail/object__struct.h
[25.074s] -- Symlinking: /home/mlemsalu/ros2_ws_luke/install/zed_interfaces/include/zed_interfaces/msg/detail/object__type_support.h
[25.088s] -- Symlinking: /home/mlemsalu/ros2_ws_luke/install/zed_interfaces/include/zed_interfaces/msg/detail/objects_stamped__functions.h
[25.102s] -- Symlinking: /home/mlemsalu/ros2_ws_luke/install/zed_interfaces/include/zed_interfaces/msg/detail/objects_stamped__struct.h
[25.116s] -- Symlinking: /home/mlemsalu/ros2_ws_luke/install/zed_interfaces/include/zed_interfaces/msg/detail/objects_stamped__type_support.h
[25.130s] -- Symlinking: /home/mlemsalu/ros2_ws_luke/install/zed_interfaces/include/zed_interfaces/msg/detail/plane_stamped__functions.h
[25.144s] -- Symlinking: /home/mlemsalu/ros2_ws_luke/install/zed_interfaces/include/zed_interfaces/msg/detail/plane_stamped__struct.h
[25.158s] -- Symlinking: /home/mlemsalu/ros2_ws_luke/install/zed_interfaces/include/zed_interfaces/msg/detail/plane_stamped__type_support.h
[25.169s] -- Symlinking: /home/mlemsalu/ros2_ws_luke/install/zed_interfaces/include/zed_interfaces/msg/detail/pos_track_status__functions.h
[25.180s] -- Symlinking: /home/mlemsalu/ros2_ws_luke/install/zed_interfaces/include/zed_interfaces/msg/detail/pos_track_status__struct.h
[25.191s] -- Symlinking: /home/mlemsalu/ros2_ws_luke/install/zed_interfaces/include/zed_interfaces/msg/detail/pos_track_status__type_support.h
[25.202s] -- Symlinking: /home/mlemsalu/ros2_ws_luke/install/zed_interfaces/include/zed_interfaces/msg/detail/skeleton2_d__functions.h
[25.213s] -- Symlinking: /home/mlemsalu/ros2_ws_luke/install/zed_interfaces/include/zed_interfaces/msg/detail/skeleton2_d__struct.h
[25.227s] -- Symlinking: /home/mlemsalu/ros2_ws_luke/install/zed_interfaces/include/zed_interfaces/msg/detail/skeleton2_d__type_support.h
[25.241s] -- Symlinking: /home/mlemsalu/ros2_ws_luke/install/zed_interfaces/include/zed_interfaces/msg/detail/skeleton3_d__functions.h
[25.255s] -- Symlinking: /home/mlemsalu/ros2_ws_luke/install/zed_interfaces/include/zed_interfaces/msg/detail/skeleton3_d__struct.h
[25.269s] -- Symlinking: /home/mlemsalu/ros2_ws_luke/install/zed_interfaces/include/zed_interfaces/msg/detail/skeleton3_d__type_support.h
[25.283s] -- Symlinking: /home/mlemsalu/ros2_ws_luke/install/zed_interfaces/include/zed_interfaces/msg/keypoint2_df.h
[25.296s] -- Symlinking: /home/mlemsalu/ros2_ws_luke/install/zed_interfaces/include/zed_interfaces/msg/keypoint2_di.h
[25.311s] -- Symlinking: /home/mlemsalu/ros2_ws_luke/install/zed_interfaces/include/zed_interfaces/msg/keypoint3_d.h
[25.325s] -- Symlinking: /home/mlemsalu/ros2_ws_luke/install/zed_interfaces/include/zed_interfaces/msg/object.h
[25.339s] -- Symlinking: /home/mlemsalu/ros2_ws_luke/install/zed_interfaces/include/zed_interfaces/msg/objects_stamped.h
[25.353s] -- Symlinking: /home/mlemsalu/ros2_ws_luke/install/zed_interfaces/include/zed_interfaces/msg/plane_stamped.h
[25.367s] -- Symlinking: /home/mlemsalu/ros2_ws_luke/install/zed_interfaces/include/zed_interfaces/msg/pos_track_status.h
[25.381s] -- Symlinking: /home/mlemsalu/ros2_ws_luke/install/zed_interfaces/include/zed_interfaces/msg/rosidl_generator_c__visibility_control.h
[25.395s] -- Symlinking: /home/mlemsalu/ros2_ws_luke/install/zed_interfaces/include/zed_interfaces/msg/skeleton2_d.h
[25.409s] -- Symlinking: /home/mlemsalu/ros2_ws_luke/install/zed_interfaces/include/zed_interfaces/msg/skeleton3_d.h
[25.423s] -- Symlinking: /home/mlemsalu/ros2_ws_luke/install/zed_interfaces/include/zed_interfaces/srv/detail/set_pose__functions.h
[25.437s] -- Symlinking: /home/mlemsalu/ros2_ws_luke/install/zed_interfaces/include/zed_interfaces/srv/detail/set_pose__struct.h
[25.451s] -- Symlinking: /home/mlemsalu/ros2_ws_luke/install/zed_interfaces/include/zed_interfaces/srv/detail/set_pose__type_support.h
[25.465s] -- Symlinking: /home/mlemsalu/ros2_ws_luke/install/zed_interfaces/include/zed_interfaces/srv/detail/set_roi__functions.h
[25.479s] -- Symlinking: /home/mlemsalu/ros2_ws_luke/install/zed_interfaces/include/zed_interfaces/srv/detail/set_roi__struct.h
[25.493s] -- Symlinking: /home/mlemsalu/ros2_ws_luke/install/zed_interfaces/include/zed_interfaces/srv/detail/set_roi__type_support.h
[25.507s] -- Symlinking: /home/mlemsalu/ros2_ws_luke/install/zed_interfaces/include/zed_interfaces/srv/detail/start_svo_rec__functions.h
[25.521s] -- Symlinking: /home/mlemsalu/ros2_ws_luke/install/zed_interfaces/include/zed_interfaces/srv/detail/start_svo_rec__struct.h
[25.535s] -- Symlinking: /home/mlemsalu/ros2_ws_luke/install/zed_interfaces/include/zed_interfaces/srv/detail/start_svo_rec__type_support.h
[25.549s] -- Symlinking: /home/mlemsalu/ros2_ws_luke/install/zed_interfaces/include/zed_interfaces/srv/set_pose.h
[25.563s] -- Symlinking: /home/mlemsalu/ros2_ws_luke/install/zed_interfaces/include/zed_interfaces/srv/set_roi.h
[25.577s] -- Symlinking: /home/mlemsalu/ros2_ws_luke/install/zed_interfaces/include/zed_interfaces/srv/start_svo_rec.h
[25.591s] -- Symlinking: /home/mlemsalu/ros2_ws_luke/install/zed_interfaces/share/zed_interfaces/environment/library_path.sh
[25.602s] -- Symlinking: /home/mlemsalu/ros2_ws_luke/install/zed_interfaces/share/zed_interfaces/environment/library_path.dsv
[25.614s] -- Symlinking: /home/mlemsalu/ros2_ws_luke/install/zed_interfaces/include/zed_interfaces/msg/detail/bounding_box2_df__rosidl_typesupport_fastrtps_c.h
[25.625s] -- Symlinking: /home/mlemsalu/ros2_ws_luke/install/zed_interfaces/include/zed_interfaces/msg/detail/bounding_box2_di__rosidl_typesupport_fastrtps_c.h
[25.639s] -- Symlinking: /home/mlemsalu/ros2_ws_luke/install/zed_interfaces/include/zed_interfaces/msg/detail/bounding_box3_d__rosidl_typesupport_fastrtps_c.h
[25.650s] -- Symlinking: /home/mlemsalu/ros2_ws_luke/install/zed_interfaces/include/zed_interfaces/msg/detail/depth_info_stamped__rosidl_typesupport_fastrtps_c.h
[25.660s] -- Symlinking: /home/mlemsalu/ros2_ws_luke/install/zed_interfaces/include/zed_interfaces/msg/detail/keypoint2_df__rosidl_typesupport_fastrtps_c.h
[25.674s] -- Symlinking: /home/mlemsalu/ros2_ws_luke/install/zed_interfaces/include/zed_interfaces/msg/detail/keypoint2_di__rosidl_typesupport_fastrtps_c.h
[25.686s] -- Symlinking: /home/mlemsalu/ros2_ws_luke/install/zed_interfaces/include/zed_interfaces/msg/detail/keypoint3_d__rosidl_typesupport_fastrtps_c.h
[25.700s] -- Symlinking: /home/mlemsalu/ros2_ws_luke/install/zed_interfaces/include/zed_interfaces/msg/detail/object__rosidl_typesupport_fastrtps_c.h
[25.714s] -- Symlinking: /home/mlemsalu/ros2_ws_luke/install/zed_interfaces/include/zed_interfaces/msg/detail/objects_stamped__rosidl_typesupport_fastrtps_c.h
[25.728s] -- Symlinking: /home/mlemsalu/ros2_ws_luke/install/zed_interfaces/include/zed_interfaces/msg/detail/plane_stamped__rosidl_typesupport_fastrtps_c.h
[25.742s] -- Symlinking: /home/mlemsalu/ros2_ws_luke/install/zed_interfaces/include/zed_interfaces/msg/detail/pos_track_status__rosidl_typesupport_fastrtps_c.h
[25.755s] -- Symlinking: /home/mlemsalu/ros2_ws_luke/install/zed_interfaces/include/zed_interfaces/msg/detail/skeleton2_d__rosidl_typesupport_fastrtps_c.h
[25.769s] -- Symlinking: /home/mlemsalu/ros2_ws_luke/install/zed_interfaces/include/zed_interfaces/msg/detail/skeleton3_d__rosidl_typesupport_fastrtps_c.h
[25.782s] -- Symlinking: /home/mlemsalu/ros2_ws_luke/install/zed_interfaces/include/zed_interfaces/msg/rosidl_typesupport_fastrtps_c__visibility_control.h
[25.795s] -- Symlinking: /home/mlemsalu/ros2_ws_luke/install/zed_interfaces/include/zed_interfaces/srv/detail/set_pose__rosidl_typesupport_fastrtps_c.h
[25.805s] -- Symlinking: /home/mlemsalu/ros2_ws_luke/install/zed_interfaces/include/zed_interfaces/srv/detail/set_roi__rosidl_typesupport_fastrtps_c.h
[25.816s] -- Symlinking: /home/mlemsalu/ros2_ws_luke/install/zed_interfaces/include/zed_interfaces/srv/detail/start_svo_rec__rosidl_typesupport_fastrtps_c.h
[25.830s] -- Symlinking: /home/mlemsalu/ros2_ws_luke/install/zed_interfaces/lib/libzed_interfaces__rosidl_typesupport_fastrtps_c.so
[25.842s] -- Symlinking: /home/mlemsalu/ros2_ws_luke/install/zed_interfaces/include/zed_interfaces/msg/detail/bounding_box2_df__rosidl_typesupport_fastrtps_cpp.hpp
[25.852s] -- Symlinking: /home/mlemsalu/ros2_ws_luke/install/zed_interfaces/include/zed_interfaces/msg/detail/bounding_box2_di__rosidl_typesupport_fastrtps_cpp.hpp
[25.862s] -- Symlinking: /home/mlemsalu/ros2_ws_luke/install/zed_interfaces/include/zed_interfaces/msg/detail/bounding_box3_d__rosidl_typesupport_fastrtps_cpp.hpp
[25.872s] -- Symlinking: /home/mlemsalu/ros2_ws_luke/install/zed_interfaces/include/zed_interfaces/msg/detail/depth_info_stamped__rosidl_typesupport_fastrtps_cpp.hpp
[25.882s] -- Symlinking: /home/mlemsalu/ros2_ws_luke/install/zed_interfaces/include/zed_interfaces/msg/detail/keypoint2_df__rosidl_typesupport_fastrtps_cpp.hpp
[25.892s] -- Symlinking: /home/mlemsalu/ros2_ws_luke/install/zed_interfaces/include/zed_interfaces/msg/detail/keypoint2_di__rosidl_typesupport_fastrtps_cpp.hpp
[25.902s] -- Symlinking: /home/mlemsalu/ros2_ws_luke/install/zed_interfaces/include/zed_interfaces/msg/detail/keypoint3_d__rosidl_typesupport_fastrtps_cpp.hpp
[25.913s] -- Symlinking: /home/mlemsalu/ros2_ws_luke/install/zed_interfaces/include/zed_interfaces/msg/detail/object__rosidl_typesupport_fastrtps_cpp.hpp
[25.923s] -- Symlinking: /home/mlemsalu/ros2_ws_luke/install/zed_interfaces/include/zed_interfaces/msg/detail/objects_stamped__rosidl_typesupport_fastrtps_cpp.hpp
[25.933s] -- Symlinking: /home/mlemsalu/ros2_ws_luke/install/zed_interfaces/include/zed_interfaces/msg/detail/plane_stamped__rosidl_typesupport_fastrtps_cpp.hpp
[25.943s] -- Symlinking: /home/mlemsalu/ros2_ws_luke/install/zed_interfaces/include/zed_interfaces/msg/detail/pos_track_status__rosidl_typesupport_fastrtps_cpp.hpp
[25.954s] -- Symlinking: /home/mlemsalu/ros2_ws_luke/install/zed_interfaces/include/zed_interfaces/msg/detail/skeleton2_d__rosidl_typesupport_fastrtps_cpp.hpp
[25.964s] -- Symlinking: /home/mlemsalu/ros2_ws_luke/install/zed_interfaces/include/zed_interfaces/msg/detail/skeleton3_d__rosidl_typesupport_fastrtps_cpp.hpp
[25.974s] -- Symlinking: /home/mlemsalu/ros2_ws_luke/install/zed_interfaces/include/zed_interfaces/msg/rosidl_typesupport_fastrtps_cpp__visibility_control.h
[25.984s] -- Symlinking: /home/mlemsalu/ros2_ws_luke/install/zed_interfaces/include/zed_interfaces/srv/detail/set_pose__rosidl_typesupport_fastrtps_cpp.hpp
[25.994s] -- Symlinking: /home/mlemsalu/ros2_ws_luke/install/zed_interfaces/include/zed_interfaces/srv/detail/set_roi__rosidl_typesupport_fastrtps_cpp.hpp
[26.004s] -- Symlinking: /home/mlemsalu/ros2_ws_luke/install/zed_interfaces/include/zed_interfaces/srv/detail/start_svo_rec__rosidl_typesupport_fastrtps_cpp.hpp
[26.015s] -- Symlinking: /home/mlemsalu/ros2_ws_luke/install/zed_interfaces/lib/libzed_interfaces__rosidl_typesupport_fastrtps_cpp.so
[26.026s] -- Symlinking: /home/mlemsalu/ros2_ws_luke/install/zed_interfaces/include/zed_interfaces/msg/detail/bounding_box2_df__rosidl_typesupport_introspection_c.h
[26.035s] -- Symlinking: /home/mlemsalu/ros2_ws_luke/install/zed_interfaces/include/zed_interfaces/msg/detail/bounding_box2_di__rosidl_typesupport_introspection_c.h
[26.045s] -- Symlinking: /home/mlemsalu/ros2_ws_luke/install/zed_interfaces/include/zed_interfaces/msg/detail/bounding_box3_d__rosidl_typesupport_introspection_c.h
[26.056s] -- Symlinking: /home/mlemsalu/ros2_ws_luke/install/zed_interfaces/include/zed_interfaces/msg/detail/depth_info_stamped__rosidl_typesupport_introspection_c.h
[26.066s] -- Symlinking: /home/mlemsalu/ros2_ws_luke/install/zed_interfaces/include/zed_interfaces/msg/detail/keypoint2_df__rosidl_typesupport_introspection_c.h
[26.076s] -- Symlinking: /home/mlemsalu/ros2_ws_luke/install/zed_interfaces/include/zed_interfaces/msg/detail/keypoint2_di__rosidl_typesupport_introspection_c.h
[26.086s] -- Symlinking: /home/mlemsalu/ros2_ws_luke/install/zed_interfaces/include/zed_interfaces/msg/detail/keypoint3_d__rosidl_typesupport_introspection_c.h
[26.096s] -- Symlinking: /home/mlemsalu/ros2_ws_luke/install/zed_interfaces/include/zed_interfaces/msg/detail/object__rosidl_typesupport_introspection_c.h
[26.106s] -- Symlinking: /home/mlemsalu/ros2_ws_luke/install/zed_interfaces/include/zed_interfaces/msg/detail/objects_stamped__rosidl_typesupport_introspection_c.h
[26.116s] -- Symlinking: /home/mlemsalu/ros2_ws_luke/install/zed_interfaces/include/zed_interfaces/msg/detail/plane_stamped__rosidl_typesupport_introspection_c.h
[26.126s] -- Symlinking: /home/mlemsalu/ros2_ws_luke/install/zed_interfaces/include/zed_interfaces/msg/detail/pos_track_status__rosidl_typesupport_introspection_c.h
[26.136s] -- Symlinking: /home/mlemsalu/ros2_ws_luke/install/zed_interfaces/include/zed_interfaces/msg/detail/skeleton2_d__rosidl_typesupport_introspection_c.h
[26.147s] -- Symlinking: /home/mlemsalu/ros2_ws_luke/install/zed_interfaces/include/zed_interfaces/msg/detail/skeleton3_d__rosidl_typesupport_introspection_c.h
[26.157s] -- Symlinking: /home/mlemsalu/ros2_ws_luke/install/zed_interfaces/include/zed_interfaces/msg/rosidl_typesupport_introspection_c__visibility_control.h
[26.167s] -- Symlinking: /home/mlemsalu/ros2_ws_luke/install/zed_interfaces/include/zed_interfaces/srv/detail/set_pose__rosidl_typesupport_introspection_c.h
[26.177s] -- Symlinking: /home/mlemsalu/ros2_ws_luke/install/zed_interfaces/include/zed_interfaces/srv/detail/set_roi__rosidl_typesupport_introspection_c.h
[26.191s] -- Symlinking: /home/mlemsalu/ros2_ws_luke/install/zed_interfaces/include/zed_interfaces/srv/detail/start_svo_rec__rosidl_typesupport_introspection_c.h
[26.203s] -- Symlinking: /home/mlemsalu/ros2_ws_luke/install/zed_interfaces/include/zed_interfaces/msg/bounding_box2_df.hpp
[26.213s] -- Symlinking: /home/mlemsalu/ros2_ws_luke/install/zed_interfaces/include/zed_interfaces/msg/bounding_box2_di.hpp
[26.223s] -- Symlinking: /home/mlemsalu/ros2_ws_luke/install/zed_interfaces/include/zed_interfaces/msg/bounding_box3_d.hpp
[26.237s] -- Symlinking: /home/mlemsalu/ros2_ws_luke/install/zed_interfaces/include/zed_interfaces/msg/depth_info_stamped.hpp
[26.248s] -- Symlinking: /home/mlemsalu/ros2_ws_luke/install/zed_interfaces/include/zed_interfaces/msg/detail/bounding_box2_df__builder.hpp
[26.258s] -- Symlinking: /home/mlemsalu/ros2_ws_luke/install/zed_interfaces/include/zed_interfaces/msg/detail/bounding_box2_df__struct.hpp
[26.267s] -- Symlinking: /home/mlemsalu/ros2_ws_luke/install/zed_interfaces/include/zed_interfaces/msg/detail/bounding_box2_df__traits.hpp
[26.281s] -- Symlinking: /home/mlemsalu/ros2_ws_luke/install/zed_interfaces/include/zed_interfaces/msg/detail/bounding_box2_di__builder.hpp
[26.291s] -- Symlinking: /home/mlemsalu/ros2_ws_luke/install/zed_interfaces/include/zed_interfaces/msg/detail/bounding_box2_di__struct.hpp
[26.301s] -- Symlinking: /home/mlemsalu/ros2_ws_luke/install/zed_interfaces/include/zed_interfaces/msg/detail/bounding_box2_di__traits.hpp
[26.311s] -- Symlinking: /home/mlemsalu/ros2_ws_luke/install/zed_interfaces/include/zed_interfaces/msg/detail/bounding_box3_d__builder.hpp
[26.321s] -- Symlinking: /home/mlemsalu/ros2_ws_luke/install/zed_interfaces/include/zed_interfaces/msg/detail/bounding_box3_d__struct.hpp
[26.331s] -- Symlinking: /home/mlemsalu/ros2_ws_luke/install/zed_interfaces/include/zed_interfaces/msg/detail/bounding_box3_d__traits.hpp
[26.341s] -- Symlinking: /home/mlemsalu/ros2_ws_luke/install/zed_interfaces/include/zed_interfaces/msg/detail/depth_info_stamped__builder.hpp
[26.351s] -- Symlinking: /home/mlemsalu/ros2_ws_luke/install/zed_interfaces/include/zed_interfaces/msg/detail/depth_info_stamped__struct.hpp
[26.361s] -- Symlinking: /home/mlemsalu/ros2_ws_luke/install/zed_interfaces/include/zed_interfaces/msg/detail/depth_info_stamped__traits.hpp
[26.371s] -- Symlinking: /home/mlemsalu/ros2_ws_luke/install/zed_interfaces/include/zed_interfaces/msg/detail/keypoint2_df__builder.hpp
[26.382s] -- Symlinking: /home/mlemsalu/ros2_ws_luke/install/zed_interfaces/include/zed_interfaces/msg/detail/keypoint2_df__struct.hpp
[26.392s] -- Symlinking: /home/mlemsalu/ros2_ws_luke/install/zed_interfaces/include/zed_interfaces/msg/detail/keypoint2_df__traits.hpp
[26.402s] -- Symlinking: /home/mlemsalu/ros2_ws_luke/install/zed_interfaces/include/zed_interfaces/msg/detail/keypoint2_di__builder.hpp
[26.418s] -- Symlinking: /home/mlemsalu/ros2_ws_luke/install/zed_interfaces/include/zed_interfaces/msg/detail/keypoint2_di__struct.hpp
[26.430s] -- Symlinking: /home/mlemsalu/ros2_ws_luke/install/zed_interfaces/include/zed_interfaces/msg/detail/keypoint2_di__traits.hpp
[26.444s] -- Symlinking: /home/mlemsalu/ros2_ws_luke/install/zed_interfaces/include/zed_interfaces/msg/detail/keypoint3_d__builder.hpp
[26.458s] -- Symlinking: /home/mlemsalu/ros2_ws_luke/install/zed_interfaces/include/zed_interfaces/msg/detail/keypoint3_d__struct.hpp
[26.471s] -- Symlinking: /home/mlemsalu/ros2_ws_luke/install/zed_interfaces/include/zed_interfaces/msg/detail/keypoint3_d__traits.hpp
[26.485s] -- Symlinking: /home/mlemsalu/ros2_ws_luke/install/zed_interfaces/include/zed_interfaces/msg/detail/object__builder.hpp
[26.498s] -- Symlinking: /home/mlemsalu/ros2_ws_luke/install/zed_interfaces/include/zed_interfaces/msg/detail/object__struct.hpp
[26.513s] -- Symlinking: /home/mlemsalu/ros2_ws_luke/install/zed_interfaces/include/zed_interfaces/msg/detail/object__traits.hpp
[26.528s] -- Symlinking: /home/mlemsalu/ros2_ws_luke/install/zed_interfaces/include/zed_interfaces/msg/detail/objects_stamped__builder.hpp
[26.542s] -- Symlinking: /home/mlemsalu/ros2_ws_luke/install/zed_interfaces/include/zed_interfaces/msg/detail/objects_stamped__struct.hpp
[26.558s] -- Symlinking: /home/mlemsalu/ros2_ws_luke/install/zed_interfaces/include/zed_interfaces/msg/detail/objects_stamped__traits.hpp
[26.573s] -- Symlinking: /home/mlemsalu/ros2_ws_luke/install/zed_interfaces/include/zed_interfaces/msg/detail/plane_stamped__builder.hpp
[26.588s] -- Symlinking: /home/mlemsalu/ros2_ws_luke/install/zed_interfaces/include/zed_interfaces/msg/detail/plane_stamped__struct.hpp
[26.603s] -- Symlinking: /home/mlemsalu/ros2_ws_luke/install/zed_interfaces/include/zed_interfaces/msg/detail/plane_stamped__traits.hpp
[26.619s] -- Symlinking: /home/mlemsalu/ros2_ws_luke/install/zed_interfaces/include/zed_interfaces/msg/detail/pos_track_status__builder.hpp
[26.635s] -- Symlinking: /home/mlemsalu/ros2_ws_luke/install/zed_interfaces/include/zed_interfaces/msg/detail/pos_track_status__struct.hpp
[26.651s] -- Symlinking: /home/mlemsalu/ros2_ws_luke/install/zed_interfaces/include/zed_interfaces/msg/detail/pos_track_status__traits.hpp
[26.667s] -- Symlinking: /home/mlemsalu/ros2_ws_luke/install/zed_interfaces/include/zed_interfaces/msg/detail/skeleton2_d__builder.hpp
[26.683s] -- Symlinking: /home/mlemsalu/ros2_ws_luke/install/zed_interfaces/include/zed_interfaces/msg/detail/skeleton2_d__struct.hpp
[26.699s] -- Symlinking: /home/mlemsalu/ros2_ws_luke/install/zed_interfaces/include/zed_interfaces/msg/detail/skeleton2_d__traits.hpp
[26.715s] -- Symlinking: /home/mlemsalu/ros2_ws_luke/install/zed_interfaces/include/zed_interfaces/msg/detail/skeleton3_d__builder.hpp
[26.732s] -- Symlinking: /home/mlemsalu/ros2_ws_luke/install/zed_interfaces/include/zed_interfaces/msg/detail/skeleton3_d__struct.hpp
[26.748s] -- Symlinking: /home/mlemsalu/ros2_ws_luke/install/zed_interfaces/include/zed_interfaces/msg/detail/skeleton3_d__traits.hpp
[26.764s] -- Symlinking: /home/mlemsalu/ros2_ws_luke/install/zed_interfaces/include/zed_interfaces/msg/keypoint2_df.hpp
[26.783s] -- Symlinking: /home/mlemsalu/ros2_ws_luke/install/zed_interfaces/include/zed_interfaces/msg/keypoint2_di.hpp
[26.799s] -- Symlinking: /home/mlemsalu/ros2_ws_luke/install/zed_interfaces/include/zed_interfaces/msg/keypoint3_d.hpp
[26.815s] -- Symlinking: /home/mlemsalu/ros2_ws_luke/install/zed_interfaces/include/zed_interfaces/msg/object.hpp
[26.831s] -- Symlinking: /home/mlemsalu/ros2_ws_luke/install/zed_interfaces/include/zed_interfaces/msg/objects_stamped.hpp
[26.847s] -- Symlinking: /home/mlemsalu/ros2_ws_luke/install/zed_interfaces/include/zed_interfaces/msg/plane_stamped.hpp
[26.862s] -- Symlinking: /home/mlemsalu/ros2_ws_luke/install/zed_interfaces/include/zed_interfaces/msg/pos_track_status.hpp
[26.877s] -- Symlinking: /home/mlemsalu/ros2_ws_luke/install/zed_interfaces/include/zed_interfaces/msg/skeleton2_d.hpp
[26.893s] -- Symlinking: /home/mlemsalu/ros2_ws_luke/install/zed_interfaces/include/zed_interfaces/msg/skeleton3_d.hpp
[26.909s] -- Symlinking: /home/mlemsalu/ros2_ws_luke/install/zed_interfaces/include/zed_interfaces/srv/detail/set_pose__builder.hpp
[26.926s] -- Symlinking: /home/mlemsalu/ros2_ws_luke/install/zed_interfaces/include/zed_interfaces/srv/detail/set_pose__struct.hpp
[26.943s] -- Symlinking: /home/mlemsalu/ros2_ws_luke/install/zed_interfaces/include/zed_interfaces/srv/detail/set_pose__traits.hpp
[26.959s] -- Symlinking: /home/mlemsalu/ros2_ws_luke/install/zed_interfaces/include/zed_interfaces/srv/detail/set_roi__builder.hpp
[26.975s] -- Symlinking: /home/mlemsalu/ros2_ws_luke/install/zed_interfaces/include/zed_interfaces/srv/detail/set_roi__struct.hpp
[26.990s] -- Symlinking: /home/mlemsalu/ros2_ws_luke/install/zed_interfaces/include/zed_interfaces/srv/detail/set_roi__traits.hpp
[27.005s] -- Symlinking: /home/mlemsalu/ros2_ws_luke/install/zed_interfaces/include/zed_interfaces/srv/detail/start_svo_rec__builder.hpp
[27.021s] -- Symlinking: /home/mlemsalu/ros2_ws_luke/install/zed_interfaces/include/zed_interfaces/srv/detail/start_svo_rec__struct.hpp
[27.037s] -- Symlinking: /home/mlemsalu/ros2_ws_luke/install/zed_interfaces/include/zed_interfaces/srv/detail/start_svo_rec__traits.hpp
[27.053s] -- Symlinking: /home/mlemsalu/ros2_ws_luke/install/zed_interfaces/include/zed_interfaces/srv/set_pose.hpp
[27.069s] -- Symlinking: /home/mlemsalu/ros2_ws_luke/install/zed_interfaces/include/zed_interfaces/srv/set_roi.hpp
[27.086s] -- Symlinking: /home/mlemsalu/ros2_ws_luke/install/zed_interfaces/include/zed_interfaces/srv/start_svo_rec.hpp
[27.103s] -- Symlinking: /home/mlemsalu/ros2_ws_luke/install/zed_interfaces/include/zed_interfaces/msg/detail/bounding_box2_df__rosidl_typesupport_introspection_cpp.hpp
[27.120s] -- Symlinking: /home/mlemsalu/ros2_ws_luke/install/zed_interfaces/include/zed_interfaces/msg/detail/bounding_box2_di__rosidl_typesupport_introspection_cpp.hpp
[27.136s] -- Symlinking: /home/mlemsalu/ros2_ws_luke/install/zed_interfaces/include/zed_interfaces/msg/detail/bounding_box3_d__rosidl_typesupport_introspection_cpp.hpp
[27.152s] -- Symlinking: /home/mlemsalu/ros2_ws_luke/install/zed_interfaces/include/zed_interfaces/msg/detail/depth_info_stamped__rosidl_typesupport_introspection_cpp.hpp
[27.167s] -- Symlinking: /home/mlemsalu/ros2_ws_luke/install/zed_interfaces/include/zed_interfaces/msg/detail/keypoint2_df__rosidl_typesupport_introspection_cpp.hpp
[27.183s] -- Symlinking: /home/mlemsalu/ros2_ws_luke/install/zed_interfaces/include/zed_interfaces/msg/detail/keypoint2_di__rosidl_typesupport_introspection_cpp.hpp
[27.199s] -- Symlinking: /home/mlemsalu/ros2_ws_luke/install/zed_interfaces/include/zed_interfaces/msg/detail/keypoint3_d__rosidl_typesupport_introspection_cpp.hpp
[27.215s] -- Symlinking: /home/mlemsalu/ros2_ws_luke/install/zed_interfaces/include/zed_interfaces/msg/detail/object__rosidl_typesupport_introspection_cpp.hpp
[27.232s] -- Symlinking: /home/mlemsalu/ros2_ws_luke/install/zed_interfaces/include/zed_interfaces/msg/detail/objects_stamped__rosidl_typesupport_introspection_cpp.hpp
[27.249s] -- Symlinking: /home/mlemsalu/ros2_ws_luke/install/zed_interfaces/include/zed_interfaces/msg/detail/plane_stamped__rosidl_typesupport_introspection_cpp.hpp
[27.265s] -- Symlinking: /home/mlemsalu/ros2_ws_luke/install/zed_interfaces/include/zed_interfaces/msg/detail/pos_track_status__rosidl_typesupport_introspection_cpp.hpp
[27.281s] -- Symlinking: /home/mlemsalu/ros2_ws_luke/install/zed_interfaces/include/zed_interfaces/msg/detail/skeleton2_d__rosidl_typesupport_introspection_cpp.hpp
[27.297s] -- Symlinking: /home/mlemsalu/ros2_ws_luke/install/zed_interfaces/include/zed_interfaces/msg/detail/skeleton3_d__rosidl_typesupport_introspection_cpp.hpp
[27.312s] -- Symlinking: /home/mlemsalu/ros2_ws_luke/install/zed_interfaces/include/zed_interfaces/srv/detail/set_pose__rosidl_typesupport_introspection_cpp.hpp
[27.329s] -- Symlinking: /home/mlemsalu/ros2_ws_luke/install/zed_interfaces/include/zed_interfaces/srv/detail/set_roi__rosidl_typesupport_introspection_cpp.hpp
[27.345s] -- Symlinking: /home/mlemsalu/ros2_ws_luke/install/zed_interfaces/include/zed_interfaces/srv/detail/start_svo_rec__rosidl_typesupport_introspection_cpp.hpp
[27.361s] -- Symlinking: /home/mlemsalu/ros2_ws_luke/install/zed_interfaces/share/zed_interfaces/environment/pythonpath.sh
[27.377s] -- Symlinking: /home/mlemsalu/ros2_ws_luke/install/zed_interfaces/share/zed_interfaces/environment/pythonpath.dsv
[27.393s] -- Symlinking: /home/mlemsalu/ros2_ws_luke/install/zed_interfaces/lib/python3.8/site-packages/zed_interfaces/__init__.py
[27.410s] -- Symlinking: /home/mlemsalu/ros2_ws_luke/install/zed_interfaces/lib/python3.8/site-packages/zed_interfaces/msg/__init__.py
[27.427s] -- Symlinking: /home/mlemsalu/ros2_ws_luke/install/zed_interfaces/lib/python3.8/site-packages/zed_interfaces/msg/_bounding_box2_df.py
[27.443s] -- Symlinking: /home/mlemsalu/ros2_ws_luke/install/zed_interfaces/lib/python3.8/site-packages/zed_interfaces/msg/_bounding_box2_di.py
[27.460s] -- Symlinking: /home/mlemsalu/ros2_ws_luke/install/zed_interfaces/lib/python3.8/site-packages/zed_interfaces/msg/_bounding_box3_d.py
[27.476s] -- Symlinking: /home/mlemsalu/ros2_ws_luke/install/zed_interfaces/lib/python3.8/site-packages/zed_interfaces/msg/_depth_info_stamped.py
[27.492s] -- Symlinking: /home/mlemsalu/ros2_ws_luke/install/zed_interfaces/lib/python3.8/site-packages/zed_interfaces/msg/_keypoint2_df.py
[27.507s] -- Symlinking: /home/mlemsalu/ros2_ws_luke/install/zed_interfaces/lib/python3.8/site-packages/zed_interfaces/msg/_keypoint2_di.py
[27.523s] -- Symlinking: /home/mlemsalu/ros2_ws_luke/install/zed_interfaces/lib/python3.8/site-packages/zed_interfaces/msg/_keypoint3_d.py
[27.539s] -- Symlinking: /home/mlemsalu/ros2_ws_luke/install/zed_interfaces/lib/python3.8/site-packages/zed_interfaces/msg/_object.py
[27.554s] -- Symlinking: /home/mlemsalu/ros2_ws_luke/install/zed_interfaces/lib/python3.8/site-packages/zed_interfaces/msg/_objects_stamped.py
[27.569s] -- Symlinking: /home/mlemsalu/ros2_ws_luke/install/zed_interfaces/lib/python3.8/site-packages/zed_interfaces/msg/_plane_stamped.py
[27.585s] -- Symlinking: /home/mlemsalu/ros2_ws_luke/install/zed_interfaces/lib/python3.8/site-packages/zed_interfaces/msg/_pos_track_status.py
[27.600s] -- Symlinking: /home/mlemsalu/ros2_ws_luke/install/zed_interfaces/lib/python3.8/site-packages/zed_interfaces/msg/_skeleton2_d.py
[27.616s] -- Symlinking: /home/mlemsalu/ros2_ws_luke/install/zed_interfaces/lib/python3.8/site-packages/zed_interfaces/msg/_skeleton3_d.py
[27.633s] -- Symlinking: /home/mlemsalu/ros2_ws_luke/install/zed_interfaces/lib/python3.8/site-packages/zed_interfaces/srv/__init__.py
[27.649s] -- Symlinking: /home/mlemsalu/ros2_ws_luke/install/zed_interfaces/lib/python3.8/site-packages/zed_interfaces/srv/_set_pose.py
[27.665s] -- Symlinking: /home/mlemsalu/ros2_ws_luke/install/zed_interfaces/lib/python3.8/site-packages/zed_interfaces/srv/_set_roi.py
[27.681s] -- Symlinking: /home/mlemsalu/ros2_ws_luke/install/zed_interfaces/lib/python3.8/site-packages/zed_interfaces/srv/_start_svo_rec.py
[27.697s] -- Symlinking: /home/mlemsalu/ros2_ws_luke/install/zed_interfaces/lib/python3.8/site-packages/zed_interfaces/zed_interfaces_s__rosidl_typesupport_fastrtps_c.cpython-38-x86_64-linux-gnu.so
[27.714s] -- Symlinking: /home/mlemsalu/ros2_ws_luke/install/zed_interfaces/lib/python3.8/site-packages/zed_interfaces/zed_interfaces_s__rosidl_typesupport_introspection_c.cpython-38-x86_64-linux-gnu.so
[27.731s] -- Symlinking: /home/mlemsalu/ros2_ws_luke/install/zed_interfaces/lib/python3.8/site-packages/zed_interfaces/zed_interfaces_s__rosidl_typesupport_c.cpython-38-x86_64-linux-gnu.so
[27.747s] -- Symlinking: /home/mlemsalu/ros2_ws_luke/install/zed_interfaces/lib/libzed_interfaces__python.so
[27.762s] -- Symlinking: /home/mlemsalu/ros2_ws_luke/install/zed_interfaces/share/zed_interfaces/msg/Object.idl
[27.777s] -- Symlinking: /home/mlemsalu/ros2_ws_luke/install/zed_interfaces/share/zed_interfaces/msg/ObjectsStamped.idl
[27.793s] -- Symlinking: /home/mlemsalu/ros2_ws_luke/install/zed_interfaces/share/zed_interfaces/msg/Keypoint2Di.idl
[27.810s] -- Symlinking: /home/mlemsalu/ros2_ws_luke/install/zed_interfaces/share/zed_interfaces/msg/Keypoint2Df.idl
[27.826s] -- Symlinking: /home/mlemsalu/ros2_ws_luke/install/zed_interfaces/share/zed_interfaces/msg/Keypoint3D.idl
[27.842s] -- Symlinking: /home/mlemsalu/ros2_ws_luke/install/zed_interfaces/share/zed_interfaces/msg/BoundingBox2Di.idl
[27.859s] -- Symlinking: /home/mlemsalu/ros2_ws_luke/install/zed_interfaces/share/zed_interfaces/msg/BoundingBox2Df.idl
[27.875s] -- Symlinking: /home/mlemsalu/ros2_ws_luke/install/zed_interfaces/share/zed_interfaces/msg/BoundingBox3D.idl
[27.891s] -- Symlinking: /home/mlemsalu/ros2_ws_luke/install/zed_interfaces/share/zed_interfaces/msg/Skeleton2D.idl
[27.907s] -- Symlinking: /home/mlemsalu/ros2_ws_luke/install/zed_interfaces/share/zed_interfaces/msg/Skeleton3D.idl
[27.922s] -- Symlinking: /home/mlemsalu/ros2_ws_luke/install/zed_interfaces/share/zed_interfaces/msg/DepthInfoStamped.idl
[27.938s] -- Symlinking: /home/mlemsalu/ros2_ws_luke/install/zed_interfaces/share/zed_interfaces/msg/PlaneStamped.idl
[27.953s] -- Symlinking: /home/mlemsalu/ros2_ws_luke/install/zed_interfaces/share/zed_interfaces/msg/PosTrackStatus.idl
[27.968s] -- Symlinking: /home/mlemsalu/ros2_ws_luke/install/zed_interfaces/share/zed_interfaces/srv/SetPose.idl
[27.984s] -- Symlinking: /home/mlemsalu/ros2_ws_luke/install/zed_interfaces/share/zed_interfaces/srv/StartSvoRec.idl
[27.999s] -- Symlinking: /home/mlemsalu/ros2_ws_luke/install/zed_interfaces/share/zed_interfaces/srv/SetROI.idl
[28.014s] -- Symlinking: /home/mlemsalu/ros2_ws_luke/install/zed_interfaces/share/zed_interfaces/msg/Object.msg
[28.030s] -- Symlinking: /home/mlemsalu/ros2_ws_luke/install/zed_interfaces/share/zed_interfaces/msg/ObjectsStamped.msg
[28.046s] -- Symlinking: /home/mlemsalu/ros2_ws_luke/install/zed_interfaces/share/zed_interfaces/msg/Keypoint2Di.msg
[28.062s] -- Symlinking: /home/mlemsalu/ros2_ws_luke/install/zed_interfaces/share/zed_interfaces/msg/Keypoint2Df.msg
[28.077s] -- Symlinking: /home/mlemsalu/ros2_ws_luke/install/zed_interfaces/share/zed_interfaces/msg/Keypoint3D.msg
[28.093s] -- Symlinking: /home/mlemsalu/ros2_ws_luke/install/zed_interfaces/share/zed_interfaces/msg/BoundingBox2Di.msg
[28.108s] -- Symlinking: /home/mlemsalu/ros2_ws_luke/install/zed_interfaces/share/zed_interfaces/msg/BoundingBox2Df.msg
[28.124s] -- Symlinking: /home/mlemsalu/ros2_ws_luke/install/zed_interfaces/share/zed_interfaces/msg/BoundingBox3D.msg
[28.139s] -- Symlinking: /home/mlemsalu/ros2_ws_luke/install/zed_interfaces/share/zed_interfaces/msg/Skeleton2D.msg
[28.154s] -- Symlinking: /home/mlemsalu/ros2_ws_luke/install/zed_interfaces/share/zed_interfaces/msg/Skeleton3D.msg
[28.170s] -- Symlinking: /home/mlemsalu/ros2_ws_luke/install/zed_interfaces/share/zed_interfaces/msg/DepthInfoStamped.msg
[28.185s] -- Symlinking: /home/mlemsalu/ros2_ws_luke/install/zed_interfaces/share/zed_interfaces/msg/PlaneStamped.msg
[28.200s] -- Symlinking: /home/mlemsalu/ros2_ws_luke/install/zed_interfaces/share/zed_interfaces/msg/PosTrackStatus.msg
[28.216s] -- Symlinking: /home/mlemsalu/ros2_ws_luke/install/zed_interfaces/share/zed_interfaces/srv/SetPose.srv
[28.232s] -- Symlinking: /home/mlemsalu/ros2_ws_luke/install/zed_interfaces/share/zed_interfaces/srv/SetPose_Request.msg
[28.248s] -- Symlinking: /home/mlemsalu/ros2_ws_luke/install/zed_interfaces/share/zed_interfaces/srv/SetPose_Response.msg
[28.264s] -- Symlinking: /home/mlemsalu/ros2_ws_luke/install/zed_interfaces/share/zed_interfaces/srv/StartSvoRec.srv
[28.280s] -- Symlinking: /home/mlemsalu/ros2_ws_luke/install/zed_interfaces/share/zed_interfaces/srv/StartSvoRec_Request.msg
[28.295s] -- Symlinking: /home/mlemsalu/ros2_ws_luke/install/zed_interfaces/share/zed_interfaces/srv/StartSvoRec_Response.msg
[28.311s] -- Symlinking: /home/mlemsalu/ros2_ws_luke/install/zed_interfaces/share/zed_interfaces/srv/SetROI.srv
[28.326s] -- Symlinking: /home/mlemsalu/ros2_ws_luke/install/zed_interfaces/share/zed_interfaces/srv/SetROI_Request.msg
[28.341s] -- Symlinking: /home/mlemsalu/ros2_ws_luke/install/zed_interfaces/share/zed_interfaces/srv/SetROI_Response.msg
[28.357s] -- Symlinking: /home/mlemsalu/ros2_ws_luke/install/zed_interfaces/share/zed_interfaces/meshes/zed.stl
[28.372s] -- Symlinking: /home/mlemsalu/ros2_ws_luke/install/zed_interfaces/share/zed_interfaces/meshes/zed2.stl
[28.387s] -- Symlinking: /home/mlemsalu/ros2_ws_luke/install/zed_interfaces/share/zed_interfaces/meshes/zed2i.stl
[28.403s] -- Symlinking: /home/mlemsalu/ros2_ws_luke/install/zed_interfaces/share/zed_interfaces/meshes/zedm.stl
[28.418s] -- Symlinking: /home/mlemsalu/ros2_ws_luke/install/zed_interfaces/share/zed_interfaces/meshes/zedx.stl
[28.433s] -- Symlinking: /home/mlemsalu/ros2_ws_luke/install/zed_interfaces/share/zed_interfaces/meshes/zedxm.stl
[28.449s] -- Symlinking: /home/mlemsalu/ros2_ws_luke/install/zed_interfaces/share/ament_index/resource_index/package_run_dependencies/zed_interfaces
[28.464s] -- Symlinking: /home/mlemsalu/ros2_ws_luke/install/zed_interfaces/share/ament_index/resource_index/parent_prefix_path/zed_interfaces
[28.479s] -- Symlinking: /home/mlemsalu/ros2_ws_luke/install/zed_interfaces/share/zed_interfaces/environment/ament_prefix_path.sh
[28.494s] -- Symlinking: /home/mlemsalu/ros2_ws_luke/install/zed_interfaces/share/zed_interfaces/environment/ament_prefix_path.dsv
[28.509s] -- Symlinking: /home/mlemsalu/ros2_ws_luke/install/zed_interfaces/share/zed_interfaces/environment/path.sh
[28.524s] -- Symlinking: /home/mlemsalu/ros2_ws_luke/install/zed_interfaces/share/zed_interfaces/environment/path.dsv
[28.539s] -- Symlinking: /home/mlemsalu/ros2_ws_luke/install/zed_interfaces/share/zed_interfaces/local_setup.bash
[28.554s] -- Symlinking: /home/mlemsalu/ros2_ws_luke/install/zed_interfaces/share/zed_interfaces/local_setup.sh
[28.570s] -- Symlinking: /home/mlemsalu/ros2_ws_luke/install/zed_interfaces/share/zed_interfaces/local_setup.zsh
[28.585s] -- Symlinking: /home/mlemsalu/ros2_ws_luke/install/zed_interfaces/share/zed_interfaces/local_setup.dsv
[28.600s] -- Symlinking: /home/mlemsalu/ros2_ws_luke/install/zed_interfaces/share/zed_interfaces/package.dsv
[28.615s] -- Symlinking: /home/mlemsalu/ros2_ws_luke/install/zed_interfaces/share/ament_index/resource_index/packages/zed_interfaces
[28.630s] -- Symlinking: /home/mlemsalu/ros2_ws_luke/install/zed_interfaces/share/zed_interfaces/cmake/rosidl_cmake-extras.cmake
[28.645s] -- Symlinking: /home/mlemsalu/ros2_ws_luke/install/zed_interfaces/share/zed_interfaces/cmake/ament_cmake_export_dependencies-extras.cmake
[28.660s] -- Symlinking: /home/mlemsalu/ros2_ws_luke/install/zed_interfaces/share/zed_interfaces/cmake/ament_cmake_export_libraries-extras.cmake
[28.675s] -- Symlinking: /home/mlemsalu/ros2_ws_luke/install/zed_interfaces/share/zed_interfaces/cmake/ament_cmake_export_targets-extras.cmake
[28.690s] -- Symlinking: /home/mlemsalu/ros2_ws_luke/install/zed_interfaces/share/zed_interfaces/cmake/ament_cmake_export_include_directories-extras.cmake
[28.705s] -- Symlinking: /home/mlemsalu/ros2_ws_luke/install/zed_interfaces/share/zed_interfaces/cmake/rosidl_cmake_export_typesupport_libraries-extras.cmake
[28.720s] -- Symlinking: /home/mlemsalu/ros2_ws_luke/install/zed_interfaces/share/zed_interfaces/cmake/rosidl_cmake_export_typesupport_targets-extras.cmake
[28.731s] -- Symlinking: /home/mlemsalu/ros2_ws_luke/install/zed_interfaces/share/zed_interfaces/cmake/zed_interfacesConfig.cmake
[28.742s] -- Symlinking: /home/mlemsalu/ros2_ws_luke/install/zed_interfaces/share/zed_interfaces/cmake/zed_interfacesConfig-version.cmake
[28.753s] -- Symlinking: /home/mlemsalu/ros2_ws_luke/install/zed_interfaces/share/zed_interfaces/package.xml
[28.764s] -- Installing: /home/mlemsalu/ros2_ws_luke/install/zed_interfaces/lib/libzed_interfaces__rosidl_generator_c.so
[28.765s] -- Set runtime path of "/home/mlemsalu/ros2_ws_luke/install/zed_interfaces/lib/libzed_interfaces__rosidl_generator_c.so" to ""
[28.765s] -- Installing: /home/mlemsalu/ros2_ws_luke/install/zed_interfaces/lib/libzed_interfaces__rosidl_typesupport_introspection_c.so
[28.766s] -- Set runtime path of "/home/mlemsalu/ros2_ws_luke/install/zed_interfaces/lib/libzed_interfaces__rosidl_typesupport_introspection_c.so" to ""
[28.766s] -- Installing: /home/mlemsalu/ros2_ws_luke/install/zed_interfaces/lib/libzed_interfaces__rosidl_typesupport_c.so
[28.767s] -- Set runtime path of "/home/mlemsalu/ros2_ws_luke/install/zed_interfaces/lib/libzed_interfaces__rosidl_typesupport_c.so" to ""
[28.767s] -- Installing: /home/mlemsalu/ros2_ws_luke/install/zed_interfaces/lib/libzed_interfaces__rosidl_typesupport_introspection_cpp.so
[28.768s] -- Set runtime path of "/home/mlemsalu/ros2_ws_luke/install/zed_interfaces/lib/libzed_interfaces__rosidl_typesupport_introspection_cpp.so" to ""
[28.768s] -- Installing: /home/mlemsalu/ros2_ws_luke/install/zed_interfaces/lib/libzed_interfaces__rosidl_typesupport_cpp.so
[28.769s] -- Set runtime path of "/home/mlemsalu/ros2_ws_luke/install/zed_interfaces/lib/libzed_interfaces__rosidl_typesupport_cpp.so" to ""
[28.803s] Compiling '/home/mlemsalu/ros2_ws_luke/install/zed_interfaces/lib/python3.8/site-packages/zed_interfaces/__init__.py'...
[28.808s] -- Installing: /home/mlemsalu/ros2_ws_luke/install/zed_interfaces/share/zed_interfaces/cmake/zed_interfaces__rosidl_generator_cExport.cmake
[28.808s] -- Installing: /home/mlemsalu/ros2_ws_luke/install/zed_interfaces/share/zed_interfaces/cmake/zed_interfaces__rosidl_generator_cExport-release.cmake
[28.809s] -- Installing: /home/mlemsalu/ros2_ws_luke/install/zed_interfaces/share/zed_interfaces/cmake/zed_interfaces__rosidl_typesupport_introspection_cExport.cmake
[28.809s] -- Installing: /home/mlemsalu/ros2_ws_luke/install/zed_interfaces/share/zed_interfaces/cmake/zed_interfaces__rosidl_typesupport_introspection_cExport-release.cmake
[28.809s] -- Installing: /home/mlemsalu/ros2_ws_luke/install/zed_interfaces/share/zed_interfaces/cmake/zed_interfaces__rosidl_typesupport_cExport.cmake
[28.809s] -- Installing: /home/mlemsalu/ros2_ws_luke/install/zed_interfaces/share/zed_interfaces/cmake/zed_interfaces__rosidl_typesupport_cExport-release.cmake
[28.810s] -- Installing: /home/mlemsalu/ros2_ws_luke/install/zed_interfaces/share/zed_interfaces/cmake/zed_interfaces__rosidl_generator_cppExport.cmake
[28.810s] -- Installing: /home/mlemsalu/ros2_ws_luke/install/zed_interfaces/share/zed_interfaces/cmake/zed_interfaces__rosidl_typesupport_introspection_cppExport.cmake
[28.810s] -- Installing: /home/mlemsalu/ros2_ws_luke/install/zed_interfaces/share/zed_interfaces/cmake/zed_interfaces__rosidl_typesupport_introspection_cppExport-release.cmake
[28.811s] -- Installing: /home/mlemsalu/ros2_ws_luke/install/zed_interfaces/share/zed_interfaces/cmake/zed_interfaces__rosidl_typesupport_cppExport.cmake
[28.811s] -- Installing: /home/mlemsalu/ros2_ws_luke/install/zed_interfaces/share/zed_interfaces/cmake/zed_interfaces__rosidl_typesupport_cppExport-release.cmake
[28.819s] Invoked command in '/home/mlemsalu/ros2_ws_luke/build/zed_interfaces' returned '0': CMAKE_PREFIX_PATH=/opt/ros/foxy /usr/bin/cmake --install /home/mlemsalu/ros2_ws_luke/build/zed_interfaces
