[0.584s] Invoking command in '/home/mlemsalu/ros2_ws_luke/build/ros2bag': AMENT_PREFIX_PATH=/home/mlemsalu/ros2_ws_luke/install/rosbag2_transport:/home/mlemsalu/ros2_ws_luke/install/rosbag2_py:/home/mlemsalu/ros2_ws_luke/install/rosbag2_compression:/home/mlemsalu/ros2_ws_luke/install/rosbag2_cpp:/home/mlemsalu/ros2_ws_luke/install/rosbag2_storage_default_plugins:/home/mlemsalu/ros2_ws_luke/install/rosbag2_storage:/home/mlemsalu/ros2_ws_luke/install/sqlite3_vendor:/home/mlemsalu/ros2_ws_luke/install/shared_queues_vendor:${AMENT_PREFIX_PATH} CMAKE_PREFIX_PATH=/home/mlemsalu/ros2_ws_luke/install/rosbag2_transport:/home/mlemsalu/ros2_ws_luke/install/rosbag2_py:/home/mlemsalu/ros2_ws_luke/install/rosbag2_compression:/home/mlemsalu/ros2_ws_luke/install/rosbag2_cpp:/home/mlemsalu/ros2_ws_luke/install/rosbag2_storage_default_plugins:/home/mlemsalu/ros2_ws_luke/install/rosbag2_storage:/home/mlemsalu/ros2_ws_luke/install/sqlite3_vendor:/home/mlemsalu/ros2_ws_luke/install/shared_queues_vendor LD_LIBRARY_PATH=/home/mlemsalu/ros2_ws_luke/install/rosbag2_transport/lib:/home/mlemsalu/ros2_ws_luke/install/rosbag2_compression/lib:/home/mlemsalu/ros2_ws_luke/install/rosbag2_cpp/lib:/home/mlemsalu/ros2_ws_luke/install/rosbag2_storage_default_plugins/lib:/home/mlemsalu/ros2_ws_luke/install/rosbag2_storage/lib:${LD_LIBRARY_PATH} PYTHONPATH=/home/mlemsalu/ros2_ws_luke/build/ros2bag/prefix_override:/home/mlemsalu/ros2_ws_luke/install/ros2bag/lib/python3.8/site-packages:/home/mlemsalu/ros2_ws_luke/install/rosbag2_transport/lib/python3.8/site-packages:/home/mlemsalu/ros2_ws_luke/install/rosbag2_py/lib/python3.8/site-packages:${PYTHONPATH} /usr/bin/python3 setup.py develop --uninstall --editable --build-directory /home/mlemsalu/ros2_ws_luke/build/ros2bag/build
[0.815s] running develop
[0.951s] Removing /home/mlemsalu/ros2_ws_luke/install/ros2bag/lib/python3.8/site-packages/ros2bag.egg-link (link to .)
[0.983s] Invoked command in '/home/mlemsalu/ros2_ws_luke/build/ros2bag' returned '0': AMENT_PREFIX_PATH=/home/mlemsalu/ros2_ws_luke/install/rosbag2_transport:/home/mlemsalu/ros2_ws_luke/install/rosbag2_py:/home/mlemsalu/ros2_ws_luke/install/rosbag2_compression:/home/mlemsalu/ros2_ws_luke/install/rosbag2_cpp:/home/mlemsalu/ros2_ws_luke/install/rosbag2_storage_default_plugins:/home/mlemsalu/ros2_ws_luke/install/rosbag2_storage:/home/mlemsalu/ros2_ws_luke/install/sqlite3_vendor:/home/mlemsalu/ros2_ws_luke/install/shared_queues_vendor:${AMENT_PREFIX_PATH} CMAKE_PREFIX_PATH=/home/mlemsalu/ros2_ws_luke/install/rosbag2_transport:/home/mlemsalu/ros2_ws_luke/install/rosbag2_py:/home/mlemsalu/ros2_ws_luke/install/rosbag2_compression:/home/mlemsalu/ros2_ws_luke/install/rosbag2_cpp:/home/mlemsalu/ros2_ws_luke/install/rosbag2_storage_default_plugins:/home/mlemsalu/ros2_ws_luke/install/rosbag2_storage:/home/mlemsalu/ros2_ws_luke/install/sqlite3_vendor:/home/mlemsalu/ros2_ws_luke/install/shared_queues_vendor LD_LIBRARY_PATH=/home/mlemsalu/ros2_ws_luke/install/rosbag2_transport/lib:/home/mlemsalu/ros2_ws_luke/install/rosbag2_compression/lib:/home/mlemsalu/ros2_ws_luke/install/rosbag2_cpp/lib:/home/mlemsalu/ros2_ws_luke/install/rosbag2_storage_default_plugins/lib:/home/mlemsalu/ros2_ws_luke/install/rosbag2_storage/lib:${LD_LIBRARY_PATH} PYTHONPATH=/home/mlemsalu/ros2_ws_luke/build/ros2bag/prefix_override:/home/mlemsalu/ros2_ws_luke/install/ros2bag/lib/python3.8/site-packages:/home/mlemsalu/ros2_ws_luke/install/rosbag2_transport/lib/python3.8/site-packages:/home/mlemsalu/ros2_ws_luke/install/rosbag2_py/lib/python3.8/site-packages:${PYTHONPATH} /usr/bin/python3 setup.py develop --uninstall --editable --build-directory /home/mlemsalu/ros2_ws_luke/build/ros2bag/build
[0.986s] Invoking command in '/home/mlemsalu/ros2_ws_luke/src/rosbag2-foxy-future/ros2bag': AMENT_PREFIX_PATH=/home/mlemsalu/ros2_ws_luke/install/rosbag2_transport:/home/mlemsalu/ros2_ws_luke/install/rosbag2_py:/home/mlemsalu/ros2_ws_luke/install/rosbag2_compression:/home/mlemsalu/ros2_ws_luke/install/rosbag2_cpp:/home/mlemsalu/ros2_ws_luke/install/rosbag2_storage_default_plugins:/home/mlemsalu/ros2_ws_luke/install/rosbag2_storage:/home/mlemsalu/ros2_ws_luke/install/sqlite3_vendor:/home/mlemsalu/ros2_ws_luke/install/shared_queues_vendor:${AMENT_PREFIX_PATH} CMAKE_PREFIX_PATH=/home/mlemsalu/ros2_ws_luke/install/rosbag2_transport:/home/mlemsalu/ros2_ws_luke/install/rosbag2_py:/home/mlemsalu/ros2_ws_luke/install/rosbag2_compression:/home/mlemsalu/ros2_ws_luke/install/rosbag2_cpp:/home/mlemsalu/ros2_ws_luke/install/rosbag2_storage_default_plugins:/home/mlemsalu/ros2_ws_luke/install/rosbag2_storage:/home/mlemsalu/ros2_ws_luke/install/sqlite3_vendor:/home/mlemsalu/ros2_ws_luke/install/shared_queues_vendor LD_LIBRARY_PATH=/home/mlemsalu/ros2_ws_luke/install/rosbag2_transport/lib:/home/mlemsalu/ros2_ws_luke/install/rosbag2_compression/lib:/home/mlemsalu/ros2_ws_luke/install/rosbag2_cpp/lib:/home/mlemsalu/ros2_ws_luke/install/rosbag2_storage_default_plugins/lib:/home/mlemsalu/ros2_ws_luke/install/rosbag2_storage/lib:${LD_LIBRARY_PATH} PYTHONPATH=/home/mlemsalu/ros2_ws_luke/build/ros2bag/prefix_override:/home/mlemsalu/ros2_ws_luke/install/ros2bag/lib/python3.8/site-packages:/home/mlemsalu/ros2_ws_luke/install/rosbag2_transport/lib/python3.8/site-packages:/home/mlemsalu/ros2_ws_luke/install/rosbag2_py/lib/python3.8/site-packages:${PYTHONPATH} /usr/bin/python3 setup.py egg_info --egg-base ../../../build/ros2bag build --build-base /home/mlemsalu/ros2_ws_luke/build/ros2bag/build install --record /home/mlemsalu/ros2_ws_luke/build/ros2bag/install.log --single-version-externally-managed
[1.216s] running egg_info
[1.216s] writing ../../../build/ros2bag/ros2bag.egg-info/PKG-INFO
[1.217s] writing dependency_links to ../../../build/ros2bag/ros2bag.egg-info/dependency_links.txt
[1.217s] writing entry points to ../../../build/ros2bag/ros2bag.egg-info/entry_points.txt
[1.217s] writing requirements to ../../../build/ros2bag/ros2bag.egg-info/requires.txt
[1.217s] writing top-level names to ../../../build/ros2bag/ros2bag.egg-info/top_level.txt
[1.252s] reading manifest file '../../../build/ros2bag/ros2bag.egg-info/SOURCES.txt'
[1.253s] writing manifest file '../../../build/ros2bag/ros2bag.egg-info/SOURCES.txt'
[1.253s] running build
[1.253s] running build_py
[1.253s] creating /home/mlemsalu/ros2_ws_luke/build/ros2bag/build
[1.254s] creating /home/mlemsalu/ros2_ws_luke/build/ros2bag/build/lib
[1.254s] creating /home/mlemsalu/ros2_ws_luke/build/ros2bag/build/lib/ros2bag
[1.254s] copying ros2bag/__init__.py -> /home/mlemsalu/ros2_ws_luke/build/ros2bag/build/lib/ros2bag
[1.254s] creating /home/mlemsalu/ros2_ws_luke/build/ros2bag/build/lib/ros2bag/command
[1.254s] copying ros2bag/command/bag.py -> /home/mlemsalu/ros2_ws_luke/build/ros2bag/build/lib/ros2bag/command
[1.254s] copying ros2bag/command/__init__.py -> /home/mlemsalu/ros2_ws_luke/build/ros2bag/build/lib/ros2bag/command
[1.255s] creating /home/mlemsalu/ros2_ws_luke/build/ros2bag/build/lib/ros2bag/verb
[1.255s] copying ros2bag/verb/list.py -> /home/mlemsalu/ros2_ws_luke/build/ros2bag/build/lib/ros2bag/verb
[1.255s] copying ros2bag/verb/record.py -> /home/mlemsalu/ros2_ws_luke/build/ros2bag/build/lib/ros2bag/verb
[1.255s] copying ros2bag/verb/__init__.py -> /home/mlemsalu/ros2_ws_luke/build/ros2bag/build/lib/ros2bag/verb
[1.255s] copying ros2bag/verb/info.py -> /home/mlemsalu/ros2_ws_luke/build/ros2bag/build/lib/ros2bag/verb
[1.255s] copying ros2bag/verb/play.py -> /home/mlemsalu/ros2_ws_luke/build/ros2bag/build/lib/ros2bag/verb
[1.255s] creating /home/mlemsalu/ros2_ws_luke/build/ros2bag/build/lib/ros2bag/api
[1.255s] copying ros2bag/api/__init__.py -> /home/mlemsalu/ros2_ws_luke/build/ros2bag/build/lib/ros2bag/api
[1.256s] running install
[1.256s] running install_lib
[1.256s] creating /home/mlemsalu/ros2_ws_luke/install/ros2bag/lib/python3.8/site-packages/ros2bag
[1.257s] creating /home/mlemsalu/ros2_ws_luke/install/ros2bag/lib/python3.8/site-packages/ros2bag/command
[1.257s] copying /home/mlemsalu/ros2_ws_luke/build/ros2bag/build/lib/ros2bag/command/bag.py -> /home/mlemsalu/ros2_ws_luke/install/ros2bag/lib/python3.8/site-packages/ros2bag/command
[1.257s] copying /home/mlemsalu/ros2_ws_luke/build/ros2bag/build/lib/ros2bag/command/__init__.py -> /home/mlemsalu/ros2_ws_luke/install/ros2bag/lib/python3.8/site-packages/ros2bag/command
[1.257s] copying /home/mlemsalu/ros2_ws_luke/build/ros2bag/build/lib/ros2bag/__init__.py -> /home/mlemsalu/ros2_ws_luke/install/ros2bag/lib/python3.8/site-packages/ros2bag
[1.257s] creating /home/mlemsalu/ros2_ws_luke/install/ros2bag/lib/python3.8/site-packages/ros2bag/verb
[1.258s] copying /home/mlemsalu/ros2_ws_luke/build/ros2bag/build/lib/ros2bag/verb/list.py -> /home/mlemsalu/ros2_ws_luke/install/ros2bag/lib/python3.8/site-packages/ros2bag/verb
[1.258s] copying /home/mlemsalu/ros2_ws_luke/build/ros2bag/build/lib/ros2bag/verb/record.py -> /home/mlemsalu/ros2_ws_luke/install/ros2bag/lib/python3.8/site-packages/ros2bag/verb
[1.258s] copying /home/mlemsalu/ros2_ws_luke/build/ros2bag/build/lib/ros2bag/verb/__init__.py -> /home/mlemsalu/ros2_ws_luke/install/ros2bag/lib/python3.8/site-packages/ros2bag/verb
[1.258s] copying /home/mlemsalu/ros2_ws_luke/build/ros2bag/build/lib/ros2bag/verb/info.py -> /home/mlemsalu/ros2_ws_luke/install/ros2bag/lib/python3.8/site-packages/ros2bag/verb
[1.258s] copying /home/mlemsalu/ros2_ws_luke/build/ros2bag/build/lib/ros2bag/verb/play.py -> /home/mlemsalu/ros2_ws_luke/install/ros2bag/lib/python3.8/site-packages/ros2bag/verb
[1.258s] creating /home/mlemsalu/ros2_ws_luke/install/ros2bag/lib/python3.8/site-packages/ros2bag/api
[1.258s] copying /home/mlemsalu/ros2_ws_luke/build/ros2bag/build/lib/ros2bag/api/__init__.py -> /home/mlemsalu/ros2_ws_luke/install/ros2bag/lib/python3.8/site-packages/ros2bag/api
[1.258s] byte-compiling /home/mlemsalu/ros2_ws_luke/install/ros2bag/lib/python3.8/site-packages/ros2bag/command/bag.py to bag.cpython-38.pyc
[1.259s] byte-compiling /home/mlemsalu/ros2_ws_luke/install/ros2bag/lib/python3.8/site-packages/ros2bag/command/__init__.py to __init__.cpython-38.pyc
[1.260s] byte-compiling /home/mlemsalu/ros2_ws_luke/install/ros2bag/lib/python3.8/site-packages/ros2bag/__init__.py to __init__.cpython-38.pyc
[1.260s] byte-compiling /home/mlemsalu/ros2_ws_luke/install/ros2bag/lib/python3.8/site-packages/ros2bag/verb/list.py to list.cpython-38.pyc
[1.260s] byte-compiling /home/mlemsalu/ros2_ws_luke/install/ros2bag/lib/python3.8/site-packages/ros2bag/verb/record.py to record.cpython-38.pyc
[1.261s] byte-compiling /home/mlemsalu/ros2_ws_luke/install/ros2bag/lib/python3.8/site-packages/ros2bag/verb/__init__.py to __init__.cpython-38.pyc
[1.262s] byte-compiling /home/mlemsalu/ros2_ws_luke/install/ros2bag/lib/python3.8/site-packages/ros2bag/verb/info.py to info.cpython-38.pyc
[1.262s] byte-compiling /home/mlemsalu/ros2_ws_luke/install/ros2bag/lib/python3.8/site-packages/ros2bag/verb/play.py to play.cpython-38.pyc
[1.262s] byte-compiling /home/mlemsalu/ros2_ws_luke/install/ros2bag/lib/python3.8/site-packages/ros2bag/api/__init__.py to __init__.cpython-38.pyc
[1.263s] running install_data
[1.264s] running install_egg_info
[1.265s] Copying ../../../build/ros2bag/ros2bag.egg-info to /home/mlemsalu/ros2_ws_luke/install/ros2bag/lib/python3.8/site-packages/ros2bag-0.7.0-py3.8.egg-info
[1.266s] running install_scripts
[1.285s] writing list of installed files to '/home/mlemsalu/ros2_ws_luke/build/ros2bag/install.log'
[1.314s] Invoked command in '/home/mlemsalu/ros2_ws_luke/src/rosbag2-foxy-future/ros2bag' returned '0': AMENT_PREFIX_PATH=/home/mlemsalu/ros2_ws_luke/install/rosbag2_transport:/home/mlemsalu/ros2_ws_luke/install/rosbag2_py:/home/mlemsalu/ros2_ws_luke/install/rosbag2_compression:/home/mlemsalu/ros2_ws_luke/install/rosbag2_cpp:/home/mlemsalu/ros2_ws_luke/install/rosbag2_storage_default_plugins:/home/mlemsalu/ros2_ws_luke/install/rosbag2_storage:/home/mlemsalu/ros2_ws_luke/install/sqlite3_vendor:/home/mlemsalu/ros2_ws_luke/install/shared_queues_vendor:${AMENT_PREFIX_PATH} CMAKE_PREFIX_PATH=/home/mlemsalu/ros2_ws_luke/install/rosbag2_transport:/home/mlemsalu/ros2_ws_luke/install/rosbag2_py:/home/mlemsalu/ros2_ws_luke/install/rosbag2_compression:/home/mlemsalu/ros2_ws_luke/install/rosbag2_cpp:/home/mlemsalu/ros2_ws_luke/install/rosbag2_storage_default_plugins:/home/mlemsalu/ros2_ws_luke/install/rosbag2_storage:/home/mlemsalu/ros2_ws_luke/install/sqlite3_vendor:/home/mlemsalu/ros2_ws_luke/install/shared_queues_vendor LD_LIBRARY_PATH=/home/mlemsalu/ros2_ws_luke/install/rosbag2_transport/lib:/home/mlemsalu/ros2_ws_luke/install/rosbag2_compression/lib:/home/mlemsalu/ros2_ws_luke/install/rosbag2_cpp/lib:/home/mlemsalu/ros2_ws_luke/install/rosbag2_storage_default_plugins/lib:/home/mlemsalu/ros2_ws_luke/install/rosbag2_storage/lib:${LD_LIBRARY_PATH} PYTHONPATH=/home/mlemsalu/ros2_ws_luke/build/ros2bag/prefix_override:/home/mlemsalu/ros2_ws_luke/install/ros2bag/lib/python3.8/site-packages:/home/mlemsalu/ros2_ws_luke/install/rosbag2_transport/lib/python3.8/site-packages:/home/mlemsalu/ros2_ws_luke/install/rosbag2_py/lib/python3.8/site-packages:${PYTHONPATH} /usr/bin/python3 setup.py egg_info --egg-base ../../../build/ros2bag build --build-base /home/mlemsalu/ros2_ws_luke/build/ros2bag/build install --record /home/mlemsalu/ros2_ws_luke/build/ros2bag/install.log --single-version-externally-managed
