running develop
Removing /home/mlemsalu/ros2_ws_luke/install/ros2bag_to_files/lib/python3.8/site-packages/ros2bag-to-files.egg-link (link to .)
running egg_info
writing ../../build/ros2bag_to_files/ros2bag_to_files.egg-info/PKG-INFO
writing dependency_links to ../../build/ros2bag_to_files/ros2bag_to_files.egg-info/dependency_links.txt
writing entry points to ../../build/ros2bag_to_files/ros2bag_to_files.egg-info/entry_points.txt
writing requirements to ../../build/ros2bag_to_files/ros2bag_to_files.egg-info/requires.txt
writing top-level names to ../../build/ros2bag_to_files/ros2bag_to_files.egg-info/top_level.txt
reading manifest file '../../build/ros2bag_to_files/ros2bag_to_files.egg-info/SOURCES.txt'
writing manifest file '../../build/ros2bag_to_files/ros2bag_to_files.egg-info/SOURCES.txt'
running build
running build_py
creating /home/mlemsalu/ros2_ws_luke/build/ros2bag_to_files/build
creating /home/mlemsalu/ros2_ws_luke/build/ros2bag_to_files/build/lib
creating /home/mlemsalu/ros2_ws_luke/build/ros2bag_to_files/build/lib/ros2bag_to_files
copying ros2bag_to_files/__init__.py -> /home/mlemsalu/ros2_ws_luke/build/ros2bag_to_files/build/lib/ros2bag_to_files
copying ros2bag_to_files/bag_to_file.py -> /home/mlemsalu/ros2_ws_luke/build/ros2bag_to_files/build/lib/ros2bag_to_files
running install
running install_lib
creating /home/mlemsalu/ros2_ws_luke/install/ros2bag_to_files/lib/python3.8/site-packages/ros2bag_to_files
copying /home/mlemsalu/ros2_ws_luke/build/ros2bag_to_files/build/lib/ros2bag_to_files/__init__.py -> /home/mlemsalu/ros2_ws_luke/install/ros2bag_to_files/lib/python3.8/site-packages/ros2bag_to_files
copying /home/mlemsalu/ros2_ws_luke/build/ros2bag_to_files/build/lib/ros2bag_to_files/bag_to_file.py -> /home/mlemsalu/ros2_ws_luke/install/ros2bag_to_files/lib/python3.8/site-packages/ros2bag_to_files
byte-compiling /home/mlemsalu/ros2_ws_luke/install/ros2bag_to_files/lib/python3.8/site-packages/ros2bag_to_files/__init__.py to __init__.cpython-38.pyc
byte-compiling /home/mlemsalu/ros2_ws_luke/install/ros2bag_to_files/lib/python3.8/site-packages/ros2bag_to_files/bag_to_file.py to bag_to_file.cpython-38.pyc
running install_data
running install_egg_info
Copying ../../build/ros2bag_to_files/ros2bag_to_files.egg-info to /home/mlemsalu/ros2_ws_luke/install/ros2bag_to_files/lib/python3.8/site-packages/ros2bag_to_files-0.0.0-py3.8.egg-info
running install_scripts
Installing bag_to_file script to /home/mlemsalu/ros2_ws_luke/install/ros2bag_to_files/lib/ros2bag_to_files
writing list of installed files to '/home/mlemsalu/ros2_ws_luke/build/ros2bag_to_files/install.log'
