[0.029s] Invoking command in '/home/mlemsalu/ros2_ws_luke/build/custom_msgs': AMENT_PREFIX_PATH=/home/mlemsalu/ros2_ws_luke/install/rosbag2:/home/mlemsalu/ros2_ws_luke/install/ros2bag:/home/mlemsalu/ros2_ws_luke/install/rosbag2_transport:/home/mlemsalu/ros2_ws_luke/install/rosbag2_py:/home/mlemsalu/ros2_ws_luke/install/rosbag2_compression_zstd:/home/mlemsalu/ros2_ws_luke/install/rosbag2_compression:/home/mlemsalu/ros2_ws_luke/install/rosbag2_cpp:/home/mlemsalu/ros2_ws_luke/install/rosbag2_storage_default_plugins:/home/mlemsalu/ros2_ws_luke/install/rosbag2_storage:/home/mlemsalu/ros2_ws_luke/install/zstd_vendor:/home/mlemsalu/ros2_ws_luke/install/sqlite3_vendor:/home/mlemsalu/ros2_ws_luke/install/shared_queues_vendor:${AMENT_PREFIX_PATH} CMAKE_PREFIX_PATH=/home/mlemsalu/ros2_ws_luke/install/rosbag2:/home/mlemsalu/ros2_ws_luke/install/rosbag2_transport:/home/mlemsalu/ros2_ws_luke/install/rosbag2_py:/home/mlemsalu/ros2_ws_luke/install/rosbag2_compression_zstd:/home/mlemsalu/ros2_ws_luke/install/rosbag2_compression:/home/mlemsalu/ros2_ws_luke/install/rosbag2_cpp:/home/mlemsalu/ros2_ws_luke/install/rosbag2_storage_default_plugins:/home/mlemsalu/ros2_ws_luke/install/rosbag2_storage:/home/mlemsalu/ros2_ws_luke/install/zstd_vendor:/home/mlemsalu/ros2_ws_luke/install/sqlite3_vendor:/home/mlemsalu/ros2_ws_luke/install/shared_queues_vendor:/opt/ros/foxy LD_LIBRARY_PATH=/home/mlemsalu/ros2_ws_luke/install/rosbag2_transport/lib:/home/mlemsalu/ros2_ws_luke/install/rosbag2_compression_zstd/lib:/home/mlemsalu/ros2_ws_luke/install/rosbag2_compression/lib:/home/mlemsalu/ros2_ws_luke/install/rosbag2_cpp/lib:/home/mlemsalu/ros2_ws_luke/install/rosbag2_storage_default_plugins/lib:/home/mlemsalu/ros2_ws_luke/install/rosbag2_storage/lib:/home/mlemsalu/ros2_ws_luke/install/zstd_vendor/lib:${LD_LIBRARY_PATH} PYTHONPATH=/home/mlemsalu/ros2_ws_luke/install/ros2bag/lib/python3.8/site-packages:/home/mlemsalu/ros2_ws_luke/install/rosbag2_transport/lib/python3.8/site-packages:/home/mlemsalu/ros2_ws_luke/install/rosbag2_py/lib/python3.8/site-packages:${PYTHONPATH} /usr/bin/cmake /home/mlemsalu/ros2_ws_luke/src/custom_msgs -DCMAKE_INSTALL_PREFIX=/home/mlemsalu/ros2_ws_luke/install/custom_msgs
[0.052s] -- Found ament_cmake: 0.9.11 (/opt/ros/foxy/share/ament_cmake/cmake)
[0.092s] -- Found PythonInterp: /usr/bin/python3 (found suitable version "3.8.10", minimum required is "3") 
[0.092s] -- Using PYTHON_EXECUTABLE: /usr/bin/python3
[0.309s] -- Override CMake install command with custom implementation using symlinks instead of copying resources
[0.321s] -- Found rclcpp: 2.4.2 (/opt/ros/foxy/share/rclcpp/cmake)
[0.371s] -- Using all available rosidl_typesupport_c: rosidl_typesupport_fastrtps_c;rosidl_typesupport_introspection_c
[0.375s] -- Found rosidl_adapter: 1.3.0 (/opt/ros/foxy/share/rosidl_adapter/cmake)
[0.489s] -- Using all available rosidl_typesupport_cpp: rosidl_typesupport_fastrtps_cpp;rosidl_typesupport_introspection_cpp
[0.549s] -- Found rmw_implementation_cmake: 1.0.4 (/opt/ros/foxy/share/rmw_implementation_cmake/cmake)
[0.551s] -- Using RMW implementation 'rmw_fastrtps_cpp' as default
[0.723s] -- Found rosbag2: 0.7.0 (/home/mlemsalu/ros2_ws_luke/install/rosbag2/share/rosbag2/cmake)
[0.723s] -- Found sensor_msgs: 2.0.5 (/opt/ros/foxy/share/sensor_msgs/cmake)
[0.861s] -- Found message_filters: 3.2.5 (/opt/ros/foxy/share/message_filters/cmake)
[0.863s] -- Found nav_msgs: 2.0.5 (/opt/ros/foxy/share/nav_msgs/cmake)
[0.950s] -- Found rosidl_default_generators: 1.0.1 (/opt/ros/foxy/share/rosidl_default_generators/cmake)
[1.003s] -- Found PythonInterp: /usr/bin/python3 (found version "3.8.10") 
[1.326s] -- Found ament_cmake_ros: 0.9.2 (/opt/ros/foxy/share/ament_cmake_ros/cmake)
[1.647s] -- Using all available rosidl_typesupport_c: rosidl_typesupport_fastrtps_c;rosidl_typesupport_introspection_c
[1.825s] -- Using all available rosidl_typesupport_cpp: rosidl_typesupport_fastrtps_cpp;rosidl_typesupport_introspection_cpp
[1.858s] -- Found PythonInterp: /usr/bin/python3 (found suitable version "3.8.10", minimum required is "3.5") 
[1.859s] -- Found python_cmake_module: 0.8.1 (/opt/ros/foxy/share/python_cmake_module/cmake)
[1.887s] -- Using PYTHON_EXECUTABLE: /usr/bin/python3
[1.887s] -- Using PYTHON_INCLUDE_DIRS: /usr/include/python3.8
[1.887s] -- Using PYTHON_LIBRARIES: /usr/lib/x86_64-linux-gnu/libpython3.8.so
[1.976s] -- Found ament_lint_auto: 0.9.8 (/opt/ros/foxy/share/ament_lint_auto/cmake)
[1.989s] -- Added test 'copyright' to check source files copyright and LICENSE
[1.990s] -- Added test 'lint_cmake' to check CMake code style
[1.991s] -- Added test 'xmllint' to check XML markup files
[1.997s] -- Configuring done
[2.082s] -- Generating done
[2.085s] -- Build files have been written to: /home/mlemsalu/ros2_ws_luke/build/custom_msgs
[2.092s] Invoked command in '/home/mlemsalu/ros2_ws_luke/build/custom_msgs' returned '0': AMENT_PREFIX_PATH=/home/mlemsalu/ros2_ws_luke/install/rosbag2:/home/mlemsalu/ros2_ws_luke/install/ros2bag:/home/mlemsalu/ros2_ws_luke/install/rosbag2_transport:/home/mlemsalu/ros2_ws_luke/install/rosbag2_py:/home/mlemsalu/ros2_ws_luke/install/rosbag2_compression_zstd:/home/mlemsalu/ros2_ws_luke/install/rosbag2_compression:/home/mlemsalu/ros2_ws_luke/install/rosbag2_cpp:/home/mlemsalu/ros2_ws_luke/install/rosbag2_storage_default_plugins:/home/mlemsalu/ros2_ws_luke/install/rosbag2_storage:/home/mlemsalu/ros2_ws_luke/install/zstd_vendor:/home/mlemsalu/ros2_ws_luke/install/sqlite3_vendor:/home/mlemsalu/ros2_ws_luke/install/shared_queues_vendor:${AMENT_PREFIX_PATH} CMAKE_PREFIX_PATH=/home/mlemsalu/ros2_ws_luke/install/rosbag2:/home/mlemsalu/ros2_ws_luke/install/rosbag2_transport:/home/mlemsalu/ros2_ws_luke/install/rosbag2_py:/home/mlemsalu/ros2_ws_luke/install/rosbag2_compression_zstd:/home/mlemsalu/ros2_ws_luke/install/rosbag2_compression:/home/mlemsalu/ros2_ws_luke/install/rosbag2_cpp:/home/mlemsalu/ros2_ws_luke/install/rosbag2_storage_default_plugins:/home/mlemsalu/ros2_ws_luke/install/rosbag2_storage:/home/mlemsalu/ros2_ws_luke/install/zstd_vendor:/home/mlemsalu/ros2_ws_luke/install/sqlite3_vendor:/home/mlemsalu/ros2_ws_luke/install/shared_queues_vendor:/opt/ros/foxy LD_LIBRARY_PATH=/home/mlemsalu/ros2_ws_luke/install/rosbag2_transport/lib:/home/mlemsalu/ros2_ws_luke/install/rosbag2_compression_zstd/lib:/home/mlemsalu/ros2_ws_luke/install/rosbag2_compression/lib:/home/mlemsalu/ros2_ws_luke/install/rosbag2_cpp/lib:/home/mlemsalu/ros2_ws_luke/install/rosbag2_storage_default_plugins/lib:/home/mlemsalu/ros2_ws_luke/install/rosbag2_storage/lib:/home/mlemsalu/ros2_ws_luke/install/zstd_vendor/lib:${LD_LIBRARY_PATH} PYTHONPATH=/home/mlemsalu/ros2_ws_luke/install/ros2bag/lib/python3.8/site-packages:/home/mlemsalu/ros2_ws_luke/install/rosbag2_transport/lib/python3.8/site-packages:/home/mlemsalu/ros2_ws_luke/install/rosbag2_py/lib/python3.8/site-packages:${PYTHONPATH} /usr/bin/cmake /home/mlemsalu/ros2_ws_luke/src/custom_msgs -DCMAKE_INSTALL_PREFIX=/home/mlemsalu/ros2_ws_luke/install/custom_msgs
[2.095s] Invoking command in '/home/mlemsalu/ros2_ws_luke/build/custom_msgs': AMENT_PREFIX_PATH=/home/mlemsalu/ros2_ws_luke/install/rosbag2:/home/mlemsalu/ros2_ws_luke/install/ros2bag:/home/mlemsalu/ros2_ws_luke/install/rosbag2_transport:/home/mlemsalu/ros2_ws_luke/install/rosbag2_py:/home/mlemsalu/ros2_ws_luke/install/rosbag2_compression_zstd:/home/mlemsalu/ros2_ws_luke/install/rosbag2_compression:/home/mlemsalu/ros2_ws_luke/install/rosbag2_cpp:/home/mlemsalu/ros2_ws_luke/install/rosbag2_storage_default_plugins:/home/mlemsalu/ros2_ws_luke/install/rosbag2_storage:/home/mlemsalu/ros2_ws_luke/install/zstd_vendor:/home/mlemsalu/ros2_ws_luke/install/sqlite3_vendor:/home/mlemsalu/ros2_ws_luke/install/shared_queues_vendor:${AMENT_PREFIX_PATH} CMAKE_PREFIX_PATH=/home/mlemsalu/ros2_ws_luke/install/rosbag2:/home/mlemsalu/ros2_ws_luke/install/rosbag2_transport:/home/mlemsalu/ros2_ws_luke/install/rosbag2_py:/home/mlemsalu/ros2_ws_luke/install/rosbag2_compression_zstd:/home/mlemsalu/ros2_ws_luke/install/rosbag2_compression:/home/mlemsalu/ros2_ws_luke/install/rosbag2_cpp:/home/mlemsalu/ros2_ws_luke/install/rosbag2_storage_default_plugins:/home/mlemsalu/ros2_ws_luke/install/rosbag2_storage:/home/mlemsalu/ros2_ws_luke/install/zstd_vendor:/home/mlemsalu/ros2_ws_luke/install/sqlite3_vendor:/home/mlemsalu/ros2_ws_luke/install/shared_queues_vendor:/opt/ros/foxy LD_LIBRARY_PATH=/home/mlemsalu/ros2_ws_luke/install/rosbag2_transport/lib:/home/mlemsalu/ros2_ws_luke/install/rosbag2_compression_zstd/lib:/home/mlemsalu/ros2_ws_luke/install/rosbag2_compression/lib:/home/mlemsalu/ros2_ws_luke/install/rosbag2_cpp/lib:/home/mlemsalu/ros2_ws_luke/install/rosbag2_storage_default_plugins/lib:/home/mlemsalu/ros2_ws_luke/install/rosbag2_storage/lib:/home/mlemsalu/ros2_ws_luke/install/zstd_vendor/lib:${LD_LIBRARY_PATH} PYTHONPATH=/home/mlemsalu/ros2_ws_luke/install/ros2bag/lib/python3.8/site-packages:/home/mlemsalu/ros2_ws_luke/install/rosbag2_transport/lib/python3.8/site-packages:/home/mlemsalu/ros2_ws_luke/install/rosbag2_py/lib/python3.8/site-packages:${PYTHONPATH} /usr/bin/cmake --build /home/mlemsalu/ros2_ws_luke/build/custom_msgs -- -j12 -l12
[2.158s] [  2%] Built target custom_msgs__cpp
[2.166s] [ 12%] Built target custom_msgs__rosidl_generator_c
[2.190s] [ 23%] Built target custom_msgs__rosidl_typesupport_cpp
[2.196s] [ 33%] Built target custom_msgs__rosidl_typesupport_introspection_cpp
[2.199s] [ 43%] Built target custom_msgs__rosidl_typesupport_fastrtps_cpp
[2.200s] [ 53%] Built target custom_msgs__rosidl_typesupport_c
[2.205s] [ 64%] Built target custom_msgs__rosidl_typesupport_introspection_c
[2.234s] [ 74%] Built target custom_msgs__rosidl_typesupport_fastrtps_c
[2.261s] [ 74%] Built target custom_msgs
[2.285s] [ 76%] Built target custom_msgs__py
[2.318s] [ 84%] Built target custom_msgs__python
[2.355s] [ 94%] Built target custom_msgs__rosidl_typesupport_introspection_c__pyext
[2.355s] [ 94%] Built target custom_msgs__rosidl_typesupport_c__pyext
[2.355s] [100%] Built target custom_msgs__rosidl_typesupport_fastrtps_c__pyext
[2.368s] Invoked command in '/home/mlemsalu/ros2_ws_luke/build/custom_msgs' returned '0': AMENT_PREFIX_PATH=/home/mlemsalu/ros2_ws_luke/install/rosbag2:/home/mlemsalu/ros2_ws_luke/install/ros2bag:/home/mlemsalu/ros2_ws_luke/install/rosbag2_transport:/home/mlemsalu/ros2_ws_luke/install/rosbag2_py:/home/mlemsalu/ros2_ws_luke/install/rosbag2_compression_zstd:/home/mlemsalu/ros2_ws_luke/install/rosbag2_compression:/home/mlemsalu/ros2_ws_luke/install/rosbag2_cpp:/home/mlemsalu/ros2_ws_luke/install/rosbag2_storage_default_plugins:/home/mlemsalu/ros2_ws_luke/install/rosbag2_storage:/home/mlemsalu/ros2_ws_luke/install/zstd_vendor:/home/mlemsalu/ros2_ws_luke/install/sqlite3_vendor:/home/mlemsalu/ros2_ws_luke/install/shared_queues_vendor:${AMENT_PREFIX_PATH} CMAKE_PREFIX_PATH=/home/mlemsalu/ros2_ws_luke/install/rosbag2:/home/mlemsalu/ros2_ws_luke/install/rosbag2_transport:/home/mlemsalu/ros2_ws_luke/install/rosbag2_py:/home/mlemsalu/ros2_ws_luke/install/rosbag2_compression_zstd:/home/mlemsalu/ros2_ws_luke/install/rosbag2_compression:/home/mlemsalu/ros2_ws_luke/install/rosbag2_cpp:/home/mlemsalu/ros2_ws_luke/install/rosbag2_storage_default_plugins:/home/mlemsalu/ros2_ws_luke/install/rosbag2_storage:/home/mlemsalu/ros2_ws_luke/install/zstd_vendor:/home/mlemsalu/ros2_ws_luke/install/sqlite3_vendor:/home/mlemsalu/ros2_ws_luke/install/shared_queues_vendor:/opt/ros/foxy LD_LIBRARY_PATH=/home/mlemsalu/ros2_ws_luke/install/rosbag2_transport/lib:/home/mlemsalu/ros2_ws_luke/install/rosbag2_compression_zstd/lib:/home/mlemsalu/ros2_ws_luke/install/rosbag2_compression/lib:/home/mlemsalu/ros2_ws_luke/install/rosbag2_cpp/lib:/home/mlemsalu/ros2_ws_luke/install/rosbag2_storage_default_plugins/lib:/home/mlemsalu/ros2_ws_luke/install/rosbag2_storage/lib:/home/mlemsalu/ros2_ws_luke/install/zstd_vendor/lib:${LD_LIBRARY_PATH} PYTHONPATH=/home/mlemsalu/ros2_ws_luke/install/ros2bag/lib/python3.8/site-packages:/home/mlemsalu/ros2_ws_luke/install/rosbag2_transport/lib/python3.8/site-packages:/home/mlemsalu/ros2_ws_luke/install/rosbag2_py/lib/python3.8/site-packages:${PYTHONPATH} /usr/bin/cmake --build /home/mlemsalu/ros2_ws_luke/build/custom_msgs -- -j12 -l12
[2.437s] Invoking command in '/home/mlemsalu/ros2_ws_luke/build/custom_msgs': AMENT_PREFIX_PATH=/home/mlemsalu/ros2_ws_luke/install/rosbag2:/home/mlemsalu/ros2_ws_luke/install/ros2bag:/home/mlemsalu/ros2_ws_luke/install/rosbag2_transport:/home/mlemsalu/ros2_ws_luke/install/rosbag2_py:/home/mlemsalu/ros2_ws_luke/install/rosbag2_compression_zstd:/home/mlemsalu/ros2_ws_luke/install/rosbag2_compression:/home/mlemsalu/ros2_ws_luke/install/rosbag2_cpp:/home/mlemsalu/ros2_ws_luke/install/rosbag2_storage_default_plugins:/home/mlemsalu/ros2_ws_luke/install/rosbag2_storage:/home/mlemsalu/ros2_ws_luke/install/zstd_vendor:/home/mlemsalu/ros2_ws_luke/install/sqlite3_vendor:/home/mlemsalu/ros2_ws_luke/install/shared_queues_vendor:${AMENT_PREFIX_PATH} CMAKE_PREFIX_PATH=/home/mlemsalu/ros2_ws_luke/install/rosbag2:/home/mlemsalu/ros2_ws_luke/install/rosbag2_transport:/home/mlemsalu/ros2_ws_luke/install/rosbag2_py:/home/mlemsalu/ros2_ws_luke/install/rosbag2_compression_zstd:/home/mlemsalu/ros2_ws_luke/install/rosbag2_compression:/home/mlemsalu/ros2_ws_luke/install/rosbag2_cpp:/home/mlemsalu/ros2_ws_luke/install/rosbag2_storage_default_plugins:/home/mlemsalu/ros2_ws_luke/install/rosbag2_storage:/home/mlemsalu/ros2_ws_luke/install/zstd_vendor:/home/mlemsalu/ros2_ws_luke/install/sqlite3_vendor:/home/mlemsalu/ros2_ws_luke/install/shared_queues_vendor:/opt/ros/foxy LD_LIBRARY_PATH=/home/mlemsalu/ros2_ws_luke/install/rosbag2_transport/lib:/home/mlemsalu/ros2_ws_luke/install/rosbag2_compression_zstd/lib:/home/mlemsalu/ros2_ws_luke/install/rosbag2_compression/lib:/home/mlemsalu/ros2_ws_luke/install/rosbag2_cpp/lib:/home/mlemsalu/ros2_ws_luke/install/rosbag2_storage_default_plugins/lib:/home/mlemsalu/ros2_ws_luke/install/rosbag2_storage/lib:/home/mlemsalu/ros2_ws_luke/install/zstd_vendor/lib:${LD_LIBRARY_PATH} PYTHONPATH=/home/mlemsalu/ros2_ws_luke/install/ros2bag/lib/python3.8/site-packages:/home/mlemsalu/ros2_ws_luke/install/rosbag2_transport/lib/python3.8/site-packages:/home/mlemsalu/ros2_ws_luke/install/rosbag2_py/lib/python3.8/site-packages:${PYTHONPATH} /usr/bin/cmake --install /home/mlemsalu/ros2_ws_luke/build/custom_msgs
[2.446s] -- Install configuration: "Release"
[2.447s] -- Execute custom install script
[2.447s] -- Up-to-date symlink: /home/mlemsalu/ros2_ws_luke/install/custom_msgs/share/ament_index/resource_index/rosidl_interfaces/custom_msgs
[2.447s] -- Up-to-date symlink: /home/mlemsalu/ros2_ws_luke/install/custom_msgs/include/custom_msgs/msg/detail/isobus__functions.h
[2.448s] -- Up-to-date symlink: /home/mlemsalu/ros2_ws_luke/install/custom_msgs/include/custom_msgs/msg/detail/isobus__struct.h
[2.448s] -- Up-to-date symlink: /home/mlemsalu/ros2_ws_luke/install/custom_msgs/include/custom_msgs/msg/detail/isobus__type_support.h
[2.448s] -- Up-to-date symlink: /home/mlemsalu/ros2_ws_luke/install/custom_msgs/include/custom_msgs/msg/detail/sync__functions.h
[2.448s] -- Up-to-date symlink: /home/mlemsalu/ros2_ws_luke/install/custom_msgs/include/custom_msgs/msg/detail/sync__struct.h
[2.448s] -- Up-to-date symlink: /home/mlemsalu/ros2_ws_luke/install/custom_msgs/include/custom_msgs/msg/detail/sync__type_support.h
[2.449s] -- Up-to-date symlink: /home/mlemsalu/ros2_ws_luke/install/custom_msgs/include/custom_msgs/msg/isobus.h
[2.449s] -- Up-to-date symlink: /home/mlemsalu/ros2_ws_luke/install/custom_msgs/include/custom_msgs/msg/rosidl_generator_c__visibility_control.h
[2.449s] -- Up-to-date symlink: /home/mlemsalu/ros2_ws_luke/install/custom_msgs/include/custom_msgs/msg/sync.h
[2.450s] -- Up-to-date symlink: /home/mlemsalu/ros2_ws_luke/install/custom_msgs/share/custom_msgs/environment/library_path.sh
[2.450s] -- Up-to-date symlink: /home/mlemsalu/ros2_ws_luke/install/custom_msgs/share/custom_msgs/environment/library_path.dsv
[2.451s] -- Up-to-date symlink: /home/mlemsalu/ros2_ws_luke/install/custom_msgs/include/custom_msgs/msg/detail/isobus__rosidl_typesupport_fastrtps_c.h
[2.451s] -- Up-to-date symlink: /home/mlemsalu/ros2_ws_luke/install/custom_msgs/include/custom_msgs/msg/detail/sync__rosidl_typesupport_fastrtps_c.h
[2.451s] -- Up-to-date symlink: /home/mlemsalu/ros2_ws_luke/install/custom_msgs/include/custom_msgs/msg/rosidl_typesupport_fastrtps_c__visibility_control.h
[2.452s] -- Up-to-date symlink: /home/mlemsalu/ros2_ws_luke/install/custom_msgs/lib/libcustom_msgs__rosidl_typesupport_fastrtps_c.so
[2.452s] -- Up-to-date symlink: /home/mlemsalu/ros2_ws_luke/install/custom_msgs/include/custom_msgs/msg/detail/isobus__rosidl_typesupport_fastrtps_cpp.hpp
[2.452s] -- Up-to-date symlink: /home/mlemsalu/ros2_ws_luke/install/custom_msgs/include/custom_msgs/msg/detail/sync__rosidl_typesupport_fastrtps_cpp.hpp
[2.453s] -- Up-to-date symlink: /home/mlemsalu/ros2_ws_luke/install/custom_msgs/include/custom_msgs/msg/rosidl_typesupport_fastrtps_cpp__visibility_control.h
[2.453s] -- Up-to-date symlink: /home/mlemsalu/ros2_ws_luke/install/custom_msgs/lib/libcustom_msgs__rosidl_typesupport_fastrtps_cpp.so
[2.454s] -- Up-to-date symlink: /home/mlemsalu/ros2_ws_luke/install/custom_msgs/include/custom_msgs/msg/detail/isobus__rosidl_typesupport_introspection_c.h
[2.454s] -- Up-to-date symlink: /home/mlemsalu/ros2_ws_luke/install/custom_msgs/include/custom_msgs/msg/detail/sync__rosidl_typesupport_introspection_c.h
[2.454s] -- Up-to-date symlink: /home/mlemsalu/ros2_ws_luke/install/custom_msgs/include/custom_msgs/msg/rosidl_typesupport_introspection_c__visibility_control.h
[2.455s] -- Up-to-date symlink: /home/mlemsalu/ros2_ws_luke/install/custom_msgs/include/custom_msgs/msg/detail/isobus__builder.hpp
[2.455s] -- Up-to-date symlink: /home/mlemsalu/ros2_ws_luke/install/custom_msgs/include/custom_msgs/msg/detail/isobus__struct.hpp
[2.455s] -- Up-to-date symlink: /home/mlemsalu/ros2_ws_luke/install/custom_msgs/include/custom_msgs/msg/detail/isobus__traits.hpp
[2.455s] -- Up-to-date symlink: /home/mlemsalu/ros2_ws_luke/install/custom_msgs/include/custom_msgs/msg/detail/sync__builder.hpp
[2.455s] -- Up-to-date symlink: /home/mlemsalu/ros2_ws_luke/install/custom_msgs/include/custom_msgs/msg/detail/sync__struct.hpp
[2.455s] -- Up-to-date symlink: /home/mlemsalu/ros2_ws_luke/install/custom_msgs/include/custom_msgs/msg/detail/sync__traits.hpp
[2.456s] -- Up-to-date symlink: /home/mlemsalu/ros2_ws_luke/install/custom_msgs/include/custom_msgs/msg/isobus.hpp
[2.456s] -- Up-to-date symlink: /home/mlemsalu/ros2_ws_luke/install/custom_msgs/include/custom_msgs/msg/sync.hpp
[2.457s] -- Up-to-date symlink: /home/mlemsalu/ros2_ws_luke/install/custom_msgs/include/custom_msgs/msg/detail/isobus__rosidl_typesupport_introspection_cpp.hpp
[2.457s] -- Up-to-date symlink: /home/mlemsalu/ros2_ws_luke/install/custom_msgs/include/custom_msgs/msg/detail/sync__rosidl_typesupport_introspection_cpp.hpp
[2.457s] -- Up-to-date symlink: /home/mlemsalu/ros2_ws_luke/install/custom_msgs/share/custom_msgs/environment/pythonpath.sh
[2.457s] -- Up-to-date symlink: /home/mlemsalu/ros2_ws_luke/install/custom_msgs/share/custom_msgs/environment/pythonpath.dsv
[2.458s] -- Up-to-date symlink: /home/mlemsalu/ros2_ws_luke/install/custom_msgs/lib/python3.8/site-packages/custom_msgs/__init__.py
[2.458s] -- Up-to-date symlink: /home/mlemsalu/ros2_ws_luke/install/custom_msgs/lib/python3.8/site-packages/custom_msgs/msg/__init__.py
[2.458s] -- Up-to-date symlink: /home/mlemsalu/ros2_ws_luke/install/custom_msgs/lib/python3.8/site-packages/custom_msgs/msg/_isobus.py
[2.458s] -- Up-to-date symlink: /home/mlemsalu/ros2_ws_luke/install/custom_msgs/lib/python3.8/site-packages/custom_msgs/msg/_sync.py
[2.459s] -- Up-to-date symlink: /home/mlemsalu/ros2_ws_luke/install/custom_msgs/lib/python3.8/site-packages/custom_msgs/custom_msgs_s__rosidl_typesupport_fastrtps_c.cpython-38-x86_64-linux-gnu.so
[2.459s] -- Up-to-date symlink: /home/mlemsalu/ros2_ws_luke/install/custom_msgs/lib/python3.8/site-packages/custom_msgs/custom_msgs_s__rosidl_typesupport_introspection_c.cpython-38-x86_64-linux-gnu.so
[2.460s] -- Up-to-date symlink: /home/mlemsalu/ros2_ws_luke/install/custom_msgs/lib/python3.8/site-packages/custom_msgs/custom_msgs_s__rosidl_typesupport_c.cpython-38-x86_64-linux-gnu.so
[2.460s] -- Up-to-date symlink: /home/mlemsalu/ros2_ws_luke/install/custom_msgs/lib/libcustom_msgs__python.so
[2.460s] -- Up-to-date symlink: /home/mlemsalu/ros2_ws_luke/install/custom_msgs/share/custom_msgs/msg/Sync.idl
[2.460s] -- Up-to-date symlink: /home/mlemsalu/ros2_ws_luke/install/custom_msgs/share/custom_msgs/msg/Isobus.idl
[2.461s] -- Up-to-date symlink: /home/mlemsalu/ros2_ws_luke/install/custom_msgs/share/custom_msgs/msg/Sync.msg
[2.461s] -- Up-to-date symlink: /home/mlemsalu/ros2_ws_luke/install/custom_msgs/share/custom_msgs/msg/Isobus.msg
[2.461s] -- Up-to-date symlink: /home/mlemsalu/ros2_ws_luke/install/custom_msgs/share/ament_index/resource_index/package_run_dependencies/custom_msgs
[2.462s] -- Up-to-date symlink: /home/mlemsalu/ros2_ws_luke/install/custom_msgs/share/ament_index/resource_index/parent_prefix_path/custom_msgs
[2.462s] -- Up-to-date symlink: /home/mlemsalu/ros2_ws_luke/install/custom_msgs/share/custom_msgs/environment/ament_prefix_path.sh
[2.462s] -- Up-to-date symlink: /home/mlemsalu/ros2_ws_luke/install/custom_msgs/share/custom_msgs/environment/ament_prefix_path.dsv
[2.462s] -- Up-to-date symlink: /home/mlemsalu/ros2_ws_luke/install/custom_msgs/share/custom_msgs/environment/path.sh
[2.463s] -- Up-to-date symlink: /home/mlemsalu/ros2_ws_luke/install/custom_msgs/share/custom_msgs/environment/path.dsv
[2.463s] -- Up-to-date symlink: /home/mlemsalu/ros2_ws_luke/install/custom_msgs/share/custom_msgs/local_setup.bash
[2.463s] -- Up-to-date symlink: /home/mlemsalu/ros2_ws_luke/install/custom_msgs/share/custom_msgs/local_setup.sh
[2.463s] -- Up-to-date symlink: /home/mlemsalu/ros2_ws_luke/install/custom_msgs/share/custom_msgs/local_setup.zsh
[2.464s] -- Up-to-date symlink: /home/mlemsalu/ros2_ws_luke/install/custom_msgs/share/custom_msgs/local_setup.dsv
[2.464s] -- Symlinking: /home/mlemsalu/ros2_ws_luke/install/custom_msgs/share/custom_msgs/package.dsv
[2.474s] -- Up-to-date symlink: /home/mlemsalu/ros2_ws_luke/install/custom_msgs/share/ament_index/resource_index/packages/custom_msgs
[2.474s] -- Up-to-date symlink: /home/mlemsalu/ros2_ws_luke/install/custom_msgs/share/custom_msgs/cmake/rosidl_cmake-extras.cmake
[2.474s] -- Up-to-date symlink: /home/mlemsalu/ros2_ws_luke/install/custom_msgs/share/custom_msgs/cmake/ament_cmake_export_dependencies-extras.cmake
[2.474s] -- Up-to-date symlink: /home/mlemsalu/ros2_ws_luke/install/custom_msgs/share/custom_msgs/cmake/ament_cmake_export_libraries-extras.cmake
[2.475s] -- Up-to-date symlink: /home/mlemsalu/ros2_ws_luke/install/custom_msgs/share/custom_msgs/cmake/ament_cmake_export_targets-extras.cmake
[2.475s] -- Up-to-date symlink: /home/mlemsalu/ros2_ws_luke/install/custom_msgs/share/custom_msgs/cmake/ament_cmake_export_include_directories-extras.cmake
[2.475s] -- Up-to-date symlink: /home/mlemsalu/ros2_ws_luke/install/custom_msgs/share/custom_msgs/cmake/rosidl_cmake_export_typesupport_libraries-extras.cmake
[2.475s] -- Up-to-date symlink: /home/mlemsalu/ros2_ws_luke/install/custom_msgs/share/custom_msgs/cmake/rosidl_cmake_export_typesupport_targets-extras.cmake
[2.476s] -- Up-to-date symlink: /home/mlemsalu/ros2_ws_luke/install/custom_msgs/share/custom_msgs/cmake/custom_msgsConfig.cmake
[2.476s] -- Up-to-date symlink: /home/mlemsalu/ros2_ws_luke/install/custom_msgs/share/custom_msgs/cmake/custom_msgsConfig-version.cmake
[2.476s] -- Up-to-date symlink: /home/mlemsalu/ros2_ws_luke/install/custom_msgs/share/custom_msgs/package.xml
[2.476s] -- Up-to-date: /home/mlemsalu/ros2_ws_luke/install/custom_msgs/lib/libcustom_msgs__rosidl_generator_c.so
[2.477s] -- Up-to-date: /home/mlemsalu/ros2_ws_luke/install/custom_msgs/lib/libcustom_msgs__rosidl_typesupport_introspection_c.so
[2.477s] -- Up-to-date: /home/mlemsalu/ros2_ws_luke/install/custom_msgs/lib/libcustom_msgs__rosidl_typesupport_c.so
[2.478s] -- Up-to-date: /home/mlemsalu/ros2_ws_luke/install/custom_msgs/lib/libcustom_msgs__rosidl_typesupport_introspection_cpp.so
[2.478s] -- Up-to-date: /home/mlemsalu/ros2_ws_luke/install/custom_msgs/lib/libcustom_msgs__rosidl_typesupport_cpp.so
[2.509s] Compiling '/home/mlemsalu/ros2_ws_luke/install/custom_msgs/lib/python3.8/site-packages/custom_msgs/__init__.py'...
[2.513s] -- Up-to-date: /home/mlemsalu/ros2_ws_luke/install/custom_msgs/share/custom_msgs/cmake/custom_msgs__rosidl_generator_cExport.cmake
[2.513s] -- Installing: /home/mlemsalu/ros2_ws_luke/install/custom_msgs/share/custom_msgs/cmake/custom_msgs__rosidl_generator_cExport-release.cmake
[2.513s] -- Up-to-date: /home/mlemsalu/ros2_ws_luke/install/custom_msgs/share/custom_msgs/cmake/custom_msgs__rosidl_typesupport_introspection_cExport.cmake
[2.513s] -- Installing: /home/mlemsalu/ros2_ws_luke/install/custom_msgs/share/custom_msgs/cmake/custom_msgs__rosidl_typesupport_introspection_cExport-release.cmake
[2.513s] -- Up-to-date: /home/mlemsalu/ros2_ws_luke/install/custom_msgs/share/custom_msgs/cmake/custom_msgs__rosidl_typesupport_cExport.cmake
[2.513s] -- Installing: /home/mlemsalu/ros2_ws_luke/install/custom_msgs/share/custom_msgs/cmake/custom_msgs__rosidl_typesupport_cExport-release.cmake
[2.513s] -- Up-to-date: /home/mlemsalu/ros2_ws_luke/install/custom_msgs/share/custom_msgs/cmake/custom_msgs__rosidl_generator_cppExport.cmake
[2.514s] -- Up-to-date: /home/mlemsalu/ros2_ws_luke/install/custom_msgs/share/custom_msgs/cmake/custom_msgs__rosidl_typesupport_introspection_cppExport.cmake
[2.514s] -- Installing: /home/mlemsalu/ros2_ws_luke/install/custom_msgs/share/custom_msgs/cmake/custom_msgs__rosidl_typesupport_introspection_cppExport-release.cmake
[2.514s] -- Up-to-date: /home/mlemsalu/ros2_ws_luke/install/custom_msgs/share/custom_msgs/cmake/custom_msgs__rosidl_typesupport_cppExport.cmake
[2.514s] -- Installing: /home/mlemsalu/ros2_ws_luke/install/custom_msgs/share/custom_msgs/cmake/custom_msgs__rosidl_typesupport_cppExport-release.cmake
[2.518s] Invoked command in '/home/mlemsalu/ros2_ws_luke/build/custom_msgs' returned '0': AMENT_PREFIX_PATH=/home/mlemsalu/ros2_ws_luke/install/rosbag2:/home/mlemsalu/ros2_ws_luke/install/ros2bag:/home/mlemsalu/ros2_ws_luke/install/rosbag2_transport:/home/mlemsalu/ros2_ws_luke/install/rosbag2_py:/home/mlemsalu/ros2_ws_luke/install/rosbag2_compression_zstd:/home/mlemsalu/ros2_ws_luke/install/rosbag2_compression:/home/mlemsalu/ros2_ws_luke/install/rosbag2_cpp:/home/mlemsalu/ros2_ws_luke/install/rosbag2_storage_default_plugins:/home/mlemsalu/ros2_ws_luke/install/rosbag2_storage:/home/mlemsalu/ros2_ws_luke/install/zstd_vendor:/home/mlemsalu/ros2_ws_luke/install/sqlite3_vendor:/home/mlemsalu/ros2_ws_luke/install/shared_queues_vendor:${AMENT_PREFIX_PATH} CMAKE_PREFIX_PATH=/home/mlemsalu/ros2_ws_luke/install/rosbag2:/home/mlemsalu/ros2_ws_luke/install/rosbag2_transport:/home/mlemsalu/ros2_ws_luke/install/rosbag2_py:/home/mlemsalu/ros2_ws_luke/install/rosbag2_compression_zstd:/home/mlemsalu/ros2_ws_luke/install/rosbag2_compression:/home/mlemsalu/ros2_ws_luke/install/rosbag2_cpp:/home/mlemsalu/ros2_ws_luke/install/rosbag2_storage_default_plugins:/home/mlemsalu/ros2_ws_luke/install/rosbag2_storage:/home/mlemsalu/ros2_ws_luke/install/zstd_vendor:/home/mlemsalu/ros2_ws_luke/install/sqlite3_vendor:/home/mlemsalu/ros2_ws_luke/install/shared_queues_vendor:/opt/ros/foxy LD_LIBRARY_PATH=/home/mlemsalu/ros2_ws_luke/install/rosbag2_transport/lib:/home/mlemsalu/ros2_ws_luke/install/rosbag2_compression_zstd/lib:/home/mlemsalu/ros2_ws_luke/install/rosbag2_compression/lib:/home/mlemsalu/ros2_ws_luke/install/rosbag2_cpp/lib:/home/mlemsalu/ros2_ws_luke/install/rosbag2_storage_default_plugins/lib:/home/mlemsalu/ros2_ws_luke/install/rosbag2_storage/lib:/home/mlemsalu/ros2_ws_luke/install/zstd_vendor/lib:${LD_LIBRARY_PATH} PYTHONPATH=/home/mlemsalu/ros2_ws_luke/install/ros2bag/lib/python3.8/site-packages:/home/mlemsalu/ros2_ws_luke/install/rosbag2_transport/lib/python3.8/site-packages:/home/mlemsalu/ros2_ws_luke/install/rosbag2_py/lib/python3.8/site-packages:${PYTHONPATH} /usr/bin/cmake --install /home/mlemsalu/ros2_ws_luke/build/custom_msgs
