-- Found ament_cmake: 0.9.11 (/opt/ros/foxy/share/ament_cmake/cmake)
-- Using PYTHON_EXECUTABLE: /usr/bin/python3
-- Override CMake install command with custom implementation using symlinks instead of copying resources
-- Found pluginlib: 2.5.4 (/opt/ros/foxy/share/pluginlib/cmake)
-- Found rosbag2_compression: 0.7.0 (/home/mlemsalu/ros2_ws_luke/install/rosbag2_compression/share/rosbag2_compression/cmake)
-- Using all available rosidl_typesupport_c: rosidl_typesupport_fastrtps_c;rosidl_typesupport_introspection_c
-- Found rosidl_adapter: 1.3.0 (/opt/ros/foxy/share/rosidl_adapter/cmake)
-- Using all available rosidl_typesupport_cpp: rosidl_typesupport_fastrtps_cpp;rosidl_typesupport_introspection_cpp
-- Found rmw_implementation_cmake: 1.0.4 (/opt/ros/foxy/share/rmw_implementation_cmake/cmake)
-- Using RMW implementation 'rmw_fastrtps_cpp' as default
-- Setting yaml-cpp_DIR to: '/opt/ros/foxy/share/yaml_cpp_vendor/cmake/../../../opt/yaml_cpp_vendor/lib/cmake/yaml-cpp'
-- Found zstd_vendor: 0.7.0 (/home/mlemsalu/ros2_ws_luke/install/zstd_vendor/share/zstd_vendor/cmake)
-- Found ament_cmake_gmock: 0.9.11 (/opt/ros/foxy/share/ament_cmake_gmock/cmake)
-- Found ament_lint_auto: 0.9.8 (/opt/ros/foxy/share/ament_lint_auto/cmake)
-- Found rosbag2_test_common: 0.7.0 (/home/mlemsalu/ros2_ws_luke/install/rosbag2_test_common/share/rosbag2_test_common/cmake)
-- Found gmock sources under '/opt/ros/foxy/src/gmock_vendor': C++ tests using 'Google Mock' will be built
-- Found ament_cmake_gtest: 0.9.11 (/opt/ros/foxy/share/ament_cmake_gtest/cmake)
-- Found gtest sources under '/opt/ros/foxy/src/gtest_vendor': C++ tests using 'Google Test' will be built
-- Added test 'copyright' to check source files copyright and LICENSE
-- Added test 'cppcheck' to perform static code analysis on C / C++ code
-- Configured cppcheck include dirs: $<BUILD_INTERFACE:/home/mlemsalu/ros2_ws_luke/src/rosbag2-foxy-future/rosbag2_compression_zstd/include>
-- Configured cppcheck exclude dirs and/or files: 
-- Added test 'cpplint' to check C / C++ code against the Google style
-- Configured cpplint exclude dirs and/or files: 
-- Added test 'lint_cmake' to check CMake code style
-- Added test 'uncrustify' to check C / C++ code style
-- Configured uncrustify additional arguments: 
-- Added test 'xmllint' to check XML markup files
-- Configuring done
-- Generating done
-- Build files have been written to: /home/mlemsalu/ros2_ws_luke/build/rosbag2_compression_zstd
[ 18%] Built target gmock_main
[ 45%] Built target gmock
[ 81%] Built target rosbag2_compression_zstd
[100%] Built target test_zstd_compressor
-- Install configuration: "Release"
-- Execute custom install script
-- Up-to-date symlink: /home/mlemsalu/ros2_ws_luke/install/rosbag2_compression_zstd/share/rosbag2_compression_zstd//plugin_description.xml
-- Up-to-date symlink: /home/mlemsalu/ros2_ws_luke/install/rosbag2_compression_zstd/include/rosbag2_compression_zstd/visibility_control.hpp
-- Up-to-date symlink: /home/mlemsalu/ros2_ws_luke/install/rosbag2_compression_zstd/include/rosbag2_compression_zstd/zstd_compressor.hpp
-- Up-to-date symlink: /home/mlemsalu/ros2_ws_luke/install/rosbag2_compression_zstd/include/rosbag2_compression_zstd/zstd_decompressor.hpp
-- Up-to-date symlink: /home/mlemsalu/ros2_ws_luke/install/rosbag2_compression_zstd/share/rosbag2_compression_zstd/environment/library_path.sh
-- Up-to-date symlink: /home/mlemsalu/ros2_ws_luke/install/rosbag2_compression_zstd/share/rosbag2_compression_zstd/environment/library_path.dsv
-- Up-to-date symlink: /home/mlemsalu/ros2_ws_luke/install/rosbag2_compression_zstd/share/ament_index/resource_index/package_run_dependencies/rosbag2_compression_zstd
-- Up-to-date symlink: /home/mlemsalu/ros2_ws_luke/install/rosbag2_compression_zstd/share/ament_index/resource_index/parent_prefix_path/rosbag2_compression_zstd
-- Up-to-date symlink: /home/mlemsalu/ros2_ws_luke/install/rosbag2_compression_zstd/share/rosbag2_compression_zstd/environment/ament_prefix_path.sh
-- Up-to-date symlink: /home/mlemsalu/ros2_ws_luke/install/rosbag2_compression_zstd/share/rosbag2_compression_zstd/environment/ament_prefix_path.dsv
-- Up-to-date symlink: /home/mlemsalu/ros2_ws_luke/install/rosbag2_compression_zstd/share/rosbag2_compression_zstd/environment/path.sh
-- Up-to-date symlink: /home/mlemsalu/ros2_ws_luke/install/rosbag2_compression_zstd/share/rosbag2_compression_zstd/environment/path.dsv
-- Up-to-date symlink: /home/mlemsalu/ros2_ws_luke/install/rosbag2_compression_zstd/share/rosbag2_compression_zstd/local_setup.bash
-- Up-to-date symlink: /home/mlemsalu/ros2_ws_luke/install/rosbag2_compression_zstd/share/rosbag2_compression_zstd/local_setup.sh
-- Up-to-date symlink: /home/mlemsalu/ros2_ws_luke/install/rosbag2_compression_zstd/share/rosbag2_compression_zstd/local_setup.zsh
-- Up-to-date symlink: /home/mlemsalu/ros2_ws_luke/install/rosbag2_compression_zstd/share/rosbag2_compression_zstd/local_setup.dsv
-- Symlinking: /home/mlemsalu/ros2_ws_luke/install/rosbag2_compression_zstd/share/rosbag2_compression_zstd/package.dsv
-- Up-to-date symlink: /home/mlemsalu/ros2_ws_luke/install/rosbag2_compression_zstd/share/ament_index/resource_index/packages/rosbag2_compression_zstd
-- Up-to-date symlink: /home/mlemsalu/ros2_ws_luke/install/rosbag2_compression_zstd/share/ament_index/resource_index/rosbag2_compression__pluginlib__plugin/rosbag2_compression_zstd
-- Up-to-date symlink: /home/mlemsalu/ros2_ws_luke/install/rosbag2_compression_zstd/share/rosbag2_compression_zstd/cmake/ament_cmake_export_include_directories-extras.cmake
-- Up-to-date symlink: /home/mlemsalu/ros2_ws_luke/install/rosbag2_compression_zstd/share/rosbag2_compression_zstd/cmake/ament_cmake_export_libraries-extras.cmake
-- Up-to-date symlink: /home/mlemsalu/ros2_ws_luke/install/rosbag2_compression_zstd/share/rosbag2_compression_zstd/cmake/ament_cmake_export_targets-extras.cmake
-- Up-to-date symlink: /home/mlemsalu/ros2_ws_luke/install/rosbag2_compression_zstd/share/rosbag2_compression_zstd/cmake/ament_cmake_export_dependencies-extras.cmake
-- Up-to-date symlink: /home/mlemsalu/ros2_ws_luke/install/rosbag2_compression_zstd/share/rosbag2_compression_zstd/cmake/rosbag2_compression_zstdConfig.cmake
-- Up-to-date symlink: /home/mlemsalu/ros2_ws_luke/install/rosbag2_compression_zstd/share/rosbag2_compression_zstd/cmake/rosbag2_compression_zstdConfig-version.cmake
-- Up-to-date symlink: /home/mlemsalu/ros2_ws_luke/install/rosbag2_compression_zstd/share/rosbag2_compression_zstd/package.xml
-- Up-to-date: /home/mlemsalu/ros2_ws_luke/install/rosbag2_compression_zstd/lib/librosbag2_compression_zstd.so
-- Up-to-date: /home/mlemsalu/ros2_ws_luke/install/rosbag2_compression_zstd/share/rosbag2_compression_zstd/cmake/export_rosbag2_compression_zstdExport.cmake
-- Installing: /home/mlemsalu/ros2_ws_luke/install/rosbag2_compression_zstd/share/rosbag2_compression_zstd/cmake/export_rosbag2_compression_zstdExport-release.cmake
