[0.042s] Invoking command in '/home/mlemsalu/ros2_ws_luke/build/rosbag2_compression_zstd': AMENT_PREFIX_PATH=/home/mlemsalu/ros2_ws_luke/install/rosbag2_compression:/home/mlemsalu/ros2_ws_luke/install/rosbag2_cpp:/home/mlemsalu/ros2_ws_luke/install/rosbag2_storage_default_plugins:/home/mlemsalu/ros2_ws_luke/install/rosbag2_storage:/home/mlemsalu/ros2_ws_luke/install/zstd_vendor:/home/mlemsalu/ros2_ws_luke/install/sqlite3_vendor:/home/mlemsalu/ros2_ws_luke/install/shared_queues_vendor:/home/mlemsalu/ros2_ws_luke/install/rosbag2_test_common:${AMENT_PREFIX_PATH} CMAKE_PREFIX_PATH=/home/mlemsalu/ros2_ws_luke/install/rosbag2_compression:/home/mlemsalu/ros2_ws_luke/install/rosbag2_cpp:/home/mlemsalu/ros2_ws_luke/install/rosbag2_storage_default_plugins:/home/mlemsalu/ros2_ws_luke/install/rosbag2_storage:/home/mlemsalu/ros2_ws_luke/install/zstd_vendor:/home/mlemsalu/ros2_ws_luke/install/sqlite3_vendor:/home/mlemsalu/ros2_ws_luke/install/shared_queues_vendor:/home/mlemsalu/ros2_ws_luke/install/rosbag2_test_common:/opt/ros/foxy LD_LIBRARY_PATH=/home/mlemsalu/ros2_ws_luke/install/rosbag2_compression/lib:/home/mlemsalu/ros2_ws_luke/install/rosbag2_cpp/lib:/home/mlemsalu/ros2_ws_luke/install/rosbag2_storage_default_plugins/lib:/home/mlemsalu/ros2_ws_luke/install/rosbag2_storage/lib:/home/mlemsalu/ros2_ws_luke/install/zstd_vendor/lib:${LD_LIBRARY_PATH} /usr/bin/cmake /home/mlemsalu/ros2_ws_luke/src/rosbag2-foxy-future/rosbag2_compression_zstd -DCMAKE_INSTALL_PREFIX=/home/mlemsalu/ros2_ws_luke/install/rosbag2_compression_zstd
[0.062s] -- Found ament_cmake: 0.9.11 (/opt/ros/foxy/share/ament_cmake/cmake)
[0.093s] -- Using PYTHON_EXECUTABLE: /usr/bin/python3
[0.349s] -- Override CMake install command with custom implementation using symlinks instead of copying resources
[0.360s] -- Found pluginlib: 2.5.4 (/opt/ros/foxy/share/pluginlib/cmake)
[0.406s] -- Found rosbag2_compression: 0.7.0 (/home/mlemsalu/ros2_ws_luke/install/rosbag2_compression/share/rosbag2_compression/cmake)
[0.451s] -- Using all available rosidl_typesupport_c: rosidl_typesupport_fastrtps_c;rosidl_typesupport_introspection_c
[0.457s] -- Found rosidl_adapter: 1.3.0 (/opt/ros/foxy/share/rosidl_adapter/cmake)
[0.565s] -- Using all available rosidl_typesupport_cpp: rosidl_typesupport_fastrtps_cpp;rosidl_typesupport_introspection_cpp
[0.615s] -- Found rmw_implementation_cmake: 1.0.4 (/opt/ros/foxy/share/rmw_implementation_cmake/cmake)
[0.616s] -- Using RMW implementation 'rmw_fastrtps_cpp' as default
[0.765s] -- Setting yaml-cpp_DIR to: '/opt/ros/foxy/share/yaml_cpp_vendor/cmake/../../../opt/yaml_cpp_vendor/lib/cmake/yaml-cpp'
[0.771s] -- Found zstd_vendor: 0.7.0 (/home/mlemsalu/ros2_ws_luke/install/zstd_vendor/share/zstd_vendor/cmake)
[0.776s] -- Found ament_cmake_gmock: 0.9.11 (/opt/ros/foxy/share/ament_cmake_gmock/cmake)
[0.776s] -- Found ament_lint_auto: 0.9.8 (/opt/ros/foxy/share/ament_lint_auto/cmake)
[0.777s] -- Found rosbag2_test_common: 0.7.0 (/home/mlemsalu/ros2_ws_luke/install/rosbag2_test_common/share/rosbag2_test_common/cmake)
[0.858s] -- Found gmock sources under '/opt/ros/foxy/src/gmock_vendor': C++ tests using 'Google Mock' will be built
[0.861s] -- Found ament_cmake_gtest: 0.9.11 (/opt/ros/foxy/share/ament_cmake_gtest/cmake)
[0.862s] -- Found gtest sources under '/opt/ros/foxy/src/gtest_vendor': C++ tests using 'Google Test' will be built
[0.872s] -- Added test 'copyright' to check source files copyright and LICENSE
[0.873s] -- Added test 'cppcheck' to perform static code analysis on C / C++ code
[0.873s] -- Configured cppcheck include dirs: $<BUILD_INTERFACE:/home/mlemsalu/ros2_ws_luke/src/rosbag2-foxy-future/rosbag2_compression_zstd/include>
[0.874s] -- Configured cppcheck exclude dirs and/or files: 
[0.875s] -- Added test 'cpplint' to check C / C++ code against the Google style
[0.875s] -- Configured cpplint exclude dirs and/or files: 
[0.875s] -- Added test 'lint_cmake' to check CMake code style
[0.877s] -- Added test 'uncrustify' to check C / C++ code style
[0.877s] -- Configured uncrustify additional arguments: 
[0.877s] -- Added test 'xmllint' to check XML markup files
[0.882s] -- Configuring done
[0.901s] -- Generating done
[0.903s] -- Build files have been written to: /home/mlemsalu/ros2_ws_luke/build/rosbag2_compression_zstd
[0.909s] Invoked command in '/home/mlemsalu/ros2_ws_luke/build/rosbag2_compression_zstd' returned '0': AMENT_PREFIX_PATH=/home/mlemsalu/ros2_ws_luke/install/rosbag2_compression:/home/mlemsalu/ros2_ws_luke/install/rosbag2_cpp:/home/mlemsalu/ros2_ws_luke/install/rosbag2_storage_default_plugins:/home/mlemsalu/ros2_ws_luke/install/rosbag2_storage:/home/mlemsalu/ros2_ws_luke/install/zstd_vendor:/home/mlemsalu/ros2_ws_luke/install/sqlite3_vendor:/home/mlemsalu/ros2_ws_luke/install/shared_queues_vendor:/home/mlemsalu/ros2_ws_luke/install/rosbag2_test_common:${AMENT_PREFIX_PATH} CMAKE_PREFIX_PATH=/home/mlemsalu/ros2_ws_luke/install/rosbag2_compression:/home/mlemsalu/ros2_ws_luke/install/rosbag2_cpp:/home/mlemsalu/ros2_ws_luke/install/rosbag2_storage_default_plugins:/home/mlemsalu/ros2_ws_luke/install/rosbag2_storage:/home/mlemsalu/ros2_ws_luke/install/zstd_vendor:/home/mlemsalu/ros2_ws_luke/install/sqlite3_vendor:/home/mlemsalu/ros2_ws_luke/install/shared_queues_vendor:/home/mlemsalu/ros2_ws_luke/install/rosbag2_test_common:/opt/ros/foxy LD_LIBRARY_PATH=/home/mlemsalu/ros2_ws_luke/install/rosbag2_compression/lib:/home/mlemsalu/ros2_ws_luke/install/rosbag2_cpp/lib:/home/mlemsalu/ros2_ws_luke/install/rosbag2_storage_default_plugins/lib:/home/mlemsalu/ros2_ws_luke/install/rosbag2_storage/lib:/home/mlemsalu/ros2_ws_luke/install/zstd_vendor/lib:${LD_LIBRARY_PATH} /usr/bin/cmake /home/mlemsalu/ros2_ws_luke/src/rosbag2-foxy-future/rosbag2_compression_zstd -DCMAKE_INSTALL_PREFIX=/home/mlemsalu/ros2_ws_luke/install/rosbag2_compression_zstd
[0.912s] Invoking command in '/home/mlemsalu/ros2_ws_luke/build/rosbag2_compression_zstd': AMENT_PREFIX_PATH=/home/mlemsalu/ros2_ws_luke/install/rosbag2_compression:/home/mlemsalu/ros2_ws_luke/install/rosbag2_cpp:/home/mlemsalu/ros2_ws_luke/install/rosbag2_storage_default_plugins:/home/mlemsalu/ros2_ws_luke/install/rosbag2_storage:/home/mlemsalu/ros2_ws_luke/install/zstd_vendor:/home/mlemsalu/ros2_ws_luke/install/sqlite3_vendor:/home/mlemsalu/ros2_ws_luke/install/shared_queues_vendor:/home/mlemsalu/ros2_ws_luke/install/rosbag2_test_common:${AMENT_PREFIX_PATH} CMAKE_PREFIX_PATH=/home/mlemsalu/ros2_ws_luke/install/rosbag2_compression:/home/mlemsalu/ros2_ws_luke/install/rosbag2_cpp:/home/mlemsalu/ros2_ws_luke/install/rosbag2_storage_default_plugins:/home/mlemsalu/ros2_ws_luke/install/rosbag2_storage:/home/mlemsalu/ros2_ws_luke/install/zstd_vendor:/home/mlemsalu/ros2_ws_luke/install/sqlite3_vendor:/home/mlemsalu/ros2_ws_luke/install/shared_queues_vendor:/home/mlemsalu/ros2_ws_luke/install/rosbag2_test_common:/opt/ros/foxy LD_LIBRARY_PATH=/home/mlemsalu/ros2_ws_luke/install/rosbag2_compression/lib:/home/mlemsalu/ros2_ws_luke/install/rosbag2_cpp/lib:/home/mlemsalu/ros2_ws_luke/install/rosbag2_storage_default_plugins/lib:/home/mlemsalu/ros2_ws_luke/install/rosbag2_storage/lib:/home/mlemsalu/ros2_ws_luke/install/zstd_vendor/lib:${LD_LIBRARY_PATH} /usr/bin/cmake --build /home/mlemsalu/ros2_ws_luke/build/rosbag2_compression_zstd -- -j12 -l12
[0.967s] [ 18%] Built target gmock_main
[0.968s] [ 45%] Built target gmock
[0.978s] [ 81%] Built target rosbag2_compression_zstd
[1.015s] [100%] Built target test_zstd_compressor
[1.026s] Invoked command in '/home/mlemsalu/ros2_ws_luke/build/rosbag2_compression_zstd' returned '0': AMENT_PREFIX_PATH=/home/mlemsalu/ros2_ws_luke/install/rosbag2_compression:/home/mlemsalu/ros2_ws_luke/install/rosbag2_cpp:/home/mlemsalu/ros2_ws_luke/install/rosbag2_storage_default_plugins:/home/mlemsalu/ros2_ws_luke/install/rosbag2_storage:/home/mlemsalu/ros2_ws_luke/install/zstd_vendor:/home/mlemsalu/ros2_ws_luke/install/sqlite3_vendor:/home/mlemsalu/ros2_ws_luke/install/shared_queues_vendor:/home/mlemsalu/ros2_ws_luke/install/rosbag2_test_common:${AMENT_PREFIX_PATH} CMAKE_PREFIX_PATH=/home/mlemsalu/ros2_ws_luke/install/rosbag2_compression:/home/mlemsalu/ros2_ws_luke/install/rosbag2_cpp:/home/mlemsalu/ros2_ws_luke/install/rosbag2_storage_default_plugins:/home/mlemsalu/ros2_ws_luke/install/rosbag2_storage:/home/mlemsalu/ros2_ws_luke/install/zstd_vendor:/home/mlemsalu/ros2_ws_luke/install/sqlite3_vendor:/home/mlemsalu/ros2_ws_luke/install/shared_queues_vendor:/home/mlemsalu/ros2_ws_luke/install/rosbag2_test_common:/opt/ros/foxy LD_LIBRARY_PATH=/home/mlemsalu/ros2_ws_luke/install/rosbag2_compression/lib:/home/mlemsalu/ros2_ws_luke/install/rosbag2_cpp/lib:/home/mlemsalu/ros2_ws_luke/install/rosbag2_storage_default_plugins/lib:/home/mlemsalu/ros2_ws_luke/install/rosbag2_storage/lib:/home/mlemsalu/ros2_ws_luke/install/zstd_vendor/lib:${LD_LIBRARY_PATH} /usr/bin/cmake --build /home/mlemsalu/ros2_ws_luke/build/rosbag2_compression_zstd -- -j12 -l12
[1.057s] Invoking command in '/home/mlemsalu/ros2_ws_luke/build/rosbag2_compression_zstd': AMENT_PREFIX_PATH=/home/mlemsalu/ros2_ws_luke/install/rosbag2_compression:/home/mlemsalu/ros2_ws_luke/install/rosbag2_cpp:/home/mlemsalu/ros2_ws_luke/install/rosbag2_storage_default_plugins:/home/mlemsalu/ros2_ws_luke/install/rosbag2_storage:/home/mlemsalu/ros2_ws_luke/install/zstd_vendor:/home/mlemsalu/ros2_ws_luke/install/sqlite3_vendor:/home/mlemsalu/ros2_ws_luke/install/shared_queues_vendor:/home/mlemsalu/ros2_ws_luke/install/rosbag2_test_common:${AMENT_PREFIX_PATH} CMAKE_PREFIX_PATH=/home/mlemsalu/ros2_ws_luke/install/rosbag2_compression:/home/mlemsalu/ros2_ws_luke/install/rosbag2_cpp:/home/mlemsalu/ros2_ws_luke/install/rosbag2_storage_default_plugins:/home/mlemsalu/ros2_ws_luke/install/rosbag2_storage:/home/mlemsalu/ros2_ws_luke/install/zstd_vendor:/home/mlemsalu/ros2_ws_luke/install/sqlite3_vendor:/home/mlemsalu/ros2_ws_luke/install/shared_queues_vendor:/home/mlemsalu/ros2_ws_luke/install/rosbag2_test_common:/opt/ros/foxy LD_LIBRARY_PATH=/home/mlemsalu/ros2_ws_luke/install/rosbag2_compression/lib:/home/mlemsalu/ros2_ws_luke/install/rosbag2_cpp/lib:/home/mlemsalu/ros2_ws_luke/install/rosbag2_storage_default_plugins/lib:/home/mlemsalu/ros2_ws_luke/install/rosbag2_storage/lib:/home/mlemsalu/ros2_ws_luke/install/zstd_vendor/lib:${LD_LIBRARY_PATH} /usr/bin/cmake --install /home/mlemsalu/ros2_ws_luke/build/rosbag2_compression_zstd
[1.065s] -- Install configuration: "Release"
[1.066s] -- Execute custom install script
[1.067s] -- Up-to-date symlink: /home/mlemsalu/ros2_ws_luke/install/rosbag2_compression_zstd/share/rosbag2_compression_zstd//plugin_description.xml
[1.067s] -- Up-to-date symlink: /home/mlemsalu/ros2_ws_luke/install/rosbag2_compression_zstd/include/rosbag2_compression_zstd/visibility_control.hpp
[1.068s] -- Up-to-date symlink: /home/mlemsalu/ros2_ws_luke/install/rosbag2_compression_zstd/include/rosbag2_compression_zstd/zstd_compressor.hpp
[1.068s] -- Up-to-date symlink: /home/mlemsalu/ros2_ws_luke/install/rosbag2_compression_zstd/include/rosbag2_compression_zstd/zstd_decompressor.hpp
[1.068s] -- Up-to-date symlink: /home/mlemsalu/ros2_ws_luke/install/rosbag2_compression_zstd/share/rosbag2_compression_zstd/environment/library_path.sh
[1.069s] -- Up-to-date symlink: /home/mlemsalu/ros2_ws_luke/install/rosbag2_compression_zstd/share/rosbag2_compression_zstd/environment/library_path.dsv
[1.069s] -- Up-to-date symlink: /home/mlemsalu/ros2_ws_luke/install/rosbag2_compression_zstd/share/ament_index/resource_index/package_run_dependencies/rosbag2_compression_zstd
[1.069s] -- Up-to-date symlink: /home/mlemsalu/ros2_ws_luke/install/rosbag2_compression_zstd/share/ament_index/resource_index/parent_prefix_path/rosbag2_compression_zstd
[1.070s] -- Up-to-date symlink: /home/mlemsalu/ros2_ws_luke/install/rosbag2_compression_zstd/share/rosbag2_compression_zstd/environment/ament_prefix_path.sh
[1.070s] -- Up-to-date symlink: /home/mlemsalu/ros2_ws_luke/install/rosbag2_compression_zstd/share/rosbag2_compression_zstd/environment/ament_prefix_path.dsv
[1.070s] -- Up-to-date symlink: /home/mlemsalu/ros2_ws_luke/install/rosbag2_compression_zstd/share/rosbag2_compression_zstd/environment/path.sh
[1.071s] -- Up-to-date symlink: /home/mlemsalu/ros2_ws_luke/install/rosbag2_compression_zstd/share/rosbag2_compression_zstd/environment/path.dsv
[1.071s] -- Up-to-date symlink: /home/mlemsalu/ros2_ws_luke/install/rosbag2_compression_zstd/share/rosbag2_compression_zstd/local_setup.bash
[1.071s] -- Up-to-date symlink: /home/mlemsalu/ros2_ws_luke/install/rosbag2_compression_zstd/share/rosbag2_compression_zstd/local_setup.sh
[1.071s] -- Up-to-date symlink: /home/mlemsalu/ros2_ws_luke/install/rosbag2_compression_zstd/share/rosbag2_compression_zstd/local_setup.zsh
[1.072s] -- Up-to-date symlink: /home/mlemsalu/ros2_ws_luke/install/rosbag2_compression_zstd/share/rosbag2_compression_zstd/local_setup.dsv
[1.072s] -- Symlinking: /home/mlemsalu/ros2_ws_luke/install/rosbag2_compression_zstd/share/rosbag2_compression_zstd/package.dsv
[1.084s] -- Up-to-date symlink: /home/mlemsalu/ros2_ws_luke/install/rosbag2_compression_zstd/share/ament_index/resource_index/packages/rosbag2_compression_zstd
[1.084s] -- Up-to-date symlink: /home/mlemsalu/ros2_ws_luke/install/rosbag2_compression_zstd/share/ament_index/resource_index/rosbag2_compression__pluginlib__plugin/rosbag2_compression_zstd
[1.084s] -- Up-to-date symlink: /home/mlemsalu/ros2_ws_luke/install/rosbag2_compression_zstd/share/rosbag2_compression_zstd/cmake/ament_cmake_export_include_directories-extras.cmake
[1.084s] -- Up-to-date symlink: /home/mlemsalu/ros2_ws_luke/install/rosbag2_compression_zstd/share/rosbag2_compression_zstd/cmake/ament_cmake_export_libraries-extras.cmake
[1.085s] -- Up-to-date symlink: /home/mlemsalu/ros2_ws_luke/install/rosbag2_compression_zstd/share/rosbag2_compression_zstd/cmake/ament_cmake_export_targets-extras.cmake
[1.085s] -- Up-to-date symlink: /home/mlemsalu/ros2_ws_luke/install/rosbag2_compression_zstd/share/rosbag2_compression_zstd/cmake/ament_cmake_export_dependencies-extras.cmake
[1.086s] -- Up-to-date symlink: /home/mlemsalu/ros2_ws_luke/install/rosbag2_compression_zstd/share/rosbag2_compression_zstd/cmake/rosbag2_compression_zstdConfig.cmake
[1.086s] -- Up-to-date symlink: /home/mlemsalu/ros2_ws_luke/install/rosbag2_compression_zstd/share/rosbag2_compression_zstd/cmake/rosbag2_compression_zstdConfig-version.cmake
[1.086s] -- Up-to-date symlink: /home/mlemsalu/ros2_ws_luke/install/rosbag2_compression_zstd/share/rosbag2_compression_zstd/package.xml
[1.087s] -- Up-to-date: /home/mlemsalu/ros2_ws_luke/install/rosbag2_compression_zstd/lib/librosbag2_compression_zstd.so
[1.087s] -- Up-to-date: /home/mlemsalu/ros2_ws_luke/install/rosbag2_compression_zstd/share/rosbag2_compression_zstd/cmake/export_rosbag2_compression_zstdExport.cmake
[1.087s] -- Installing: /home/mlemsalu/ros2_ws_luke/install/rosbag2_compression_zstd/share/rosbag2_compression_zstd/cmake/export_rosbag2_compression_zstdExport-release.cmake
[1.092s] Invoked command in '/home/mlemsalu/ros2_ws_luke/build/rosbag2_compression_zstd' returned '0': AMENT_PREFIX_PATH=/home/mlemsalu/ros2_ws_luke/install/rosbag2_compression:/home/mlemsalu/ros2_ws_luke/install/rosbag2_cpp:/home/mlemsalu/ros2_ws_luke/install/rosbag2_storage_default_plugins:/home/mlemsalu/ros2_ws_luke/install/rosbag2_storage:/home/mlemsalu/ros2_ws_luke/install/zstd_vendor:/home/mlemsalu/ros2_ws_luke/install/sqlite3_vendor:/home/mlemsalu/ros2_ws_luke/install/shared_queues_vendor:/home/mlemsalu/ros2_ws_luke/install/rosbag2_test_common:${AMENT_PREFIX_PATH} CMAKE_PREFIX_PATH=/home/mlemsalu/ros2_ws_luke/install/rosbag2_compression:/home/mlemsalu/ros2_ws_luke/install/rosbag2_cpp:/home/mlemsalu/ros2_ws_luke/install/rosbag2_storage_default_plugins:/home/mlemsalu/ros2_ws_luke/install/rosbag2_storage:/home/mlemsalu/ros2_ws_luke/install/zstd_vendor:/home/mlemsalu/ros2_ws_luke/install/sqlite3_vendor:/home/mlemsalu/ros2_ws_luke/install/shared_queues_vendor:/home/mlemsalu/ros2_ws_luke/install/rosbag2_test_common:/opt/ros/foxy LD_LIBRARY_PATH=/home/mlemsalu/ros2_ws_luke/install/rosbag2_compression/lib:/home/mlemsalu/ros2_ws_luke/install/rosbag2_cpp/lib:/home/mlemsalu/ros2_ws_luke/install/rosbag2_storage_default_plugins/lib:/home/mlemsalu/ros2_ws_luke/install/rosbag2_storage/lib:/home/mlemsalu/ros2_ws_luke/install/zstd_vendor/lib:${LD_LIBRARY_PATH} /usr/bin/cmake --install /home/mlemsalu/ros2_ws_luke/build/rosbag2_compression_zstd
