[0.013s] Invoking command in '/home/mlemsalu/ros2_ws_luke/build/rosbag2_storage_default_plugins': AMENT_PREFIX_PATH=/home/mlemsalu/ros2_ws_luke/install/rosbag2_storage:/home/mlemsalu/ros2_ws_luke/install/sqlite3_vendor:/home/mlemsalu/ros2_ws_luke/install/rosbag2_test_common:${AMENT_PREFIX_PATH} CMAKE_PREFIX_PATH=/home/mlemsalu/ros2_ws_luke/install/rosbag2_storage:/home/mlemsalu/ros2_ws_luke/install/sqlite3_vendor:/home/mlemsalu/ros2_ws_luke/install/rosbag2_test_common:/opt/ros/foxy LD_LIBRARY_PATH=/home/mlemsalu/ros2_ws_luke/install/rosbag2_storage/lib:${LD_LIBRARY_PATH} /usr/bin/cmake /home/mlemsalu/ros2_ws_luke/src/rosbag2-foxy-future/rosbag2_storage_default_plugins -DCMAKE_INSTALL_PREFIX=/home/mlemsalu/ros2_ws_luke/install/rosbag2_storage_default_plugins
[0.029s] -- Found ament_cmake: 0.9.11 (/opt/ros/foxy/share/ament_cmake/cmake)
[0.046s] -- Using PYTHON_EXECUTABLE: /usr/bin/python3
[0.192s] -- Override CMake install command with custom implementation using symlinks instead of copying resources
[0.199s] -- Found pluginlib: 2.5.4 (/opt/ros/foxy/share/pluginlib/cmake)
[0.228s] -- Found rosbag2_storage: 0.7.0 (/home/mlemsalu/ros2_ws_luke/install/rosbag2_storage/share/rosbag2_storage/cmake)
[0.231s] -- Setting yaml-cpp_DIR to: '/opt/ros/foxy/share/yaml_cpp_vendor/cmake/../../../opt/yaml_cpp_vendor/lib/cmake/yaml-cpp'
[0.232s] -- Found sqlite3_vendor: 0.7.0 (/home/mlemsalu/ros2_ws_luke/install/sqlite3_vendor/share/sqlite3_vendor/cmake)
[0.242s] -- Found ament_cmake_gmock: 0.9.11 (/opt/ros/foxy/share/ament_cmake_gmock/cmake)
[0.243s] -- Found ament_lint_auto: 0.9.8 (/opt/ros/foxy/share/ament_lint_auto/cmake)
[0.243s] -- Found rosbag2_test_common: 0.7.0 (/home/mlemsalu/ros2_ws_luke/install/rosbag2_test_common/share/rosbag2_test_common/cmake)
[0.266s] -- Using all available rosidl_typesupport_c: rosidl_typesupport_fastrtps_c;rosidl_typesupport_introspection_c
[0.270s] -- Found rosidl_adapter: 1.3.0 (/opt/ros/foxy/share/rosidl_adapter/cmake)
[0.360s] -- Using all available rosidl_typesupport_cpp: rosidl_typesupport_fastrtps_cpp;rosidl_typesupport_introspection_cpp
[0.406s] -- Found rmw_implementation_cmake: 1.0.4 (/opt/ros/foxy/share/rmw_implementation_cmake/cmake)
[0.407s] -- Using RMW implementation 'rmw_fastrtps_cpp' as default
[0.606s] -- Found gmock sources under '/opt/ros/foxy/src/gmock_vendor': C++ tests using 'Google Mock' will be built
[0.608s] -- Found ament_cmake_gtest: 0.9.11 (/opt/ros/foxy/share/ament_cmake_gtest/cmake)
[0.609s] -- Found gtest sources under '/opt/ros/foxy/src/gtest_vendor': C++ tests using 'Google Test' will be built
[0.617s] -- Added test 'copyright' to check source files copyright and LICENSE
[0.618s] -- Added test 'cppcheck' to perform static code analysis on C / C++ code
[0.619s] -- Configured cppcheck include dirs: $<BUILD_INTERFACE:/home/mlemsalu/ros2_ws_luke/src/rosbag2-foxy-future/rosbag2_storage_default_plugins/include>
[0.619s] -- Configured cppcheck exclude dirs and/or files: 
[0.620s] -- Added test 'cpplint' to check C / C++ code against the Google style
[0.620s] -- Configured cpplint exclude dirs and/or files: 
[0.621s] -- Added test 'lint_cmake' to check CMake code style
[0.623s] -- Added test 'uncrustify' to check C / C++ code style
[0.623s] -- Configured uncrustify additional arguments: 
[0.623s] -- Added test 'xmllint' to check XML markup files
[0.628s] -- Configuring done
[0.656s] -- Generating done
[0.658s] -- Build files have been written to: /home/mlemsalu/ros2_ws_luke/build/rosbag2_storage_default_plugins
[0.665s] Invoked command in '/home/mlemsalu/ros2_ws_luke/build/rosbag2_storage_default_plugins' returned '0': AMENT_PREFIX_PATH=/home/mlemsalu/ros2_ws_luke/install/rosbag2_storage:/home/mlemsalu/ros2_ws_luke/install/sqlite3_vendor:/home/mlemsalu/ros2_ws_luke/install/rosbag2_test_common:${AMENT_PREFIX_PATH} CMAKE_PREFIX_PATH=/home/mlemsalu/ros2_ws_luke/install/rosbag2_storage:/home/mlemsalu/ros2_ws_luke/install/sqlite3_vendor:/home/mlemsalu/ros2_ws_luke/install/rosbag2_test_common:/opt/ros/foxy LD_LIBRARY_PATH=/home/mlemsalu/ros2_ws_luke/install/rosbag2_storage/lib:${LD_LIBRARY_PATH} /usr/bin/cmake /home/mlemsalu/ros2_ws_luke/src/rosbag2-foxy-future/rosbag2_storage_default_plugins -DCMAKE_INSTALL_PREFIX=/home/mlemsalu/ros2_ws_luke/install/rosbag2_storage_default_plugins
[0.666s] Invoking command in '/home/mlemsalu/ros2_ws_luke/build/rosbag2_storage_default_plugins': AMENT_PREFIX_PATH=/home/mlemsalu/ros2_ws_luke/install/rosbag2_storage:/home/mlemsalu/ros2_ws_luke/install/sqlite3_vendor:/home/mlemsalu/ros2_ws_luke/install/rosbag2_test_common:${AMENT_PREFIX_PATH} CMAKE_PREFIX_PATH=/home/mlemsalu/ros2_ws_luke/install/rosbag2_storage:/home/mlemsalu/ros2_ws_luke/install/sqlite3_vendor:/home/mlemsalu/ros2_ws_luke/install/rosbag2_test_common:/opt/ros/foxy LD_LIBRARY_PATH=/home/mlemsalu/ros2_ws_luke/install/rosbag2_storage/lib:${LD_LIBRARY_PATH} /usr/bin/cmake --build /home/mlemsalu/ros2_ws_luke/build/rosbag2_storage_default_plugins -- -j12 -l12
[0.717s] [ 15%] Built target gmock_main
[0.718s] [ 38%] Built target gmock
[0.722s] [ 69%] Built target rosbag2_storage_default_plugins
[0.744s] [ 84%] Built target test_sqlite_wrapper
[0.750s] [100%] Built target test_sqlite_storage
[0.764s] Invoked command in '/home/mlemsalu/ros2_ws_luke/build/rosbag2_storage_default_plugins' returned '0': AMENT_PREFIX_PATH=/home/mlemsalu/ros2_ws_luke/install/rosbag2_storage:/home/mlemsalu/ros2_ws_luke/install/sqlite3_vendor:/home/mlemsalu/ros2_ws_luke/install/rosbag2_test_common:${AMENT_PREFIX_PATH} CMAKE_PREFIX_PATH=/home/mlemsalu/ros2_ws_luke/install/rosbag2_storage:/home/mlemsalu/ros2_ws_luke/install/sqlite3_vendor:/home/mlemsalu/ros2_ws_luke/install/rosbag2_test_common:/opt/ros/foxy LD_LIBRARY_PATH=/home/mlemsalu/ros2_ws_luke/install/rosbag2_storage/lib:${LD_LIBRARY_PATH} /usr/bin/cmake --build /home/mlemsalu/ros2_ws_luke/build/rosbag2_storage_default_plugins -- -j12 -l12
[0.794s] Invoking command in '/home/mlemsalu/ros2_ws_luke/build/rosbag2_storage_default_plugins': AMENT_PREFIX_PATH=/home/mlemsalu/ros2_ws_luke/install/rosbag2_storage:/home/mlemsalu/ros2_ws_luke/install/sqlite3_vendor:/home/mlemsalu/ros2_ws_luke/install/rosbag2_test_common:${AMENT_PREFIX_PATH} CMAKE_PREFIX_PATH=/home/mlemsalu/ros2_ws_luke/install/rosbag2_storage:/home/mlemsalu/ros2_ws_luke/install/sqlite3_vendor:/home/mlemsalu/ros2_ws_luke/install/rosbag2_test_common:/opt/ros/foxy LD_LIBRARY_PATH=/home/mlemsalu/ros2_ws_luke/install/rosbag2_storage/lib:${LD_LIBRARY_PATH} /usr/bin/cmake --install /home/mlemsalu/ros2_ws_luke/build/rosbag2_storage_default_plugins
[0.802s] -- Install configuration: "Release"
[0.803s] -- Execute custom install script
[0.803s] -- Up-to-date symlink: /home/mlemsalu/ros2_ws_luke/install/rosbag2_storage_default_plugins/share/rosbag2_storage_default_plugins//plugin_description.xml
[0.804s] -- Up-to-date symlink: /home/mlemsalu/ros2_ws_luke/install/rosbag2_storage_default_plugins/include/rosbag2_storage_default_plugins/sqlite/sqlite_exception.hpp
[0.804s] -- Up-to-date symlink: /home/mlemsalu/ros2_ws_luke/install/rosbag2_storage_default_plugins/include/rosbag2_storage_default_plugins/sqlite/sqlite_pragmas.hpp
[0.804s] -- Up-to-date symlink: /home/mlemsalu/ros2_ws_luke/install/rosbag2_storage_default_plugins/include/rosbag2_storage_default_plugins/sqlite/sqlite_statement_wrapper.hpp
[0.804s] -- Up-to-date symlink: /home/mlemsalu/ros2_ws_luke/install/rosbag2_storage_default_plugins/include/rosbag2_storage_default_plugins/sqlite/sqlite_storage.hpp
[0.805s] -- Up-to-date symlink: /home/mlemsalu/ros2_ws_luke/install/rosbag2_storage_default_plugins/include/rosbag2_storage_default_plugins/sqlite/sqlite_wrapper.hpp
[0.805s] -- Up-to-date symlink: /home/mlemsalu/ros2_ws_luke/install/rosbag2_storage_default_plugins/include/rosbag2_storage_default_plugins/visibility_control.hpp
[0.805s] -- Up-to-date symlink: /home/mlemsalu/ros2_ws_luke/install/rosbag2_storage_default_plugins/lib/librosbag2_storage_default_plugins.so
[0.805s] -- Up-to-date symlink: /home/mlemsalu/ros2_ws_luke/install/rosbag2_storage_default_plugins/share/rosbag2_storage_default_plugins/environment/library_path.sh
[0.806s] -- Up-to-date symlink: /home/mlemsalu/ros2_ws_luke/install/rosbag2_storage_default_plugins/share/rosbag2_storage_default_plugins/environment/library_path.dsv
[0.806s] -- Up-to-date symlink: /home/mlemsalu/ros2_ws_luke/install/rosbag2_storage_default_plugins/share/ament_index/resource_index/package_run_dependencies/rosbag2_storage_default_plugins
[0.806s] -- Up-to-date symlink: /home/mlemsalu/ros2_ws_luke/install/rosbag2_storage_default_plugins/share/ament_index/resource_index/parent_prefix_path/rosbag2_storage_default_plugins
[0.806s] -- Up-to-date symlink: /home/mlemsalu/ros2_ws_luke/install/rosbag2_storage_default_plugins/share/rosbag2_storage_default_plugins/environment/ament_prefix_path.sh
[0.807s] -- Up-to-date symlink: /home/mlemsalu/ros2_ws_luke/install/rosbag2_storage_default_plugins/share/rosbag2_storage_default_plugins/environment/ament_prefix_path.dsv
[0.807s] -- Up-to-date symlink: /home/mlemsalu/ros2_ws_luke/install/rosbag2_storage_default_plugins/share/rosbag2_storage_default_plugins/environment/path.sh
[0.807s] -- Up-to-date symlink: /home/mlemsalu/ros2_ws_luke/install/rosbag2_storage_default_plugins/share/rosbag2_storage_default_plugins/environment/path.dsv
[0.807s] -- Up-to-date symlink: /home/mlemsalu/ros2_ws_luke/install/rosbag2_storage_default_plugins/share/rosbag2_storage_default_plugins/local_setup.bash
[0.808s] -- Up-to-date symlink: /home/mlemsalu/ros2_ws_luke/install/rosbag2_storage_default_plugins/share/rosbag2_storage_default_plugins/local_setup.sh
[0.808s] -- Up-to-date symlink: /home/mlemsalu/ros2_ws_luke/install/rosbag2_storage_default_plugins/share/rosbag2_storage_default_plugins/local_setup.zsh
[0.808s] -- Up-to-date symlink: /home/mlemsalu/ros2_ws_luke/install/rosbag2_storage_default_plugins/share/rosbag2_storage_default_plugins/local_setup.dsv
[0.808s] -- Symlinking: /home/mlemsalu/ros2_ws_luke/install/rosbag2_storage_default_plugins/share/rosbag2_storage_default_plugins/package.dsv
[0.819s] -- Up-to-date symlink: /home/mlemsalu/ros2_ws_luke/install/rosbag2_storage_default_plugins/share/ament_index/resource_index/packages/rosbag2_storage_default_plugins
[0.819s] -- Up-to-date symlink: /home/mlemsalu/ros2_ws_luke/install/rosbag2_storage_default_plugins/share/ament_index/resource_index/rosbag2_storage__pluginlib__plugin/rosbag2_storage_default_plugins
[0.819s] -- Up-to-date symlink: /home/mlemsalu/ros2_ws_luke/install/rosbag2_storage_default_plugins/share/rosbag2_storage_default_plugins/cmake/ament_cmake_export_include_directories-extras.cmake
[0.820s] -- Up-to-date symlink: /home/mlemsalu/ros2_ws_luke/install/rosbag2_storage_default_plugins/share/rosbag2_storage_default_plugins/cmake/ament_cmake_export_libraries-extras.cmake
[0.820s] -- Up-to-date symlink: /home/mlemsalu/ros2_ws_luke/install/rosbag2_storage_default_plugins/share/rosbag2_storage_default_plugins/cmake/ament_cmake_export_dependencies-extras.cmake
[0.820s] -- Up-to-date symlink: /home/mlemsalu/ros2_ws_luke/install/rosbag2_storage_default_plugins/share/rosbag2_storage_default_plugins/cmake/rosbag2_storage_default_pluginsConfig.cmake
[0.820s] -- Up-to-date symlink: /home/mlemsalu/ros2_ws_luke/install/rosbag2_storage_default_plugins/share/rosbag2_storage_default_plugins/cmake/rosbag2_storage_default_pluginsConfig-version.cmake
[0.820s] -- Up-to-date symlink: /home/mlemsalu/ros2_ws_luke/install/rosbag2_storage_default_plugins/share/rosbag2_storage_default_plugins/package.xml
[0.824s] Invoked command in '/home/mlemsalu/ros2_ws_luke/build/rosbag2_storage_default_plugins' returned '0': AMENT_PREFIX_PATH=/home/mlemsalu/ros2_ws_luke/install/rosbag2_storage:/home/mlemsalu/ros2_ws_luke/install/sqlite3_vendor:/home/mlemsalu/ros2_ws_luke/install/rosbag2_test_common:${AMENT_PREFIX_PATH} CMAKE_PREFIX_PATH=/home/mlemsalu/ros2_ws_luke/install/rosbag2_storage:/home/mlemsalu/ros2_ws_luke/install/sqlite3_vendor:/home/mlemsalu/ros2_ws_luke/install/rosbag2_test_common:/opt/ros/foxy LD_LIBRARY_PATH=/home/mlemsalu/ros2_ws_luke/install/rosbag2_storage/lib:${LD_LIBRARY_PATH} /usr/bin/cmake --install /home/mlemsalu/ros2_ws_luke/build/rosbag2_storage_default_plugins
