-- The C compiler identification is GNU 9.4.0
-- The CXX compiler identification is GNU 9.4.0
-- Check for working C compiler: /usr/bin/cc
-- Check for working C compiler: /usr/bin/cc -- works
-- Detecting C compiler ABI info
-- Detecting C compiler ABI info - done
-- Detecting C compile features
-- Detecting C compile features - done
-- Check for working CXX compiler: /usr/bin/c++
-- Check for working CXX compiler: /usr/bin/c++ -- works
-- Detecting CXX compiler ABI info
-- Detecting CXX compiler ABI info - done
-- Detecting CXX compile features
-- Detecting CXX compile features - done
-- Found ament_cmake: 0.9.11 (/opt/ros/foxy/share/ament_cmake/cmake)
-- Found PythonInterp: /usr/bin/python3 (found suitable version "3.8.10", minimum required is "3") 
-- Using PYTHON_EXECUTABLE: /usr/bin/python3
-- Override CMake install command with custom implementation using symlinks instead of copying resources
-- Found rclcpp: 2.4.2 (/opt/ros/foxy/share/rclcpp/cmake)
-- Using all available rosidl_typesupport_c: rosidl_typesupport_fastrtps_c;rosidl_typesupport_introspection_c
-- Found rosidl_adapter: 1.3.0 (/opt/ros/foxy/share/rosidl_adapter/cmake)
-- Found OpenSSL: /usr/lib/x86_64-linux-gnu/libcrypto.so (found version "1.1.1f")  
-- Found FastRTPS: /opt/ros/foxy/include  
-- Using all available rosidl_typesupport_cpp: rosidl_typesupport_fastrtps_cpp;rosidl_typesupport_introspection_cpp
-- Found rmw_implementation_cmake: 1.0.4 (/opt/ros/foxy/share/rmw_implementation_cmake/cmake)
-- Using RMW implementation 'rmw_fastrtps_cpp' as default
-- Looking for pthread.h
-- Looking for pthread.h - found
-- Performing Test CMAKE_HAVE_LIBC_PTHREAD
-- Performing Test CMAKE_HAVE_LIBC_PTHREAD - Failed
-- Looking for pthread_create in pthreads
-- Looking for pthread_create in pthreads - not found
-- Looking for pthread_create in pthread
-- Looking for pthread_create in pthread - found
-- Found Threads: TRUE  
-- Found rosbag2: 0.7.0 (/home/mlemsalu/ros2_ws_luke/install/rosbag2/share/rosbag2/cmake)
-- Found sensor_msgs: 2.0.5 (/opt/ros/foxy/share/sensor_msgs/cmake)
-- Found message_filters: 3.2.5 (/opt/ros/foxy/share/message_filters/cmake)
-- Found nav_msgs: 2.0.5 (/opt/ros/foxy/share/nav_msgs/cmake)
-- Found ament_lint_auto: 0.9.8 (/opt/ros/foxy/share/ament_lint_auto/cmake)
-- Added test 'copyright' to check source files copyright and LICENSE
-- Added test 'cppcheck' to perform static code analysis on C / C++ code
-- Configured cppcheck include dirs: 
-- Configured cppcheck exclude dirs and/or files: 
-- Added test 'cpplint' to check C / C++ code against the Google style
-- Configured cpplint exclude dirs and/or files: 
-- Added test 'lint_cmake' to check CMake code style
-- Added test 'uncrustify' to check C / C++ code style
-- Configured uncrustify additional arguments: 
-- Added test 'xmllint' to check XML markup files
-- Configuring done
-- Generating done
-- Build files have been written to: /home/mlemsalu/ros2_ws_luke/build/message_sync_lidar_cam
[35m[1mScanning dependencies of target sync_node_lidar_cam[0m
[ 50%] [32mBuilding CXX object CMakeFiles/sync_node_lidar_cam.dir/src/sync_node_lidar_cam.cpp.o[0m
[100%] [32m[1mLinking CXX executable sync_node_lidar_cam[0m
[100%] Built target sync_node_lidar_cam
-- Install configuration: "Release"
-- Execute custom install script
-- Symlinking: /home/mlemsalu/ros2_ws_luke/install/message_sync_lidar_cam/lib/message_sync_lidar_cam/sync_node_lidar_cam
-- Symlinking: /home/mlemsalu/ros2_ws_luke/install/message_sync_lidar_cam/share/ament_index/resource_index/package_run_dependencies/message_sync_lidar_cam
-- Symlinking: /home/mlemsalu/ros2_ws_luke/install/message_sync_lidar_cam/share/ament_index/resource_index/parent_prefix_path/message_sync_lidar_cam
-- Symlinking: /home/mlemsalu/ros2_ws_luke/install/message_sync_lidar_cam/share/message_sync_lidar_cam/environment/ament_prefix_path.sh
-- Symlinking: /home/mlemsalu/ros2_ws_luke/install/message_sync_lidar_cam/share/message_sync_lidar_cam/environment/ament_prefix_path.dsv
-- Symlinking: /home/mlemsalu/ros2_ws_luke/install/message_sync_lidar_cam/share/message_sync_lidar_cam/environment/path.sh
-- Symlinking: /home/mlemsalu/ros2_ws_luke/install/message_sync_lidar_cam/share/message_sync_lidar_cam/environment/path.dsv
-- Symlinking: /home/mlemsalu/ros2_ws_luke/install/message_sync_lidar_cam/share/message_sync_lidar_cam/local_setup.bash
-- Symlinking: /home/mlemsalu/ros2_ws_luke/install/message_sync_lidar_cam/share/message_sync_lidar_cam/local_setup.sh
-- Symlinking: /home/mlemsalu/ros2_ws_luke/install/message_sync_lidar_cam/share/message_sync_lidar_cam/local_setup.zsh
-- Symlinking: /home/mlemsalu/ros2_ws_luke/install/message_sync_lidar_cam/share/message_sync_lidar_cam/local_setup.dsv
-- Symlinking: /home/mlemsalu/ros2_ws_luke/install/message_sync_lidar_cam/share/message_sync_lidar_cam/package.dsv
-- Symlinking: /home/mlemsalu/ros2_ws_luke/install/message_sync_lidar_cam/share/ament_index/resource_index/packages/message_sync_lidar_cam
-- Symlinking: /home/mlemsalu/ros2_ws_luke/install/message_sync_lidar_cam/share/message_sync_lidar_cam/cmake/message_sync_lidar_camConfig.cmake
-- Symlinking: /home/mlemsalu/ros2_ws_luke/install/message_sync_lidar_cam/share/message_sync_lidar_cam/cmake/message_sync_lidar_camConfig-version.cmake
-- Symlinking: /home/mlemsalu/ros2_ws_luke/install/message_sync_lidar_cam/share/message_sync_lidar_cam/package.xml
