-- The C compiler identification is GNU 9.4.0
-- The CXX compiler identification is GNU 9.4.0
-- Check for working C compiler: /usr/bin/cc
-- Check for working C compiler: /usr/bin/cc -- works
-- Detecting C compiler ABI info
-- Detecting C compiler ABI info - done
-- Detecting C compile features
-- Detecting C compile features - done
-- Check for working CXX compiler: /usr/bin/c++
-- Check for working CXX compiler: /usr/bin/c++ -- works
-- Detecting CXX compiler ABI info
-- Detecting CXX compiler ABI info - done
-- Detecting CXX compile features
-- Detecting CXX compile features - done
-- Found ament_cmake: 0.9.11 (/opt/ros/foxy/share/ament_cmake/cmake)
-- Found PythonInterp: /usr/bin/python3 (found suitable version "3.8.10", minimum required is "3") 
-- Using PYTHON_EXECUTABLE: /usr/bin/python3
-- Override CMake install command with custom implementation using symlinks instead of copying resources
-- Configuring done
-- Generating done
-- Build files have been written to: /home/mlemsalu/ros2_ws_luke/build/velodyne
-- Install configuration: "Release"
-- Execute custom install script
-- Symlinking: /home/mlemsalu/ros2_ws_luke/install/velodyne/share/velodyne/launch/launch.py
-- Symlinking: /home/mlemsalu/ros2_ws_luke/install/velodyne/share/velodyne/launch/launch_two_VLP16.launch.py
-- Symlinking: /home/mlemsalu/ros2_ws_luke/install/velodyne/share/velodyne/launch/velodyne-all-nodes-VLP16-composed-launch.py
-- Symlinking: /home/mlemsalu/ros2_ws_luke/install/velodyne/share/velodyne/launch/velodyne-all-nodes-VLP16-launch.py
-- Symlinking: /home/mlemsalu/ros2_ws_luke/install/velodyne/share/velodyne/launch/velodyne-all-nodes-VLP32C-composed-launch.py
-- Symlinking: /home/mlemsalu/ros2_ws_luke/install/velodyne/share/velodyne/launch/velodyne-all-nodes-VLP32C-launch.py
-- Symlinking: /home/mlemsalu/ros2_ws_luke/install/velodyne/share/ament_index/resource_index/package_run_dependencies/velodyne
-- Symlinking: /home/mlemsalu/ros2_ws_luke/install/velodyne/share/ament_index/resource_index/parent_prefix_path/velodyne
-- Symlinking: /home/mlemsalu/ros2_ws_luke/install/velodyne/share/velodyne/environment/ament_prefix_path.sh
-- Symlinking: /home/mlemsalu/ros2_ws_luke/install/velodyne/share/velodyne/environment/ament_prefix_path.dsv
-- Symlinking: /home/mlemsalu/ros2_ws_luke/install/velodyne/share/velodyne/environment/path.sh
-- Symlinking: /home/mlemsalu/ros2_ws_luke/install/velodyne/share/velodyne/environment/path.dsv
-- Symlinking: /home/mlemsalu/ros2_ws_luke/install/velodyne/share/velodyne/local_setup.bash
-- Symlinking: /home/mlemsalu/ros2_ws_luke/install/velodyne/share/velodyne/local_setup.sh
-- Symlinking: /home/mlemsalu/ros2_ws_luke/install/velodyne/share/velodyne/local_setup.zsh
-- Symlinking: /home/mlemsalu/ros2_ws_luke/install/velodyne/share/velodyne/local_setup.dsv
-- Symlinking: /home/mlemsalu/ros2_ws_luke/install/velodyne/share/velodyne/package.dsv
-- Symlinking: /home/mlemsalu/ros2_ws_luke/install/velodyne/share/ament_index/resource_index/packages/velodyne
-- Symlinking: /home/mlemsalu/ros2_ws_luke/install/velodyne/share/velodyne/cmake/velodyneConfig.cmake
-- Symlinking: /home/mlemsalu/ros2_ws_luke/install/velodyne/share/velodyne/cmake/velodyneConfig-version.cmake
-- Symlinking: /home/mlemsalu/ros2_ws_luke/install/velodyne/share/velodyne/package.xml
