[0.013s] Invoking command in '/home/mlemsalu/ros2_ws_luke/build/velodyne': AMENT_PREFIX_PATH=/home/mlemsalu/ros2_ws_luke/install/velodyne_pointcloud:/home/mlemsalu/ros2_ws_luke/install/velodyne_driver:/home/mlemsalu/ros2_ws_luke/install/velodyne_msgs:/home/mlemsalu/ros2_ws_luke/install/velodyne_laserscan:${AMENT_PREFIX_PATH} CMAKE_PREFIX_PATH=/home/mlemsalu/ros2_ws_luke/install/velodyne_pointcloud:/home/mlemsalu/ros2_ws_luke/install/velodyne_driver:/home/mlemsalu/ros2_ws_luke/install/velodyne_msgs:/home/mlemsalu/ros2_ws_luke/install/velodyne_laserscan:/opt/ros/foxy LD_LIBRARY_PATH=/home/mlemsalu/ros2_ws_luke/install/velodyne_pointcloud/lib:/home/mlemsalu/ros2_ws_luke/install/velodyne_driver/lib:/home/mlemsalu/ros2_ws_luke/install/velodyne_msgs/lib:/home/mlemsalu/ros2_ws_luke/install/velodyne_laserscan/lib:${LD_LIBRARY_PATH} PYTHONPATH=/home/mlemsalu/ros2_ws_luke/install/velodyne_msgs/lib/python3.8/site-packages:${PYTHONPATH} /usr/bin/cmake /home/mlemsalu/ros2_ws_luke/src/velodyne-foxy-devel/velodyne -DCMAKE_BUILD_TYPE=Release -DAMENT_CMAKE_SYMLINK_INSTALL=1 -DCMAKE_INSTALL_PREFIX=/home/mlemsalu/ros2_ws_luke/install/velodyne
[0.075s] -- The C compiler identification is GNU 9.4.0
[0.130s] -- The CXX compiler identification is GNU 9.4.0
[0.134s] -- Check for working C compiler: /usr/bin/cc
[0.215s] -- Check for working C compiler: /usr/bin/cc -- works
[0.216s] -- Detecting C compiler ABI info
[0.295s] -- Detecting C compiler ABI info - done
[0.305s] -- Detecting C compile features
[0.306s] -- Detecting C compile features - done
[0.308s] -- Check for working CXX compiler: /usr/bin/c++
[0.398s] -- Check for working CXX compiler: /usr/bin/c++ -- works
[0.399s] -- Detecting CXX compiler ABI info
[0.483s] -- Detecting CXX compiler ABI info - done
[0.495s] -- Detecting CXX compile features
[0.495s] -- Detecting CXX compile features - done
[0.497s] -- Found ament_cmake: 0.9.11 (/opt/ros/foxy/share/ament_cmake/cmake)
[0.521s] -- Found PythonInterp: /usr/bin/python3 (found suitable version "3.8.10", minimum required is "3") 
[0.521s] -- Using PYTHON_EXECUTABLE: /usr/bin/python3
[0.682s] -- Override CMake install command with custom implementation using symlinks instead of copying resources
[0.770s] -- Configuring done
[0.772s] -- Generating done
[0.773s] -- Build files have been written to: /home/mlemsalu/ros2_ws_luke/build/velodyne
[0.776s] Invoked command in '/home/mlemsalu/ros2_ws_luke/build/velodyne' returned '0': AMENT_PREFIX_PATH=/home/mlemsalu/ros2_ws_luke/install/velodyne_pointcloud:/home/mlemsalu/ros2_ws_luke/install/velodyne_driver:/home/mlemsalu/ros2_ws_luke/install/velodyne_msgs:/home/mlemsalu/ros2_ws_luke/install/velodyne_laserscan:${AMENT_PREFIX_PATH} CMAKE_PREFIX_PATH=/home/mlemsalu/ros2_ws_luke/install/velodyne_pointcloud:/home/mlemsalu/ros2_ws_luke/install/velodyne_driver:/home/mlemsalu/ros2_ws_luke/install/velodyne_msgs:/home/mlemsalu/ros2_ws_luke/install/velodyne_laserscan:/opt/ros/foxy LD_LIBRARY_PATH=/home/mlemsalu/ros2_ws_luke/install/velodyne_pointcloud/lib:/home/mlemsalu/ros2_ws_luke/install/velodyne_driver/lib:/home/mlemsalu/ros2_ws_luke/install/velodyne_msgs/lib:/home/mlemsalu/ros2_ws_luke/install/velodyne_laserscan/lib:${LD_LIBRARY_PATH} PYTHONPATH=/home/mlemsalu/ros2_ws_luke/install/velodyne_msgs/lib/python3.8/site-packages:${PYTHONPATH} /usr/bin/cmake /home/mlemsalu/ros2_ws_luke/src/velodyne-foxy-devel/velodyne -DCMAKE_BUILD_TYPE=Release -DAMENT_CMAKE_SYMLINK_INSTALL=1 -DCMAKE_INSTALL_PREFIX=/home/mlemsalu/ros2_ws_luke/install/velodyne
[0.778s] Invoking command in '/home/mlemsalu/ros2_ws_luke/build/velodyne': AMENT_PREFIX_PATH=/home/mlemsalu/ros2_ws_luke/install/velodyne_pointcloud:/home/mlemsalu/ros2_ws_luke/install/velodyne_driver:/home/mlemsalu/ros2_ws_luke/install/velodyne_msgs:/home/mlemsalu/ros2_ws_luke/install/velodyne_laserscan:${AMENT_PREFIX_PATH} CMAKE_PREFIX_PATH=/home/mlemsalu/ros2_ws_luke/install/velodyne_pointcloud:/home/mlemsalu/ros2_ws_luke/install/velodyne_driver:/home/mlemsalu/ros2_ws_luke/install/velodyne_msgs:/home/mlemsalu/ros2_ws_luke/install/velodyne_laserscan:/opt/ros/foxy LD_LIBRARY_PATH=/home/mlemsalu/ros2_ws_luke/install/velodyne_pointcloud/lib:/home/mlemsalu/ros2_ws_luke/install/velodyne_driver/lib:/home/mlemsalu/ros2_ws_luke/install/velodyne_msgs/lib:/home/mlemsalu/ros2_ws_luke/install/velodyne_laserscan/lib:${LD_LIBRARY_PATH} PYTHONPATH=/home/mlemsalu/ros2_ws_luke/install/velodyne_msgs/lib/python3.8/site-packages:${PYTHONPATH} /usr/bin/cmake --build /home/mlemsalu/ros2_ws_luke/build/velodyne -- -j12 -l12
[0.827s] Invoked command in '/home/mlemsalu/ros2_ws_luke/build/velodyne' returned '0': AMENT_PREFIX_PATH=/home/mlemsalu/ros2_ws_luke/install/velodyne_pointcloud:/home/mlemsalu/ros2_ws_luke/install/velodyne_driver:/home/mlemsalu/ros2_ws_luke/install/velodyne_msgs:/home/mlemsalu/ros2_ws_luke/install/velodyne_laserscan:${AMENT_PREFIX_PATH} CMAKE_PREFIX_PATH=/home/mlemsalu/ros2_ws_luke/install/velodyne_pointcloud:/home/mlemsalu/ros2_ws_luke/install/velodyne_driver:/home/mlemsalu/ros2_ws_luke/install/velodyne_msgs:/home/mlemsalu/ros2_ws_luke/install/velodyne_laserscan:/opt/ros/foxy LD_LIBRARY_PATH=/home/mlemsalu/ros2_ws_luke/install/velodyne_pointcloud/lib:/home/mlemsalu/ros2_ws_luke/install/velodyne_driver/lib:/home/mlemsalu/ros2_ws_luke/install/velodyne_msgs/lib:/home/mlemsalu/ros2_ws_luke/install/velodyne_laserscan/lib:${LD_LIBRARY_PATH} PYTHONPATH=/home/mlemsalu/ros2_ws_luke/install/velodyne_msgs/lib/python3.8/site-packages:${PYTHONPATH} /usr/bin/cmake --build /home/mlemsalu/ros2_ws_luke/build/velodyne -- -j12 -l12
[0.850s] Invoking command in '/home/mlemsalu/ros2_ws_luke/build/velodyne': AMENT_PREFIX_PATH=/home/mlemsalu/ros2_ws_luke/install/velodyne_pointcloud:/home/mlemsalu/ros2_ws_luke/install/velodyne_driver:/home/mlemsalu/ros2_ws_luke/install/velodyne_msgs:/home/mlemsalu/ros2_ws_luke/install/velodyne_laserscan:${AMENT_PREFIX_PATH} CMAKE_PREFIX_PATH=/home/mlemsalu/ros2_ws_luke/install/velodyne_pointcloud:/home/mlemsalu/ros2_ws_luke/install/velodyne_driver:/home/mlemsalu/ros2_ws_luke/install/velodyne_msgs:/home/mlemsalu/ros2_ws_luke/install/velodyne_laserscan:/opt/ros/foxy LD_LIBRARY_PATH=/home/mlemsalu/ros2_ws_luke/install/velodyne_pointcloud/lib:/home/mlemsalu/ros2_ws_luke/install/velodyne_driver/lib:/home/mlemsalu/ros2_ws_luke/install/velodyne_msgs/lib:/home/mlemsalu/ros2_ws_luke/install/velodyne_laserscan/lib:${LD_LIBRARY_PATH} PYTHONPATH=/home/mlemsalu/ros2_ws_luke/install/velodyne_msgs/lib/python3.8/site-packages:${PYTHONPATH} /usr/bin/cmake --install /home/mlemsalu/ros2_ws_luke/build/velodyne
[0.859s] -- Install configuration: "Release"
[0.859s] -- Execute custom install script
[0.860s] -- Symlinking: /home/mlemsalu/ros2_ws_luke/install/velodyne/share/velodyne/launch/launch.py
[0.870s] -- Symlinking: /home/mlemsalu/ros2_ws_luke/install/velodyne/share/velodyne/launch/launch_two_VLP16.launch.py
[0.879s] -- Symlinking: /home/mlemsalu/ros2_ws_luke/install/velodyne/share/velodyne/launch/velodyne-all-nodes-VLP16-composed-launch.py
[0.888s] -- Symlinking: /home/mlemsalu/ros2_ws_luke/install/velodyne/share/velodyne/launch/velodyne-all-nodes-VLP16-launch.py
[0.898s] -- Symlinking: /home/mlemsalu/ros2_ws_luke/install/velodyne/share/velodyne/launch/velodyne-all-nodes-VLP32C-composed-launch.py
[0.907s] -- Symlinking: /home/mlemsalu/ros2_ws_luke/install/velodyne/share/velodyne/launch/velodyne-all-nodes-VLP32C-launch.py
[0.916s] -- Symlinking: /home/mlemsalu/ros2_ws_luke/install/velodyne/share/ament_index/resource_index/package_run_dependencies/velodyne
[0.926s] -- Symlinking: /home/mlemsalu/ros2_ws_luke/install/velodyne/share/ament_index/resource_index/parent_prefix_path/velodyne
[0.935s] -- Symlinking: /home/mlemsalu/ros2_ws_luke/install/velodyne/share/velodyne/environment/ament_prefix_path.sh
[0.944s] -- Symlinking: /home/mlemsalu/ros2_ws_luke/install/velodyne/share/velodyne/environment/ament_prefix_path.dsv
[0.953s] -- Symlinking: /home/mlemsalu/ros2_ws_luke/install/velodyne/share/velodyne/environment/path.sh
[0.962s] -- Symlinking: /home/mlemsalu/ros2_ws_luke/install/velodyne/share/velodyne/environment/path.dsv
[0.971s] -- Symlinking: /home/mlemsalu/ros2_ws_luke/install/velodyne/share/velodyne/local_setup.bash
[0.980s] -- Symlinking: /home/mlemsalu/ros2_ws_luke/install/velodyne/share/velodyne/local_setup.sh
[0.990s] -- Symlinking: /home/mlemsalu/ros2_ws_luke/install/velodyne/share/velodyne/local_setup.zsh
[0.999s] -- Symlinking: /home/mlemsalu/ros2_ws_luke/install/velodyne/share/velodyne/local_setup.dsv
[1.008s] -- Symlinking: /home/mlemsalu/ros2_ws_luke/install/velodyne/share/velodyne/package.dsv
[1.017s] -- Symlinking: /home/mlemsalu/ros2_ws_luke/install/velodyne/share/ament_index/resource_index/packages/velodyne
[1.026s] -- Symlinking: /home/mlemsalu/ros2_ws_luke/install/velodyne/share/velodyne/cmake/velodyneConfig.cmake
[1.035s] -- Symlinking: /home/mlemsalu/ros2_ws_luke/install/velodyne/share/velodyne/cmake/velodyneConfig-version.cmake
[1.044s] -- Symlinking: /home/mlemsalu/ros2_ws_luke/install/velodyne/share/velodyne/package.xml
[1.058s] Invoked command in '/home/mlemsalu/ros2_ws_luke/build/velodyne' returned '0': AMENT_PREFIX_PATH=/home/mlemsalu/ros2_ws_luke/install/velodyne_pointcloud:/home/mlemsalu/ros2_ws_luke/install/velodyne_driver:/home/mlemsalu/ros2_ws_luke/install/velodyne_msgs:/home/mlemsalu/ros2_ws_luke/install/velodyne_laserscan:${AMENT_PREFIX_PATH} CMAKE_PREFIX_PATH=/home/mlemsalu/ros2_ws_luke/install/velodyne_pointcloud:/home/mlemsalu/ros2_ws_luke/install/velodyne_driver:/home/mlemsalu/ros2_ws_luke/install/velodyne_msgs:/home/mlemsalu/ros2_ws_luke/install/velodyne_laserscan:/opt/ros/foxy LD_LIBRARY_PATH=/home/mlemsalu/ros2_ws_luke/install/velodyne_pointcloud/lib:/home/mlemsalu/ros2_ws_luke/install/velodyne_driver/lib:/home/mlemsalu/ros2_ws_luke/install/velodyne_msgs/lib:/home/mlemsalu/ros2_ws_luke/install/velodyne_laserscan/lib:${LD_LIBRARY_PATH} PYTHONPATH=/home/mlemsalu/ros2_ws_luke/install/velodyne_msgs/lib/python3.8/site-packages:${PYTHONPATH} /usr/bin/cmake --install /home/mlemsalu/ros2_ws_luke/build/velodyne
