[0.021s] Invoking command in '/home/mlemsalu/ros2_ws_luke/build/velodyne_driver': AMENT_PREFIX_PATH=/home/mlemsalu/ros2_ws_luke/install/velodyne_msgs:${AMENT_PREFIX_PATH} CMAKE_PREFIX_PATH=/home/mlemsalu/ros2_ws_luke/install/velodyne_msgs:/opt/ros/foxy LD_LIBRARY_PATH=/home/mlemsalu/ros2_ws_luke/install/velodyne_msgs/lib:${LD_LIBRARY_PATH} PYTHONPATH=/home/mlemsalu/ros2_ws_luke/install/velodyne_msgs/lib/python3.8/site-packages:${PYTHONPATH} /usr/bin/cmake /home/mlemsalu/ros2_ws_luke/src/velodyne-foxy-devel/velodyne_driver -DCMAKE_BUILD_TYPE=Release -DAMENT_CMAKE_SYMLINK_INSTALL=1 -DCMAKE_INSTALL_PREFIX=/home/mlemsalu/ros2_ws_luke/install/velodyne_driver
[0.090s] -- The C compiler identification is GNU 9.4.0
[0.159s] -- The CXX compiler identification is GNU 9.4.0
[0.166s] -- Check for working C compiler: /usr/bin/cc
[0.241s] -- Check for working C compiler: /usr/bin/cc -- works
[0.243s] -- Detecting C compiler ABI info
[0.325s] -- Detecting C compiler ABI info - done
[0.336s] -- Detecting C compile features
[0.336s] -- Detecting C compile features - done
[0.338s] -- Check for working CXX compiler: /usr/bin/c++
[0.435s] -- Check for working CXX compiler: /usr/bin/c++ -- works
[0.436s] -- Detecting CXX compiler ABI info
[0.531s] -- Detecting CXX compiler ABI info - done
[0.550s] -- Detecting CXX compile features
[0.551s] -- Detecting CXX compile features - done
[0.553s] -- Found ament_cmake_ros: 0.9.2 (/opt/ros/foxy/share/ament_cmake_ros/cmake)
[0.588s] -- Found PythonInterp: /usr/bin/python3 (found suitable version "3.8.10", minimum required is "3") 
[0.588s] -- Using PYTHON_EXECUTABLE: /usr/bin/python3
[0.826s] -- Override CMake install command with custom implementation using symlinks instead of copying resources
[0.853s] -- Found diagnostic_msgs: 2.0.5 (/opt/ros/foxy/share/diagnostic_msgs/cmake)
[0.891s] -- Using all available rosidl_typesupport_c: rosidl_typesupport_fastrtps_c;rosidl_typesupport_introspection_c
[0.899s] -- Found rosidl_adapter: 1.3.0 (/opt/ros/foxy/share/rosidl_adapter/cmake)
[0.985s] -- Found OpenSSL: /usr/lib/x86_64-linux-gnu/libcrypto.so (found version "1.1.1f")  
[1.010s] -- Found FastRTPS: /opt/ros/foxy/include  
[1.106s] -- Using all available rosidl_typesupport_cpp: rosidl_typesupport_fastrtps_cpp;rosidl_typesupport_introspection_cpp
[1.243s] -- Found diagnostic_updater: 3.1.0 (/opt/ros/foxy/share/diagnostic_updater/cmake)
[1.323s] -- Found rmw_implementation_cmake: 1.0.4 (/opt/ros/foxy/share/rmw_implementation_cmake/cmake)
[1.326s] -- Using RMW implementation 'rmw_fastrtps_cpp' as default
[1.327s] -- Looking for pthread.h
[1.416s] -- Looking for pthread.h - found
[1.416s] -- Performing Test CMAKE_HAVE_LIBC_PTHREAD
[1.505s] -- Performing Test CMAKE_HAVE_LIBC_PTHREAD - Failed
[1.506s] -- Looking for pthread_create in pthreads
[1.577s] -- Looking for pthread_create in pthreads - not found
[1.577s] -- Looking for pthread_create in pthread
[1.653s] -- Looking for pthread_create in pthread - found
[1.654s] -- Found Threads: TRUE  
[1.814s] -- Found rclcpp_components: 2.4.2 (/opt/ros/foxy/share/rclcpp_components/cmake)
[1.901s] -- Found tf2_ros: 0.13.14 (/opt/ros/foxy/share/tf2_ros/cmake)
[2.582s] -- Found velodyne_msgs: 2.1.1 (/home/mlemsalu/ros2_ws_luke/install/velodyne_msgs/share/velodyne_msgs/cmake)
[2.650s] -- Found ament_lint_auto: 0.9.8 (/opt/ros/foxy/share/ament_lint_auto/cmake)
[2.806s] -- Found gtest sources under '/opt/ros/foxy/src/gtest_vendor': C++ tests using 'Google Test' will be built
[2.811s] -- Check if compiler accepts -pthread
[3.020s] -- Check if compiler accepts -pthread - yes
[3.031s] -- Added test 'copyright' to check source files copyright and LICENSE
[3.034s] -- Added test 'cppcheck' to perform static code analysis on C / C++ code
[3.035s] -- Configured cppcheck include dirs: /home/mlemsalu/ros2_ws_luke/src/velodyne-foxy-devel/velodyne_driver/include
[3.035s] -- Configured cppcheck exclude dirs and/or files: 
[3.038s] -- Added test 'cpplint' to check C / C++ code against the Google style
[3.038s] -- Configured cpplint exclude dirs and/or files: 
[3.038s] -- Added test 'flake8' to check Python code syntax and style conventions
[3.040s] -- Added test 'lint_cmake' to check CMake code style
[3.041s] -- Added test 'pep257' to check Python code against some of the style conventions in PEP 257
[3.043s] -- Added test 'uncrustify' to check C / C++ code style
[3.043s] -- Configured uncrustify additional arguments: 
[3.044s] -- Added test 'xmllint' to check XML markup files
[3.051s] -- Configuring done
[3.099s] -- Generating done
[3.103s] -- Build files have been written to: /home/mlemsalu/ros2_ws_luke/build/velodyne_driver
[3.117s] Invoked command in '/home/mlemsalu/ros2_ws_luke/build/velodyne_driver' returned '0': AMENT_PREFIX_PATH=/home/mlemsalu/ros2_ws_luke/install/velodyne_msgs:${AMENT_PREFIX_PATH} CMAKE_PREFIX_PATH=/home/mlemsalu/ros2_ws_luke/install/velodyne_msgs:/opt/ros/foxy LD_LIBRARY_PATH=/home/mlemsalu/ros2_ws_luke/install/velodyne_msgs/lib:${LD_LIBRARY_PATH} PYTHONPATH=/home/mlemsalu/ros2_ws_luke/install/velodyne_msgs/lib/python3.8/site-packages:${PYTHONPATH} /usr/bin/cmake /home/mlemsalu/ros2_ws_luke/src/velodyne-foxy-devel/velodyne_driver -DCMAKE_BUILD_TYPE=Release -DAMENT_CMAKE_SYMLINK_INSTALL=1 -DCMAKE_INSTALL_PREFIX=/home/mlemsalu/ros2_ws_luke/install/velodyne_driver
[3.120s] Invoking command in '/home/mlemsalu/ros2_ws_luke/build/velodyne_driver': AMENT_PREFIX_PATH=/home/mlemsalu/ros2_ws_luke/install/velodyne_msgs:${AMENT_PREFIX_PATH} CMAKE_PREFIX_PATH=/home/mlemsalu/ros2_ws_luke/install/velodyne_msgs:/opt/ros/foxy LD_LIBRARY_PATH=/home/mlemsalu/ros2_ws_luke/install/velodyne_msgs/lib:${LD_LIBRARY_PATH} PYTHONPATH=/home/mlemsalu/ros2_ws_luke/install/velodyne_msgs/lib/python3.8/site-packages:${PYTHONPATH} /usr/bin/cmake --build /home/mlemsalu/ros2_ws_luke/build/velodyne_driver -- -j12 -l12
[3.175s] [35m[1mScanning dependencies of target gtest[0m
[3.175s] [35m[1mScanning dependencies of target gtest_main[0m
[3.175s] [35m[1mScanning dependencies of target velodyne_input[0m
[3.195s] [  8%] [32mBuilding CXX object gtest/CMakeFiles/gtest_main.dir/src/gtest_main.cc.o[0m
[3.202s] [ 16%] [32mBuilding CXX object gtest/CMakeFiles/gtest.dir/src/gtest-all.cc.o[0m
[3.227s] [ 25%] [32mBuilding CXX object src/lib/CMakeFiles/velodyne_input.dir/input.cpp.o[0m
[4.381s] [ 33%] [32m[1mLinking CXX static library libgtest_main.a[0m
[4.609s] [ 33%] Built target gtest_main
[7.679s] [ 41%] [32m[1mLinking CXX shared library libvelodyne_input.so[0m
[7.884s] [ 41%] Built target velodyne_input
[7.903s] [35m[1mScanning dependencies of target velodyne_driver[0m
[8.012s] [ 50%] [32mBuilding CXX object CMakeFiles/velodyne_driver.dir/src/driver/driver.cpp.o[0m
[15.698s] [ 58%] [32m[1mLinking CXX static library libgtest.a[0m
[15.751s] [ 58%] Built target gtest
[15.767s] [35m[1mScanning dependencies of target time_test[0m
[15.839s] [ 66%] [32mBuilding CXX object CMakeFiles/time_test.dir/tests/timeconversiontest.cpp.o[0m
[17.964s] [ 75%] [32m[1mLinking CXX shared library libvelodyne_driver.so[0m
[18.187s] [ 75%] Built target velodyne_driver
[18.204s] [35m[1mScanning dependencies of target velodyne_driver_node[0m
[18.270s] [ 83%] [32mBuilding CXX object CMakeFiles/velodyne_driver_node.dir/src/driver/velodyne_node.cpp.o[0m
[19.265s] [ 91%] [32m[1mLinking CXX executable time_test[0m
[19.471s] [ 91%] Built target time_test
[21.378s] [100%] [32m[1mLinking CXX executable velodyne_driver_node[0m
[21.554s] [100%] Built target velodyne_driver_node
[21.572s] Invoked command in '/home/mlemsalu/ros2_ws_luke/build/velodyne_driver' returned '0': AMENT_PREFIX_PATH=/home/mlemsalu/ros2_ws_luke/install/velodyne_msgs:${AMENT_PREFIX_PATH} CMAKE_PREFIX_PATH=/home/mlemsalu/ros2_ws_luke/install/velodyne_msgs:/opt/ros/foxy LD_LIBRARY_PATH=/home/mlemsalu/ros2_ws_luke/install/velodyne_msgs/lib:${LD_LIBRARY_PATH} PYTHONPATH=/home/mlemsalu/ros2_ws_luke/install/velodyne_msgs/lib/python3.8/site-packages:${PYTHONPATH} /usr/bin/cmake --build /home/mlemsalu/ros2_ws_luke/build/velodyne_driver -- -j12 -l12
[21.614s] Invoking command in '/home/mlemsalu/ros2_ws_luke/build/velodyne_driver': AMENT_PREFIX_PATH=/home/mlemsalu/ros2_ws_luke/install/velodyne_msgs:${AMENT_PREFIX_PATH} CMAKE_PREFIX_PATH=/home/mlemsalu/ros2_ws_luke/install/velodyne_msgs:/opt/ros/foxy LD_LIBRARY_PATH=/home/mlemsalu/ros2_ws_luke/install/velodyne_msgs/lib:${LD_LIBRARY_PATH} PYTHONPATH=/home/mlemsalu/ros2_ws_luke/install/velodyne_msgs/lib/python3.8/site-packages:${PYTHONPATH} /usr/bin/cmake --install /home/mlemsalu/ros2_ws_luke/build/velodyne_driver
[21.623s] -- Install configuration: "Release"
[21.623s] -- Execute custom install script
[21.624s] -- Symlinking: /home/mlemsalu/ros2_ws_luke/install/velodyne_driver/lib/libvelodyne_input.so
[21.638s] -- Symlinking: /home/mlemsalu/ros2_ws_luke/install/velodyne_driver/lib/libvelodyne_driver.so
[21.648s] -- Symlinking: /home/mlemsalu/ros2_ws_luke/install/velodyne_driver/lib/velodyne_driver/velodyne_driver_node
[21.659s] -- Symlinking: /home/mlemsalu/ros2_ws_luke/install/velodyne_driver/include/velodyne_driver/driver.hpp
[21.669s] -- Symlinking: /home/mlemsalu/ros2_ws_luke/install/velodyne_driver/include/velodyne_driver/input.hpp
[21.678s] -- Symlinking: /home/mlemsalu/ros2_ws_luke/install/velodyne_driver/include/velodyne_driver/time_conversion.hpp
[21.689s] -- Symlinking: /home/mlemsalu/ros2_ws_luke/install/velodyne_driver/share/velodyne_driver/config/VLP16-velodyne_driver_node-params.yaml
[21.698s] -- Symlinking: /home/mlemsalu/ros2_ws_luke/install/velodyne_driver/share/velodyne_driver/config/VLP16-velodyne_driver_node-params_multi.yaml
[21.708s] -- Symlinking: /home/mlemsalu/ros2_ws_luke/install/velodyne_driver/share/velodyne_driver/config/VLP32C-velodyne_driver_node-params.yaml
[21.718s] -- Symlinking: /home/mlemsalu/ros2_ws_luke/install/velodyne_driver/share/velodyne_driver/config/vlp_1.yaml
[21.728s] -- Symlinking: /home/mlemsalu/ros2_ws_luke/install/velodyne_driver/share/velodyne_driver/config/vlp_2.yaml
[21.738s] -- Symlinking: /home/mlemsalu/ros2_ws_luke/install/velodyne_driver/share/velodyne_driver/launch/velodyne_driver_node-VLP16-composed-launch.py
[21.747s] -- Symlinking: /home/mlemsalu/ros2_ws_luke/install/velodyne_driver/share/velodyne_driver/launch/velodyne_driver_node-VLP16-launch.py
[21.757s] -- Symlinking: /home/mlemsalu/ros2_ws_luke/install/velodyne_driver/share/velodyne_driver/launch/velodyne_driver_node-VLP32C-composed-launch.py
[21.767s] -- Symlinking: /home/mlemsalu/ros2_ws_luke/install/velodyne_driver/share/velodyne_driver/launch/velodyne_driver_node-VLP32C-launch.py
[21.777s] -- Symlinking: /home/mlemsalu/ros2_ws_luke/install/velodyne_driver/lib/velodyne_driver/vdump
[21.787s] -- Symlinking: /home/mlemsalu/ros2_ws_luke/install/velodyne_driver/share/ament_index/resource_index/package_run_dependencies/velodyne_driver
[21.796s] -- Symlinking: /home/mlemsalu/ros2_ws_luke/install/velodyne_driver/share/ament_index/resource_index/parent_prefix_path/velodyne_driver
[21.806s] -- Symlinking: /home/mlemsalu/ros2_ws_luke/install/velodyne_driver/share/velodyne_driver/environment/ament_prefix_path.sh
[21.815s] -- Symlinking: /home/mlemsalu/ros2_ws_luke/install/velodyne_driver/share/velodyne_driver/environment/ament_prefix_path.dsv
[21.825s] -- Symlinking: /home/mlemsalu/ros2_ws_luke/install/velodyne_driver/share/velodyne_driver/environment/path.sh
[21.835s] -- Symlinking: /home/mlemsalu/ros2_ws_luke/install/velodyne_driver/share/velodyne_driver/environment/path.dsv
[21.844s] -- Symlinking: /home/mlemsalu/ros2_ws_luke/install/velodyne_driver/share/velodyne_driver/local_setup.bash
[21.854s] -- Symlinking: /home/mlemsalu/ros2_ws_luke/install/velodyne_driver/share/velodyne_driver/local_setup.sh
[21.863s] -- Symlinking: /home/mlemsalu/ros2_ws_luke/install/velodyne_driver/share/velodyne_driver/local_setup.zsh
[21.873s] -- Symlinking: /home/mlemsalu/ros2_ws_luke/install/velodyne_driver/share/velodyne_driver/local_setup.dsv
[21.883s] -- Symlinking: /home/mlemsalu/ros2_ws_luke/install/velodyne_driver/share/velodyne_driver/package.dsv
[21.892s] -- Symlinking: /home/mlemsalu/ros2_ws_luke/install/velodyne_driver/share/ament_index/resource_index/packages/velodyne_driver
[21.902s] -- Symlinking: /home/mlemsalu/ros2_ws_luke/install/velodyne_driver/share/ament_index/resource_index/rclcpp_components/velodyne_driver
[21.912s] -- Symlinking: /home/mlemsalu/ros2_ws_luke/install/velodyne_driver/share/velodyne_driver/cmake/velodyne_driverConfig.cmake
[21.925s] -- Symlinking: /home/mlemsalu/ros2_ws_luke/install/velodyne_driver/share/velodyne_driver/cmake/velodyne_driverConfig-version.cmake
[21.935s] -- Symlinking: /home/mlemsalu/ros2_ws_luke/install/velodyne_driver/share/velodyne_driver/package.xml
[21.951s] Invoked command in '/home/mlemsalu/ros2_ws_luke/build/velodyne_driver' returned '0': AMENT_PREFIX_PATH=/home/mlemsalu/ros2_ws_luke/install/velodyne_msgs:${AMENT_PREFIX_PATH} CMAKE_PREFIX_PATH=/home/mlemsalu/ros2_ws_luke/install/velodyne_msgs:/opt/ros/foxy LD_LIBRARY_PATH=/home/mlemsalu/ros2_ws_luke/install/velodyne_msgs/lib:${LD_LIBRARY_PATH} PYTHONPATH=/home/mlemsalu/ros2_ws_luke/install/velodyne_msgs/lib/python3.8/site-packages:${PYTHONPATH} /usr/bin/cmake --install /home/mlemsalu/ros2_ws_luke/build/velodyne_driver
